<!DOCTYPE html>
<html lang="en">
<head>
    <meta charset="UTF-8">
    <title>junit.xml</title>
    <style type="text/css">
        body {
    background-color: white;
    padding-bottom: 20em;
    margin: 0;
    min-height: 15cm;
}

h1, h2, h3, h4, h5, h6, h7 {
    font-family: sans-serif;
}

h1 {
    background-color: #007acc;
    color: white;
    padding: 3mm;
    margin-top: 0;
    margin-bottom: 1mm;
}

.footer {
    font-style: italic;
    font-size: small;
    text-align: right;
    padding: 1em;
}

.testsuite {
    padding-bottom: 2em;
    margin-left: 1em;
}

.proplist {
    width: 100%;
    margin-bottom: 2em;
    border-collapse: collapse;
    border: 1px solid grey;
}

.proplist th {
    background-color: silver;
    width: 5em;
    padding: 2px;
    padding-right: 1em;
    text-align: left;
}

.proplist td {
    padding: 2px;
    word-break: break-all;
}

.index-table {
    width: 90%;
    margin-left: 1em;
}

.index-table td {
    vertical-align: top;
    max-width: 200px;
    word-wrap: break-word;
}

.failure-index {

}

.toc {
    margin-bottom: 2em;
    font-family: monospace;
}

.stdio, pre {
    min-height: 1em;
    background-color: #1e1e1e;
    color: silver;
    padding: 0.5em;
}
.tdpre {
    background-color: #1e1e1e;
}

.test {
    margin-left: 0.5cm;
}

.toc {
    list-style: none;
}

.toc li.outcome {
    list-style: none;
}

.toc li.outcome::before {
    content: "\2022";
    color: black;
    font-weight: bold;
    display: inline-block;
    width: 1.27em;
    margin-left: -1.27em;
    font-size: 1.2em;
}

.toc li.outcome-failed {
    background-color: lightcoral;
}

.toc li.outcome-failed::before {
    color: red;
}

.toc li.outcome-passed::before {
    color: green;
}

.toc li.outcome-skipped::before {
    color: orange;
}

.testcases .outcome {
    border-left: 1em;
    padding: 2px;
}

.testcases .outcome-failed {
    border-left: 1em solid lightcoral;
}


.outcome-passed {
    border-left: 1em solid lightgreen;
}

.outcome-skipped {
    border-left: 1em dotted silver;
}

.testcases .outcome-passed {
    border-left: 1em solid lightgreen;
}

.testcases .outcome-skipped {
    border-left: 1em solid #FED8B1;
}

.stats-table {
}

.stats-table td {
    min-width: 4em;
    text-align: right;
}

.stats-table .failed {
    background-color: lightcoral;
}

.stats-table .passed {
    background-color: lightgreen;
}

.matrix-table {
    table-layout: fixed;
    border-spacing: 0;
    width: available;
    margin-left: 1em;
}

.matrix-table td {
    vertical-align: center;
}

.matrix-table td:last-child {
    width: 0;
}

.matrix-table tr:hover {
    background-color: yellow;
}

.matrix-axis-name {
    white-space: nowrap;
    padding-right: 0.5em;
    border-left: 1px solid black;
    border-top: 1px solid black;
    text-align: right;
}

.matrix-axis-line {
    border-left: 1px solid black;
    width: 0.5em;
}

.matrix-classname {
    text-align: left;
    width: 100%;
    border-top: 2px solid grey;
    border-bottom: 1px solid silver;
}

.matrix-casename {
    text-align: left;
    font-weight: normal;
    font-style: italic;
    padding-left: 1em;
    border-bottom: 1px solid silver;
}

.matrix-result {
    display: block;
    width: 1em;
    text-align: center;
    padding: 1mm;
    margin: 0;
}

.matrix-result-combined {
    white-space: nowrap;
    padding-right: 0.2em;
    text-align: right;
}

.matrix-result-failed {
    background-color: lightcoral;
}

.matrix-result-passed {
    background-color: lightgreen;
}

.matrix-result-skipped {
    background-color: lightyellow;
}

.matrix-even {
    background-color: lightgray;
}
    </style>
</head>
<body>
    
<h1>
    Test Report : junit.xml
</h1>


<a id="toc"></a>
<table class="index-table">
    <tr>
        <td>
            <ul class="toc">
            
                
                <li>WHOLE-TESTS
                <ul>
                    
                    <li class="outcome outcome-failed"><a href="#26483c52-828c-4dd9-9d23-d8edbf721024">module-system.f1_imports</a></li>
                    
                    <li class="outcome outcome-failed"><a href="#68354889-2e6b-4ec9-b32d-5a34278a0a56">module-system.f1_moduleA</a></li>
                    
                    <li class="outcome outcome-failed"><a href="#8667af14-dd74-48af-914c-b5a4bcda1cfd">anti-regression.bc_comp</a></li>
                    
                    <li class="outcome outcome-failed"><a href="#416ae415-52c0-4aad-be96-acf1e4c8e791">anti-regression.bchain_comp</a></li>
                    
                    <li class="outcome outcome-failed"><a href="#3940b810-46cb-40bb-9482-99134f2eb415">anti-regression.bchain</a></li>
                    
                    <li class="outcome outcome-failed"><a href="#a8067453-06d2-471d-993d-aaf9972a52da">anti-regression.comma_is_not_special</a></li>
                    
                    <li class="outcome outcome-failed"><a href="#6153ae2d-870e-4c34-a6a1-011d270f57c8">anti-regression.debug_mettalogTestCurried</a></li>
                    
                    <li class="outcome outcome-failed"><a href="#d8529008-ad76-4be7-a284-5b2783f76b3f">metta-wam-issue-116.test_spo_1000</a></li>
                    
                    <li class="outcome outcome-failed"><a href="#8d41fa12-04a8-4f73-9c3e-1ea6b5db0a31">metta-wam-issue-116.test_spo_100</a></li>
                    
                    <li class="outcome outcome-failed"><a href="#0739e130-07f1-4e1e-8bb5-4ba0c7878c79">metta-wam-issue-116.test_spo_116378</a></li>
                    
                    <li class="outcome outcome-failed"><a href="#7e097bfe-aa90-4931-b6e9-47df5e8bbee4">metta-wam-issue-116.test_spo_5000</a></li>
                    
                    <li class="outcome outcome-failed"><a href="#6d56321c-8684-48e3-bd7b-37a3fd89bd0e">metta-wam-issue-145.print_graph</a></li>
                    
                    <li class="outcome outcome-failed"><a href="#c41e0857-9ee3-4860-a81d-3a18cff0a19c">anti-regression.mettalogTestCurried2</a></li>
                    
                    <li class="outcome outcome-failed"><a href="#911cda66-aa4c-4eeb-ac4c-2064f9655273">anti-regression.mettalogTestCurried</a></li>
                    
                    <li class="outcome outcome-failed"><a href="#181cacc7-9559-44f0-802c-2e128505bae9">anti-regression.system_proofTestCurried</a></li>
                    
                    <li class="outcome outcome-failed"><a href="#5196cb9b-4861-4a35-96bf-4097cda230aa">anti-regression.test_if_closed</a></li>
                    
                    <li class="outcome outcome-failed"><a href="#bd23321b-1df5-4be9-a922-49fba6a9f61b">anti-regression.tmpMatch1</a></li>
                    
                    <li class="outcome outcome-failed"><a href="#ad5209f7-083b-4ef6-9b21-b9660f9ce0f4">anti-regression.tmpMatch2</a></li>
                    
                    <li class="outcome outcome-failed"><a href="#ff70f4ef-e20a-481f-b5aa-2cdfd4e2fcfd">hyperon-experimental_scripts.a1_symbols</a></li>
                    
                    <li class="outcome outcome-failed"><a href="#e8c2eb21-7db2-4689-b31a-45c81fb47fc8">hyperon-experimental_scripts.a2_opencoggy</a></li>
                    
                    <li class="outcome outcome-failed"><a href="#d530566a-2d54-42d8-8bb3-42af19c5e6a3">hyperon-experimental_scripts.a3_twoside</a></li>
                    
                    <li class="outcome outcome-failed"><a href="#a9890808-291f-41b2-8602-9a43baa18847">hyperon-experimental_scripts.b0_chaining_prelim</a></li>
                    
                    <li class="outcome outcome-failed"><a href="#d6583071-ed38-48ba-a68f-21e6acbf7230">hyperon-experimental_scripts.b1_equal_chain</a></li>
                    
                    <li class="outcome outcome-failed"><a href="#7f8ae30c-048c-4425-b811-319ad9b83d2f">hyperon-experimental_scripts.b2_backchain</a></li>
                    
                    <li class="outcome outcome-failed"><a href="#f406d99b-4a3f-4b37-831c-b16127199ef2">hyperon-experimental_scripts.b3_direct</a></li>
                    
                    <li class="outcome outcome-failed"><a href="#56e38b04-06d4-4810-b2a0-d7ed5bc5c63c">hyperon-experimental_scripts.b4_nondeterm</a></li>
                    
                    <li class="outcome outcome-failed"><a href="#91c8f4ee-d4fe-49c5-afb5-150d01c0a7a6">hyperon-experimental_scripts.b5_types_prelim</a></li>
                    
                    <li class="outcome outcome-failed"><a href="#4e598bc5-0dca-43b5-a0d5-8d87142f553e">hyperon-experimental_scripts.c1_grounded_basic</a></li>
                    
                    <li class="outcome outcome-failed"><a href="#c7417158-f270-456a-948f-f87826440d06">hyperon-experimental_scripts.c2_spaces</a></li>
                    
                    <li class="outcome outcome-failed"><a href="#1f2ac858-0d5e-4e39-b445-2ecdc2f16273">hyperon-experimental_scripts.c3_pln_stv</a></li>
                    
                    <li class="outcome outcome-failed"><a href="#47983f6f-ae6a-4544-99ca-69c5f6f8da03">hyperon-experimental_scripts.d1_gadt</a></li>
                    
                    <li class="outcome outcome-failed"><a href="#6bfe165a-9b0b-45a1-8366-a03a6dca2296">hyperon-experimental_scripts.d2_higherfunc</a></li>
                    
                    <li class="outcome outcome-failed"><a href="#7c68782b-00b3-41aa-884c-a864a5958099">hyperon-experimental_scripts.d3_deptypes</a></li>
                    
                    <li class="outcome outcome-failed"><a href="#7798f7a4-8f47-42e8-a00d-97d470a76707">hyperon-experimental_scripts.d4_type_prop</a></li>
                    
                    <li class="outcome outcome-failed"><a href="#e80bb033-42b0-4615-8e0e-f17638868e5d">hyperon-experimental_scripts.d5_auto_types</a></li>
                    
                    <li class="outcome outcome-failed"><a href="#2e536374-05bf-4dda-85c0-0e75015680ff">hyperon-experimental_scripts.e1_kb_write</a></li>
                    
                    <li class="outcome outcome-failed"><a href="#007bda3a-f9b2-4492-a5dd-9ddbaa70528b">hyperon-experimental_scripts.e2_states</a></li>
                    
                    <li class="outcome outcome-failed"><a href="#7ab91c6c-258a-4d04-a405-2eeee5aa38c2">hyperon-experimental_scripts.e3_match_states</a></li>
                    
                    <li class="outcome outcome-failed"><a href="#01a5db00-530b-4bbe-9e89-15f1d0902363">hyperon-experimental_scripts.f1_imports</a></li>
                    
                    <li class="outcome outcome-failed"><a href="#f9a18068-a653-482b-b347-0e65cdf991c5">hyperon-experimental_scripts.f1_moduleA</a></li>
                    
                    <li class="outcome outcome-failed"><a href="#2a4c7ef6-fef3-4a66-baeb-cb6d533445f5">hyperon-experimental_scripts.g1_docs</a></li>
                    
                    <li class="outcome outcome-failed"><a href="#f6b800ee-7e58-47a4-a663-21d86b0014ed">hyperon-mettalog_sanity.00_lang_case</a></li>
                    
                    <li class="outcome outcome-failed"><a href="#db0c144a-4594-4281-8baa-f91b968130b0">hyperon-mettalog_sanity.01_lang_inc</a></li>
                    
                    <li class="outcome outcome-failed"><a href="#7f74f1d9-29ae-48bf-b24d-26c538dd74c6">hyperon-mettalog_sanity.02-curried-plus</a></li>
                    
                    <li class="outcome outcome-failed"><a href="#1479e832-7f93-4592-83c1-408dafadc0fd">hyperon-mettalog_sanity.03-soring-via-insert</a></li>
                    
                    <li class="outcome outcome-failed"><a href="#ae4f6b70-885b-4d0d-a9b1-f4715b7e1924">hyperon-mettalog_sanity.06_match_in_space</a></li>
                    
                    <li class="outcome outcome-failed"><a href="#80f1d017-6f48-46dc-af68-f5dd32380cf2">hyperon-mettalog_sanity.base_test_repr_parse_intersection</a></li>
                    
                    <li class="outcome outcome-failed"><a href="#f0ba3b66-569f-42de-89c2-2510aa9f18d4">hyperon-mettalog_sanity.call_cleanup_tests</a></li>
                    
                    <li class="outcome outcome-failed"><a href="#76bdbeab-0020-4bf0-ac21-fe052bb2599f">hyperon-mettalog_sanity.call_tests</a></li>
                    
                    <li class="outcome outcome-failed"><a href="#446adee4-9bf0-4856-88d0-80edbb2c8c22">hyperon-mettalog_sanity.catch_throw_tests</a></li>
                    
                    <li class="outcome outcome-failed"><a href="#ae33b652-9e70-4e2e-bb4f-7253b510b0ae">hyperon-mettalog_sanity.find_all_tests</a></li>
                    
                    <li class="outcome outcome-failed"><a href="#64d668ff-ed4d-4b15-8d77-4fa2eec81252">hyperon-mettalog_sanity.first_answer_long</a></li>
                    
                    <li class="outcome outcome-failed"><a href="#c2ac4126-0dcf-4ed5-bff7-81129bea17f6">hyperon-mettalog_sanity.first_answer</a></li>
                    
                    <li class="outcome outcome-failed"><a href="#18cc6fdc-7ecf-41a9-8b12-44e8041dd137">hyperon-mettalog_sanity.flip_test</a></li>
                    
                    <li class="outcome outcome-failed"><a href="#0148065c-cc51-4d08-bd0f-d7e42e372256">hyperon-mettalog_sanity.functional_programming_tests</a></li>
                    
                </ul>
                </li>
                
            
                
                <li>ANTI-REGRESSION
                <ul>
                    
                    <li class="outcome outcome-failed"><a href="#13bbc741-5383-40d1-9246-821db43f6c2e">BC-COMP.01</a></li>
                    
                    <li class="outcome outcome-failed"><a href="#1269ce99-0bdb-4b70-a9b6-74e440142b85">BC-COMP.02</a></li>
                    
                    <li class="outcome outcome-failed"><a href="#e397c1ab-de0f-4fe3-9114-c57a2cd0547f">BC-COMP.03</a></li>
                    
                    <li class="outcome outcome-failed"><a href="#c033940c-b03c-49a1-afe4-fcc1c1de4341">BCHAIN-COMP.01</a></li>
                    
                    <li class="outcome outcome-failed"><a href="#96a92c59-a9ef-45bc-b182-bea852cbffe5">BCHAIN-COMP.02</a></li>
                    
                    <li class="outcome outcome-failed"><a href="#9d181cdf-2cbd-4b31-9cda-e49f5cc75868">BCHAIN-COMP.03</a></li>
                    
                    <li class="outcome outcome-passed"><a href="#76357e93-71d5-40ac-ba23-2f0c00ced841">BCHAIN.01</a></li>
                    
                    <li class="outcome outcome-passed"><a href="#ac15daf4-b99e-4dd5-9da3-183d200d37ae">BCHAIN.02</a></li>
                    
                    <li class="outcome outcome-passed"><a href="#8301fce9-bfbf-4aee-bf4d-dfbc26b05663">BCHAIN.03</a></li>
                    
                    <li class="outcome outcome-passed"><a href="#0b95d432-a48b-485f-907c-9abf4d128ee1">TMPMATCH1.01</a></li>
                    
                    <li class="outcome outcome-passed"><a href="#461e50b4-e62c-43e0-a58d-a7c9f298a9c3">TMPMATCH1.02</a></li>
                    
                    <li class="outcome outcome-passed"><a href="#85633c78-3ccf-49e9-8443-a4fa5db00ffd">TMPMATCH1.03</a></li>
                    
                    <li class="outcome outcome-passed"><a href="#4b41a9a7-ea5e-46cd-8964-57fe710954c1">TMPMATCH1.04</a></li>
                    
                    <li class="outcome outcome-passed"><a href="#8157b1c4-114c-4ba1-ba97-c11708c79857">TMPMATCH2.01</a></li>
                    
                    <li class="outcome outcome-passed"><a href="#ab6099d1-936d-49d0-b10f-1d947eeec1a1">TMPMATCH2.02</a></li>
                    
                    <li class="outcome outcome-passed"><a href="#d6eed89c-d515-472b-add0-6df155a98497">TMPMATCH2.03</a></li>
                    
                    <li class="outcome outcome-passed"><a href="#0316b80f-365a-4df6-9720-e3e2ce40e508">TMPMATCH2.04</a></li>
                    
                </ul>
                </li>
                
            
                
                <li>METTA-WAM-ISSUE-145
                <ul>
                    
                    <li class="outcome outcome-passed"><a href="#f1acf1e9-be1e-443d-a1b0-8aefb31c4ff6">PRINT-GRAPH.01</a></li>
                    
                    <li class="outcome outcome-passed"><a href="#df5b3918-01eb-4cda-9484-2ada8458a264">PRINT-GRAPH.02</a></li>
                    
                    <li class="outcome outcome-passed"><a href="#e0fa3054-04ac-4d16-8f7a-85a9f5cc56de">PRINT-GRAPH.03</a></li>
                    
                </ul>
                </li>
                
            
                
                <li>HYPERON-EXPERIMENTAL-SCRIPTS
                <ul>
                    
                    <li class="outcome outcome-passed"><a href="#0274db06-aa2b-46f8-b47f-8131e3c18554">B4-NONDETERM.01</a></li>
                    
                    <li class="outcome outcome-passed"><a href="#809d0e1b-ef19-4f3a-9a45-5c5519a9e6dd">B4-NONDETERM.02</a></li>
                    
                    <li class="outcome outcome-passed"><a href="#355b993f-ca59-4ff3-bc9d-caedb9f508ac">D1-GADT.01</a></li>
                    
                    <li class="outcome outcome-passed"><a href="#f7a3ab1c-ef10-4383-b0db-720be029b2e6">D1-GADT.02</a></li>
                    
                    <li class="outcome outcome-passed"><a href="#118b015b-bc0b-4aeb-a819-7fd3b2d57cdf">D1-GADT.03</a></li>
                    
                    <li class="outcome outcome-passed"><a href="#052eca2d-08a4-4eb2-8cd3-6f18ba8110fe">D1-GADT.04</a></li>
                    
                    <li class="outcome outcome-passed"><a href="#2b9b242f-c367-40b1-9449-b104b2cc1eaf">D1-GADT.05</a></li>
                    
                    <li class="outcome outcome-passed"><a href="#7a24017a-dfaf-4f40-8e2d-2aae24506f1a">D1-GADT.06</a></li>
                    
                    <li class="outcome outcome-passed"><a href="#faf92551-0b8d-4c9f-9712-ac2bcf7ab78c">D1-GADT.07</a></li>
                    
                    <li class="outcome outcome-passed"><a href="#2860fcd3-9c69-48f3-b74c-145a44c21737">D1-GADT.08</a></li>
                    
                    <li class="outcome outcome-passed"><a href="#8486bbf8-2375-4bfb-9249-d524ffde21da">D1-GADT.09</a></li>
                    
                    <li class="outcome outcome-passed"><a href="#53ca56b2-cf71-419a-bf6f-d3968af82905">D2-HIGHERFUNC.01</a></li>
                    
                    <li class="outcome outcome-passed"><a href="#2d65992c-7fc0-4fe0-84ca-a397712882c4">D2-HIGHERFUNC.02</a></li>
                    
                    <li class="outcome outcome-passed"><a href="#5df96c65-e9a7-4f0e-aaa7-54e967ced375">D4-TYPE-PROP.01</a></li>
                    
                    <li class="outcome outcome-passed"><a href="#737b8572-97b2-4df1-b05d-a03c419e1873">F1-IMPORTS.01</a></li>
                    
                </ul>
                </li>
                
            
                
                <li>HYPERON-METTALOG-SANITY
                <ul>
                    
                    <li class="outcome outcome-passed"><a href="#3eb6b34c-74ff-4edc-ba24-33766dc56204">01-LANG-INC.01</a></li>
                    
                    <li class="outcome outcome-passed"><a href="#622b64c2-5c80-4a46-977f-0a0a3fa582ed">03-SORING-VIA-INSERT.01</a></li>
                    
                    <li class="outcome outcome-passed"><a href="#0fd25f36-91ec-405c-93d1-2a6f23726223">06-MATCH-IN-SPACE.01</a></li>
                    
                    <li class="outcome outcome-passed"><a href="#c06ef5ad-f6b6-4145-adbe-5eb2ae748d92">06-MATCH-IN-SPACE.02</a></li>
                    
                    <li class="outcome outcome-passed"><a href="#38a2af17-0764-4386-91e8-531986c08945">FIND-ALL-TESTS.01</a></li>
                    
                </ul>
                </li>
                
            
            </ul>
        </td>
        <td class="failure-index">
            <ul class="toc">
            
                
                    
                    
                    <li><a href="#26483c52-828c-4dd9-9d23-d8edbf721024">[F] WHOLE-TESTS : module-system.f1_imports</a></li>
                    
                    
                    
                    <li><a href="#68354889-2e6b-4ec9-b32d-5a34278a0a56">[F] WHOLE-TESTS : module-system.f1_moduleA</a></li>
                    
                    
                    
                    <li><a href="#8667af14-dd74-48af-914c-b5a4bcda1cfd">[F] WHOLE-TESTS : anti-regression.bc_comp</a></li>
                    
                    
                    
                    <li><a href="#416ae415-52c0-4aad-be96-acf1e4c8e791">[F] WHOLE-TESTS : anti-regression.bchain_comp</a></li>
                    
                    
                    
                    <li><a href="#3940b810-46cb-40bb-9482-99134f2eb415">[F] WHOLE-TESTS : anti-regression.bchain</a></li>
                    
                    
                    
                    <li><a href="#a8067453-06d2-471d-993d-aaf9972a52da">[F] WHOLE-TESTS : anti-regression.comma_is_not_special</a></li>
                    
                    
                    
                    <li><a href="#6153ae2d-870e-4c34-a6a1-011d270f57c8">[F] WHOLE-TESTS : anti-regression.debug_mettalogTestCurried</a></li>
                    
                    
                    
                    <li><a href="#d8529008-ad76-4be7-a284-5b2783f76b3f">[F] WHOLE-TESTS : metta-wam-issue-116.test_spo_1000</a></li>
                    
                    
                    
                    <li><a href="#8d41fa12-04a8-4f73-9c3e-1ea6b5db0a31">[F] WHOLE-TESTS : metta-wam-issue-116.test_spo_100</a></li>
                    
                    
                    
                    <li><a href="#0739e130-07f1-4e1e-8bb5-4ba0c7878c79">[F] WHOLE-TESTS : metta-wam-issue-116.test_spo_116378</a></li>
                    
                    
                    
                    <li><a href="#7e097bfe-aa90-4931-b6e9-47df5e8bbee4">[F] WHOLE-TESTS : metta-wam-issue-116.test_spo_5000</a></li>
                    
                    
                    
                    <li><a href="#6d56321c-8684-48e3-bd7b-37a3fd89bd0e">[F] WHOLE-TESTS : metta-wam-issue-145.print_graph</a></li>
                    
                    
                    
                    <li><a href="#c41e0857-9ee3-4860-a81d-3a18cff0a19c">[F] WHOLE-TESTS : anti-regression.mettalogTestCurried2</a></li>
                    
                    
                    
                    <li><a href="#911cda66-aa4c-4eeb-ac4c-2064f9655273">[F] WHOLE-TESTS : anti-regression.mettalogTestCurried</a></li>
                    
                    
                    
                    <li><a href="#181cacc7-9559-44f0-802c-2e128505bae9">[F] WHOLE-TESTS : anti-regression.system_proofTestCurried</a></li>
                    
                    
                    
                    <li><a href="#5196cb9b-4861-4a35-96bf-4097cda230aa">[F] WHOLE-TESTS : anti-regression.test_if_closed</a></li>
                    
                    
                    
                    <li><a href="#bd23321b-1df5-4be9-a922-49fba6a9f61b">[F] WHOLE-TESTS : anti-regression.tmpMatch1</a></li>
                    
                    
                    
                    <li><a href="#ad5209f7-083b-4ef6-9b21-b9660f9ce0f4">[F] WHOLE-TESTS : anti-regression.tmpMatch2</a></li>
                    
                    
                    
                    <li><a href="#ff70f4ef-e20a-481f-b5aa-2cdfd4e2fcfd">[F] WHOLE-TESTS : hyperon-experimental_scripts.a1_symbols</a></li>
                    
                    
                    
                    <li><a href="#e8c2eb21-7db2-4689-b31a-45c81fb47fc8">[F] WHOLE-TESTS : hyperon-experimental_scripts.a2_opencoggy</a></li>
                    
                    
                    
                    <li><a href="#d530566a-2d54-42d8-8bb3-42af19c5e6a3">[F] WHOLE-TESTS : hyperon-experimental_scripts.a3_twoside</a></li>
                    
                    
                    
                    <li><a href="#a9890808-291f-41b2-8602-9a43baa18847">[F] WHOLE-TESTS : hyperon-experimental_scripts.b0_chaining_prelim</a></li>
                    
                    
                    
                    <li><a href="#d6583071-ed38-48ba-a68f-21e6acbf7230">[F] WHOLE-TESTS : hyperon-experimental_scripts.b1_equal_chain</a></li>
                    
                    
                    
                    <li><a href="#7f8ae30c-048c-4425-b811-319ad9b83d2f">[F] WHOLE-TESTS : hyperon-experimental_scripts.b2_backchain</a></li>
                    
                    
                    
                    <li><a href="#f406d99b-4a3f-4b37-831c-b16127199ef2">[F] WHOLE-TESTS : hyperon-experimental_scripts.b3_direct</a></li>
                    
                    
                    
                    <li><a href="#56e38b04-06d4-4810-b2a0-d7ed5bc5c63c">[F] WHOLE-TESTS : hyperon-experimental_scripts.b4_nondeterm</a></li>
                    
                    
                    
                    <li><a href="#91c8f4ee-d4fe-49c5-afb5-150d01c0a7a6">[F] WHOLE-TESTS : hyperon-experimental_scripts.b5_types_prelim</a></li>
                    
                    
                    
                    <li><a href="#4e598bc5-0dca-43b5-a0d5-8d87142f553e">[F] WHOLE-TESTS : hyperon-experimental_scripts.c1_grounded_basic</a></li>
                    
                    
                    
                    <li><a href="#c7417158-f270-456a-948f-f87826440d06">[F] WHOLE-TESTS : hyperon-experimental_scripts.c2_spaces</a></li>
                    
                    
                    
                    <li><a href="#1f2ac858-0d5e-4e39-b445-2ecdc2f16273">[F] WHOLE-TESTS : hyperon-experimental_scripts.c3_pln_stv</a></li>
                    
                    
                    
                    <li><a href="#47983f6f-ae6a-4544-99ca-69c5f6f8da03">[F] WHOLE-TESTS : hyperon-experimental_scripts.d1_gadt</a></li>
                    
                    
                    
                    <li><a href="#6bfe165a-9b0b-45a1-8366-a03a6dca2296">[F] WHOLE-TESTS : hyperon-experimental_scripts.d2_higherfunc</a></li>
                    
                    
                    
                    <li><a href="#7c68782b-00b3-41aa-884c-a864a5958099">[F] WHOLE-TESTS : hyperon-experimental_scripts.d3_deptypes</a></li>
                    
                    
                    
                    <li><a href="#7798f7a4-8f47-42e8-a00d-97d470a76707">[F] WHOLE-TESTS : hyperon-experimental_scripts.d4_type_prop</a></li>
                    
                    
                    
                    <li><a href="#e80bb033-42b0-4615-8e0e-f17638868e5d">[F] WHOLE-TESTS : hyperon-experimental_scripts.d5_auto_types</a></li>
                    
                    
                    
                    <li><a href="#2e536374-05bf-4dda-85c0-0e75015680ff">[F] WHOLE-TESTS : hyperon-experimental_scripts.e1_kb_write</a></li>
                    
                    
                    
                    <li><a href="#007bda3a-f9b2-4492-a5dd-9ddbaa70528b">[F] WHOLE-TESTS : hyperon-experimental_scripts.e2_states</a></li>
                    
                    
                    
                    <li><a href="#7ab91c6c-258a-4d04-a405-2eeee5aa38c2">[F] WHOLE-TESTS : hyperon-experimental_scripts.e3_match_states</a></li>
                    
                    
                    
                    <li><a href="#01a5db00-530b-4bbe-9e89-15f1d0902363">[F] WHOLE-TESTS : hyperon-experimental_scripts.f1_imports</a></li>
                    
                    
                    
                    <li><a href="#f9a18068-a653-482b-b347-0e65cdf991c5">[F] WHOLE-TESTS : hyperon-experimental_scripts.f1_moduleA</a></li>
                    
                    
                    
                    <li><a href="#2a4c7ef6-fef3-4a66-baeb-cb6d533445f5">[F] WHOLE-TESTS : hyperon-experimental_scripts.g1_docs</a></li>
                    
                    
                    
                    <li><a href="#f6b800ee-7e58-47a4-a663-21d86b0014ed">[F] WHOLE-TESTS : hyperon-mettalog_sanity.00_lang_case</a></li>
                    
                    
                    
                    <li><a href="#db0c144a-4594-4281-8baa-f91b968130b0">[F] WHOLE-TESTS : hyperon-mettalog_sanity.01_lang_inc</a></li>
                    
                    
                    
                    <li><a href="#7f74f1d9-29ae-48bf-b24d-26c538dd74c6">[F] WHOLE-TESTS : hyperon-mettalog_sanity.02-curried-plus</a></li>
                    
                    
                    
                    <li><a href="#1479e832-7f93-4592-83c1-408dafadc0fd">[F] WHOLE-TESTS : hyperon-mettalog_sanity.03-soring-via-insert</a></li>
                    
                    
                    
                    <li><a href="#ae4f6b70-885b-4d0d-a9b1-f4715b7e1924">[F] WHOLE-TESTS : hyperon-mettalog_sanity.06_match_in_space</a></li>
                    
                    
                    
                    <li><a href="#80f1d017-6f48-46dc-af68-f5dd32380cf2">[F] WHOLE-TESTS : hyperon-mettalog_sanity.base_test_repr_parse_intersection</a></li>
                    
                    
                    
                    <li><a href="#f0ba3b66-569f-42de-89c2-2510aa9f18d4">[F] WHOLE-TESTS : hyperon-mettalog_sanity.call_cleanup_tests</a></li>
                    
                    
                    
                    <li><a href="#76bdbeab-0020-4bf0-ac21-fe052bb2599f">[F] WHOLE-TESTS : hyperon-mettalog_sanity.call_tests</a></li>
                    
                    
                    
                    <li><a href="#446adee4-9bf0-4856-88d0-80edbb2c8c22">[F] WHOLE-TESTS : hyperon-mettalog_sanity.catch_throw_tests</a></li>
                    
                    
                    
                    <li><a href="#ae33b652-9e70-4e2e-bb4f-7253b510b0ae">[F] WHOLE-TESTS : hyperon-mettalog_sanity.find_all_tests</a></li>
                    
                    
                    
                    <li><a href="#64d668ff-ed4d-4b15-8d77-4fa2eec81252">[F] WHOLE-TESTS : hyperon-mettalog_sanity.first_answer_long</a></li>
                    
                    
                    
                    <li><a href="#c2ac4126-0dcf-4ed5-bff7-81129bea17f6">[F] WHOLE-TESTS : hyperon-mettalog_sanity.first_answer</a></li>
                    
                    
                    
                    <li><a href="#18cc6fdc-7ecf-41a9-8b12-44e8041dd137">[F] WHOLE-TESTS : hyperon-mettalog_sanity.flip_test</a></li>
                    
                    
                    
                    <li><a href="#0148065c-cc51-4d08-bd0f-d7e42e372256">[F] WHOLE-TESTS : hyperon-mettalog_sanity.functional_programming_tests</a></li>
                    
                    
                
            
                
                    
                    
                    <li><a href="#13bbc741-5383-40d1-9246-821db43f6c2e">[F] ANTI-REGRESSION : BC-COMP.01</a></li>
                    
                    
                    
                    <li><a href="#1269ce99-0bdb-4b70-a9b6-74e440142b85">[F] ANTI-REGRESSION : BC-COMP.02</a></li>
                    
                    
                    
                    <li><a href="#e397c1ab-de0f-4fe3-9114-c57a2cd0547f">[F] ANTI-REGRESSION : BC-COMP.03</a></li>
                    
                    
                    
                    <li><a href="#c033940c-b03c-49a1-afe4-fcc1c1de4341">[F] ANTI-REGRESSION : BCHAIN-COMP.01</a></li>
                    
                    
                    
                    <li><a href="#96a92c59-a9ef-45bc-b182-bea852cbffe5">[F] ANTI-REGRESSION : BCHAIN-COMP.02</a></li>
                    
                    
                    
                    <li><a href="#9d181cdf-2cbd-4b31-9cda-e49f5cc75868">[F] ANTI-REGRESSION : BCHAIN-COMP.03</a></li>
                    
                    
                    
                    
                    
                    
                    
                    
                    
                    
                    
                    
                    
                    
                    
                    
                    
                    
                    
                    
                    
                    
                    
                    
                
            
                
                    
                    
                    
                    
                    
                    
                    
                
            
                
                    
                    
                    
                    
                    
                    
                    
                    
                    
                    
                    
                    
                    
                    
                    
                    
                    
                    
                    
                    
                    
                    
                    
                    
                    
                    
                    
                    
                    
                    
                    
                
            
                
                    
                    
                    
                    
                    
                    
                    
                    
                    
                    
                    
                
            
            </ul>
        </td>
    </tr>
</table>



    <div class="testsuite">
        <h2>Test Suite: WHOLE-TESTS</h2>
        <a id="2e999bca-2b69-4faf-a480-b755bbd52ad9"></a>
        
        
        <h3>Results</h3>
        <table class="proplist">
            <tr>
                <th>Duration</th><td>2307.0 sec</td>
            </tr>
            <tr>
                <th>Tests</th><td>55</td>
            </tr>
            <tr>
                <th>Failures</th><td>55</td>
            </tr>
        </table>

        <div class="testclasses">
            <h3>Tests</h3>
            
            <div class="testclass">
                <h4>WHOLE-TESTS</h4>
                <div class="testcases">
                
                    <div class="test outcome outcome-failed">
                        <a id="26483c52-828c-4dd9-9d23-d8edbf721024"></a>
                        <table class="proplist">
                            <tr><th>Test case:</th><td><b>module-system.f1_imports</b></td></tr>
                            <tr><th>Outcome:</th><td>Failed</td></tr>
                            <tr><th>Duration:</th><td>42.0 sec</td></tr>
                        
                            <tr><th>Failed</th><td>Test failed: Expected &#39;7&#39; but got &#39;143&#39;</td></tr>
                        
                        
                        </table>

                        
                        <pre>AssertionError: Test failed: Expected &#39;7&#39; but got &#39;143&#39;</pre>
                        
                        

                        
                        
                        <div class="stdout"><i>Stdout</i><br>
                            <pre>&lt;![CDATA[
&lt;a href=&#34;file://reports/tests_output/baseline-compat/tests/baseline_compat/module-system/f1_imports.metta.html#WHOLE-TESTS.module-system.f1_imports&#34;&gt;Test Report&lt;/a&gt;

Assertion: ./mettalog &#39;--output=./reports/tests_output/baseline-compat/&#39; --timeout=40 --html --repl=false  --test &#34;tests/baseline_compat/module-system/f1_imports.metta&#34; --halt=true
Expected: 7
Actual: 143
]]&gt;</pre>
                        </div>
                        
                        
                    </div>
                
                    <div class="test outcome outcome-failed">
                        <a id="68354889-2e6b-4ec9-b32d-5a34278a0a56"></a>
                        <table class="proplist">
                            <tr><th>Test case:</th><td><b>module-system.f1_moduleA</b></td></tr>
                            <tr><th>Outcome:</th><td>Failed</td></tr>
                            <tr><th>Duration:</th><td>42.0 sec</td></tr>
                        
                            <tr><th>Failed</th><td>Test failed: Expected &#39;7&#39; but got &#39;143&#39;</td></tr>
                        
                        
                        </table>

                        
                        <pre>AssertionError: Test failed: Expected &#39;7&#39; but got &#39;143&#39;</pre>
                        
                        

                        
                        
                        <div class="stdout"><i>Stdout</i><br>
                            <pre>&lt;![CDATA[
&lt;a href=&#34;file://reports/tests_output/baseline-compat/tests/baseline_compat/module-system/f1_moduleA.metta.html#WHOLE-TESTS.module-system.f1_moduleA&#34;&gt;Test Report&lt;/a&gt;

Assertion: ./mettalog &#39;--output=./reports/tests_output/baseline-compat/&#39; --timeout=40 --html --repl=false  --test &#34;tests/baseline_compat/module-system/f1_moduleA.metta&#34; --halt=true
Expected: 7
Actual: 143
]]&gt;</pre>
                        </div>
                        
                        
                    </div>
                
                    <div class="test outcome outcome-failed">
                        <a id="8667af14-dd74-48af-914c-b5a4bcda1cfd"></a>
                        <table class="proplist">
                            <tr><th>Test case:</th><td><b>anti-regression.bc_comp</b></td></tr>
                            <tr><th>Outcome:</th><td>Failed</td></tr>
                            <tr><th>Duration:</th><td>42.0 sec</td></tr>
                        
                            <tr><th>Failed</th><td>Test failed: Expected &#39;7&#39; but got &#39;143&#39;</td></tr>
                        
                        
                        </table>

                        
                        <pre>AssertionError: Test failed: Expected &#39;7&#39; but got &#39;143&#39;</pre>
                        
                        

                        
                        
                        <div class="stdout"><i>Stdout</i><br>
                            <pre>&lt;![CDATA[
&lt;a href=&#34;file://reports/tests_output/baseline-compat/tests/baseline_compat/anti-regression/bc_comp.metta.html#WHOLE-TESTS.anti-regression.bc_comp&#34;&gt;Test Report&lt;/a&gt;

Assertion: ./mettalog &#39;--output=./reports/tests_output/baseline-compat/&#39; --timeout=40 --html --repl=false  --test &#34;tests/baseline_compat/anti-regression/bc_comp.metta&#34; --halt=true
Expected: 7
Actual: 143
]]&gt;</pre>
                        </div>
                        
                        
                    </div>
                
                    <div class="test outcome outcome-failed">
                        <a id="416ae415-52c0-4aad-be96-acf1e4c8e791"></a>
                        <table class="proplist">
                            <tr><th>Test case:</th><td><b>anti-regression.bchain_comp</b></td></tr>
                            <tr><th>Outcome:</th><td>Failed</td></tr>
                            <tr><th>Duration:</th><td>42.0 sec</td></tr>
                        
                            <tr><th>Failed</th><td>Test failed: Expected &#39;7&#39; but got &#39;143&#39;</td></tr>
                        
                        
                        </table>

                        
                        <pre>AssertionError: Test failed: Expected &#39;7&#39; but got &#39;143&#39;</pre>
                        
                        

                        
                        
                        <div class="stdout"><i>Stdout</i><br>
                            <pre>&lt;![CDATA[
&lt;a href=&#34;file://reports/tests_output/baseline-compat/tests/baseline_compat/anti-regression/bchain_comp.metta.html#WHOLE-TESTS.anti-regression.bchain_comp&#34;&gt;Test Report&lt;/a&gt;

Assertion: ./mettalog &#39;--output=./reports/tests_output/baseline-compat/&#39; --timeout=40 --html --repl=false  --test &#34;tests/baseline_compat/anti-regression/bchain_comp.metta&#34; --halt=true
Expected: 7
Actual: 143
]]&gt;</pre>
                        </div>
                        
                        
                    </div>
                
                    <div class="test outcome outcome-failed">
                        <a id="3940b810-46cb-40bb-9482-99134f2eb415"></a>
                        <table class="proplist">
                            <tr><th>Test case:</th><td><b>anti-regression.bchain</b></td></tr>
                            <tr><th>Outcome:</th><td>Failed</td></tr>
                            <tr><th>Duration:</th><td>42.0 sec</td></tr>
                        
                            <tr><th>Failed</th><td>Test failed: Expected &#39;7&#39; but got &#39;143&#39;</td></tr>
                        
                        
                        </table>

                        
                        <pre>AssertionError: Test failed: Expected &#39;7&#39; but got &#39;143&#39;</pre>
                        
                        

                        
                        
                        <div class="stdout"><i>Stdout</i><br>
                            <pre>&lt;![CDATA[
&lt;a href=&#34;file://reports/tests_output/baseline-compat/tests/baseline_compat/anti-regression/bchain.metta.html#WHOLE-TESTS.anti-regression.bchain&#34;&gt;Test Report&lt;/a&gt;

Assertion: ./mettalog &#39;--output=./reports/tests_output/baseline-compat/&#39; --timeout=40 --html --repl=false  --test &#34;tests/baseline_compat/anti-regression/bchain.metta&#34; --halt=true
Expected: 7
Actual: 143
]]&gt;</pre>
                        </div>
                        
                        
                    </div>
                
                    <div class="test outcome outcome-failed">
                        <a id="a8067453-06d2-471d-993d-aaf9972a52da"></a>
                        <table class="proplist">
                            <tr><th>Test case:</th><td><b>anti-regression.comma_is_not_special</b></td></tr>
                            <tr><th>Outcome:</th><td>Failed</td></tr>
                            <tr><th>Duration:</th><td>42.0 sec</td></tr>
                        
                            <tr><th>Failed</th><td>Test failed: Expected &#39;7&#39; but got &#39;143&#39;</td></tr>
                        
                        
                        </table>

                        
                        <pre>AssertionError: Test failed: Expected &#39;7&#39; but got &#39;143&#39;</pre>
                        
                        

                        
                        
                        <div class="stdout"><i>Stdout</i><br>
                            <pre>&lt;![CDATA[
&lt;a href=&#34;file://reports/tests_output/baseline-compat/tests/baseline_compat/anti-regression/comma_is_not_special.metta.html#WHOLE-TESTS.anti-regression.comma_is_not_special&#34;&gt;Test Report&lt;/a&gt;

Assertion: ./mettalog &#39;--output=./reports/tests_output/baseline-compat/&#39; --timeout=40 --html --repl=false  --test &#34;tests/baseline_compat/anti-regression/comma_is_not_special.metta&#34; --halt=true
Expected: 7
Actual: 143
]]&gt;</pre>
                        </div>
                        
                        
                    </div>
                
                    <div class="test outcome outcome-failed">
                        <a id="6153ae2d-870e-4c34-a6a1-011d270f57c8"></a>
                        <table class="proplist">
                            <tr><th>Test case:</th><td><b>anti-regression.debug_mettalogTestCurried</b></td></tr>
                            <tr><th>Outcome:</th><td>Failed</td></tr>
                            <tr><th>Duration:</th><td>42.0 sec</td></tr>
                        
                            <tr><th>Failed</th><td>Test failed: Expected &#39;7&#39; but got &#39;143&#39;</td></tr>
                        
                        
                        </table>

                        
                        <pre>AssertionError: Test failed: Expected &#39;7&#39; but got &#39;143&#39;</pre>
                        
                        

                        
                        
                        <div class="stdout"><i>Stdout</i><br>
                            <pre>&lt;![CDATA[
&lt;a href=&#34;file://reports/tests_output/baseline-compat/tests/baseline_compat/anti-regression/debug_mettalogTestCurried.metta.html#WHOLE-TESTS.anti-regression.debug_mettalogTestCurried&#34;&gt;Test Report&lt;/a&gt;

Assertion: ./mettalog &#39;--output=./reports/tests_output/baseline-compat/&#39; --timeout=40 --html --repl=false  --test &#34;tests/baseline_compat/anti-regression/debug_mettalogTestCurried.metta&#34; --halt=true
Expected: 7
Actual: 143
]]&gt;</pre>
                        </div>
                        
                        
                    </div>
                
                    <div class="test outcome outcome-failed">
                        <a id="d8529008-ad76-4be7-a284-5b2783f76b3f"></a>
                        <table class="proplist">
                            <tr><th>Test case:</th><td><b>metta-wam-issue-116.test_spo_1000</b></td></tr>
                            <tr><th>Outcome:</th><td>Failed</td></tr>
                            <tr><th>Duration:</th><td>42.0 sec</td></tr>
                        
                            <tr><th>Failed</th><td>Test failed: Expected &#39;7&#39; but got &#39;143&#39;</td></tr>
                        
                        
                        </table>

                        
                        <pre>AssertionError: Test failed: Expected &#39;7&#39; but got &#39;143&#39;</pre>
                        
                        

                        
                        
                        <div class="stdout"><i>Stdout</i><br>
                            <pre>&lt;![CDATA[
&lt;a href=&#34;file://reports/tests_output/baseline-compat/tests/baseline_compat/anti-regression/issues/metta-wam-issue-116/test_spo_1000.metta.html#WHOLE-TESTS.metta-wam-issue-116.test_spo_1000&#34;&gt;Test Report&lt;/a&gt;

Assertion: ./mettalog &#39;--output=./reports/tests_output/baseline-compat/&#39; --timeout=40 --html --repl=false  --test &#34;tests/baseline_compat/anti-regression/issues/metta-wam-issue-116/test_spo_1000.metta&#34; --halt=true
Expected: 7
Actual: 143
]]&gt;</pre>
                        </div>
                        
                        
                    </div>
                
                    <div class="test outcome outcome-failed">
                        <a id="8d41fa12-04a8-4f73-9c3e-1ea6b5db0a31"></a>
                        <table class="proplist">
                            <tr><th>Test case:</th><td><b>metta-wam-issue-116.test_spo_100</b></td></tr>
                            <tr><th>Outcome:</th><td>Failed</td></tr>
                            <tr><th>Duration:</th><td>42.0 sec</td></tr>
                        
                            <tr><th>Failed</th><td>Test failed: Expected &#39;7&#39; but got &#39;143&#39;</td></tr>
                        
                        
                        </table>

                        
                        <pre>AssertionError: Test failed: Expected &#39;7&#39; but got &#39;143&#39;</pre>
                        
                        

                        
                        
                        <div class="stdout"><i>Stdout</i><br>
                            <pre>&lt;![CDATA[
&lt;a href=&#34;file://reports/tests_output/baseline-compat/tests/baseline_compat/anti-regression/issues/metta-wam-issue-116/test_spo_100.metta.html#WHOLE-TESTS.metta-wam-issue-116.test_spo_100&#34;&gt;Test Report&lt;/a&gt;

Assertion: ./mettalog &#39;--output=./reports/tests_output/baseline-compat/&#39; --timeout=40 --html --repl=false  --test &#34;tests/baseline_compat/anti-regression/issues/metta-wam-issue-116/test_spo_100.metta&#34; --halt=true
Expected: 7
Actual: 143
]]&gt;</pre>
                        </div>
                        
                        
                    </div>
                
                    <div class="test outcome outcome-failed">
                        <a id="0739e130-07f1-4e1e-8bb5-4ba0c7878c79"></a>
                        <table class="proplist">
                            <tr><th>Test case:</th><td><b>metta-wam-issue-116.test_spo_116378</b></td></tr>
                            <tr><th>Outcome:</th><td>Failed</td></tr>
                            <tr><th>Duration:</th><td>42.0 sec</td></tr>
                        
                            <tr><th>Failed</th><td>Test failed: Expected &#39;7&#39; but got &#39;143&#39;</td></tr>
                        
                        
                        </table>

                        
                        <pre>AssertionError: Test failed: Expected &#39;7&#39; but got &#39;143&#39;</pre>
                        
                        

                        
                        
                        <div class="stdout"><i>Stdout</i><br>
                            <pre>&lt;![CDATA[
&lt;a href=&#34;file://reports/tests_output/baseline-compat/tests/baseline_compat/anti-regression/issues/metta-wam-issue-116/test_spo_116378.metta.html#WHOLE-TESTS.metta-wam-issue-116.test_spo_116378&#34;&gt;Test Report&lt;/a&gt;

Assertion: ./mettalog &#39;--output=./reports/tests_output/baseline-compat/&#39; --timeout=40 --html --repl=false  --test &#34;tests/baseline_compat/anti-regression/issues/metta-wam-issue-116/test_spo_116378.metta&#34; --halt=true
Expected: 7
Actual: 143
]]&gt;</pre>
                        </div>
                        
                        
                    </div>
                
                    <div class="test outcome outcome-failed">
                        <a id="7e097bfe-aa90-4931-b6e9-47df5e8bbee4"></a>
                        <table class="proplist">
                            <tr><th>Test case:</th><td><b>metta-wam-issue-116.test_spo_5000</b></td></tr>
                            <tr><th>Outcome:</th><td>Failed</td></tr>
                            <tr><th>Duration:</th><td>42.0 sec</td></tr>
                        
                            <tr><th>Failed</th><td>Test failed: Expected &#39;7&#39; but got &#39;143&#39;</td></tr>
                        
                        
                        </table>

                        
                        <pre>AssertionError: Test failed: Expected &#39;7&#39; but got &#39;143&#39;</pre>
                        
                        

                        
                        
                        <div class="stdout"><i>Stdout</i><br>
                            <pre>&lt;![CDATA[
&lt;a href=&#34;file://reports/tests_output/baseline-compat/tests/baseline_compat/anti-regression/issues/metta-wam-issue-116/test_spo_5000.metta.html#WHOLE-TESTS.metta-wam-issue-116.test_spo_5000&#34;&gt;Test Report&lt;/a&gt;

Assertion: ./mettalog &#39;--output=./reports/tests_output/baseline-compat/&#39; --timeout=40 --html --repl=false  --test &#34;tests/baseline_compat/anti-regression/issues/metta-wam-issue-116/test_spo_5000.metta&#34; --halt=true
Expected: 7
Actual: 143
]]&gt;</pre>
                        </div>
                        
                        
                    </div>
                
                    <div class="test outcome outcome-failed">
                        <a id="6d56321c-8684-48e3-bd7b-37a3fd89bd0e"></a>
                        <table class="proplist">
                            <tr><th>Test case:</th><td><b>metta-wam-issue-145.print_graph</b></td></tr>
                            <tr><th>Outcome:</th><td>Failed</td></tr>
                            <tr><th>Duration:</th><td>42.0 sec</td></tr>
                        
                            <tr><th>Failed</th><td>Test failed: Expected &#39;7&#39; but got &#39;143&#39;</td></tr>
                        
                        
                        </table>

                        
                        <pre>AssertionError: Test failed: Expected &#39;7&#39; but got &#39;143&#39;</pre>
                        
                        

                        
                        
                        <div class="stdout"><i>Stdout</i><br>
                            <pre>&lt;![CDATA[
&lt;a href=&#34;file://reports/tests_output/baseline-compat/tests/baseline_compat/anti-regression/issues/metta-wam-issue-145/print_graph.metta.html#WHOLE-TESTS.metta-wam-issue-145.print_graph&#34;&gt;Test Report&lt;/a&gt;

Assertion: ./mettalog &#39;--output=./reports/tests_output/baseline-compat/&#39; --timeout=40 --html --repl=false  --test &#34;tests/baseline_compat/anti-regression/issues/metta-wam-issue-145/print_graph.metta&#34; --halt=true
Expected: 7
Actual: 143
]]&gt;</pre>
                        </div>
                        
                        
                    </div>
                
                    <div class="test outcome outcome-failed">
                        <a id="c41e0857-9ee3-4860-a81d-3a18cff0a19c"></a>
                        <table class="proplist">
                            <tr><th>Test case:</th><td><b>anti-regression.mettalogTestCurried2</b></td></tr>
                            <tr><th>Outcome:</th><td>Failed</td></tr>
                            <tr><th>Duration:</th><td>42.0 sec</td></tr>
                        
                            <tr><th>Failed</th><td>Test failed: Expected &#39;7&#39; but got &#39;143&#39;</td></tr>
                        
                        
                        </table>

                        
                        <pre>AssertionError: Test failed: Expected &#39;7&#39; but got &#39;143&#39;</pre>
                        
                        

                        
                        
                        <div class="stdout"><i>Stdout</i><br>
                            <pre>&lt;![CDATA[
&lt;a href=&#34;file://reports/tests_output/baseline-compat/tests/baseline_compat/anti-regression/mettalogTestCurried2.metta.html#WHOLE-TESTS.anti-regression.mettalogTestCurried2&#34;&gt;Test Report&lt;/a&gt;

Assertion: ./mettalog &#39;--output=./reports/tests_output/baseline-compat/&#39; --timeout=40 --html --repl=false  --test &#34;tests/baseline_compat/anti-regression/mettalogTestCurried2.metta&#34; --halt=true
Expected: 7
Actual: 143
]]&gt;</pre>
                        </div>
                        
                        
                    </div>
                
                    <div class="test outcome outcome-failed">
                        <a id="911cda66-aa4c-4eeb-ac4c-2064f9655273"></a>
                        <table class="proplist">
                            <tr><th>Test case:</th><td><b>anti-regression.mettalogTestCurried</b></td></tr>
                            <tr><th>Outcome:</th><td>Failed</td></tr>
                            <tr><th>Duration:</th><td>42.0 sec</td></tr>
                        
                            <tr><th>Failed</th><td>Test failed: Expected &#39;7&#39; but got &#39;143&#39;</td></tr>
                        
                        
                        </table>

                        
                        <pre>AssertionError: Test failed: Expected &#39;7&#39; but got &#39;143&#39;</pre>
                        
                        

                        
                        
                        <div class="stdout"><i>Stdout</i><br>
                            <pre>&lt;![CDATA[
&lt;a href=&#34;file://reports/tests_output/baseline-compat/tests/baseline_compat/anti-regression/mettalogTestCurried.metta.html#WHOLE-TESTS.anti-regression.mettalogTestCurried&#34;&gt;Test Report&lt;/a&gt;

Assertion: ./mettalog &#39;--output=./reports/tests_output/baseline-compat/&#39; --timeout=40 --html --repl=false  --test &#34;tests/baseline_compat/anti-regression/mettalogTestCurried.metta&#34; --halt=true
Expected: 7
Actual: 143
]]&gt;</pre>
                        </div>
                        
                        
                    </div>
                
                    <div class="test outcome outcome-failed">
                        <a id="181cacc7-9559-44f0-802c-2e128505bae9"></a>
                        <table class="proplist">
                            <tr><th>Test case:</th><td><b>anti-regression.system_proofTestCurried</b></td></tr>
                            <tr><th>Outcome:</th><td>Failed</td></tr>
                            <tr><th>Duration:</th><td>42.0 sec</td></tr>
                        
                            <tr><th>Failed</th><td>Test failed: Expected &#39;7&#39; but got &#39;143&#39;</td></tr>
                        
                        
                        </table>

                        
                        <pre>AssertionError: Test failed: Expected &#39;7&#39; but got &#39;143&#39;</pre>
                        
                        

                        
                        
                        <div class="stdout"><i>Stdout</i><br>
                            <pre>&lt;![CDATA[
&lt;a href=&#34;file://reports/tests_output/baseline-compat/tests/baseline_compat/anti-regression/system_proofTestCurried.metta.html#WHOLE-TESTS.anti-regression.system_proofTestCurried&#34;&gt;Test Report&lt;/a&gt;

Assertion: ./mettalog &#39;--output=./reports/tests_output/baseline-compat/&#39; --timeout=40 --html --repl=false  --test &#34;tests/baseline_compat/anti-regression/system_proofTestCurried.metta&#34; --halt=true
Expected: 7
Actual: 143
]]&gt;</pre>
                        </div>
                        
                        
                    </div>
                
                    <div class="test outcome outcome-failed">
                        <a id="5196cb9b-4861-4a35-96bf-4097cda230aa"></a>
                        <table class="proplist">
                            <tr><th>Test case:</th><td><b>anti-regression.test_if_closed</b></td></tr>
                            <tr><th>Outcome:</th><td>Failed</td></tr>
                            <tr><th>Duration:</th><td>42.0 sec</td></tr>
                        
                            <tr><th>Failed</th><td>Test failed: Expected &#39;7&#39; but got &#39;143&#39;</td></tr>
                        
                        
                        </table>

                        
                        <pre>AssertionError: Test failed: Expected &#39;7&#39; but got &#39;143&#39;</pre>
                        
                        

                        
                        
                        <div class="stdout"><i>Stdout</i><br>
                            <pre>&lt;![CDATA[
&lt;a href=&#34;file://reports/tests_output/baseline-compat/tests/baseline_compat/anti-regression/test_if_closed.metta.html#WHOLE-TESTS.anti-regression.test_if_closed&#34;&gt;Test Report&lt;/a&gt;

Assertion: ./mettalog &#39;--output=./reports/tests_output/baseline-compat/&#39; --timeout=40 --html --repl=false  --test &#34;tests/baseline_compat/anti-regression/test_if_closed.metta&#34; --halt=true
Expected: 7
Actual: 143
]]&gt;</pre>
                        </div>
                        
                        
                    </div>
                
                    <div class="test outcome outcome-failed">
                        <a id="bd23321b-1df5-4be9-a922-49fba6a9f61b"></a>
                        <table class="proplist">
                            <tr><th>Test case:</th><td><b>anti-regression.tmpMatch1</b></td></tr>
                            <tr><th>Outcome:</th><td>Failed</td></tr>
                            <tr><th>Duration:</th><td>42.0 sec</td></tr>
                        
                            <tr><th>Failed</th><td>Test failed: Expected &#39;7&#39; but got &#39;143&#39;</td></tr>
                        
                        
                        </table>

                        
                        <pre>AssertionError: Test failed: Expected &#39;7&#39; but got &#39;143&#39;</pre>
                        
                        

                        
                        
                        <div class="stdout"><i>Stdout</i><br>
                            <pre>&lt;![CDATA[
&lt;a href=&#34;file://reports/tests_output/baseline-compat/tests/baseline_compat/anti-regression/tmpMatch1.metta.html#WHOLE-TESTS.anti-regression.tmpMatch1&#34;&gt;Test Report&lt;/a&gt;

Assertion: ./mettalog &#39;--output=./reports/tests_output/baseline-compat/&#39; --timeout=40 --html --repl=false  --test &#34;tests/baseline_compat/anti-regression/tmpMatch1.metta&#34; --halt=true
Expected: 7
Actual: 143
]]&gt;</pre>
                        </div>
                        
                        
                    </div>
                
                    <div class="test outcome outcome-failed">
                        <a id="ad5209f7-083b-4ef6-9b21-b9660f9ce0f4"></a>
                        <table class="proplist">
                            <tr><th>Test case:</th><td><b>anti-regression.tmpMatch2</b></td></tr>
                            <tr><th>Outcome:</th><td>Failed</td></tr>
                            <tr><th>Duration:</th><td>42.0 sec</td></tr>
                        
                            <tr><th>Failed</th><td>Test failed: Expected &#39;7&#39; but got &#39;143&#39;</td></tr>
                        
                        
                        </table>

                        
                        <pre>AssertionError: Test failed: Expected &#39;7&#39; but got &#39;143&#39;</pre>
                        
                        

                        
                        
                        <div class="stdout"><i>Stdout</i><br>
                            <pre>&lt;![CDATA[
&lt;a href=&#34;file://reports/tests_output/baseline-compat/tests/baseline_compat/anti-regression/tmpMatch2.metta.html#WHOLE-TESTS.anti-regression.tmpMatch2&#34;&gt;Test Report&lt;/a&gt;

Assertion: ./mettalog &#39;--output=./reports/tests_output/baseline-compat/&#39; --timeout=40 --html --repl=false  --test &#34;tests/baseline_compat/anti-regression/tmpMatch2.metta&#34; --halt=true
Expected: 7
Actual: 143
]]&gt;</pre>
                        </div>
                        
                        
                    </div>
                
                    <div class="test outcome outcome-failed">
                        <a id="ff70f4ef-e20a-481f-b5aa-2cdfd4e2fcfd"></a>
                        <table class="proplist">
                            <tr><th>Test case:</th><td><b>hyperon-experimental_scripts.a1_symbols</b></td></tr>
                            <tr><th>Outcome:</th><td>Failed</td></tr>
                            <tr><th>Duration:</th><td>42.0 sec</td></tr>
                        
                            <tr><th>Failed</th><td>Test failed: Expected &#39;7&#39; but got &#39;143&#39;</td></tr>
                        
                        
                        </table>

                        
                        <pre>AssertionError: Test failed: Expected &#39;7&#39; but got &#39;143&#39;</pre>
                        
                        

                        
                        
                        <div class="stdout"><i>Stdout</i><br>
                            <pre>&lt;![CDATA[
&lt;a href=&#34;file://reports/tests_output/baseline-compat/tests/baseline_compat/hyperon-experimental_scripts/a1_symbols.metta.html#WHOLE-TESTS.hyperon-experimental_scripts.a1_symbols&#34;&gt;Test Report&lt;/a&gt;

Assertion: ./mettalog &#39;--output=./reports/tests_output/baseline-compat/&#39; --timeout=40 --html --repl=false  --test &#34;tests/baseline_compat/hyperon-experimental_scripts/a1_symbols.metta&#34; --halt=true
Expected: 7
Actual: 143
]]&gt;</pre>
                        </div>
                        
                        
                    </div>
                
                    <div class="test outcome outcome-failed">
                        <a id="e8c2eb21-7db2-4689-b31a-45c81fb47fc8"></a>
                        <table class="proplist">
                            <tr><th>Test case:</th><td><b>hyperon-experimental_scripts.a2_opencoggy</b></td></tr>
                            <tr><th>Outcome:</th><td>Failed</td></tr>
                            <tr><th>Duration:</th><td>42.0 sec</td></tr>
                        
                            <tr><th>Failed</th><td>Test failed: Expected &#39;7&#39; but got &#39;143&#39;</td></tr>
                        
                        
                        </table>

                        
                        <pre>AssertionError: Test failed: Expected &#39;7&#39; but got &#39;143&#39;</pre>
                        
                        

                        
                        
                        <div class="stdout"><i>Stdout</i><br>
                            <pre>&lt;![CDATA[
&lt;a href=&#34;file://reports/tests_output/baseline-compat/tests/baseline_compat/hyperon-experimental_scripts/a2_opencoggy.metta.html#WHOLE-TESTS.hyperon-experimental_scripts.a2_opencoggy&#34;&gt;Test Report&lt;/a&gt;

Assertion: ./mettalog &#39;--output=./reports/tests_output/baseline-compat/&#39; --timeout=40 --html --repl=false  --test &#34;tests/baseline_compat/hyperon-experimental_scripts/a2_opencoggy.metta&#34; --halt=true
Expected: 7
Actual: 143
]]&gt;</pre>
                        </div>
                        
                        
                    </div>
                
                    <div class="test outcome outcome-failed">
                        <a id="d530566a-2d54-42d8-8bb3-42af19c5e6a3"></a>
                        <table class="proplist">
                            <tr><th>Test case:</th><td><b>hyperon-experimental_scripts.a3_twoside</b></td></tr>
                            <tr><th>Outcome:</th><td>Failed</td></tr>
                            <tr><th>Duration:</th><td>42.0 sec</td></tr>
                        
                            <tr><th>Failed</th><td>Test failed: Expected &#39;7&#39; but got &#39;143&#39;</td></tr>
                        
                        
                        </table>

                        
                        <pre>AssertionError: Test failed: Expected &#39;7&#39; but got &#39;143&#39;</pre>
                        
                        

                        
                        
                        <div class="stdout"><i>Stdout</i><br>
                            <pre>&lt;![CDATA[
&lt;a href=&#34;file://reports/tests_output/baseline-compat/tests/baseline_compat/hyperon-experimental_scripts/a3_twoside.metta.html#WHOLE-TESTS.hyperon-experimental_scripts.a3_twoside&#34;&gt;Test Report&lt;/a&gt;

Assertion: ./mettalog &#39;--output=./reports/tests_output/baseline-compat/&#39; --timeout=40 --html --repl=false  --test &#34;tests/baseline_compat/hyperon-experimental_scripts/a3_twoside.metta&#34; --halt=true
Expected: 7
Actual: 143
]]&gt;</pre>
                        </div>
                        
                        
                    </div>
                
                    <div class="test outcome outcome-failed">
                        <a id="a9890808-291f-41b2-8602-9a43baa18847"></a>
                        <table class="proplist">
                            <tr><th>Test case:</th><td><b>hyperon-experimental_scripts.b0_chaining_prelim</b></td></tr>
                            <tr><th>Outcome:</th><td>Failed</td></tr>
                            <tr><th>Duration:</th><td>42.0 sec</td></tr>
                        
                            <tr><th>Failed</th><td>Test failed: Expected &#39;7&#39; but got &#39;143&#39;</td></tr>
                        
                        
                        </table>

                        
                        <pre>AssertionError: Test failed: Expected &#39;7&#39; but got &#39;143&#39;</pre>
                        
                        

                        
                        
                        <div class="stdout"><i>Stdout</i><br>
                            <pre>&lt;![CDATA[
&lt;a href=&#34;file://reports/tests_output/baseline-compat/tests/baseline_compat/hyperon-experimental_scripts/b0_chaining_prelim.metta.html#WHOLE-TESTS.hyperon-experimental_scripts.b0_chaining_prelim&#34;&gt;Test Report&lt;/a&gt;

Assertion: ./mettalog &#39;--output=./reports/tests_output/baseline-compat/&#39; --timeout=40 --html --repl=false  --test &#34;tests/baseline_compat/hyperon-experimental_scripts/b0_chaining_prelim.metta&#34; --halt=true
Expected: 7
Actual: 143
]]&gt;</pre>
                        </div>
                        
                        
                    </div>
                
                    <div class="test outcome outcome-failed">
                        <a id="d6583071-ed38-48ba-a68f-21e6acbf7230"></a>
                        <table class="proplist">
                            <tr><th>Test case:</th><td><b>hyperon-experimental_scripts.b1_equal_chain</b></td></tr>
                            <tr><th>Outcome:</th><td>Failed</td></tr>
                            <tr><th>Duration:</th><td>42.0 sec</td></tr>
                        
                            <tr><th>Failed</th><td>Test failed: Expected &#39;7&#39; but got &#39;143&#39;</td></tr>
                        
                        
                        </table>

                        
                        <pre>AssertionError: Test failed: Expected &#39;7&#39; but got &#39;143&#39;</pre>
                        
                        

                        
                        
                        <div class="stdout"><i>Stdout</i><br>
                            <pre>&lt;![CDATA[
&lt;a href=&#34;file://reports/tests_output/baseline-compat/tests/baseline_compat/hyperon-experimental_scripts/b1_equal_chain.metta.html#WHOLE-TESTS.hyperon-experimental_scripts.b1_equal_chain&#34;&gt;Test Report&lt;/a&gt;

Assertion: ./mettalog &#39;--output=./reports/tests_output/baseline-compat/&#39; --timeout=40 --html --repl=false  --test &#34;tests/baseline_compat/hyperon-experimental_scripts/b1_equal_chain.metta&#34; --halt=true
Expected: 7
Actual: 143
]]&gt;</pre>
                        </div>
                        
                        
                    </div>
                
                    <div class="test outcome outcome-failed">
                        <a id="7f8ae30c-048c-4425-b811-319ad9b83d2f"></a>
                        <table class="proplist">
                            <tr><th>Test case:</th><td><b>hyperon-experimental_scripts.b2_backchain</b></td></tr>
                            <tr><th>Outcome:</th><td>Failed</td></tr>
                            <tr><th>Duration:</th><td>42.0 sec</td></tr>
                        
                            <tr><th>Failed</th><td>Test failed: Expected &#39;7&#39; but got &#39;143&#39;</td></tr>
                        
                        
                        </table>

                        
                        <pre>AssertionError: Test failed: Expected &#39;7&#39; but got &#39;143&#39;</pre>
                        
                        

                        
                        
                        <div class="stdout"><i>Stdout</i><br>
                            <pre>&lt;![CDATA[
&lt;a href=&#34;file://reports/tests_output/baseline-compat/tests/baseline_compat/hyperon-experimental_scripts/b2_backchain.metta.html#WHOLE-TESTS.hyperon-experimental_scripts.b2_backchain&#34;&gt;Test Report&lt;/a&gt;

Assertion: ./mettalog &#39;--output=./reports/tests_output/baseline-compat/&#39; --timeout=40 --html --repl=false  --test &#34;tests/baseline_compat/hyperon-experimental_scripts/b2_backchain.metta&#34; --halt=true
Expected: 7
Actual: 143
]]&gt;</pre>
                        </div>
                        
                        
                    </div>
                
                    <div class="test outcome outcome-failed">
                        <a id="f406d99b-4a3f-4b37-831c-b16127199ef2"></a>
                        <table class="proplist">
                            <tr><th>Test case:</th><td><b>hyperon-experimental_scripts.b3_direct</b></td></tr>
                            <tr><th>Outcome:</th><td>Failed</td></tr>
                            <tr><th>Duration:</th><td>42.0 sec</td></tr>
                        
                            <tr><th>Failed</th><td>Test failed: Expected &#39;7&#39; but got &#39;143&#39;</td></tr>
                        
                        
                        </table>

                        
                        <pre>AssertionError: Test failed: Expected &#39;7&#39; but got &#39;143&#39;</pre>
                        
                        

                        
                        
                        <div class="stdout"><i>Stdout</i><br>
                            <pre>&lt;![CDATA[
&lt;a href=&#34;file://reports/tests_output/baseline-compat/tests/baseline_compat/hyperon-experimental_scripts/b3_direct.metta.html#WHOLE-TESTS.hyperon-experimental_scripts.b3_direct&#34;&gt;Test Report&lt;/a&gt;

Assertion: ./mettalog &#39;--output=./reports/tests_output/baseline-compat/&#39; --timeout=40 --html --repl=false  --test &#34;tests/baseline_compat/hyperon-experimental_scripts/b3_direct.metta&#34; --halt=true
Expected: 7
Actual: 143
]]&gt;</pre>
                        </div>
                        
                        
                    </div>
                
                    <div class="test outcome outcome-failed">
                        <a id="56e38b04-06d4-4810-b2a0-d7ed5bc5c63c"></a>
                        <table class="proplist">
                            <tr><th>Test case:</th><td><b>hyperon-experimental_scripts.b4_nondeterm</b></td></tr>
                            <tr><th>Outcome:</th><td>Failed</td></tr>
                            <tr><th>Duration:</th><td>42.0 sec</td></tr>
                        
                            <tr><th>Failed</th><td>Test failed: Expected &#39;7&#39; but got &#39;143&#39;</td></tr>
                        
                        
                        </table>

                        
                        <pre>AssertionError: Test failed: Expected &#39;7&#39; but got &#39;143&#39;</pre>
                        
                        

                        
                        
                        <div class="stdout"><i>Stdout</i><br>
                            <pre>&lt;![CDATA[
&lt;a href=&#34;file://reports/tests_output/baseline-compat/tests/baseline_compat/hyperon-experimental_scripts/b4_nondeterm.metta.html#WHOLE-TESTS.hyperon-experimental_scripts.b4_nondeterm&#34;&gt;Test Report&lt;/a&gt;

Assertion: ./mettalog &#39;--output=./reports/tests_output/baseline-compat/&#39; --timeout=40 --html --repl=false  --test &#34;tests/baseline_compat/hyperon-experimental_scripts/b4_nondeterm.metta&#34; --halt=true
Expected: 7
Actual: 143
]]&gt;</pre>
                        </div>
                        
                        
                    </div>
                
                    <div class="test outcome outcome-failed">
                        <a id="91c8f4ee-d4fe-49c5-afb5-150d01c0a7a6"></a>
                        <table class="proplist">
                            <tr><th>Test case:</th><td><b>hyperon-experimental_scripts.b5_types_prelim</b></td></tr>
                            <tr><th>Outcome:</th><td>Failed</td></tr>
                            <tr><th>Duration:</th><td>42.0 sec</td></tr>
                        
                            <tr><th>Failed</th><td>Test failed: Expected &#39;7&#39; but got &#39;143&#39;</td></tr>
                        
                        
                        </table>

                        
                        <pre>AssertionError: Test failed: Expected &#39;7&#39; but got &#39;143&#39;</pre>
                        
                        

                        
                        
                        <div class="stdout"><i>Stdout</i><br>
                            <pre>&lt;![CDATA[
&lt;a href=&#34;file://reports/tests_output/baseline-compat/tests/baseline_compat/hyperon-experimental_scripts/b5_types_prelim.metta.html#WHOLE-TESTS.hyperon-experimental_scripts.b5_types_prelim&#34;&gt;Test Report&lt;/a&gt;

Assertion: ./mettalog &#39;--output=./reports/tests_output/baseline-compat/&#39; --timeout=40 --html --repl=false  --test &#34;tests/baseline_compat/hyperon-experimental_scripts/b5_types_prelim.metta&#34; --halt=true
Expected: 7
Actual: 143
]]&gt;</pre>
                        </div>
                        
                        
                    </div>
                
                    <div class="test outcome outcome-failed">
                        <a id="4e598bc5-0dca-43b5-a0d5-8d87142f553e"></a>
                        <table class="proplist">
                            <tr><th>Test case:</th><td><b>hyperon-experimental_scripts.c1_grounded_basic</b></td></tr>
                            <tr><th>Outcome:</th><td>Failed</td></tr>
                            <tr><th>Duration:</th><td>42.0 sec</td></tr>
                        
                            <tr><th>Failed</th><td>Test failed: Expected &#39;7&#39; but got &#39;143&#39;</td></tr>
                        
                        
                        </table>

                        
                        <pre>AssertionError: Test failed: Expected &#39;7&#39; but got &#39;143&#39;</pre>
                        
                        

                        
                        
                        <div class="stdout"><i>Stdout</i><br>
                            <pre>&lt;![CDATA[
&lt;a href=&#34;file://reports/tests_output/baseline-compat/tests/baseline_compat/hyperon-experimental_scripts/c1_grounded_basic.metta.html#WHOLE-TESTS.hyperon-experimental_scripts.c1_grounded_basic&#34;&gt;Test Report&lt;/a&gt;

Assertion: ./mettalog &#39;--output=./reports/tests_output/baseline-compat/&#39; --timeout=40 --html --repl=false  --test &#34;tests/baseline_compat/hyperon-experimental_scripts/c1_grounded_basic.metta&#34; --halt=true
Expected: 7
Actual: 143
]]&gt;</pre>
                        </div>
                        
                        
                    </div>
                
                    <div class="test outcome outcome-failed">
                        <a id="c7417158-f270-456a-948f-f87826440d06"></a>
                        <table class="proplist">
                            <tr><th>Test case:</th><td><b>hyperon-experimental_scripts.c2_spaces</b></td></tr>
                            <tr><th>Outcome:</th><td>Failed</td></tr>
                            <tr><th>Duration:</th><td>42.0 sec</td></tr>
                        
                            <tr><th>Failed</th><td>Test failed: Expected &#39;7&#39; but got &#39;143&#39;</td></tr>
                        
                        
                        </table>

                        
                        <pre>AssertionError: Test failed: Expected &#39;7&#39; but got &#39;143&#39;</pre>
                        
                        

                        
                        
                        <div class="stdout"><i>Stdout</i><br>
                            <pre>&lt;![CDATA[
&lt;a href=&#34;file://reports/tests_output/baseline-compat/tests/baseline_compat/hyperon-experimental_scripts/c2_spaces.metta.html#WHOLE-TESTS.hyperon-experimental_scripts.c2_spaces&#34;&gt;Test Report&lt;/a&gt;

Assertion: ./mettalog &#39;--output=./reports/tests_output/baseline-compat/&#39; --timeout=40 --html --repl=false  --test &#34;tests/baseline_compat/hyperon-experimental_scripts/c2_spaces.metta&#34; --halt=true
Expected: 7
Actual: 143
]]&gt;</pre>
                        </div>
                        
                        
                    </div>
                
                    <div class="test outcome outcome-failed">
                        <a id="1f2ac858-0d5e-4e39-b445-2ecdc2f16273"></a>
                        <table class="proplist">
                            <tr><th>Test case:</th><td><b>hyperon-experimental_scripts.c3_pln_stv</b></td></tr>
                            <tr><th>Outcome:</th><td>Failed</td></tr>
                            <tr><th>Duration:</th><td>42.0 sec</td></tr>
                        
                            <tr><th>Failed</th><td>Test failed: Expected &#39;7&#39; but got &#39;143&#39;</td></tr>
                        
                        
                        </table>

                        
                        <pre>AssertionError: Test failed: Expected &#39;7&#39; but got &#39;143&#39;</pre>
                        
                        

                        
                        
                        <div class="stdout"><i>Stdout</i><br>
                            <pre>&lt;![CDATA[
&lt;a href=&#34;file://reports/tests_output/baseline-compat/tests/baseline_compat/hyperon-experimental_scripts/c3_pln_stv.metta.html#WHOLE-TESTS.hyperon-experimental_scripts.c3_pln_stv&#34;&gt;Test Report&lt;/a&gt;

Assertion: ./mettalog &#39;--output=./reports/tests_output/baseline-compat/&#39; --timeout=40 --html --repl=false  --test &#34;tests/baseline_compat/hyperon-experimental_scripts/c3_pln_stv.metta&#34; --halt=true
Expected: 7
Actual: 143
]]&gt;</pre>
                        </div>
                        
                        
                    </div>
                
                    <div class="test outcome outcome-failed">
                        <a id="47983f6f-ae6a-4544-99ca-69c5f6f8da03"></a>
                        <table class="proplist">
                            <tr><th>Test case:</th><td><b>hyperon-experimental_scripts.d1_gadt</b></td></tr>
                            <tr><th>Outcome:</th><td>Failed</td></tr>
                            <tr><th>Duration:</th><td>42.0 sec</td></tr>
                        
                            <tr><th>Failed</th><td>Test failed: Expected &#39;7&#39; but got &#39;143&#39;</td></tr>
                        
                        
                        </table>

                        
                        <pre>AssertionError: Test failed: Expected &#39;7&#39; but got &#39;143&#39;</pre>
                        
                        

                        
                        
                        <div class="stdout"><i>Stdout</i><br>
                            <pre>&lt;![CDATA[
&lt;a href=&#34;file://reports/tests_output/baseline-compat/tests/baseline_compat/hyperon-experimental_scripts/d1_gadt.metta.html#WHOLE-TESTS.hyperon-experimental_scripts.d1_gadt&#34;&gt;Test Report&lt;/a&gt;

Assertion: ./mettalog &#39;--output=./reports/tests_output/baseline-compat/&#39; --timeout=40 --html --repl=false  --test &#34;tests/baseline_compat/hyperon-experimental_scripts/d1_gadt.metta&#34; --halt=true
Expected: 7
Actual: 143
]]&gt;</pre>
                        </div>
                        
                        
                    </div>
                
                    <div class="test outcome outcome-failed">
                        <a id="6bfe165a-9b0b-45a1-8366-a03a6dca2296"></a>
                        <table class="proplist">
                            <tr><th>Test case:</th><td><b>hyperon-experimental_scripts.d2_higherfunc</b></td></tr>
                            <tr><th>Outcome:</th><td>Failed</td></tr>
                            <tr><th>Duration:</th><td>42.0 sec</td></tr>
                        
                            <tr><th>Failed</th><td>Test failed: Expected &#39;7&#39; but got &#39;143&#39;</td></tr>
                        
                        
                        </table>

                        
                        <pre>AssertionError: Test failed: Expected &#39;7&#39; but got &#39;143&#39;</pre>
                        
                        

                        
                        
                        <div class="stdout"><i>Stdout</i><br>
                            <pre>&lt;![CDATA[
&lt;a href=&#34;file://reports/tests_output/baseline-compat/tests/baseline_compat/hyperon-experimental_scripts/d2_higherfunc.metta.html#WHOLE-TESTS.hyperon-experimental_scripts.d2_higherfunc&#34;&gt;Test Report&lt;/a&gt;

Assertion: ./mettalog &#39;--output=./reports/tests_output/baseline-compat/&#39; --timeout=40 --html --repl=false  --test &#34;tests/baseline_compat/hyperon-experimental_scripts/d2_higherfunc.metta&#34; --halt=true
Expected: 7
Actual: 143
]]&gt;</pre>
                        </div>
                        
                        
                    </div>
                
                    <div class="test outcome outcome-failed">
                        <a id="7c68782b-00b3-41aa-884c-a864a5958099"></a>
                        <table class="proplist">
                            <tr><th>Test case:</th><td><b>hyperon-experimental_scripts.d3_deptypes</b></td></tr>
                            <tr><th>Outcome:</th><td>Failed</td></tr>
                            <tr><th>Duration:</th><td>42.0 sec</td></tr>
                        
                            <tr><th>Failed</th><td>Test failed: Expected &#39;7&#39; but got &#39;143&#39;</td></tr>
                        
                        
                        </table>

                        
                        <pre>AssertionError: Test failed: Expected &#39;7&#39; but got &#39;143&#39;</pre>
                        
                        

                        
                        
                        <div class="stdout"><i>Stdout</i><br>
                            <pre>&lt;![CDATA[
&lt;a href=&#34;file://reports/tests_output/baseline-compat/tests/baseline_compat/hyperon-experimental_scripts/d3_deptypes.metta.html#WHOLE-TESTS.hyperon-experimental_scripts.d3_deptypes&#34;&gt;Test Report&lt;/a&gt;

Assertion: ./mettalog &#39;--output=./reports/tests_output/baseline-compat/&#39; --timeout=40 --html --repl=false  --test &#34;tests/baseline_compat/hyperon-experimental_scripts/d3_deptypes.metta&#34; --halt=true
Expected: 7
Actual: 143
]]&gt;</pre>
                        </div>
                        
                        
                    </div>
                
                    <div class="test outcome outcome-failed">
                        <a id="7798f7a4-8f47-42e8-a00d-97d470a76707"></a>
                        <table class="proplist">
                            <tr><th>Test case:</th><td><b>hyperon-experimental_scripts.d4_type_prop</b></td></tr>
                            <tr><th>Outcome:</th><td>Failed</td></tr>
                            <tr><th>Duration:</th><td>41.0 sec</td></tr>
                        
                            <tr><th>Failed</th><td>Test failed: Expected &#39;7&#39; but got &#39;143&#39;</td></tr>
                        
                        
                        </table>

                        
                        <pre>AssertionError: Test failed: Expected &#39;7&#39; but got &#39;143&#39;</pre>
                        
                        

                        
                        
                        <div class="stdout"><i>Stdout</i><br>
                            <pre>&lt;![CDATA[
&lt;a href=&#34;file://reports/tests_output/baseline-compat/tests/baseline_compat/hyperon-experimental_scripts/d4_type_prop.metta.html#WHOLE-TESTS.hyperon-experimental_scripts.d4_type_prop&#34;&gt;Test Report&lt;/a&gt;

Assertion: ./mettalog &#39;--output=./reports/tests_output/baseline-compat/&#39; --timeout=40 --html --repl=false  --test &#34;tests/baseline_compat/hyperon-experimental_scripts/d4_type_prop.metta&#34; --halt=true
Expected: 7
Actual: 143
]]&gt;</pre>
                        </div>
                        
                        
                    </div>
                
                    <div class="test outcome outcome-failed">
                        <a id="e80bb033-42b0-4615-8e0e-f17638868e5d"></a>
                        <table class="proplist">
                            <tr><th>Test case:</th><td><b>hyperon-experimental_scripts.d5_auto_types</b></td></tr>
                            <tr><th>Outcome:</th><td>Failed</td></tr>
                            <tr><th>Duration:</th><td>42.0 sec</td></tr>
                        
                            <tr><th>Failed</th><td>Test failed: Expected &#39;7&#39; but got &#39;143&#39;</td></tr>
                        
                        
                        </table>

                        
                        <pre>AssertionError: Test failed: Expected &#39;7&#39; but got &#39;143&#39;</pre>
                        
                        

                        
                        
                        <div class="stdout"><i>Stdout</i><br>
                            <pre>&lt;![CDATA[
&lt;a href=&#34;file://reports/tests_output/baseline-compat/tests/baseline_compat/hyperon-experimental_scripts/d5_auto_types.metta.html#WHOLE-TESTS.hyperon-experimental_scripts.d5_auto_types&#34;&gt;Test Report&lt;/a&gt;

Assertion: ./mettalog &#39;--output=./reports/tests_output/baseline-compat/&#39; --timeout=40 --html --repl=false  --test &#34;tests/baseline_compat/hyperon-experimental_scripts/d5_auto_types.metta&#34; --halt=true
Expected: 7
Actual: 143
]]&gt;</pre>
                        </div>
                        
                        
                    </div>
                
                    <div class="test outcome outcome-failed">
                        <a id="2e536374-05bf-4dda-85c0-0e75015680ff"></a>
                        <table class="proplist">
                            <tr><th>Test case:</th><td><b>hyperon-experimental_scripts.e1_kb_write</b></td></tr>
                            <tr><th>Outcome:</th><td>Failed</td></tr>
                            <tr><th>Duration:</th><td>42.0 sec</td></tr>
                        
                            <tr><th>Failed</th><td>Test failed: Expected &#39;7&#39; but got &#39;143&#39;</td></tr>
                        
                        
                        </table>

                        
                        <pre>AssertionError: Test failed: Expected &#39;7&#39; but got &#39;143&#39;</pre>
                        
                        

                        
                        
                        <div class="stdout"><i>Stdout</i><br>
                            <pre>&lt;![CDATA[
&lt;a href=&#34;file://reports/tests_output/baseline-compat/tests/baseline_compat/hyperon-experimental_scripts/e1_kb_write.metta.html#WHOLE-TESTS.hyperon-experimental_scripts.e1_kb_write&#34;&gt;Test Report&lt;/a&gt;

Assertion: ./mettalog &#39;--output=./reports/tests_output/baseline-compat/&#39; --timeout=40 --html --repl=false  --test &#34;tests/baseline_compat/hyperon-experimental_scripts/e1_kb_write.metta&#34; --halt=true
Expected: 7
Actual: 143
]]&gt;</pre>
                        </div>
                        
                        
                    </div>
                
                    <div class="test outcome outcome-failed">
                        <a id="007bda3a-f9b2-4492-a5dd-9ddbaa70528b"></a>
                        <table class="proplist">
                            <tr><th>Test case:</th><td><b>hyperon-experimental_scripts.e2_states</b></td></tr>
                            <tr><th>Outcome:</th><td>Failed</td></tr>
                            <tr><th>Duration:</th><td>42.0 sec</td></tr>
                        
                            <tr><th>Failed</th><td>Test failed: Expected &#39;7&#39; but got &#39;143&#39;</td></tr>
                        
                        
                        </table>

                        
                        <pre>AssertionError: Test failed: Expected &#39;7&#39; but got &#39;143&#39;</pre>
                        
                        

                        
                        
                        <div class="stdout"><i>Stdout</i><br>
                            <pre>&lt;![CDATA[
&lt;a href=&#34;file://reports/tests_output/baseline-compat/tests/baseline_compat/hyperon-experimental_scripts/e2_states.metta.html#WHOLE-TESTS.hyperon-experimental_scripts.e2_states&#34;&gt;Test Report&lt;/a&gt;

Assertion: ./mettalog &#39;--output=./reports/tests_output/baseline-compat/&#39; --timeout=40 --html --repl=false  --test &#34;tests/baseline_compat/hyperon-experimental_scripts/e2_states.metta&#34; --halt=true
Expected: 7
Actual: 143
]]&gt;</pre>
                        </div>
                        
                        
                    </div>
                
                    <div class="test outcome outcome-failed">
                        <a id="7ab91c6c-258a-4d04-a405-2eeee5aa38c2"></a>
                        <table class="proplist">
                            <tr><th>Test case:</th><td><b>hyperon-experimental_scripts.e3_match_states</b></td></tr>
                            <tr><th>Outcome:</th><td>Failed</td></tr>
                            <tr><th>Duration:</th><td>42.0 sec</td></tr>
                        
                            <tr><th>Failed</th><td>Test failed: Expected &#39;7&#39; but got &#39;143&#39;</td></tr>
                        
                        
                        </table>

                        
                        <pre>AssertionError: Test failed: Expected &#39;7&#39; but got &#39;143&#39;</pre>
                        
                        

                        
                        
                        <div class="stdout"><i>Stdout</i><br>
                            <pre>&lt;![CDATA[
&lt;a href=&#34;file://reports/tests_output/baseline-compat/tests/baseline_compat/hyperon-experimental_scripts/e3_match_states.metta.html#WHOLE-TESTS.hyperon-experimental_scripts.e3_match_states&#34;&gt;Test Report&lt;/a&gt;

Assertion: ./mettalog &#39;--output=./reports/tests_output/baseline-compat/&#39; --timeout=40 --html --repl=false  --test &#34;tests/baseline_compat/hyperon-experimental_scripts/e3_match_states.metta&#34; --halt=true
Expected: 7
Actual: 143
]]&gt;</pre>
                        </div>
                        
                        
                    </div>
                
                    <div class="test outcome outcome-failed">
                        <a id="01a5db00-530b-4bbe-9e89-15f1d0902363"></a>
                        <table class="proplist">
                            <tr><th>Test case:</th><td><b>hyperon-experimental_scripts.f1_imports</b></td></tr>
                            <tr><th>Outcome:</th><td>Failed</td></tr>
                            <tr><th>Duration:</th><td>42.0 sec</td></tr>
                        
                            <tr><th>Failed</th><td>Test failed: Expected &#39;7&#39; but got &#39;143&#39;</td></tr>
                        
                        
                        </table>

                        
                        <pre>AssertionError: Test failed: Expected &#39;7&#39; but got &#39;143&#39;</pre>
                        
                        

                        
                        
                        <div class="stdout"><i>Stdout</i><br>
                            <pre>&lt;![CDATA[
&lt;a href=&#34;file://reports/tests_output/baseline-compat/tests/baseline_compat/hyperon-experimental_scripts/f1_imports.metta.html#WHOLE-TESTS.hyperon-experimental_scripts.f1_imports&#34;&gt;Test Report&lt;/a&gt;

Assertion: ./mettalog &#39;--output=./reports/tests_output/baseline-compat/&#39; --timeout=40 --html --repl=false  --test &#34;tests/baseline_compat/hyperon-experimental_scripts/f1_imports.metta&#34; --halt=true
Expected: 7
Actual: 143
]]&gt;</pre>
                        </div>
                        
                        
                    </div>
                
                    <div class="test outcome outcome-failed">
                        <a id="f9a18068-a653-482b-b347-0e65cdf991c5"></a>
                        <table class="proplist">
                            <tr><th>Test case:</th><td><b>hyperon-experimental_scripts.f1_moduleA</b></td></tr>
                            <tr><th>Outcome:</th><td>Failed</td></tr>
                            <tr><th>Duration:</th><td>42.0 sec</td></tr>
                        
                            <tr><th>Failed</th><td>Test failed: Expected &#39;7&#39; but got &#39;143&#39;</td></tr>
                        
                        
                        </table>

                        
                        <pre>AssertionError: Test failed: Expected &#39;7&#39; but got &#39;143&#39;</pre>
                        
                        

                        
                        
                        <div class="stdout"><i>Stdout</i><br>
                            <pre>&lt;![CDATA[
&lt;a href=&#34;file://reports/tests_output/baseline-compat/tests/baseline_compat/hyperon-experimental_scripts/f1_moduleA.metta.html#WHOLE-TESTS.hyperon-experimental_scripts.f1_moduleA&#34;&gt;Test Report&lt;/a&gt;

Assertion: ./mettalog &#39;--output=./reports/tests_output/baseline-compat/&#39; --timeout=40 --html --repl=false  --test &#34;tests/baseline_compat/hyperon-experimental_scripts/f1_moduleA.metta&#34; --halt=true
Expected: 7
Actual: 143
]]&gt;</pre>
                        </div>
                        
                        
                    </div>
                
                    <div class="test outcome outcome-failed">
                        <a id="2a4c7ef6-fef3-4a66-baeb-cb6d533445f5"></a>
                        <table class="proplist">
                            <tr><th>Test case:</th><td><b>hyperon-experimental_scripts.g1_docs</b></td></tr>
                            <tr><th>Outcome:</th><td>Failed</td></tr>
                            <tr><th>Duration:</th><td>42.0 sec</td></tr>
                        
                            <tr><th>Failed</th><td>Test failed: Expected &#39;7&#39; but got &#39;143&#39;</td></tr>
                        
                        
                        </table>

                        
                        <pre>AssertionError: Test failed: Expected &#39;7&#39; but got &#39;143&#39;</pre>
                        
                        

                        
                        
                        <div class="stdout"><i>Stdout</i><br>
                            <pre>&lt;![CDATA[
&lt;a href=&#34;file://reports/tests_output/baseline-compat/tests/baseline_compat/hyperon-experimental_scripts/g1_docs.metta.html#WHOLE-TESTS.hyperon-experimental_scripts.g1_docs&#34;&gt;Test Report&lt;/a&gt;

Assertion: ./mettalog &#39;--output=./reports/tests_output/baseline-compat/&#39; --timeout=40 --html --repl=false  --test &#34;tests/baseline_compat/hyperon-experimental_scripts/g1_docs.metta&#34; --halt=true
Expected: 7
Actual: 143
]]&gt;</pre>
                        </div>
                        
                        
                    </div>
                
                    <div class="test outcome outcome-failed">
                        <a id="f6b800ee-7e58-47a4-a663-21d86b0014ed"></a>
                        <table class="proplist">
                            <tr><th>Test case:</th><td><b>hyperon-mettalog_sanity.00_lang_case</b></td></tr>
                            <tr><th>Outcome:</th><td>Failed</td></tr>
                            <tr><th>Duration:</th><td>42.0 sec</td></tr>
                        
                            <tr><th>Failed</th><td>Test failed: Expected &#39;7&#39; but got &#39;143&#39;</td></tr>
                        
                        
                        </table>

                        
                        <pre>AssertionError: Test failed: Expected &#39;7&#39; but got &#39;143&#39;</pre>
                        
                        

                        
                        
                        <div class="stdout"><i>Stdout</i><br>
                            <pre>&lt;![CDATA[
&lt;a href=&#34;file://reports/tests_output/baseline-compat/tests/baseline_compat/hyperon-mettalog_sanity/00_lang_case.metta.html#WHOLE-TESTS.hyperon-mettalog_sanity.00_lang_case&#34;&gt;Test Report&lt;/a&gt;

Assertion: ./mettalog &#39;--output=./reports/tests_output/baseline-compat/&#39; --timeout=40 --html --repl=false  --test &#34;tests/baseline_compat/hyperon-mettalog_sanity/00_lang_case.metta&#34; --halt=true
Expected: 7
Actual: 143
]]&gt;</pre>
                        </div>
                        
                        
                    </div>
                
                    <div class="test outcome outcome-failed">
                        <a id="db0c144a-4594-4281-8baa-f91b968130b0"></a>
                        <table class="proplist">
                            <tr><th>Test case:</th><td><b>hyperon-mettalog_sanity.01_lang_inc</b></td></tr>
                            <tr><th>Outcome:</th><td>Failed</td></tr>
                            <tr><th>Duration:</th><td>41.0 sec</td></tr>
                        
                            <tr><th>Failed</th><td>Test failed: Expected &#39;7&#39; but got &#39;143&#39;</td></tr>
                        
                        
                        </table>

                        
                        <pre>AssertionError: Test failed: Expected &#39;7&#39; but got &#39;143&#39;</pre>
                        
                        

                        
                        
                        <div class="stdout"><i>Stdout</i><br>
                            <pre>&lt;![CDATA[
&lt;a href=&#34;file://reports/tests_output/baseline-compat/tests/baseline_compat/hyperon-mettalog_sanity/01_lang_inc.metta.html#WHOLE-TESTS.hyperon-mettalog_sanity.01_lang_inc&#34;&gt;Test Report&lt;/a&gt;

Assertion: ./mettalog &#39;--output=./reports/tests_output/baseline-compat/&#39; --timeout=40 --html --repl=false  --test &#34;tests/baseline_compat/hyperon-mettalog_sanity/01_lang_inc.metta&#34; --halt=true
Expected: 7
Actual: 143
]]&gt;</pre>
                        </div>
                        
                        
                    </div>
                
                    <div class="test outcome outcome-failed">
                        <a id="7f74f1d9-29ae-48bf-b24d-26c538dd74c6"></a>
                        <table class="proplist">
                            <tr><th>Test case:</th><td><b>hyperon-mettalog_sanity.02-curried-plus</b></td></tr>
                            <tr><th>Outcome:</th><td>Failed</td></tr>
                            <tr><th>Duration:</th><td>42.0 sec</td></tr>
                        
                            <tr><th>Failed</th><td>Test failed: Expected &#39;7&#39; but got &#39;143&#39;</td></tr>
                        
                        
                        </table>

                        
                        <pre>AssertionError: Test failed: Expected &#39;7&#39; but got &#39;143&#39;</pre>
                        
                        

                        
                        
                        <div class="stdout"><i>Stdout</i><br>
                            <pre>&lt;![CDATA[
&lt;a href=&#34;file://reports/tests_output/baseline-compat/tests/baseline_compat/hyperon-mettalog_sanity/02-curried-plus.metta.html#WHOLE-TESTS.hyperon-mettalog_sanity.02-curried-plus&#34;&gt;Test Report&lt;/a&gt;

Assertion: ./mettalog &#39;--output=./reports/tests_output/baseline-compat/&#39; --timeout=40 --html --repl=false  --test &#34;tests/baseline_compat/hyperon-mettalog_sanity/02-curried-plus.metta&#34; --halt=true
Expected: 7
Actual: 143
]]&gt;</pre>
                        </div>
                        
                        
                    </div>
                
                    <div class="test outcome outcome-failed">
                        <a id="1479e832-7f93-4592-83c1-408dafadc0fd"></a>
                        <table class="proplist">
                            <tr><th>Test case:</th><td><b>hyperon-mettalog_sanity.03-soring-via-insert</b></td></tr>
                            <tr><th>Outcome:</th><td>Failed</td></tr>
                            <tr><th>Duration:</th><td>42.0 sec</td></tr>
                        
                            <tr><th>Failed</th><td>Test failed: Expected &#39;7&#39; but got &#39;143&#39;</td></tr>
                        
                        
                        </table>

                        
                        <pre>AssertionError: Test failed: Expected &#39;7&#39; but got &#39;143&#39;</pre>
                        
                        

                        
                        
                        <div class="stdout"><i>Stdout</i><br>
                            <pre>&lt;![CDATA[
&lt;a href=&#34;file://reports/tests_output/baseline-compat/tests/baseline_compat/hyperon-mettalog_sanity/03-soring-via-insert.metta.html#WHOLE-TESTS.hyperon-mettalog_sanity.03-soring-via-insert&#34;&gt;Test Report&lt;/a&gt;

Assertion: ./mettalog &#39;--output=./reports/tests_output/baseline-compat/&#39; --timeout=40 --html --repl=false  --test &#34;tests/baseline_compat/hyperon-mettalog_sanity/03-soring-via-insert.metta&#34; --halt=true
Expected: 7
Actual: 143
]]&gt;</pre>
                        </div>
                        
                        
                    </div>
                
                    <div class="test outcome outcome-failed">
                        <a id="ae4f6b70-885b-4d0d-a9b1-f4715b7e1924"></a>
                        <table class="proplist">
                            <tr><th>Test case:</th><td><b>hyperon-mettalog_sanity.06_match_in_space</b></td></tr>
                            <tr><th>Outcome:</th><td>Failed</td></tr>
                            <tr><th>Duration:</th><td>42.0 sec</td></tr>
                        
                            <tr><th>Failed</th><td>Test failed: Expected &#39;7&#39; but got &#39;143&#39;</td></tr>
                        
                        
                        </table>

                        
                        <pre>AssertionError: Test failed: Expected &#39;7&#39; but got &#39;143&#39;</pre>
                        
                        

                        
                        
                        <div class="stdout"><i>Stdout</i><br>
                            <pre>&lt;![CDATA[
&lt;a href=&#34;file://reports/tests_output/baseline-compat/tests/baseline_compat/hyperon-mettalog_sanity/06_match_in_space.metta.html#WHOLE-TESTS.hyperon-mettalog_sanity.06_match_in_space&#34;&gt;Test Report&lt;/a&gt;

Assertion: ./mettalog &#39;--output=./reports/tests_output/baseline-compat/&#39; --timeout=40 --html --repl=false  --test &#34;tests/baseline_compat/hyperon-mettalog_sanity/06_match_in_space.metta&#34; --halt=true
Expected: 7
Actual: 143
]]&gt;</pre>
                        </div>
                        
                        
                    </div>
                
                    <div class="test outcome outcome-failed">
                        <a id="80f1d017-6f48-46dc-af68-f5dd32380cf2"></a>
                        <table class="proplist">
                            <tr><th>Test case:</th><td><b>hyperon-mettalog_sanity.base_test_repr_parse_intersection</b></td></tr>
                            <tr><th>Outcome:</th><td>Failed</td></tr>
                            <tr><th>Duration:</th><td>42.0 sec</td></tr>
                        
                            <tr><th>Failed</th><td>Test failed: Expected &#39;7&#39; but got &#39;143&#39;</td></tr>
                        
                        
                        </table>

                        
                        <pre>AssertionError: Test failed: Expected &#39;7&#39; but got &#39;143&#39;</pre>
                        
                        

                        
                        
                        <div class="stdout"><i>Stdout</i><br>
                            <pre>&lt;![CDATA[
&lt;a href=&#34;file://reports/tests_output/baseline-compat/tests/baseline_compat/hyperon-mettalog_sanity/base_test_repr_parse_intersection.metta.html#WHOLE-TESTS.hyperon-mettalog_sanity.base_test_repr_parse_intersection&#34;&gt;Test Report&lt;/a&gt;

Assertion: ./mettalog &#39;--output=./reports/tests_output/baseline-compat/&#39; --timeout=40 --html --repl=false  --test &#34;tests/baseline_compat/hyperon-mettalog_sanity/base_test_repr_parse_intersection.metta&#34; --halt=true
Expected: 7
Actual: 143
]]&gt;</pre>
                        </div>
                        
                        
                    </div>
                
                    <div class="test outcome outcome-failed">
                        <a id="f0ba3b66-569f-42de-89c2-2510aa9f18d4"></a>
                        <table class="proplist">
                            <tr><th>Test case:</th><td><b>hyperon-mettalog_sanity.call_cleanup_tests</b></td></tr>
                            <tr><th>Outcome:</th><td>Failed</td></tr>
                            <tr><th>Duration:</th><td>42.0 sec</td></tr>
                        
                            <tr><th>Failed</th><td>Test failed: Expected &#39;7&#39; but got &#39;143&#39;</td></tr>
                        
                        
                        </table>

                        
                        <pre>AssertionError: Test failed: Expected &#39;7&#39; but got &#39;143&#39;</pre>
                        
                        

                        
                        
                        <div class="stdout"><i>Stdout</i><br>
                            <pre>&lt;![CDATA[
&lt;a href=&#34;file://reports/tests_output/baseline-compat/tests/baseline_compat/hyperon-mettalog_sanity/call_cleanup_tests.metta.html#WHOLE-TESTS.hyperon-mettalog_sanity.call_cleanup_tests&#34;&gt;Test Report&lt;/a&gt;

Assertion: ./mettalog &#39;--output=./reports/tests_output/baseline-compat/&#39; --timeout=40 --html --repl=false  --test &#34;tests/baseline_compat/hyperon-mettalog_sanity/call_cleanup_tests.metta&#34; --halt=true
Expected: 7
Actual: 143
]]&gt;</pre>
                        </div>
                        
                        
                    </div>
                
                    <div class="test outcome outcome-failed">
                        <a id="76bdbeab-0020-4bf0-ac21-fe052bb2599f"></a>
                        <table class="proplist">
                            <tr><th>Test case:</th><td><b>hyperon-mettalog_sanity.call_tests</b></td></tr>
                            <tr><th>Outcome:</th><td>Failed</td></tr>
                            <tr><th>Duration:</th><td>42.0 sec</td></tr>
                        
                            <tr><th>Failed</th><td>Test failed: Expected &#39;7&#39; but got &#39;143&#39;</td></tr>
                        
                        
                        </table>

                        
                        <pre>AssertionError: Test failed: Expected &#39;7&#39; but got &#39;143&#39;</pre>
                        
                        

                        
                        
                        <div class="stdout"><i>Stdout</i><br>
                            <pre>&lt;![CDATA[
&lt;a href=&#34;file://reports/tests_output/baseline-compat/tests/baseline_compat/hyperon-mettalog_sanity/call_tests.metta.html#WHOLE-TESTS.hyperon-mettalog_sanity.call_tests&#34;&gt;Test Report&lt;/a&gt;

Assertion: ./mettalog &#39;--output=./reports/tests_output/baseline-compat/&#39; --timeout=40 --html --repl=false  --test &#34;tests/baseline_compat/hyperon-mettalog_sanity/call_tests.metta&#34; --halt=true
Expected: 7
Actual: 143
]]&gt;</pre>
                        </div>
                        
                        
                    </div>
                
                    <div class="test outcome outcome-failed">
                        <a id="446adee4-9bf0-4856-88d0-80edbb2c8c22"></a>
                        <table class="proplist">
                            <tr><th>Test case:</th><td><b>hyperon-mettalog_sanity.catch_throw_tests</b></td></tr>
                            <tr><th>Outcome:</th><td>Failed</td></tr>
                            <tr><th>Duration:</th><td>42.0 sec</td></tr>
                        
                            <tr><th>Failed</th><td>Test failed: Expected &#39;7&#39; but got &#39;143&#39;</td></tr>
                        
                        
                        </table>

                        
                        <pre>AssertionError: Test failed: Expected &#39;7&#39; but got &#39;143&#39;</pre>
                        
                        

                        
                        
                        <div class="stdout"><i>Stdout</i><br>
                            <pre>&lt;![CDATA[
&lt;a href=&#34;file://reports/tests_output/baseline-compat/tests/baseline_compat/hyperon-mettalog_sanity/catch_throw_tests.metta.html#WHOLE-TESTS.hyperon-mettalog_sanity.catch_throw_tests&#34;&gt;Test Report&lt;/a&gt;

Assertion: ./mettalog &#39;--output=./reports/tests_output/baseline-compat/&#39; --timeout=40 --html --repl=false  --test &#34;tests/baseline_compat/hyperon-mettalog_sanity/catch_throw_tests.metta&#34; --halt=true
Expected: 7
Actual: 143
]]&gt;</pre>
                        </div>
                        
                        
                    </div>
                
                    <div class="test outcome outcome-failed">
                        <a id="ae33b652-9e70-4e2e-bb4f-7253b510b0ae"></a>
                        <table class="proplist">
                            <tr><th>Test case:</th><td><b>hyperon-mettalog_sanity.find_all_tests</b></td></tr>
                            <tr><th>Outcome:</th><td>Failed</td></tr>
                            <tr><th>Duration:</th><td>42.0 sec</td></tr>
                        
                            <tr><th>Failed</th><td>Test failed: Expected &#39;7&#39; but got &#39;143&#39;</td></tr>
                        
                        
                        </table>

                        
                        <pre>AssertionError: Test failed: Expected &#39;7&#39; but got &#39;143&#39;</pre>
                        
                        

                        
                        
                        <div class="stdout"><i>Stdout</i><br>
                            <pre>&lt;![CDATA[
&lt;a href=&#34;file://reports/tests_output/baseline-compat/tests/baseline_compat/hyperon-mettalog_sanity/find_all_tests.metta.html#WHOLE-TESTS.hyperon-mettalog_sanity.find_all_tests&#34;&gt;Test Report&lt;/a&gt;

Assertion: ./mettalog &#39;--output=./reports/tests_output/baseline-compat/&#39; --timeout=40 --html --repl=false  --test &#34;tests/baseline_compat/hyperon-mettalog_sanity/find_all_tests.metta&#34; --halt=true
Expected: 7
Actual: 143
]]&gt;</pre>
                        </div>
                        
                        
                    </div>
                
                    <div class="test outcome outcome-failed">
                        <a id="64d668ff-ed4d-4b15-8d77-4fa2eec81252"></a>
                        <table class="proplist">
                            <tr><th>Test case:</th><td><b>hyperon-mettalog_sanity.first_answer_long</b></td></tr>
                            <tr><th>Outcome:</th><td>Failed</td></tr>
                            <tr><th>Duration:</th><td>41.0 sec</td></tr>
                        
                            <tr><th>Failed</th><td>Test failed: Expected &#39;7&#39; but got &#39;143&#39;</td></tr>
                        
                        
                        </table>

                        
                        <pre>AssertionError: Test failed: Expected &#39;7&#39; but got &#39;143&#39;</pre>
                        
                        

                        
                        
                        <div class="stdout"><i>Stdout</i><br>
                            <pre>&lt;![CDATA[
&lt;a href=&#34;file://reports/tests_output/baseline-compat/tests/baseline_compat/hyperon-mettalog_sanity/first_answer_long.metta.html#WHOLE-TESTS.hyperon-mettalog_sanity.first_answer_long&#34;&gt;Test Report&lt;/a&gt;

Assertion: ./mettalog &#39;--output=./reports/tests_output/baseline-compat/&#39; --timeout=40 --html --repl=false  --test &#34;tests/baseline_compat/hyperon-mettalog_sanity/first_answer_long.metta&#34; --halt=true
Expected: 7
Actual: 143
]]&gt;</pre>
                        </div>
                        
                        
                    </div>
                
                    <div class="test outcome outcome-failed">
                        <a id="c2ac4126-0dcf-4ed5-bff7-81129bea17f6"></a>
                        <table class="proplist">
                            <tr><th>Test case:</th><td><b>hyperon-mettalog_sanity.first_answer</b></td></tr>
                            <tr><th>Outcome:</th><td>Failed</td></tr>
                            <tr><th>Duration:</th><td>42.0 sec</td></tr>
                        
                            <tr><th>Failed</th><td>Test failed: Expected &#39;7&#39; but got &#39;143&#39;</td></tr>
                        
                        
                        </table>

                        
                        <pre>AssertionError: Test failed: Expected &#39;7&#39; but got &#39;143&#39;</pre>
                        
                        

                        
                        
                        <div class="stdout"><i>Stdout</i><br>
                            <pre>&lt;![CDATA[
&lt;a href=&#34;file://reports/tests_output/baseline-compat/tests/baseline_compat/hyperon-mettalog_sanity/first_answer.metta.html#WHOLE-TESTS.hyperon-mettalog_sanity.first_answer&#34;&gt;Test Report&lt;/a&gt;

Assertion: ./mettalog &#39;--output=./reports/tests_output/baseline-compat/&#39; --timeout=40 --html --repl=false  --test &#34;tests/baseline_compat/hyperon-mettalog_sanity/first_answer.metta&#34; --halt=true
Expected: 7
Actual: 143
]]&gt;</pre>
                        </div>
                        
                        
                    </div>
                
                    <div class="test outcome outcome-failed">
                        <a id="18cc6fdc-7ecf-41a9-8b12-44e8041dd137"></a>
                        <table class="proplist">
                            <tr><th>Test case:</th><td><b>hyperon-mettalog_sanity.flip_test</b></td></tr>
                            <tr><th>Outcome:</th><td>Failed</td></tr>
                            <tr><th>Duration:</th><td>42.0 sec</td></tr>
                        
                            <tr><th>Failed</th><td>Test failed: Expected &#39;7&#39; but got &#39;143&#39;</td></tr>
                        
                        
                        </table>

                        
                        <pre>AssertionError: Test failed: Expected &#39;7&#39; but got &#39;143&#39;</pre>
                        
                        

                        
                        
                        <div class="stdout"><i>Stdout</i><br>
                            <pre>&lt;![CDATA[
&lt;a href=&#34;file://reports/tests_output/baseline-compat/tests/baseline_compat/hyperon-mettalog_sanity/flip_test.metta.html#WHOLE-TESTS.hyperon-mettalog_sanity.flip_test&#34;&gt;Test Report&lt;/a&gt;

Assertion: ./mettalog &#39;--output=./reports/tests_output/baseline-compat/&#39; --timeout=40 --html --repl=false  --test &#34;tests/baseline_compat/hyperon-mettalog_sanity/flip_test.metta&#34; --halt=true
Expected: 7
Actual: 143
]]&gt;</pre>
                        </div>
                        
                        
                    </div>
                
                    <div class="test outcome outcome-failed">
                        <a id="0148065c-cc51-4d08-bd0f-d7e42e372256"></a>
                        <table class="proplist">
                            <tr><th>Test case:</th><td><b>hyperon-mettalog_sanity.functional_programming_tests</b></td></tr>
                            <tr><th>Outcome:</th><td>Failed</td></tr>
                            <tr><th>Duration:</th><td>42.0 sec</td></tr>
                        
                            <tr><th>Failed</th><td>Test failed: Expected &#39;7&#39; but got &#39;143&#39;</td></tr>
                        
                        
                        </table>

                        
                        <pre>AssertionError: Test failed: Expected &#39;7&#39; but got &#39;143&#39;</pre>
                        
                        

                        
                        
                        <div class="stdout"><i>Stdout</i><br>
                            <pre>&lt;![CDATA[
&lt;a href=&#34;file://reports/tests_output/baseline-compat/tests/baseline_compat/hyperon-mettalog_sanity/functional_programming_tests.metta.html#WHOLE-TESTS.hyperon-mettalog_sanity.functional_programming_tests&#34;&gt;Test Report&lt;/a&gt;

Assertion: ./mettalog &#39;--output=./reports/tests_output/baseline-compat/&#39; --timeout=40 --html --repl=false  --test &#34;tests/baseline_compat/hyperon-mettalog_sanity/functional_programming_tests.metta&#34; --halt=true
Expected: 7
Actual: 143
]]&gt;</pre>
                        </div>
                        
                        
                    </div>
                
                </div>
            </div>
            
        </div>
    </div>
    

    <div class="testsuite">
        <h2>Test Suite: ANTI-REGRESSION</h2>
        <a id="d70bb51e-9ca9-4ddd-97c4-289ad2e9b8e3"></a>
        
        
        <h3>Results</h3>
        <table class="proplist">
            <tr>
                <th>Duration</th><td>0.301 sec</td>
            </tr>
            <tr>
                <th>Tests</th><td>17</td>
            </tr>
            <tr>
                <th>Failures</th><td>6</td>
            </tr>
        </table>

        <div class="testclasses">
            <h3>Tests</h3>
            
            <div class="testclass">
                <h4>ANTI-REGRESSION</h4>
                <div class="testcases">
                
                    <div class="test outcome outcome-failed">
                        <a id="13bbc741-5383-40d1-9246-821db43f6c2e"></a>
                        <table class="proplist">
                            <tr><th>Test case:</th><td><b>BC-COMP.01</b></td></tr>
                            <tr><th>Outcome:</th><td>Failed</td></tr>
                            <tr><th>Duration:</th><td>0.051 sec</td></tr>
                        
                            <tr><th>Failed</th><td>Test failed: Expected &#39;(())&#39; but got &#39;(True)&#39;</td></tr>
                        
                        
                        </table>

                        
                        <pre>AssertionError: Test failed: Expected &#39;(())&#39; but got &#39;(True)&#39;</pre>
                        
                        

                        
                        
                        <div class="stdout"><i>Stdout</i><br>
                            <pre>&lt;![CDATA[
&lt;a href=&#34;https://royward.github.io/metta-wam/reports/tests_output/baseline-compat/tests/baseline_compat/anti-regression/bc_comp.metta.3_failed.html#ANTI-REGRESSION.BC-COMP.01&#34;&gt;Test Report&lt;/a&gt;

Assertion: (assertEqualToResult (add-atom &amp;kb (: axiom (nums 2 3))))
Expected: (())
Actual: (True)
]]&gt;</pre>
                        </div>
                        
                        
                    </div>
                
                    <div class="test outcome outcome-failed">
                        <a id="1269ce99-0bdb-4b70-a9b6-74e440142b85"></a>
                        <table class="proplist">
                            <tr><th>Test case:</th><td><b>BC-COMP.02</b></td></tr>
                            <tr><th>Outcome:</th><td>Failed</td></tr>
                            <tr><th>Duration:</th><td>0.034 sec</td></tr>
                        
                            <tr><th>Failed</th><td>Test failed: Expected &#39;(())&#39; but got &#39;(True)&#39;</td></tr>
                        
                        
                        </table>

                        
                        <pre>AssertionError: Test failed: Expected &#39;(())&#39; but got &#39;(True)&#39;</pre>
                        
                        

                        
                        
                        <div class="stdout"><i>Stdout</i><br>
                            <pre>&lt;![CDATA[
&lt;a href=&#34;https://royward.github.io/metta-wam/reports/tests_output/baseline-compat/tests/baseline_compat/anti-regression/bc_comp.metta.3_failed.html#ANTI-REGRESSION.BC-COMP.02&#34;&gt;Test Report&lt;/a&gt;

Assertion: (assertEqualToResult (add-atom &amp;kb (: rule1 (-&gt; (nums $x $y) (rule1output $x $y)))))
Expected: (())
Actual: (True)
]]&gt;</pre>
                        </div>
                        
                        
                    </div>
                
                    <div class="test outcome outcome-failed">
                        <a id="e397c1ab-de0f-4fe3-9114-c57a2cd0547f"></a>
                        <table class="proplist">
                            <tr><th>Test case:</th><td><b>BC-COMP.03</b></td></tr>
                            <tr><th>Outcome:</th><td>Failed</td></tr>
                            <tr><th>Duration:</th><td>0.035 sec</td></tr>
                        
                            <tr><th>Failed</th><td>Test failed: Expected &#39;(())&#39; but got &#39;(True)&#39;</td></tr>
                        
                        
                        </table>

                        
                        <pre>AssertionError: Test failed: Expected &#39;(())&#39; but got &#39;(True)&#39;</pre>
                        
                        

                        
                        
                        <div class="stdout"><i>Stdout</i><br>
                            <pre>&lt;![CDATA[
&lt;a href=&#34;https://royward.github.io/metta-wam/reports/tests_output/baseline-compat/tests/baseline_compat/anti-regression/bc_comp.metta.3_failed.html#ANTI-REGRESSION.BC-COMP.03&#34;&gt;Test Report&lt;/a&gt;

Assertion: (assertEqualToResult (add-atom &amp;kb (: rule (-&gt; (rule1output $x $y) (-&gt; ( $x $y) (less $x $y))))))
Expected: (())
Actual: (True)
]]&gt;</pre>
                        </div>
                        
                        
                    </div>
                
                    <div class="test outcome outcome-failed">
                        <a id="c033940c-b03c-49a1-afe4-fcc1c1de4341"></a>
                        <table class="proplist">
                            <tr><th>Test case:</th><td><b>BCHAIN-COMP.01</b></td></tr>
                            <tr><th>Outcome:</th><td>Failed</td></tr>
                            <tr><th>Duration:</th><td>0.059 sec</td></tr>
                        
                            <tr><th>Failed</th><td>Test failed: Expected &#39;(())&#39; but got &#39;(True)&#39;</td></tr>
                        
                        
                        </table>

                        
                        <pre>AssertionError: Test failed: Expected &#39;(())&#39; but got &#39;(True)&#39;</pre>
                        
                        

                        
                        
                        <div class="stdout"><i>Stdout</i><br>
                            <pre>&lt;![CDATA[
&lt;a href=&#34;https://royward.github.io/metta-wam/reports/tests_output/baseline-compat/tests/baseline_compat/anti-regression/bchain_comp.metta.3_failed.html#ANTI-REGRESSION.BCHAIN-COMP.01&#34;&gt;Test Report&lt;/a&gt;

Assertion: (assertEqualToResult (add-atom &amp;kb (: axiom (nums 2 3))))
Expected: (())
Actual: (True)
]]&gt;</pre>
                        </div>
                        
                        
                    </div>
                
                    <div class="test outcome outcome-failed">
                        <a id="96a92c59-a9ef-45bc-b182-bea852cbffe5"></a>
                        <table class="proplist">
                            <tr><th>Test case:</th><td><b>BCHAIN-COMP.02</b></td></tr>
                            <tr><th>Outcome:</th><td>Failed</td></tr>
                            <tr><th>Duration:</th><td>0.047 sec</td></tr>
                        
                            <tr><th>Failed</th><td>Test failed: Expected &#39;(())&#39; but got &#39;(True)&#39;</td></tr>
                        
                        
                        </table>

                        
                        <pre>AssertionError: Test failed: Expected &#39;(())&#39; but got &#39;(True)&#39;</pre>
                        
                        

                        
                        
                        <div class="stdout"><i>Stdout</i><br>
                            <pre>&lt;![CDATA[
&lt;a href=&#34;https://royward.github.io/metta-wam/reports/tests_output/baseline-compat/tests/baseline_compat/anti-regression/bchain_comp.metta.3_failed.html#ANTI-REGRESSION.BCHAIN-COMP.02&#34;&gt;Test Report&lt;/a&gt;

Assertion: (assertEqualToResult (add-atom &amp;kb (: rule1 (-&gt; (nums $x $y) (rule1output $x $y)))))
Expected: (())
Actual: (True)
]]&gt;</pre>
                        </div>
                        
                        
                    </div>
                
                    <div class="test outcome outcome-failed">
                        <a id="9d181cdf-2cbd-4b31-9cda-e49f5cc75868"></a>
                        <table class="proplist">
                            <tr><th>Test case:</th><td><b>BCHAIN-COMP.03</b></td></tr>
                            <tr><th>Outcome:</th><td>Failed</td></tr>
                            <tr><th>Duration:</th><td>0.048 sec</td></tr>
                        
                            <tr><th>Failed</th><td>Test failed: Expected &#39;(())&#39; but got &#39;(True)&#39;</td></tr>
                        
                        
                        </table>

                        
                        <pre>AssertionError: Test failed: Expected &#39;(())&#39; but got &#39;(True)&#39;</pre>
                        
                        

                        
                        
                        <div class="stdout"><i>Stdout</i><br>
                            <pre>&lt;![CDATA[
&lt;a href=&#34;https://royward.github.io/metta-wam/reports/tests_output/baseline-compat/tests/baseline_compat/anti-regression/bchain_comp.metta.3_failed.html#ANTI-REGRESSION.BCHAIN-COMP.03&#34;&gt;Test Report&lt;/a&gt;

Assertion: (assertEqualToResult (add-atom &amp;kb (: rule (-&gt; (rule1output $x $y) (-&gt; ( $x $y) (less $x $y))))))
Expected: (())
Actual: (True)
]]&gt;</pre>
                        </div>
                        
                        
                    </div>
                
                    <div class="test outcome outcome-passed">
                        <a id="76357e93-71d5-40ac-ba23-2f0c00ced841"></a>
                        <table class="proplist">
                            <tr><th>Test case:</th><td><b>BCHAIN.01</b></td></tr>
                            <tr><th>Outcome:</th><td>Passed</td></tr>
                            <tr><th>Duration:</th><td>0.004 sec</td></tr>
                        
                        
                        </table>

                        
                        

                        
                        
                        <div class="stdout"><i>Stdout</i><br>
                            <pre>&lt;![CDATA[
&lt;a href=&#34;https://royward.github.io/metta-wam/reports/tests_output/baseline-compat/tests/baseline_compat/anti-regression/bchain.metta.0_failed.html#ANTI-REGRESSION.BCHAIN.01&#34;&gt;Test Report&lt;/a&gt;

Assertion: (assertEqualToResult (add-atom &amp;kb (: axiom (nums 2 3))))
Expected: (())
Actual: (())
]]&gt;</pre>
                        </div>
                        
                        
                    </div>
                
                    <div class="test outcome outcome-passed">
                        <a id="ac15daf4-b99e-4dd5-9da3-183d200d37ae"></a>
                        <table class="proplist">
                            <tr><th>Test case:</th><td><b>BCHAIN.02</b></td></tr>
                            <tr><th>Outcome:</th><td>Passed</td></tr>
                            <tr><th>Duration:</th><td>0.002 sec</td></tr>
                        
                        
                        </table>

                        
                        

                        
                        
                        <div class="stdout"><i>Stdout</i><br>
                            <pre>&lt;![CDATA[
&lt;a href=&#34;https://royward.github.io/metta-wam/reports/tests_output/baseline-compat/tests/baseline_compat/anti-regression/bchain.metta.0_failed.html#ANTI-REGRESSION.BCHAIN.02&#34;&gt;Test Report&lt;/a&gt;

Assertion: (assertEqualToResult (add-atom &amp;kb (: rule1 (-&gt; (nums $x $y) (rule1output $x $y)))))
Expected: (())
Actual: (())
]]&gt;</pre>
                        </div>
                        
                        
                    </div>
                
                    <div class="test outcome outcome-passed">
                        <a id="8301fce9-bfbf-4aee-bf4d-dfbc26b05663"></a>
                        <table class="proplist">
                            <tr><th>Test case:</th><td><b>BCHAIN.03</b></td></tr>
                            <tr><th>Outcome:</th><td>Passed</td></tr>
                            <tr><th>Duration:</th><td>0.002 sec</td></tr>
                        
                        
                        </table>

                        
                        

                        
                        
                        <div class="stdout"><i>Stdout</i><br>
                            <pre>&lt;![CDATA[
&lt;a href=&#34;https://royward.github.io/metta-wam/reports/tests_output/baseline-compat/tests/baseline_compat/anti-regression/bchain.metta.0_failed.html#ANTI-REGRESSION.BCHAIN.03&#34;&gt;Test Report&lt;/a&gt;

Assertion: (assertEqualToResult (add-atom &amp;kb (: rule (-&gt; (rule1output $x $y) (-&gt; ( $x $y) (less $x $y))))))
Expected: (())
Actual: (())
]]&gt;</pre>
                        </div>
                        
                        
                    </div>
                
                    <div class="test outcome outcome-passed">
                        <a id="0b95d432-a48b-485f-907c-9abf4d128ee1"></a>
                        <table class="proplist">
                            <tr><th>Test case:</th><td><b>TMPMATCH1.01</b></td></tr>
                            <tr><th>Outcome:</th><td>Passed</td></tr>
                            <tr><th>Duration:</th><td>0.003 sec</td></tr>
                        
                        
                        </table>

                        
                        

                        
                        
                        <div class="stdout"><i>Stdout</i><br>
                            <pre>&lt;![CDATA[
&lt;a href=&#34;https://royward.github.io/metta-wam/reports/tests_output/baseline-compat/tests/baseline_compat/anti-regression/tmpMatch1.metta.0_failed.html#ANTI-REGRESSION.TMPMATCH1.01&#34;&gt;Test Report&lt;/a&gt;

Assertion: (assertEqualToResult (add-atom &amp;db (Inheritance B A)))
Expected: (())
Actual: (())
]]&gt;</pre>
                        </div>
                        
                        
                    </div>
                
                    <div class="test outcome outcome-passed">
                        <a id="461e50b4-e62c-43e0-a58d-a7c9f298a9c3"></a>
                        <table class="proplist">
                            <tr><th>Test case:</th><td><b>TMPMATCH1.02</b></td></tr>
                            <tr><th>Outcome:</th><td>Passed</td></tr>
                            <tr><th>Duration:</th><td>0.002 sec</td></tr>
                        
                        
                        </table>

                        
                        

                        
                        
                        <div class="stdout"><i>Stdout</i><br>
                            <pre>&lt;![CDATA[
&lt;a href=&#34;https://royward.github.io/metta-wam/reports/tests_output/baseline-compat/tests/baseline_compat/anti-regression/tmpMatch1.metta.0_failed.html#ANTI-REGRESSION.TMPMATCH1.02&#34;&gt;Test Report&lt;/a&gt;

Assertion: (assertEqualToResult (add-atom &amp;db (Inheritance C A)))
Expected: (())
Actual: (())
]]&gt;</pre>
                        </div>
                        
                        
                    </div>
                
                    <div class="test outcome outcome-passed">
                        <a id="85633c78-3ccf-49e9-8443-a4fa5db00ffd"></a>
                        <table class="proplist">
                            <tr><th>Test case:</th><td><b>TMPMATCH1.03</b></td></tr>
                            <tr><th>Outcome:</th><td>Passed</td></tr>
                            <tr><th>Duration:</th><td>0.003 sec</td></tr>
                        
                        
                        </table>

                        
                        

                        
                        
                        <div class="stdout"><i>Stdout</i><br>
                            <pre>&lt;![CDATA[
&lt;a href=&#34;https://royward.github.io/metta-wam/reports/tests_output/baseline-compat/tests/baseline_compat/anti-regression/tmpMatch1.metta.0_failed.html#ANTI-REGRESSION.TMPMATCH1.03&#34;&gt;Test Report&lt;/a&gt;

Assertion: (assertEqualToResult (add-atom &amp;db (Inheritance D E)))
Expected: (())
Actual: (())
]]&gt;</pre>
                        </div>
                        
                        
                    </div>
                
                    <div class="test outcome outcome-passed">
                        <a id="4b41a9a7-ea5e-46cd-8964-57fe710954c1"></a>
                        <table class="proplist">
                            <tr><th>Test case:</th><td><b>TMPMATCH1.04</b></td></tr>
                            <tr><th>Outcome:</th><td>Passed</td></tr>
                            <tr><th>Duration:</th><td>0.002 sec</td></tr>
                        
                        
                        </table>

                        
                        

                        
                        
                        <div class="stdout"><i>Stdout</i><br>
                            <pre>&lt;![CDATA[
&lt;a href=&#34;https://royward.github.io/metta-wam/reports/tests_output/baseline-compat/tests/baseline_compat/anti-regression/tmpMatch1.metta.0_failed.html#ANTI-REGRESSION.TMPMATCH1.04&#34;&gt;Test Report&lt;/a&gt;

Assertion: (assertEqualToResult (add-atom &amp;db (Inheritance C E)))
Expected: (())
Actual: (())
]]&gt;</pre>
                        </div>
                        
                        
                    </div>
                
                    <div class="test outcome outcome-passed">
                        <a id="8157b1c4-114c-4ba1-ba97-c11708c79857"></a>
                        <table class="proplist">
                            <tr><th>Test case:</th><td><b>TMPMATCH2.01</b></td></tr>
                            <tr><th>Outcome:</th><td>Passed</td></tr>
                            <tr><th>Duration:</th><td>0.003 sec</td></tr>
                        
                        
                        </table>

                        
                        

                        
                        
                        <div class="stdout"><i>Stdout</i><br>
                            <pre>&lt;![CDATA[
&lt;a href=&#34;https://royward.github.io/metta-wam/reports/tests_output/baseline-compat/tests/baseline_compat/anti-regression/tmpMatch2.metta.0_failed.html#ANTI-REGRESSION.TMPMATCH2.01&#34;&gt;Test Report&lt;/a&gt;

Assertion: (assertEqualToResult (add-atom &amp;db (Inheritance B A)))
Expected: (())
Actual: (())
]]&gt;</pre>
                        </div>
                        
                        
                    </div>
                
                    <div class="test outcome outcome-passed">
                        <a id="ab6099d1-936d-49d0-b10f-1d947eeec1a1"></a>
                        <table class="proplist">
                            <tr><th>Test case:</th><td><b>TMPMATCH2.02</b></td></tr>
                            <tr><th>Outcome:</th><td>Passed</td></tr>
                            <tr><th>Duration:</th><td>0.002 sec</td></tr>
                        
                        
                        </table>

                        
                        

                        
                        
                        <div class="stdout"><i>Stdout</i><br>
                            <pre>&lt;![CDATA[
&lt;a href=&#34;https://royward.github.io/metta-wam/reports/tests_output/baseline-compat/tests/baseline_compat/anti-regression/tmpMatch2.metta.0_failed.html#ANTI-REGRESSION.TMPMATCH2.02&#34;&gt;Test Report&lt;/a&gt;

Assertion: (assertEqualToResult (add-atom &amp;db (Inheritance C A)))
Expected: (())
Actual: (())
]]&gt;</pre>
                        </div>
                        
                        
                    </div>
                
                    <div class="test outcome outcome-passed">
                        <a id="d6eed89c-d515-472b-add0-6df155a98497"></a>
                        <table class="proplist">
                            <tr><th>Test case:</th><td><b>TMPMATCH2.03</b></td></tr>
                            <tr><th>Outcome:</th><td>Passed</td></tr>
                            <tr><th>Duration:</th><td>0.002 sec</td></tr>
                        
                        
                        </table>

                        
                        

                        
                        
                        <div class="stdout"><i>Stdout</i><br>
                            <pre>&lt;![CDATA[
&lt;a href=&#34;https://royward.github.io/metta-wam/reports/tests_output/baseline-compat/tests/baseline_compat/anti-regression/tmpMatch2.metta.0_failed.html#ANTI-REGRESSION.TMPMATCH2.03&#34;&gt;Test Report&lt;/a&gt;

Assertion: (assertEqualToResult (add-atom &amp;db (Inheritance D E)))
Expected: (())
Actual: (())
]]&gt;</pre>
                        </div>
                        
                        
                    </div>
                
                    <div class="test outcome outcome-passed">
                        <a id="0316b80f-365a-4df6-9720-e3e2ce40e508"></a>
                        <table class="proplist">
                            <tr><th>Test case:</th><td><b>TMPMATCH2.04</b></td></tr>
                            <tr><th>Outcome:</th><td>Passed</td></tr>
                            <tr><th>Duration:</th><td>0.003 sec</td></tr>
                        
                        
                        </table>

                        
                        

                        
                        
                        <div class="stdout"><i>Stdout</i><br>
                            <pre>&lt;![CDATA[
&lt;a href=&#34;https://royward.github.io/metta-wam/reports/tests_output/baseline-compat/tests/baseline_compat/anti-regression/tmpMatch2.metta.0_failed.html#ANTI-REGRESSION.TMPMATCH2.04&#34;&gt;Test Report&lt;/a&gt;

Assertion: (assertEqualToResult (add-atom &amp;db (Inheritance C E)))
Expected: (())
Actual: (())
]]&gt;</pre>
                        </div>
                        
                        
                    </div>
                
                </div>
            </div>
            
        </div>
    </div>
    

    <div class="testsuite">
        <h2>Test Suite: METTA-WAM-ISSUE-145</h2>
        <a id="5dd7746a-17d1-412d-801e-ef6c10f29a4a"></a>
        
        
        <h3>Results</h3>
        <table class="proplist">
            <tr>
                <th>Duration</th><td>0.008 sec</td>
            </tr>
            <tr>
                <th>Tests</th><td>3</td>
            </tr>
            <tr>
                <th>Failures</th><td>0</td>
            </tr>
        </table>

        <div class="testclasses">
            <h3>Tests</h3>
            
            <div class="testclass">
                <h4>METTA-WAM-ISSUE-145</h4>
                <div class="testcases">
                
                    <div class="test outcome outcome-passed">
                        <a id="f1acf1e9-be1e-443d-a1b0-8aefb31c4ff6"></a>
                        <table class="proplist">
                            <tr><th>Test case:</th><td><b>PRINT-GRAPH.01</b></td></tr>
                            <tr><th>Outcome:</th><td>Passed</td></tr>
                            <tr><th>Duration:</th><td>0.003 sec</td></tr>
                        
                        
                        </table>

                        
                        

                        
                        
                        <div class="stdout"><i>Stdout</i><br>
                            <pre>&lt;![CDATA[
&lt;a href=&#34;https://royward.github.io/metta-wam/reports/tests_output/baseline-compat/tests/baseline_compat/anti-regression/issues/metta-wam-issue-145/print_graph.metta.0_failed.html#METTA-WAM-ISSUE-145.PRINT-GRAPH.01&#34;&gt;Test Report&lt;/a&gt;

Assertion: (assertEqualToResult (add-atom &amp;ex1 (y y ( 0))))
Expected: (())
Actual: (())
]]&gt;</pre>
                        </div>
                        
                        
                    </div>
                
                    <div class="test outcome outcome-passed">
                        <a id="df5b3918-01eb-4cda-9484-2ada8458a264"></a>
                        <table class="proplist">
                            <tr><th>Test case:</th><td><b>PRINT-GRAPH.02</b></td></tr>
                            <tr><th>Outcome:</th><td>Passed</td></tr>
                            <tr><th>Duration:</th><td>0.002 sec</td></tr>
                        
                        
                        </table>

                        
                        

                        
                        
                        <div class="stdout"><i>Stdout</i><br>
                            <pre>&lt;![CDATA[
&lt;a href=&#34;https://royward.github.io/metta-wam/reports/tests_output/baseline-compat/tests/baseline_compat/anti-regression/issues/metta-wam-issue-145/print_graph.metta.0_failed.html#METTA-WAM-ISSUE-145.PRINT-GRAPH.02&#34;&gt;Test Report&lt;/a&gt;

Assertion: (assertEqualToResult (add-atom &amp;ex1 (x z ( 0))))
Expected: (())
Actual: (())
]]&gt;</pre>
                        </div>
                        
                        
                    </div>
                
                    <div class="test outcome outcome-passed">
                        <a id="e0fa3054-04ac-4d16-8f7a-85a9f5cc56de"></a>
                        <table class="proplist">
                            <tr><th>Test case:</th><td><b>PRINT-GRAPH.03</b></td></tr>
                            <tr><th>Outcome:</th><td>Passed</td></tr>
                            <tr><th>Duration:</th><td>0.003 sec</td></tr>
                        
                        
                        </table>

                        
                        

                        
                        
                        <div class="stdout"><i>Stdout</i><br>
                            <pre>&lt;![CDATA[
&lt;a href=&#34;https://royward.github.io/metta-wam/reports/tests_output/baseline-compat/tests/baseline_compat/anti-regression/issues/metta-wam-issue-145/print_graph.metta.0_failed.html#METTA-WAM-ISSUE-145.PRINT-GRAPH.03&#34;&gt;Test Report&lt;/a&gt;

Assertion: (assertEqualToResult (add-atom &amp;ex1 (( 0) 1 A)))
Expected: (())
Actual: (())
]]&gt;</pre>
                        </div>
                        
                        
                    </div>
                
                </div>
            </div>
            
        </div>
    </div>
    

    <div class="testsuite">
        <h2>Test Suite: HYPERON-EXPERIMENTAL-SCRIPTS</h2>
        <a id="febc28cf-5f76-4744-841f-612943ea44e7"></a>
        
        
        <h3>Results</h3>
        <table class="proplist">
            <tr>
                <th>Duration</th><td>0.169 sec</td>
            </tr>
            <tr>
                <th>Tests</th><td>15</td>
            </tr>
            <tr>
                <th>Failures</th><td>0</td>
            </tr>
        </table>

        <div class="testclasses">
            <h3>Tests</h3>
            
            <div class="testclass">
                <h4>HYPERON-EXPERIMENTAL-SCRIPTS</h4>
                <div class="testcases">
                
                    <div class="test outcome outcome-passed">
                        <a id="0274db06-aa2b-46f8-b47f-8131e3c18554"></a>
                        <table class="proplist">
                            <tr><th>Test case:</th><td><b>B4-NONDETERM.01</b></td></tr>
                            <tr><th>Outcome:</th><td>Passed</td></tr>
                            <tr><th>Duration:</th><td>0.104 sec</td></tr>
                        
                        
                        </table>

                        
                        

                        
                        
                        <div class="stdout"><i>Stdout</i><br>
                            <pre>&lt;![CDATA[
&lt;a href=&#34;https://royward.github.io/metta-wam/reports/tests_output/baseline-compat/tests/baseline_compat/hyperon-experimental_scripts/b4_nondeterm.metta.0_failed.html#HYPERON-EXPERIMENTAL-SCRIPTS.B4-NONDETERM.01&#34;&gt;Test Report&lt;/a&gt;

Assertion: (assertEqual (match &amp;self (= (color) $x) $x))
Expected: (red yellow green)
Actual: (green yellow red)
]]&gt;</pre>
                        </div>
                        
                        
                    </div>
                
                    <div class="test outcome outcome-passed">
                        <a id="809d0e1b-ef19-4f3a-9a45-5c5519a9e6dd"></a>
                        <table class="proplist">
                            <tr><th>Test case:</th><td><b>B4-NONDETERM.02</b></td></tr>
                            <tr><th>Outcome:</th><td>Passed</td></tr>
                            <tr><th>Duration:</th><td>0.002 sec</td></tr>
                        
                        
                        </table>

                        
                        

                        
                        
                        <div class="stdout"><i>Stdout</i><br>
                            <pre>&lt;![CDATA[
&lt;a href=&#34;https://royward.github.io/metta-wam/reports/tests_output/baseline-compat/tests/baseline_compat/hyperon-experimental_scripts/b4_nondeterm.metta.0_failed.html#HYPERON-EXPERIMENTAL-SCRIPTS.B4-NONDETERM.02&#34;&gt;Test Report&lt;/a&gt;

Assertion: (assertEqual (collapse (match &amp;self (= (shape) $x) $x)))
Expected: (())
Actual: (())
]]&gt;</pre>
                        </div>
                        
                        
                    </div>
                
                    <div class="test outcome outcome-passed">
                        <a id="355b993f-ca59-4ff3-bc9d-caedb9f508ac"></a>
                        <table class="proplist">
                            <tr><th>Test case:</th><td><b>D1-GADT.01</b></td></tr>
                            <tr><th>Outcome:</th><td>Passed</td></tr>
                            <tr><th>Duration:</th><td>0.003 sec</td></tr>
                        
                        
                        </table>

                        
                        

                        
                        
                        <div class="stdout"><i>Stdout</i><br>
                            <pre>&lt;![CDATA[
&lt;a href=&#34;https://royward.github.io/metta-wam/reports/tests_output/baseline-compat/tests/baseline_compat/hyperon-experimental_scripts/d1_gadt.metta.0_failed.html#HYPERON-EXPERIMENTAL-SCRIPTS.D1-GADT.01&#34;&gt;Test Report&lt;/a&gt;

Assertion: (assertEqual (get-type 5))
Expected: (Number)
Actual: (Number)
]]&gt;</pre>
                        </div>
                        
                        
                    </div>
                
                    <div class="test outcome outcome-passed">
                        <a id="f7a3ab1c-ef10-4383-b0db-720be029b2e6"></a>
                        <table class="proplist">
                            <tr><th>Test case:</th><td><b>D1-GADT.02</b></td></tr>
                            <tr><th>Outcome:</th><td>Passed</td></tr>
                            <tr><th>Duration:</th><td>0.002 sec</td></tr>
                        
                        
                        </table>

                        
                        

                        
                        
                        <div class="stdout"><i>Stdout</i><br>
                            <pre>&lt;![CDATA[
&lt;a href=&#34;https://royward.github.io/metta-wam/reports/tests_output/baseline-compat/tests/baseline_compat/hyperon-experimental_scripts/d1_gadt.metta.0_failed.html#HYPERON-EXPERIMENTAL-SCRIPTS.D1-GADT.02&#34;&gt;Test Report&lt;/a&gt;

Assertion: (assertEqual (get-type (+ 5 7)))
Expected: (Number)
Actual: (Number)
]]&gt;</pre>
                        </div>
                        
                        
                    </div>
                
                    <div class="test outcome outcome-passed">
                        <a id="118b015b-bc0b-4aeb-a819-7fd3b2d57cdf"></a>
                        <table class="proplist">
                            <tr><th>Test case:</th><td><b>D1-GADT.03</b></td></tr>
                            <tr><th>Outcome:</th><td>Passed</td></tr>
                            <tr><th>Duration:</th><td>0.003 sec</td></tr>
                        
                        
                        </table>

                        
                        

                        
                        
                        <div class="stdout"><i>Stdout</i><br>
                            <pre>&lt;![CDATA[
&lt;a href=&#34;https://royward.github.io/metta-wam/reports/tests_output/baseline-compat/tests/baseline_compat/hyperon-experimental_scripts/d1_gadt.metta.0_failed.html#HYPERON-EXPERIMENTAL-SCRIPTS.D1-GADT.03&#34;&gt;Test Report&lt;/a&gt;

Assertion: (assertEqual (get-type +))
Expected: ((-&gt; Number Number Number))
Actual: ((-&gt; Number Number Number))
]]&gt;</pre>
                        </div>
                        
                        
                    </div>
                
                    <div class="test outcome outcome-passed">
                        <a id="052eca2d-08a4-4eb2-8cd3-6f18ba8110fe"></a>
                        <table class="proplist">
                            <tr><th>Test case:</th><td><b>D1-GADT.04</b></td></tr>
                            <tr><th>Outcome:</th><td>Passed</td></tr>
                            <tr><th>Duration:</th><td>0.009 sec</td></tr>
                        
                        
                        </table>

                        
                        

                        
                        
                        <div class="stdout"><i>Stdout</i><br>
                            <pre>&lt;![CDATA[
&lt;a href=&#34;https://royward.github.io/metta-wam/reports/tests_output/baseline-compat/tests/baseline_compat/hyperon-experimental_scripts/d1_gadt.metta.0_failed.html#HYPERON-EXPERIMENTAL-SCRIPTS.D1-GADT.04&#34;&gt;Test Report&lt;/a&gt;

Assertion: (assertEqualToResult (get-type (+ 5 &#34;4&#34;)))
Expected: ()
Actual: (())
]]&gt;</pre>
                        </div>
                        
                        
                    </div>
                
                    <div class="test outcome outcome-passed">
                        <a id="2b9b242f-c367-40b1-9449-b104b2cc1eaf"></a>
                        <table class="proplist">
                            <tr><th>Test case:</th><td><b>D1-GADT.05</b></td></tr>
                            <tr><th>Outcome:</th><td>Passed</td></tr>
                            <tr><th>Duration:</th><td>0.013 sec</td></tr>
                        
                        
                        </table>

                        
                        

                        
                        
                        <div class="stdout"><i>Stdout</i><br>
                            <pre>&lt;![CDATA[
&lt;a href=&#34;https://royward.github.io/metta-wam/reports/tests_output/baseline-compat/tests/baseline_compat/hyperon-experimental_scripts/d1_gadt.metta.0_failed.html#HYPERON-EXPERIMENTAL-SCRIPTS.D1-GADT.05&#34;&gt;Test Report&lt;/a&gt;

Assertion: (assertEqualToResult (get-type (+ -)))
Expected: ()
Actual: (())
]]&gt;</pre>
                        </div>
                        
                        
                    </div>
                
                    <div class="test outcome outcome-passed">
                        <a id="7a24017a-dfaf-4f40-8e2d-2aae24506f1a"></a>
                        <table class="proplist">
                            <tr><th>Test case:</th><td><b>D1-GADT.06</b></td></tr>
                            <tr><th>Outcome:</th><td>Passed</td></tr>
                            <tr><th>Duration:</th><td>0.002 sec</td></tr>
                        
                        
                        </table>

                        
                        

                        
                        
                        <div class="stdout"><i>Stdout</i><br>
                            <pre>&lt;![CDATA[
&lt;a href=&#34;https://royward.github.io/metta-wam/reports/tests_output/baseline-compat/tests/baseline_compat/hyperon-experimental_scripts/d1_gadt.metta.0_failed.html#HYPERON-EXPERIMENTAL-SCRIPTS.D1-GADT.06&#34;&gt;Test Report&lt;/a&gt;

Assertion: (assertEqual (get-type Either))
Expected: (Type)
Actual: (Type)
]]&gt;</pre>
                        </div>
                        
                        
                    </div>
                
                    <div class="test outcome outcome-passed">
                        <a id="faf92551-0b8d-4c9f-9712-ac2bcf7ab78c"></a>
                        <table class="proplist">
                            <tr><th>Test case:</th><td><b>D1-GADT.07</b></td></tr>
                            <tr><th>Outcome:</th><td>Passed</td></tr>
                            <tr><th>Duration:</th><td>0.003 sec</td></tr>
                        
                        
                        </table>

                        
                        

                        
                        
                        <div class="stdout"><i>Stdout</i><br>
                            <pre>&lt;![CDATA[
&lt;a href=&#34;https://royward.github.io/metta-wam/reports/tests_output/baseline-compat/tests/baseline_compat/hyperon-experimental_scripts/d1_gadt.metta.0_failed.html#HYPERON-EXPERIMENTAL-SCRIPTS.D1-GADT.07&#34;&gt;Test Report&lt;/a&gt;

Assertion: (assertEqual (get-type (Left 5)))
Expected: (Either)
Actual: (Either)
]]&gt;</pre>
                        </div>
                        
                        
                    </div>
                
                    <div class="test outcome outcome-passed">
                        <a id="2860fcd3-9c69-48f3-b74c-145a44c21737"></a>
                        <table class="proplist">
                            <tr><th>Test case:</th><td><b>D1-GADT.08</b></td></tr>
                            <tr><th>Outcome:</th><td>Passed</td></tr>
                            <tr><th>Duration:</th><td>0.003 sec</td></tr>
                        
                        
                        </table>

                        
                        

                        
                        
                        <div class="stdout"><i>Stdout</i><br>
                            <pre>&lt;![CDATA[
&lt;a href=&#34;https://royward.github.io/metta-wam/reports/tests_output/baseline-compat/tests/baseline_compat/hyperon-experimental_scripts/d1_gadt.metta.0_failed.html#HYPERON-EXPERIMENTAL-SCRIPTS.D1-GADT.08&#34;&gt;Test Report&lt;/a&gt;

Assertion: (assertEqual (get-type (isLeft (Right 5))))
Expected: (Bool)
Actual: (Bool)
]]&gt;</pre>
                        </div>
                        
                        
                    </div>
                
                    <div class="test outcome outcome-passed">
                        <a id="8486bbf8-2375-4bfb-9249-d524ffde21da"></a>
                        <table class="proplist">
                            <tr><th>Test case:</th><td><b>D1-GADT.09</b></td></tr>
                            <tr><th>Outcome:</th><td>Passed</td></tr>
                            <tr><th>Duration:</th><td>0.014 sec</td></tr>
                        
                        
                        </table>

                        
                        

                        
                        
                        <div class="stdout"><i>Stdout</i><br>
                            <pre>&lt;![CDATA[
&lt;a href=&#34;https://royward.github.io/metta-wam/reports/tests_output/baseline-compat/tests/baseline_compat/hyperon-experimental_scripts/d1_gadt.metta.0_failed.html#HYPERON-EXPERIMENTAL-SCRIPTS.D1-GADT.09&#34;&gt;Test Report&lt;/a&gt;

Assertion: (assertEqualToResult (get-type (isLeft 5)))
Expected: ()
Actual: (())
]]&gt;</pre>
                        </div>
                        
                        
                    </div>
                
                    <div class="test outcome outcome-passed">
                        <a id="53ca56b2-cf71-419a-bf6f-d3968af82905"></a>
                        <table class="proplist">
                            <tr><th>Test case:</th><td><b>D2-HIGHERFUNC.01</b></td></tr>
                            <tr><th>Outcome:</th><td>Passed</td></tr>
                            <tr><th>Duration:</th><td>0.003 sec</td></tr>
                        
                        
                        </table>

                        
                        

                        
                        
                        <div class="stdout"><i>Stdout</i><br>
                            <pre>&lt;![CDATA[
&lt;a href=&#34;https://royward.github.io/metta-wam/reports/tests_output/baseline-compat/tests/baseline_compat/hyperon-experimental_scripts/d2_higherfunc.metta.0_failed.html#HYPERON-EXPERIMENTAL-SCRIPTS.D2-HIGHERFUNC.01&#34;&gt;Test Report&lt;/a&gt;

Assertion: (assertEqual (get-type (curry +)))
Expected: ((-&gt; Number (-&gt; Number Number)))
Actual: ((-&gt; Number (-&gt; Number Number)))
]]&gt;</pre>
                        </div>
                        
                        
                    </div>
                
                    <div class="test outcome outcome-passed">
                        <a id="2d65992c-7fc0-4fe0-84ca-a397712882c4"></a>
                        <table class="proplist">
                            <tr><th>Test case:</th><td><b>D2-HIGHERFUNC.02</b></td></tr>
                            <tr><th>Outcome:</th><td>Passed</td></tr>
                            <tr><th>Duration:</th><td>0.002 sec</td></tr>
                        
                        
                        </table>

                        
                        

                        
                        
                        <div class="stdout"><i>Stdout</i><br>
                            <pre>&lt;![CDATA[
&lt;a href=&#34;https://royward.github.io/metta-wam/reports/tests_output/baseline-compat/tests/baseline_compat/hyperon-experimental_scripts/d2_higherfunc.metta.0_failed.html#HYPERON-EXPERIMENTAL-SCRIPTS.D2-HIGHERFUNC.02&#34;&gt;Test Report&lt;/a&gt;

Assertion: (assertEqual (get-type ((curry +) 2)))
Expected: ((-&gt; Number Number))
Actual: ((-&gt; Number Number))
]]&gt;</pre>
                        </div>
                        
                        
                    </div>
                
                    <div class="test outcome outcome-passed">
                        <a id="5df96c65-e9a7-4f0e-aaa7-54e967ced375"></a>
                        <table class="proplist">
                            <tr><th>Test case:</th><td><b>D4-TYPE-PROP.01</b></td></tr>
                            <tr><th>Outcome:</th><td>Passed</td></tr>
                            <tr><th>Duration:</th><td>0.002 sec</td></tr>
                        
                        
                        </table>

                        
                        

                        
                        
                        <div class="stdout"><i>Stdout</i><br>
                            <pre>&lt;![CDATA[
&lt;a href=&#34;https://royward.github.io/metta-wam/reports/tests_output/baseline-compat/tests/baseline_compat/hyperon-experimental_scripts/d4_type_prop.metta.0_failed.html#HYPERON-EXPERIMENTAL-SCRIPTS.D4-TYPE-PROP.01&#34;&gt;Test Report&lt;/a&gt;

Assertion: (assertEqual (get-type (Mortal Plato)))
Expected: (Type)
Actual: (Type)
]]&gt;</pre>
                        </div>
                        
                        
                    </div>
                
                    <div class="test outcome outcome-passed">
                        <a id="737b8572-97b2-4df1-b05d-a03c419e1873"></a>
                        <table class="proplist">
                            <tr><th>Test case:</th><td><b>F1-IMPORTS.01</b></td></tr>
                            <tr><th>Outcome:</th><td>Passed</td></tr>
                            <tr><th>Duration:</th><td>0.004 sec</td></tr>
                        
                        
                        </table>

                        
                        

                        
                        
                        <div class="stdout"><i>Stdout</i><br>
                            <pre>&lt;![CDATA[
&lt;a href=&#34;https://royward.github.io/metta-wam/reports/tests_output/baseline-compat/tests/baseline_compat/hyperon-experimental_scripts/f1_imports.metta.0_failed.html#HYPERON-EXPERIMENTAL-SCRIPTS.F1-IMPORTS.01&#34;&gt;Test Report&lt;/a&gt;

Assertion: (assertEqualToResult (get-type &amp;self))
Expected: (hyperon::space::DynSpace)
Actual: (hyperon::space::DynSpace)
]]&gt;</pre>
                        </div>
                        
                        
                    </div>
                
                </div>
            </div>
            
        </div>
    </div>
    

    <div class="testsuite">
        <h2>Test Suite: HYPERON-METTALOG-SANITY</h2>
        <a id="543d24ea-43a9-48fa-a732-bca3e92f55f2"></a>
        
        
        <h3>Results</h3>
        <table class="proplist">
            <tr>
                <th>Duration</th><td>0.016 sec</td>
            </tr>
            <tr>
                <th>Tests</th><td>5</td>
            </tr>
            <tr>
                <th>Failures</th><td>0</td>
            </tr>
        </table>

        <div class="testclasses">
            <h3>Tests</h3>
            
            <div class="testclass">
                <h4>HYPERON-METTALOG-SANITY</h4>
                <div class="testcases">
                
                    <div class="test outcome outcome-passed">
                        <a id="3eb6b34c-74ff-4edc-ba24-33766dc56204"></a>
                        <table class="proplist">
                            <tr><th>Test case:</th><td><b>01-LANG-INC.01</b></td></tr>
                            <tr><th>Outcome:</th><td>Passed</td></tr>
                            <tr><th>Duration:</th><td>0.002 sec</td></tr>
                        
                        
                        </table>

                        
                        

                        
                        
                        <div class="stdout"><i>Stdout</i><br>
                            <pre>&lt;![CDATA[
&lt;a href=&#34;https://royward.github.io/metta-wam/reports/tests_output/baseline-compat/tests/baseline_compat/hyperon-mettalog_sanity/01_lang_inc.metta.0_failed.html#HYPERON-METTALOG-SANITY.01-LANG-INC.01&#34;&gt;Test Report&lt;/a&gt;

Assertion: (assertEqual (maybe-inc Nothing))
Expected: (Nothing)
Actual: (Nothing)
]]&gt;</pre>
                        </div>
                        
                        
                    </div>
                
                    <div class="test outcome outcome-passed">
                        <a id="622b64c2-5c80-4a46-977f-0a0a3fa582ed"></a>
                        <table class="proplist">
                            <tr><th>Test case:</th><td><b>03-SORING-VIA-INSERT.01</b></td></tr>
                            <tr><th>Outcome:</th><td>Passed</td></tr>
                            <tr><th>Duration:</th><td>0.005 sec</td></tr>
                        
                        
                        </table>

                        
                        

                        
                        
                        <div class="stdout"><i>Stdout</i><br>
                            <pre>&lt;![CDATA[
&lt;a href=&#34;https://royward.github.io/metta-wam/reports/tests_output/baseline-compat/tests/baseline_compat/hyperon-mettalog_sanity/03-soring-via-insert.metta.0_failed.html#HYPERON-METTALOG-SANITY.03-SORING-VIA-INSERT.01&#34;&gt;Test Report&lt;/a&gt;

Assertion: (assertEqualToResult (get-type insert))
Expected: ((-&gt; $_4068 (List $_4068) (List $_4068)))
Actual: ((-&gt; $_10462 (List $_10462) (List $_10462)))
]]&gt;</pre>
                        </div>
                        
                        
                    </div>
                
                    <div class="test outcome outcome-passed">
                        <a id="0fd25f36-91ec-405c-93d1-2a6f23726223"></a>
                        <table class="proplist">
                            <tr><th>Test case:</th><td><b>06-MATCH-IN-SPACE.01</b></td></tr>
                            <tr><th>Outcome:</th><td>Passed</td></tr>
                            <tr><th>Duration:</th><td>0.003 sec</td></tr>
                        
                        
                        </table>

                        
                        

                        
                        
                        <div class="stdout"><i>Stdout</i><br>
                            <pre>&lt;![CDATA[
&lt;a href=&#34;https://royward.github.io/metta-wam/reports/tests_output/baseline-compat/tests/baseline_compat/hyperon-mettalog_sanity/06_match_in_space.metta.0_failed.html#HYPERON-METTALOG-SANITY.06-MATCH-IN-SPACE.01&#34;&gt;Test Report&lt;/a&gt;

Assertion: (assertEqualToResult (add-atom &amp;kb (SS-P_AS A_AS B_AS)))
Expected: (())
Actual: (())
]]&gt;</pre>
                        </div>
                        
                        
                    </div>
                
                    <div class="test outcome outcome-passed">
                        <a id="c06ef5ad-f6b6-4145-adbe-5eb2ae748d92"></a>
                        <table class="proplist">
                            <tr><th>Test case:</th><td><b>06-MATCH-IN-SPACE.02</b></td></tr>
                            <tr><th>Outcome:</th><td>Passed</td></tr>
                            <tr><th>Duration:</th><td>0.002 sec</td></tr>
                        
                        
                        </table>

                        
                        

                        
                        
                        <div class="stdout"><i>Stdout</i><br>
                            <pre>&lt;![CDATA[
&lt;a href=&#34;https://royward.github.io/metta-wam/reports/tests_output/baseline-compat/tests/baseline_compat/hyperon-mettalog_sanity/06_match_in_space.metta.0_failed.html#HYPERON-METTALOG-SANITY.06-MATCH-IN-SPACE.02&#34;&gt;Test Report&lt;/a&gt;

Assertion: (assertEqualToResult (add-atom &amp;kb (SS-Q_AS A_AS C_AS)))
Expected: (())
Actual: (())
]]&gt;</pre>
                        </div>
                        
                        
                    </div>
                
                    <div class="test outcome outcome-passed">
                        <a id="38a2af17-0764-4386-91e8-531986c08945"></a>
                        <table class="proplist">
                            <tr><th>Test case:</th><td><b>FIND-ALL-TESTS.01</b></td></tr>
                            <tr><th>Outcome:</th><td>Passed</td></tr>
                            <tr><th>Duration:</th><td>0.003 sec</td></tr>
                        
                        
                        </table>

                        
                        

                        
                        
                        <div class="stdout"><i>Stdout</i><br>
                            <pre>&lt;![CDATA[
&lt;a href=&#34;https://royward.github.io/metta-wam/reports/tests_output/baseline-compat/tests/baseline_compat/hyperon-mettalog_sanity/find_all_tests.metta.0_failed.html#HYPERON-METTALOG-SANITY.FIND-ALL-TESTS.01&#34;&gt;Test Report&lt;/a&gt;

Assertion: (assertEqualToResult (findall! $X (match &amp;self (my-numbers $X) $X)))
Expected: ((1 2 7 212))
Actual: ((1 2 7 212))
]]&gt;</pre>
                        </div>
                        
                        
                    </div>
                
                </div>
            </div>
            
        </div>
    </div>
    



<p class="footer">
    Generated by junit2html
</p>
</body>
</html>