<!DOCTYPE html>
<html lang="en">
<head>
    <meta charset="UTF-8">
    <title>junit.xml</title>
    <style type="text/css">
        body {
    background-color: white;
    padding-bottom: 20em;
    margin: 0;
    min-height: 15cm;
}

h1, h2, h3, h4, h5, h6, h7 {
    font-family: sans-serif;
}

h1 {
    background-color: #007acc;
    color: white;
    padding: 3mm;
    margin-top: 0;
    margin-bottom: 1mm;
}

.footer {
    font-style: italic;
    font-size: small;
    text-align: right;
    padding: 1em;
}

.testsuite {
    padding-bottom: 2em;
    margin-left: 1em;
}

.proplist {
    width: 100%;
    margin-bottom: 2em;
    border-collapse: collapse;
    border: 1px solid grey;
}

.proplist th {
    background-color: silver;
    width: 5em;
    padding: 2px;
    padding-right: 1em;
    text-align: left;
}

.proplist td {
    padding: 2px;
    word-break: break-all;
}

.index-table {
    width: 90%;
    margin-left: 1em;
}

.index-table td {
    vertical-align: top;
    max-width: 200px;
    word-wrap: break-word;
}

.failure-index {

}

.toc {
    margin-bottom: 2em;
    font-family: monospace;
}

.stdio, pre {
    min-height: 1em;
    background-color: #1e1e1e;
    color: silver;
    padding: 0.5em;
}
.tdpre {
    background-color: #1e1e1e;
}

.test {
    margin-left: 0.5cm;
}

.toc {
    list-style: none;
}

.toc li.outcome {
    list-style: none;
}

.toc li.outcome::before {
    content: "\2022";
    color: black;
    font-weight: bold;
    display: inline-block;
    width: 1.27em;
    margin-left: -1.27em;
    font-size: 1.2em;
}

.toc li.outcome-failed {
    background-color: lightcoral;
}

.toc li.outcome-failed::before {
    color: red;
}

.toc li.outcome-passed::before {
    color: green;
}

.toc li.outcome-skipped::before {
    color: orange;
}

.testcases .outcome {
    border-left: 1em;
    padding: 2px;
}

.testcases .outcome-failed {
    border-left: 1em solid lightcoral;
}


.outcome-passed {
    border-left: 1em solid lightgreen;
}

.outcome-skipped {
    border-left: 1em dotted silver;
}

.testcases .outcome-passed {
    border-left: 1em solid lightgreen;
}

.testcases .outcome-skipped {
    border-left: 1em solid #FED8B1;
}

.stats-table {
}

.stats-table td {
    min-width: 4em;
    text-align: right;
}

.stats-table .failed {
    background-color: lightcoral;
}

.stats-table .passed {
    background-color: lightgreen;
}

.matrix-table {
    table-layout: fixed;
    border-spacing: 0;
    width: available;
    margin-left: 1em;
}

.matrix-table td {
    vertical-align: center;
}

.matrix-table td:last-child {
    width: 0;
}

.matrix-table tr:hover {
    background-color: yellow;
}

.matrix-axis-name {
    white-space: nowrap;
    padding-right: 0.5em;
    border-left: 1px solid black;
    border-top: 1px solid black;
    text-align: right;
}

.matrix-axis-line {
    border-left: 1px solid black;
    width: 0.5em;
}

.matrix-classname {
    text-align: left;
    width: 100%;
    border-top: 2px solid grey;
    border-bottom: 1px solid silver;
}

.matrix-casename {
    text-align: left;
    font-weight: normal;
    font-style: italic;
    padding-left: 1em;
    border-bottom: 1px solid silver;
}

.matrix-result {
    display: block;
    width: 1em;
    text-align: center;
    padding: 1mm;
    margin: 0;
}

.matrix-result-combined {
    white-space: nowrap;
    padding-right: 0.2em;
    text-align: right;
}

.matrix-result-failed {
    background-color: lightcoral;
}

.matrix-result-passed {
    background-color: lightgreen;
}

.matrix-result-skipped {
    background-color: lightyellow;
}

.matrix-even {
    background-color: lightgray;
}
    </style>
</head>
<body>
    
<h1>
    Test Report : junit.xml
</h1>


<a id="toc"></a>
<table class="index-table">
    <tr>
        <td>
            <ul class="toc">
            
                
                <li>WHOLE-TESTS
                <ul>
                    
                    <li class="outcome outcome-failed"><a href="#789a7674-5402-48d5-aba1-ec19b472693d">module-system.f1_imports</a></li>
                    
                    <li class="outcome outcome-failed"><a href="#e80b1048-8d5e-4a73-baee-37f024bf0a74">module-system.f1_moduleA</a></li>
                    
                    <li class="outcome outcome-failed"><a href="#f9e7e5cf-b686-4d80-8840-6d4eb20ae226">anti-regression.bc_comp</a></li>
                    
                    <li class="outcome outcome-failed"><a href="#37ef8b55-d384-4c7e-850f-726edfa4dbb3">anti-regression.bchain_comp</a></li>
                    
                    <li class="outcome outcome-failed"><a href="#5e8e2b49-4b1a-438a-be55-ed789bfae5e9">anti-regression.bchain</a></li>
                    
                    <li class="outcome outcome-failed"><a href="#8ca45e9f-b70b-4d20-a0ec-ef222cb7628a">anti-regression.comma_is_not_special</a></li>
                    
                    <li class="outcome outcome-failed"><a href="#fe1f57f1-877b-444b-9a5e-b0bbc3511886">anti-regression.debug_mettalogTestCurried</a></li>
                    
                    <li class="outcome outcome-failed"><a href="#9675b143-03ab-4770-9a8a-f62282a46822">metta-wam-issue-116.test_spo_1000</a></li>
                    
                    <li class="outcome outcome-failed"><a href="#d0a87619-281f-48f2-a902-20da16be44a4">metta-wam-issue-116.test_spo_100</a></li>
                    
                    <li class="outcome outcome-failed"><a href="#a3320210-9ac9-40b7-8cf1-1acd1ae99b66">metta-wam-issue-116.test_spo_116378</a></li>
                    
                    <li class="outcome outcome-failed"><a href="#c430f703-fa39-43db-b78e-8492ef535db8">metta-wam-issue-116.test_spo_5000</a></li>
                    
                    <li class="outcome outcome-failed"><a href="#bd0e1862-90aa-474d-be20-3a86d7a73396">metta-wam-issue-145.print_graph</a></li>
                    
                    <li class="outcome outcome-failed"><a href="#24fe9269-43f5-4c2e-a9e7-2b8c7c41fee2">anti-regression.mettalogTestCurried2</a></li>
                    
                    <li class="outcome outcome-failed"><a href="#9730208e-9115-475f-800e-111f22947239">anti-regression.mettalogTestCurried</a></li>
                    
                    <li class="outcome outcome-failed"><a href="#9027e4df-3e1a-428a-b4fc-e4f14037a0d4">anti-regression.system_proofTestCurried</a></li>
                    
                    <li class="outcome outcome-failed"><a href="#01078d34-2892-4694-8539-a7788b21a9a1">anti-regression.test_if_closed</a></li>
                    
                    <li class="outcome outcome-failed"><a href="#a1cb1d29-6a20-410a-8f9b-9e46433f4af3">anti-regression.tmpMatch1</a></li>
                    
                    <li class="outcome outcome-failed"><a href="#3eb29542-aa94-4ca0-9dad-3c78028e12fb">anti-regression.tmpMatch2</a></li>
                    
                    <li class="outcome outcome-failed"><a href="#61b25e90-83a3-43bc-bfa0-6022fb6686a2">hyperon-experimental_scripts.a1_symbols</a></li>
                    
                    <li class="outcome outcome-failed"><a href="#10a63a34-9e65-450d-81c6-122cacdd4823">hyperon-experimental_scripts.a2_opencoggy</a></li>
                    
                    <li class="outcome outcome-failed"><a href="#118e7bda-c53c-47db-b872-8730ddfed6f6">hyperon-experimental_scripts.a3_twoside</a></li>
                    
                    <li class="outcome outcome-failed"><a href="#741decdb-6705-4656-906d-9cfa1287b726">hyperon-experimental_scripts.b0_chaining_prelim</a></li>
                    
                    <li class="outcome outcome-failed"><a href="#43f7d2ae-a57e-424c-8023-8cd0d2790b88">hyperon-experimental_scripts.b1_equal_chain</a></li>
                    
                    <li class="outcome outcome-failed"><a href="#6981b8da-6a0d-476e-bd1a-6ed1736d177e">hyperon-experimental_scripts.b2_backchain</a></li>
                    
                    <li class="outcome outcome-failed"><a href="#4cba03a6-9f97-4718-8a59-8e8d6013dcb0">hyperon-experimental_scripts.b3_direct</a></li>
                    
                    <li class="outcome outcome-failed"><a href="#5b3ac13a-0dc4-4683-a5f7-0edd7f51a3b5">hyperon-experimental_scripts.b4_nondeterm</a></li>
                    
                    <li class="outcome outcome-failed"><a href="#7547b388-c6c7-45b9-8b3b-1043ff8920f9">hyperon-experimental_scripts.b5_types_prelim</a></li>
                    
                    <li class="outcome outcome-failed"><a href="#5a5d9743-b22f-4c31-8404-c16e8fd6857e">hyperon-experimental_scripts.c1_grounded_basic</a></li>
                    
                    <li class="outcome outcome-failed"><a href="#a4311ed1-2a50-4242-8a41-b338f53816e0">hyperon-experimental_scripts.c2_spaces</a></li>
                    
                    <li class="outcome outcome-failed"><a href="#a5cf2f92-77d3-4d95-ada1-bddd5a89173c">hyperon-experimental_scripts.c3_pln_stv</a></li>
                    
                    <li class="outcome outcome-failed"><a href="#024511d8-90ef-4343-acb9-99c8baf10d79">hyperon-experimental_scripts.d1_gadt</a></li>
                    
                    <li class="outcome outcome-failed"><a href="#154fd6dc-b58a-4dfe-9f8a-150804ffa884">hyperon-experimental_scripts.d2_higherfunc</a></li>
                    
                    <li class="outcome outcome-failed"><a href="#7c6e2150-613c-40b6-ad24-53ada7b23b2b">hyperon-experimental_scripts.d3_deptypes</a></li>
                    
                    <li class="outcome outcome-failed"><a href="#a24a5839-2c9b-4e60-89f9-a79838470573">hyperon-experimental_scripts.d4_type_prop</a></li>
                    
                    <li class="outcome outcome-failed"><a href="#85f6110f-3144-468b-915e-b0a629862e11">hyperon-experimental_scripts.d5_auto_types</a></li>
                    
                    <li class="outcome outcome-failed"><a href="#c4d2e8e6-422f-4984-aa6c-ae207eb25e15">hyperon-experimental_scripts.e1_kb_write</a></li>
                    
                    <li class="outcome outcome-failed"><a href="#14f6f7d2-6ba0-4722-8ead-013ffe933db1">hyperon-experimental_scripts.e2_states</a></li>
                    
                    <li class="outcome outcome-failed"><a href="#68ef7215-de4c-45b2-aa39-8b0c1b5f234b">hyperon-experimental_scripts.e3_match_states</a></li>
                    
                    <li class="outcome outcome-failed"><a href="#5e29fc2f-f1fd-43d9-a721-d145e2123f1c">hyperon-experimental_scripts.f1_imports</a></li>
                    
                    <li class="outcome outcome-failed"><a href="#94f5bbf4-a71f-4c88-830b-3ee82d2ff60a">hyperon-experimental_scripts.f1_moduleA</a></li>
                    
                    <li class="outcome outcome-failed"><a href="#b48074bc-01c2-4977-be78-a87235342c76">hyperon-experimental_scripts.g1_docs</a></li>
                    
                    <li class="outcome outcome-failed"><a href="#7921fbae-5b46-4169-9aec-de0f58118a3f">hyperon-mettalog_sanity.00_lang_case</a></li>
                    
                    <li class="outcome outcome-failed"><a href="#6a9598fb-715a-4da1-97f6-c73e3412a3e3">hyperon-mettalog_sanity.01_lang_inc</a></li>
                    
                    <li class="outcome outcome-failed"><a href="#4f3ef39f-13c7-4ffb-b6cf-a97b92a07c35">hyperon-mettalog_sanity.02-curried-plus</a></li>
                    
                    <li class="outcome outcome-failed"><a href="#1c318ed5-e246-4d8b-98c2-e286533e3905">hyperon-mettalog_sanity.03-soring-via-insert</a></li>
                    
                    <li class="outcome outcome-failed"><a href="#140551b1-bfc7-4fb7-9e73-bdc3cf6c9a27">hyperon-mettalog_sanity.06_match_in_space</a></li>
                    
                    <li class="outcome outcome-failed"><a href="#92a7cf2a-7c84-4928-a885-5a0e722e69d0">hyperon-mettalog_sanity.base_test_repr_parse_intersection</a></li>
                    
                    <li class="outcome outcome-failed"><a href="#6b6be1d3-5f12-4251-af25-68322a2dbb5c">hyperon-mettalog_sanity.call_cleanup_tests</a></li>
                    
                    <li class="outcome outcome-failed"><a href="#d8ca3a0d-0440-4b47-9028-02e4bd784677">hyperon-mettalog_sanity.call_tests</a></li>
                    
                    <li class="outcome outcome-failed"><a href="#b3889f27-6196-4460-8826-5e401aaf4c87">hyperon-mettalog_sanity.catch_throw_tests</a></li>
                    
                    <li class="outcome outcome-failed"><a href="#75a79d1a-a082-4c46-9ca8-d14f700375e3">hyperon-mettalog_sanity.find_all_tests</a></li>
                    
                    <li class="outcome outcome-failed"><a href="#6ab7a8f7-a441-40d0-bb04-73bb5f68368f">hyperon-mettalog_sanity.first_answer_long</a></li>
                    
                    <li class="outcome outcome-failed"><a href="#a4367aa5-1859-4def-9d9b-bfc50b67cf72">hyperon-mettalog_sanity.first_answer</a></li>
                    
                    <li class="outcome outcome-failed"><a href="#ee079b00-d74c-474b-9a02-418bf93d3043">hyperon-mettalog_sanity.flip_test</a></li>
                    
                    <li class="outcome outcome-failed"><a href="#43144917-f651-4e29-9992-aad351846502">hyperon-mettalog_sanity.functional_programming_tests</a></li>
                    
                    <li class="outcome outcome-failed"><a href="#04079061-1bc5-44ec-b8cd-c2958bf32056">hyperon-mettalog_sanity.hyperpose_tests</a></li>
                    
                    <li class="outcome outcome-failed"><a href="#e8934f7f-2003-41a9-9813-9fef7d13f825">hyperon-mettalog_sanity.intersection_tests</a></li>
                    
                    <li class="outcome outcome-failed"><a href="#8642ed4a-800d-41b2-9086-309a2c01e23f">hyperon-mettalog_sanity.is_space</a></li>
                    
                    <li class="outcome outcome-failed"><a href="#3c0af005-9d82-40f6-b9d6-7569d5bdb2bf">hyperon-mettalog_sanity.limit_tests</a></li>
                    
                    <li class="outcome outcome-failed"><a href="#008b958a-48a5-4a23-929e-1bc3606086e0">hyperon-mettalog_sanity.max_time_tests</a></li>
                    
                    <li class="outcome outcome-failed"><a href="#5eb55b11-28ba-4deb-97ab-84b0fe9db7b2">hyperon-mettalog_sanity.minimal_metta_tests</a></li>
                    
                    <li class="outcome outcome-failed"><a href="#b3e22067-1c84-4474-addb-58ac8dc98cce">hyperon-mettalog_sanity.or_test</a></li>
                    
                    <li class="outcome outcome-failed"><a href="#bf8061fa-392d-4c3d-bf50-42fa52f31aa1">hyperon-mettalog_sanity.py_types</a></li>
                    
                    <li class="outcome outcome-failed"><a href="#e18a98af-0ac3-4842-8290-45b2840f9f43">hyperon-mettalog_sanity.represent_and_parse_tests</a></li>
                    
                    <li class="outcome outcome-failed"><a href="#c04f4442-b69e-4d00-9ebe-0e656bb5e186">hyperon-mettalog_sanity.sealed_test</a></li>
                    
                    <li class="outcome outcome-failed"><a href="#afe3298d-576f-484d-934b-37ef6ee14a91">hyperon-mettalog_sanity.sequential_tests</a></li>
                    
                    <li class="outcome outcome-failed"><a href="#b9110826-43fc-4bf0-a521-e303a2d07f28">hyperon-mettalog_sanity.space_intersection_tests</a></li>
                    
                    <li class="outcome outcome-failed"><a href="#e9e25a86-d928-4c58-8f51-bfb8b30625aa">hyperon-mettalog_sanity.space_subtraction_tests</a></li>
                    
                    <li class="outcome outcome-failed"><a href="#60e539cf-e724-4fbc-a2d9-46b0bafc7298">hyperon-mettalog_sanity.string-tests</a></li>
                    
                    <li class="outcome outcome-failed"><a href="#39b7aebf-5562-4a4c-8bbc-17cff8646fbf">hyperon-mettalog_sanity.structure-tests</a></li>
                    
                    <li class="outcome outcome-failed"><a href="#d68eba10-8ca3-40f9-bd00-3871d1159948">hyperon-mettalog_sanity.subtraction_test</a></li>
                    
                    <li class="outcome outcome-failed"><a href="#e3d67a89-cb9b-4f0e-9053-47f1b382bd9d">synth_buffer.synthesize</a></li>
                    
                    <li class="outcome outcome-failed"><a href="#e09e4fa3-19c6-40d0-b3f4-ff6646a02e87">synth_buffer.time_synthesize_long</a></li>
                    
                    <li class="outcome outcome-failed"><a href="#966c8843-0ac4-4bd2-ae79-23fd5bf1eb72">synth_buffer.time_synthesize</a></li>
                    
                    <li class="outcome outcome-failed"><a href="#d49540d3-c1e3-4eb1-bee2-3ad461b155eb">synth_buffer.time_synthesize_short</a></li>
                    
                    <li class="outcome outcome-failed"><a href="#53519236-b70a-44e8-8310-863e6abfe896">hyperon-mettalog_sanity.unique_test</a></li>
                    
                    <li class="outcome outcome-failed"><a href="#ee8cbec9-bda1-4f08-b01d-cca8052468fb">hyperon-mettalog_sanity.xor_test</a></li>
                    
                    <li class="outcome outcome-failed"><a href="#3c20ca5c-2a9c-4825-807b-6269fa5a9387">metta-morph_tests.add_atom_match</a></li>
                    
                    <li class="outcome outcome-failed"><a href="#391f30fb-9af2-4bfd-bace-220cd727a457">metta-morph_tests.and_or</a></li>
                    
                    <li class="outcome outcome-failed"><a href="#6a720ce7-4280-4b8b-b628-aab17f64078c">metta-morph_tests.collapse</a></li>
                    
                    <li class="outcome outcome-failed"><a href="#00c4f308-b25e-4a35-b3ab-44bf6ab2f89e">metta-morph_tests.factorial</a></li>
                    
                    <li class="outcome outcome-failed"><a href="#638a0dd8-fd2a-478c-9553-daaa212138a4">metta-morph_tests.hyperpose</a></li>
                    
                    <li class="outcome outcome-failed"><a href="#a8b3e728-f604-4bff-bda1-eab150912130">metta-morph_tests.identity</a></li>
                    
                    <li class="outcome outcome-failed"><a href="#ad78d7ec-8265-4a40-a895-0869b30a4386">metta-morph_tests.if</a></li>
                    
                    <li class="outcome outcome-failed"><a href="#49273a79-db11-4247-9ab1-7f967ae792e5">metta-morph_tests.letlet</a></li>
                    
                    <li class="outcome outcome-failed"><a href="#f3fb04d6-a2ad-4005-b867-e62d0aef81b0">metta-morph_tests.let_superpose_if_case</a></li>
                    
                    <li class="outcome outcome-failed"><a href="#e2ece72b-daa2-4cdc-9a64-4e08cb770d27">metta-morph_tests.let_superpose_list</a></li>
                    
                    <li class="outcome outcome-failed"><a href="#66540b12-56fa-46ab-b89d-ff501d97dd8b">metta-morph_tests.match_feval</a></li>
                    
                    <li class="outcome outcome-failed"><a href="#d262b97f-1e63-46d3-8319-b328846ed987">metta-morph_tests.match_superposed_spaces</a></li>
                    
                    <li class="outcome outcome-failed"><a href="#5b3549ce-03d9-4282-8103-41ee33674418">metta-morph_tests.match_void</a></li>
                    
                    <li class="outcome outcome-failed"><a href="#ab95de4d-b732-4d3f-b09f-6bcf18f66976">metta-morph_tests.minnars</a></li>
                    
                    <li class="outcome outcome-failed"><a href="#ee84e413-1391-4e0b-8068-923fb6357888">metta-morph_tests.multifunction</a></li>
                    
                    <li class="outcome outcome-failed"><a href="#81f55121-8df4-4b81-ae80-15563fceb429">metta-morph_tests.nalifier</a></li>
                    
                    <li class="outcome outcome-failed"><a href="#6d0d14c2-a4d5-4b91-9d73-401feec6967b">metta-morph_tests.nested_parameters</a></li>
                    
                    <li class="outcome outcome-failed"><a href="#765482fe-edb2-4caf-b1ad-1f86a7d456d5">metta-morph_tests.peano</a></li>
                    
                    <li class="outcome outcome-failed"><a href="#fb23b872-d65d-4b0c-9de5-2813602ad1db">metta-morph_tests.sequential_nested</a></li>
                    
                    <li class="outcome outcome-failed"><a href="#2d5c6752-e214-49f1-8085-77a436ecc89b">metta-morph_tests.states_spaces</a></li>
                    
                    <li class="outcome outcome-failed"><a href="#cb09cb23-63b0-4241-bc3a-1499c6cdaedb">metta-morph_tests.supercollapse</a></li>
                    
                    <li class="outcome outcome-failed"><a href="#558d5b24-fe0c-4da6-9680-3acce9df263d">metta-morph_tests.superpose_nested</a></li>
                    
                    <li class="outcome outcome-failed"><a href="#50916b3a-13ec-49ef-be7c-a7daa972ef76">metta-morph_tests.tests0</a></li>
                    
                    <li class="outcome outcome-failed"><a href="#d961d9dd-adc9-4b1e-8052-a900e23f8e93">metta-morph_tests.types2</a></li>
                    
                    <li class="outcome outcome-failed"><a href="#2394e572-ec41-40cd-85c7-5208b69d0c43">metta-morph_tests.types3</a></li>
                    
                    <li class="outcome outcome-failed"><a href="#816d5ae9-84f0-4724-a7ea-e2964186fc4a">metta-morph_tests.types</a></li>
                    
                    <li class="outcome outcome-failed"><a href="#12731742-ab14-4389-816d-354b9f50ef73">metta-morph_tests.zeroargs</a></li>
                    
                    <li class="outcome outcome-failed"><a href="#c070e812-ec5b-468d-9ddd-2449190afad2">module-system.c2_spaces</a></li>
                    
                    <li class="outcome outcome-failed"><a href="#d32eceba-9c16-4d0b-be62-aa4a52684fa5">quick.c1_grounded_basic</a></li>
                    
                    <li class="outcome outcome-failed"><a href="#86fe82e0-603e-4b0d-a1f1-9780ed7cbfb2">quick.d1_gadt</a></li>
                    
                    <li class="outcome outcome-failed"><a href="#daf4e896-8256-4289-86d5-cf5d42c373c3">quick.d2_higherfunc</a></li>
                    
                    <li class="outcome outcome-failed"><a href="#6c62bfdd-ddf7-4fa3-a595-2115a77d9ac1">quick.d4_type_prop</a></li>
                    
                    <li class="outcome outcome-failed"><a href="#22dffea4-f9b9-4d0f-b8fb-d5ffa4d961db">quick.f1_imports</a></li>
                    
                    <li class="outcome outcome-failed"><a href="#1f46f4eb-2dde-4f74-bd84-f4b351b98162">quick.f1_moduleA</a></li>
                    
                </ul>
                </li>
                
            
            </ul>
        </td>
        <td class="failure-index">
            <ul class="toc">
            
                
                    
                    
                    <li><a href="#789a7674-5402-48d5-aba1-ec19b472693d">[F] WHOLE-TESTS : module-system.f1_imports</a></li>
                    
                    
                    
                    <li><a href="#e80b1048-8d5e-4a73-baee-37f024bf0a74">[F] WHOLE-TESTS : module-system.f1_moduleA</a></li>
                    
                    
                    
                    <li><a href="#f9e7e5cf-b686-4d80-8840-6d4eb20ae226">[F] WHOLE-TESTS : anti-regression.bc_comp</a></li>
                    
                    
                    
                    <li><a href="#37ef8b55-d384-4c7e-850f-726edfa4dbb3">[F] WHOLE-TESTS : anti-regression.bchain_comp</a></li>
                    
                    
                    
                    <li><a href="#5e8e2b49-4b1a-438a-be55-ed789bfae5e9">[F] WHOLE-TESTS : anti-regression.bchain</a></li>
                    
                    
                    
                    <li><a href="#8ca45e9f-b70b-4d20-a0ec-ef222cb7628a">[F] WHOLE-TESTS : anti-regression.comma_is_not_special</a></li>
                    
                    
                    
                    <li><a href="#fe1f57f1-877b-444b-9a5e-b0bbc3511886">[F] WHOLE-TESTS : anti-regression.debug_mettalogTestCurried</a></li>
                    
                    
                    
                    <li><a href="#9675b143-03ab-4770-9a8a-f62282a46822">[F] WHOLE-TESTS : metta-wam-issue-116.test_spo_1000</a></li>
                    
                    
                    
                    <li><a href="#d0a87619-281f-48f2-a902-20da16be44a4">[F] WHOLE-TESTS : metta-wam-issue-116.test_spo_100</a></li>
                    
                    
                    
                    <li><a href="#a3320210-9ac9-40b7-8cf1-1acd1ae99b66">[F] WHOLE-TESTS : metta-wam-issue-116.test_spo_116378</a></li>
                    
                    
                    
                    <li><a href="#c430f703-fa39-43db-b78e-8492ef535db8">[F] WHOLE-TESTS : metta-wam-issue-116.test_spo_5000</a></li>
                    
                    
                    
                    <li><a href="#bd0e1862-90aa-474d-be20-3a86d7a73396">[F] WHOLE-TESTS : metta-wam-issue-145.print_graph</a></li>
                    
                    
                    
                    <li><a href="#24fe9269-43f5-4c2e-a9e7-2b8c7c41fee2">[F] WHOLE-TESTS : anti-regression.mettalogTestCurried2</a></li>
                    
                    
                    
                    <li><a href="#9730208e-9115-475f-800e-111f22947239">[F] WHOLE-TESTS : anti-regression.mettalogTestCurried</a></li>
                    
                    
                    
                    <li><a href="#9027e4df-3e1a-428a-b4fc-e4f14037a0d4">[F] WHOLE-TESTS : anti-regression.system_proofTestCurried</a></li>
                    
                    
                    
                    <li><a href="#01078d34-2892-4694-8539-a7788b21a9a1">[F] WHOLE-TESTS : anti-regression.test_if_closed</a></li>
                    
                    
                    
                    <li><a href="#a1cb1d29-6a20-410a-8f9b-9e46433f4af3">[F] WHOLE-TESTS : anti-regression.tmpMatch1</a></li>
                    
                    
                    
                    <li><a href="#3eb29542-aa94-4ca0-9dad-3c78028e12fb">[F] WHOLE-TESTS : anti-regression.tmpMatch2</a></li>
                    
                    
                    
                    <li><a href="#61b25e90-83a3-43bc-bfa0-6022fb6686a2">[F] WHOLE-TESTS : hyperon-experimental_scripts.a1_symbols</a></li>
                    
                    
                    
                    <li><a href="#10a63a34-9e65-450d-81c6-122cacdd4823">[F] WHOLE-TESTS : hyperon-experimental_scripts.a2_opencoggy</a></li>
                    
                    
                    
                    <li><a href="#118e7bda-c53c-47db-b872-8730ddfed6f6">[F] WHOLE-TESTS : hyperon-experimental_scripts.a3_twoside</a></li>
                    
                    
                    
                    <li><a href="#741decdb-6705-4656-906d-9cfa1287b726">[F] WHOLE-TESTS : hyperon-experimental_scripts.b0_chaining_prelim</a></li>
                    
                    
                    
                    <li><a href="#43f7d2ae-a57e-424c-8023-8cd0d2790b88">[F] WHOLE-TESTS : hyperon-experimental_scripts.b1_equal_chain</a></li>
                    
                    
                    
                    <li><a href="#6981b8da-6a0d-476e-bd1a-6ed1736d177e">[F] WHOLE-TESTS : hyperon-experimental_scripts.b2_backchain</a></li>
                    
                    
                    
                    <li><a href="#4cba03a6-9f97-4718-8a59-8e8d6013dcb0">[F] WHOLE-TESTS : hyperon-experimental_scripts.b3_direct</a></li>
                    
                    
                    
                    <li><a href="#5b3ac13a-0dc4-4683-a5f7-0edd7f51a3b5">[F] WHOLE-TESTS : hyperon-experimental_scripts.b4_nondeterm</a></li>
                    
                    
                    
                    <li><a href="#7547b388-c6c7-45b9-8b3b-1043ff8920f9">[F] WHOLE-TESTS : hyperon-experimental_scripts.b5_types_prelim</a></li>
                    
                    
                    
                    <li><a href="#5a5d9743-b22f-4c31-8404-c16e8fd6857e">[F] WHOLE-TESTS : hyperon-experimental_scripts.c1_grounded_basic</a></li>
                    
                    
                    
                    <li><a href="#a4311ed1-2a50-4242-8a41-b338f53816e0">[F] WHOLE-TESTS : hyperon-experimental_scripts.c2_spaces</a></li>
                    
                    
                    
                    <li><a href="#a5cf2f92-77d3-4d95-ada1-bddd5a89173c">[F] WHOLE-TESTS : hyperon-experimental_scripts.c3_pln_stv</a></li>
                    
                    
                    
                    <li><a href="#024511d8-90ef-4343-acb9-99c8baf10d79">[F] WHOLE-TESTS : hyperon-experimental_scripts.d1_gadt</a></li>
                    
                    
                    
                    <li><a href="#154fd6dc-b58a-4dfe-9f8a-150804ffa884">[F] WHOLE-TESTS : hyperon-experimental_scripts.d2_higherfunc</a></li>
                    
                    
                    
                    <li><a href="#7c6e2150-613c-40b6-ad24-53ada7b23b2b">[F] WHOLE-TESTS : hyperon-experimental_scripts.d3_deptypes</a></li>
                    
                    
                    
                    <li><a href="#a24a5839-2c9b-4e60-89f9-a79838470573">[F] WHOLE-TESTS : hyperon-experimental_scripts.d4_type_prop</a></li>
                    
                    
                    
                    <li><a href="#85f6110f-3144-468b-915e-b0a629862e11">[F] WHOLE-TESTS : hyperon-experimental_scripts.d5_auto_types</a></li>
                    
                    
                    
                    <li><a href="#c4d2e8e6-422f-4984-aa6c-ae207eb25e15">[F] WHOLE-TESTS : hyperon-experimental_scripts.e1_kb_write</a></li>
                    
                    
                    
                    <li><a href="#14f6f7d2-6ba0-4722-8ead-013ffe933db1">[F] WHOLE-TESTS : hyperon-experimental_scripts.e2_states</a></li>
                    
                    
                    
                    <li><a href="#68ef7215-de4c-45b2-aa39-8b0c1b5f234b">[F] WHOLE-TESTS : hyperon-experimental_scripts.e3_match_states</a></li>
                    
                    
                    
                    <li><a href="#5e29fc2f-f1fd-43d9-a721-d145e2123f1c">[F] WHOLE-TESTS : hyperon-experimental_scripts.f1_imports</a></li>
                    
                    
                    
                    <li><a href="#94f5bbf4-a71f-4c88-830b-3ee82d2ff60a">[F] WHOLE-TESTS : hyperon-experimental_scripts.f1_moduleA</a></li>
                    
                    
                    
                    <li><a href="#b48074bc-01c2-4977-be78-a87235342c76">[F] WHOLE-TESTS : hyperon-experimental_scripts.g1_docs</a></li>
                    
                    
                    
                    <li><a href="#7921fbae-5b46-4169-9aec-de0f58118a3f">[F] WHOLE-TESTS : hyperon-mettalog_sanity.00_lang_case</a></li>
                    
                    
                    
                    <li><a href="#6a9598fb-715a-4da1-97f6-c73e3412a3e3">[F] WHOLE-TESTS : hyperon-mettalog_sanity.01_lang_inc</a></li>
                    
                    
                    
                    <li><a href="#4f3ef39f-13c7-4ffb-b6cf-a97b92a07c35">[F] WHOLE-TESTS : hyperon-mettalog_sanity.02-curried-plus</a></li>
                    
                    
                    
                    <li><a href="#1c318ed5-e246-4d8b-98c2-e286533e3905">[F] WHOLE-TESTS : hyperon-mettalog_sanity.03-soring-via-insert</a></li>
                    
                    
                    
                    <li><a href="#140551b1-bfc7-4fb7-9e73-bdc3cf6c9a27">[F] WHOLE-TESTS : hyperon-mettalog_sanity.06_match_in_space</a></li>
                    
                    
                    
                    <li><a href="#92a7cf2a-7c84-4928-a885-5a0e722e69d0">[F] WHOLE-TESTS : hyperon-mettalog_sanity.base_test_repr_parse_intersection</a></li>
                    
                    
                    
                    <li><a href="#6b6be1d3-5f12-4251-af25-68322a2dbb5c">[F] WHOLE-TESTS : hyperon-mettalog_sanity.call_cleanup_tests</a></li>
                    
                    
                    
                    <li><a href="#d8ca3a0d-0440-4b47-9028-02e4bd784677">[F] WHOLE-TESTS : hyperon-mettalog_sanity.call_tests</a></li>
                    
                    
                    
                    <li><a href="#b3889f27-6196-4460-8826-5e401aaf4c87">[F] WHOLE-TESTS : hyperon-mettalog_sanity.catch_throw_tests</a></li>
                    
                    
                    
                    <li><a href="#75a79d1a-a082-4c46-9ca8-d14f700375e3">[F] WHOLE-TESTS : hyperon-mettalog_sanity.find_all_tests</a></li>
                    
                    
                    
                    <li><a href="#6ab7a8f7-a441-40d0-bb04-73bb5f68368f">[F] WHOLE-TESTS : hyperon-mettalog_sanity.first_answer_long</a></li>
                    
                    
                    
                    <li><a href="#a4367aa5-1859-4def-9d9b-bfc50b67cf72">[F] WHOLE-TESTS : hyperon-mettalog_sanity.first_answer</a></li>
                    
                    
                    
                    <li><a href="#ee079b00-d74c-474b-9a02-418bf93d3043">[F] WHOLE-TESTS : hyperon-mettalog_sanity.flip_test</a></li>
                    
                    
                    
                    <li><a href="#43144917-f651-4e29-9992-aad351846502">[F] WHOLE-TESTS : hyperon-mettalog_sanity.functional_programming_tests</a></li>
                    
                    
                    
                    <li><a href="#04079061-1bc5-44ec-b8cd-c2958bf32056">[F] WHOLE-TESTS : hyperon-mettalog_sanity.hyperpose_tests</a></li>
                    
                    
                    
                    <li><a href="#e8934f7f-2003-41a9-9813-9fef7d13f825">[F] WHOLE-TESTS : hyperon-mettalog_sanity.intersection_tests</a></li>
                    
                    
                    
                    <li><a href="#8642ed4a-800d-41b2-9086-309a2c01e23f">[F] WHOLE-TESTS : hyperon-mettalog_sanity.is_space</a></li>
                    
                    
                    
                    <li><a href="#3c0af005-9d82-40f6-b9d6-7569d5bdb2bf">[F] WHOLE-TESTS : hyperon-mettalog_sanity.limit_tests</a></li>
                    
                    
                    
                    <li><a href="#008b958a-48a5-4a23-929e-1bc3606086e0">[F] WHOLE-TESTS : hyperon-mettalog_sanity.max_time_tests</a></li>
                    
                    
                    
                    <li><a href="#5eb55b11-28ba-4deb-97ab-84b0fe9db7b2">[F] WHOLE-TESTS : hyperon-mettalog_sanity.minimal_metta_tests</a></li>
                    
                    
                    
                    <li><a href="#b3e22067-1c84-4474-addb-58ac8dc98cce">[F] WHOLE-TESTS : hyperon-mettalog_sanity.or_test</a></li>
                    
                    
                    
                    <li><a href="#bf8061fa-392d-4c3d-bf50-42fa52f31aa1">[F] WHOLE-TESTS : hyperon-mettalog_sanity.py_types</a></li>
                    
                    
                    
                    <li><a href="#e18a98af-0ac3-4842-8290-45b2840f9f43">[F] WHOLE-TESTS : hyperon-mettalog_sanity.represent_and_parse_tests</a></li>
                    
                    
                    
                    <li><a href="#c04f4442-b69e-4d00-9ebe-0e656bb5e186">[F] WHOLE-TESTS : hyperon-mettalog_sanity.sealed_test</a></li>
                    
                    
                    
                    <li><a href="#afe3298d-576f-484d-934b-37ef6ee14a91">[F] WHOLE-TESTS : hyperon-mettalog_sanity.sequential_tests</a></li>
                    
                    
                    
                    <li><a href="#b9110826-43fc-4bf0-a521-e303a2d07f28">[F] WHOLE-TESTS : hyperon-mettalog_sanity.space_intersection_tests</a></li>
                    
                    
                    
                    <li><a href="#e9e25a86-d928-4c58-8f51-bfb8b30625aa">[F] WHOLE-TESTS : hyperon-mettalog_sanity.space_subtraction_tests</a></li>
                    
                    
                    
                    <li><a href="#60e539cf-e724-4fbc-a2d9-46b0bafc7298">[F] WHOLE-TESTS : hyperon-mettalog_sanity.string-tests</a></li>
                    
                    
                    
                    <li><a href="#39b7aebf-5562-4a4c-8bbc-17cff8646fbf">[F] WHOLE-TESTS : hyperon-mettalog_sanity.structure-tests</a></li>
                    
                    
                    
                    <li><a href="#d68eba10-8ca3-40f9-bd00-3871d1159948">[F] WHOLE-TESTS : hyperon-mettalog_sanity.subtraction_test</a></li>
                    
                    
                    
                    <li><a href="#e3d67a89-cb9b-4f0e-9053-47f1b382bd9d">[F] WHOLE-TESTS : synth_buffer.synthesize</a></li>
                    
                    
                    
                    <li><a href="#e09e4fa3-19c6-40d0-b3f4-ff6646a02e87">[F] WHOLE-TESTS : synth_buffer.time_synthesize_long</a></li>
                    
                    
                    
                    <li><a href="#966c8843-0ac4-4bd2-ae79-23fd5bf1eb72">[F] WHOLE-TESTS : synth_buffer.time_synthesize</a></li>
                    
                    
                    
                    <li><a href="#d49540d3-c1e3-4eb1-bee2-3ad461b155eb">[F] WHOLE-TESTS : synth_buffer.time_synthesize_short</a></li>
                    
                    
                    
                    <li><a href="#53519236-b70a-44e8-8310-863e6abfe896">[F] WHOLE-TESTS : hyperon-mettalog_sanity.unique_test</a></li>
                    
                    
                    
                    <li><a href="#ee8cbec9-bda1-4f08-b01d-cca8052468fb">[F] WHOLE-TESTS : hyperon-mettalog_sanity.xor_test</a></li>
                    
                    
                    
                    <li><a href="#3c20ca5c-2a9c-4825-807b-6269fa5a9387">[F] WHOLE-TESTS : metta-morph_tests.add_atom_match</a></li>
                    
                    
                    
                    <li><a href="#391f30fb-9af2-4bfd-bace-220cd727a457">[F] WHOLE-TESTS : metta-morph_tests.and_or</a></li>
                    
                    
                    
                    <li><a href="#6a720ce7-4280-4b8b-b628-aab17f64078c">[F] WHOLE-TESTS : metta-morph_tests.collapse</a></li>
                    
                    
                    
                    <li><a href="#00c4f308-b25e-4a35-b3ab-44bf6ab2f89e">[F] WHOLE-TESTS : metta-morph_tests.factorial</a></li>
                    
                    
                    
                    <li><a href="#638a0dd8-fd2a-478c-9553-daaa212138a4">[F] WHOLE-TESTS : metta-morph_tests.hyperpose</a></li>
                    
                    
                    
                    <li><a href="#a8b3e728-f604-4bff-bda1-eab150912130">[F] WHOLE-TESTS : metta-morph_tests.identity</a></li>
                    
                    
                    
                    <li><a href="#ad78d7ec-8265-4a40-a895-0869b30a4386">[F] WHOLE-TESTS : metta-morph_tests.if</a></li>
                    
                    
                    
                    <li><a href="#49273a79-db11-4247-9ab1-7f967ae792e5">[F] WHOLE-TESTS : metta-morph_tests.letlet</a></li>
                    
                    
                    
                    <li><a href="#f3fb04d6-a2ad-4005-b867-e62d0aef81b0">[F] WHOLE-TESTS : metta-morph_tests.let_superpose_if_case</a></li>
                    
                    
                    
                    <li><a href="#e2ece72b-daa2-4cdc-9a64-4e08cb770d27">[F] WHOLE-TESTS : metta-morph_tests.let_superpose_list</a></li>
                    
                    
                    
                    <li><a href="#66540b12-56fa-46ab-b89d-ff501d97dd8b">[F] WHOLE-TESTS : metta-morph_tests.match_feval</a></li>
                    
                    
                    
                    <li><a href="#d262b97f-1e63-46d3-8319-b328846ed987">[F] WHOLE-TESTS : metta-morph_tests.match_superposed_spaces</a></li>
                    
                    
                    
                    <li><a href="#5b3549ce-03d9-4282-8103-41ee33674418">[F] WHOLE-TESTS : metta-morph_tests.match_void</a></li>
                    
                    
                    
                    <li><a href="#ab95de4d-b732-4d3f-b09f-6bcf18f66976">[F] WHOLE-TESTS : metta-morph_tests.minnars</a></li>
                    
                    
                    
                    <li><a href="#ee84e413-1391-4e0b-8068-923fb6357888">[F] WHOLE-TESTS : metta-morph_tests.multifunction</a></li>
                    
                    
                    
                    <li><a href="#81f55121-8df4-4b81-ae80-15563fceb429">[F] WHOLE-TESTS : metta-morph_tests.nalifier</a></li>
                    
                    
                    
                    <li><a href="#6d0d14c2-a4d5-4b91-9d73-401feec6967b">[F] WHOLE-TESTS : metta-morph_tests.nested_parameters</a></li>
                    
                    
                    
                    <li><a href="#765482fe-edb2-4caf-b1ad-1f86a7d456d5">[F] WHOLE-TESTS : metta-morph_tests.peano</a></li>
                    
                    
                    
                    <li><a href="#fb23b872-d65d-4b0c-9de5-2813602ad1db">[F] WHOLE-TESTS : metta-morph_tests.sequential_nested</a></li>
                    
                    
                    
                    <li><a href="#2d5c6752-e214-49f1-8085-77a436ecc89b">[F] WHOLE-TESTS : metta-morph_tests.states_spaces</a></li>
                    
                    
                    
                    <li><a href="#cb09cb23-63b0-4241-bc3a-1499c6cdaedb">[F] WHOLE-TESTS : metta-morph_tests.supercollapse</a></li>
                    
                    
                    
                    <li><a href="#558d5b24-fe0c-4da6-9680-3acce9df263d">[F] WHOLE-TESTS : metta-morph_tests.superpose_nested</a></li>
                    
                    
                    
                    <li><a href="#50916b3a-13ec-49ef-be7c-a7daa972ef76">[F] WHOLE-TESTS : metta-morph_tests.tests0</a></li>
                    
                    
                    
                    <li><a href="#d961d9dd-adc9-4b1e-8052-a900e23f8e93">[F] WHOLE-TESTS : metta-morph_tests.types2</a></li>
                    
                    
                    
                    <li><a href="#2394e572-ec41-40cd-85c7-5208b69d0c43">[F] WHOLE-TESTS : metta-morph_tests.types3</a></li>
                    
                    
                    
                    <li><a href="#816d5ae9-84f0-4724-a7ea-e2964186fc4a">[F] WHOLE-TESTS : metta-morph_tests.types</a></li>
                    
                    
                    
                    <li><a href="#12731742-ab14-4389-816d-354b9f50ef73">[F] WHOLE-TESTS : metta-morph_tests.zeroargs</a></li>
                    
                    
                    
                    <li><a href="#c070e812-ec5b-468d-9ddd-2449190afad2">[F] WHOLE-TESTS : module-system.c2_spaces</a></li>
                    
                    
                    
                    <li><a href="#d32eceba-9c16-4d0b-be62-aa4a52684fa5">[F] WHOLE-TESTS : quick.c1_grounded_basic</a></li>
                    
                    
                    
                    <li><a href="#86fe82e0-603e-4b0d-a1f1-9780ed7cbfb2">[F] WHOLE-TESTS : quick.d1_gadt</a></li>
                    
                    
                    
                    <li><a href="#daf4e896-8256-4289-86d5-cf5d42c373c3">[F] WHOLE-TESTS : quick.d2_higherfunc</a></li>
                    
                    
                    
                    <li><a href="#6c62bfdd-ddf7-4fa3-a595-2115a77d9ac1">[F] WHOLE-TESTS : quick.d4_type_prop</a></li>
                    
                    
                    
                    <li><a href="#22dffea4-f9b9-4d0f-b8fb-d5ffa4d961db">[F] WHOLE-TESTS : quick.f1_imports</a></li>
                    
                    
                    
                    <li><a href="#1f46f4eb-2dde-4f74-bd84-f4b351b98162">[F] WHOLE-TESTS : quick.f1_moduleA</a></li>
                    
                    
                
            
            </ul>
        </td>
    </tr>
</table>



    <div class="testsuite">
        <h2>Test Suite: WHOLE-TESTS</h2>
        <a id="b0d28626-e6fc-4918-b72d-093ffe52a8a7"></a>
        
        
        <h3>Results</h3>
        <table class="proplist">
            <tr>
                <th>Duration</th><td>4666.0 sec</td>
            </tr>
            <tr>
                <th>Tests</th><td>111</td>
            </tr>
            <tr>
                <th>Failures</th><td>111</td>
            </tr>
        </table>

        <div class="testclasses">
            <h3>Tests</h3>
            
            <div class="testclass">
                <h4>WHOLE-TESTS</h4>
                <div class="testcases">
                
                    <div class="test outcome outcome-failed">
                        <a id="789a7674-5402-48d5-aba1-ec19b472693d"></a>
                        <table class="proplist">
                            <tr><th>Test case:</th><td><b>module-system.f1_imports</b></td></tr>
                            <tr><th>Outcome:</th><td>Failed</td></tr>
                            <tr><th>Duration:</th><td>42.0 sec</td></tr>
                        
                            <tr><th>Failed</th><td>Test failed: Expected &#39;7&#39; but got &#39;143&#39;</td></tr>
                        
                        
                        </table>

                        
                        <pre>AssertionError: Test failed: Expected &#39;7&#39; but got &#39;143&#39;</pre>
                        
                        

                        
                        
                        <div class="stdout"><i>Stdout</i><br>
                            <pre>&lt;![CDATA[
&lt;a href=&#34;file://reports/tests_output/baseline-compat/tests/baseline_compat/module-system/f1_imports.metta.html#WHOLE-TESTS.module-system.f1_imports&#34;&gt;Test Report&lt;/a&gt;

Assertion: ./mettalog &#39;--output=./reports/tests_output/baseline-compat/&#39; --timeout=40 --html --repl=false  --test &#34;tests/baseline_compat/module-system/f1_imports.metta&#34; --halt=true
Expected: 7
Actual: 143
]]&gt;</pre>
                        </div>
                        
                        
                    </div>
                
                    <div class="test outcome outcome-failed">
                        <a id="e80b1048-8d5e-4a73-baee-37f024bf0a74"></a>
                        <table class="proplist">
                            <tr><th>Test case:</th><td><b>module-system.f1_moduleA</b></td></tr>
                            <tr><th>Outcome:</th><td>Failed</td></tr>
                            <tr><th>Duration:</th><td>42.0 sec</td></tr>
                        
                            <tr><th>Failed</th><td>Test failed: Expected &#39;7&#39; but got &#39;143&#39;</td></tr>
                        
                        
                        </table>

                        
                        <pre>AssertionError: Test failed: Expected &#39;7&#39; but got &#39;143&#39;</pre>
                        
                        

                        
                        
                        <div class="stdout"><i>Stdout</i><br>
                            <pre>&lt;![CDATA[
&lt;a href=&#34;file://reports/tests_output/baseline-compat/tests/baseline_compat/module-system/f1_moduleA.metta.html#WHOLE-TESTS.module-system.f1_moduleA&#34;&gt;Test Report&lt;/a&gt;

Assertion: ./mettalog &#39;--output=./reports/tests_output/baseline-compat/&#39; --timeout=40 --html --repl=false  --test &#34;tests/baseline_compat/module-system/f1_moduleA.metta&#34; --halt=true
Expected: 7
Actual: 143
]]&gt;</pre>
                        </div>
                        
                        
                    </div>
                
                    <div class="test outcome outcome-failed">
                        <a id="f9e7e5cf-b686-4d80-8840-6d4eb20ae226"></a>
                        <table class="proplist">
                            <tr><th>Test case:</th><td><b>anti-regression.bc_comp</b></td></tr>
                            <tr><th>Outcome:</th><td>Failed</td></tr>
                            <tr><th>Duration:</th><td>42.0 sec</td></tr>
                        
                            <tr><th>Failed</th><td>Test failed: Expected &#39;7&#39; but got &#39;143&#39;</td></tr>
                        
                        
                        </table>

                        
                        <pre>AssertionError: Test failed: Expected &#39;7&#39; but got &#39;143&#39;</pre>
                        
                        

                        
                        
                        <div class="stdout"><i>Stdout</i><br>
                            <pre>&lt;![CDATA[
&lt;a href=&#34;file://reports/tests_output/baseline-compat/tests/baseline_compat/anti-regression/bc_comp.metta.html#WHOLE-TESTS.anti-regression.bc_comp&#34;&gt;Test Report&lt;/a&gt;

Assertion: ./mettalog &#39;--output=./reports/tests_output/baseline-compat/&#39; --timeout=40 --html --repl=false  --test &#34;tests/baseline_compat/anti-regression/bc_comp.metta&#34; --halt=true
Expected: 7
Actual: 143
]]&gt;</pre>
                        </div>
                        
                        
                    </div>
                
                    <div class="test outcome outcome-failed">
                        <a id="37ef8b55-d384-4c7e-850f-726edfa4dbb3"></a>
                        <table class="proplist">
                            <tr><th>Test case:</th><td><b>anti-regression.bchain_comp</b></td></tr>
                            <tr><th>Outcome:</th><td>Failed</td></tr>
                            <tr><th>Duration:</th><td>42.0 sec</td></tr>
                        
                            <tr><th>Failed</th><td>Test failed: Expected &#39;7&#39; but got &#39;143&#39;</td></tr>
                        
                        
                        </table>

                        
                        <pre>AssertionError: Test failed: Expected &#39;7&#39; but got &#39;143&#39;</pre>
                        
                        

                        
                        
                        <div class="stdout"><i>Stdout</i><br>
                            <pre>&lt;![CDATA[
&lt;a href=&#34;file://reports/tests_output/baseline-compat/tests/baseline_compat/anti-regression/bchain_comp.metta.html#WHOLE-TESTS.anti-regression.bchain_comp&#34;&gt;Test Report&lt;/a&gt;

Assertion: ./mettalog &#39;--output=./reports/tests_output/baseline-compat/&#39; --timeout=40 --html --repl=false  --test &#34;tests/baseline_compat/anti-regression/bchain_comp.metta&#34; --halt=true
Expected: 7
Actual: 143
]]&gt;</pre>
                        </div>
                        
                        
                    </div>
                
                    <div class="test outcome outcome-failed">
                        <a id="5e8e2b49-4b1a-438a-be55-ed789bfae5e9"></a>
                        <table class="proplist">
                            <tr><th>Test case:</th><td><b>anti-regression.bchain</b></td></tr>
                            <tr><th>Outcome:</th><td>Failed</td></tr>
                            <tr><th>Duration:</th><td>42.0 sec</td></tr>
                        
                            <tr><th>Failed</th><td>Test failed: Expected &#39;7&#39; but got &#39;143&#39;</td></tr>
                        
                        
                        </table>

                        
                        <pre>AssertionError: Test failed: Expected &#39;7&#39; but got &#39;143&#39;</pre>
                        
                        

                        
                        
                        <div class="stdout"><i>Stdout</i><br>
                            <pre>&lt;![CDATA[
&lt;a href=&#34;file://reports/tests_output/baseline-compat/tests/baseline_compat/anti-regression/bchain.metta.html#WHOLE-TESTS.anti-regression.bchain&#34;&gt;Test Report&lt;/a&gt;

Assertion: ./mettalog &#39;--output=./reports/tests_output/baseline-compat/&#39; --timeout=40 --html --repl=false  --test &#34;tests/baseline_compat/anti-regression/bchain.metta&#34; --halt=true
Expected: 7
Actual: 143
]]&gt;</pre>
                        </div>
                        
                        
                    </div>
                
                    <div class="test outcome outcome-failed">
                        <a id="8ca45e9f-b70b-4d20-a0ec-ef222cb7628a"></a>
                        <table class="proplist">
                            <tr><th>Test case:</th><td><b>anti-regression.comma_is_not_special</b></td></tr>
                            <tr><th>Outcome:</th><td>Failed</td></tr>
                            <tr><th>Duration:</th><td>42.0 sec</td></tr>
                        
                            <tr><th>Failed</th><td>Test failed: Expected &#39;7&#39; but got &#39;143&#39;</td></tr>
                        
                        
                        </table>

                        
                        <pre>AssertionError: Test failed: Expected &#39;7&#39; but got &#39;143&#39;</pre>
                        
                        

                        
                        
                        <div class="stdout"><i>Stdout</i><br>
                            <pre>&lt;![CDATA[
&lt;a href=&#34;file://reports/tests_output/baseline-compat/tests/baseline_compat/anti-regression/comma_is_not_special.metta.html#WHOLE-TESTS.anti-regression.comma_is_not_special&#34;&gt;Test Report&lt;/a&gt;

Assertion: ./mettalog &#39;--output=./reports/tests_output/baseline-compat/&#39; --timeout=40 --html --repl=false  --test &#34;tests/baseline_compat/anti-regression/comma_is_not_special.metta&#34; --halt=true
Expected: 7
Actual: 143
]]&gt;</pre>
                        </div>
                        
                        
                    </div>
                
                    <div class="test outcome outcome-failed">
                        <a id="fe1f57f1-877b-444b-9a5e-b0bbc3511886"></a>
                        <table class="proplist">
                            <tr><th>Test case:</th><td><b>anti-regression.debug_mettalogTestCurried</b></td></tr>
                            <tr><th>Outcome:</th><td>Failed</td></tr>
                            <tr><th>Duration:</th><td>41.0 sec</td></tr>
                        
                            <tr><th>Failed</th><td>Test failed: Expected &#39;7&#39; but got &#39;143&#39;</td></tr>
                        
                        
                        </table>

                        
                        <pre>AssertionError: Test failed: Expected &#39;7&#39; but got &#39;143&#39;</pre>
                        
                        

                        
                        
                        <div class="stdout"><i>Stdout</i><br>
                            <pre>&lt;![CDATA[
&lt;a href=&#34;file://reports/tests_output/baseline-compat/tests/baseline_compat/anti-regression/debug_mettalogTestCurried.metta.html#WHOLE-TESTS.anti-regression.debug_mettalogTestCurried&#34;&gt;Test Report&lt;/a&gt;

Assertion: ./mettalog &#39;--output=./reports/tests_output/baseline-compat/&#39; --timeout=40 --html --repl=false  --test &#34;tests/baseline_compat/anti-regression/debug_mettalogTestCurried.metta&#34; --halt=true
Expected: 7
Actual: 143
]]&gt;</pre>
                        </div>
                        
                        
                    </div>
                
                    <div class="test outcome outcome-failed">
                        <a id="9675b143-03ab-4770-9a8a-f62282a46822"></a>
                        <table class="proplist">
                            <tr><th>Test case:</th><td><b>metta-wam-issue-116.test_spo_1000</b></td></tr>
                            <tr><th>Outcome:</th><td>Failed</td></tr>
                            <tr><th>Duration:</th><td>42.0 sec</td></tr>
                        
                            <tr><th>Failed</th><td>Test failed: Expected &#39;7&#39; but got &#39;143&#39;</td></tr>
                        
                        
                        </table>

                        
                        <pre>AssertionError: Test failed: Expected &#39;7&#39; but got &#39;143&#39;</pre>
                        
                        

                        
                        
                        <div class="stdout"><i>Stdout</i><br>
                            <pre>&lt;![CDATA[
&lt;a href=&#34;file://reports/tests_output/baseline-compat/tests/baseline_compat/anti-regression/issues/metta-wam-issue-116/test_spo_1000.metta.html#WHOLE-TESTS.metta-wam-issue-116.test_spo_1000&#34;&gt;Test Report&lt;/a&gt;

Assertion: ./mettalog &#39;--output=./reports/tests_output/baseline-compat/&#39; --timeout=40 --html --repl=false  --test &#34;tests/baseline_compat/anti-regression/issues/metta-wam-issue-116/test_spo_1000.metta&#34; --halt=true
Expected: 7
Actual: 143
]]&gt;</pre>
                        </div>
                        
                        
                    </div>
                
                    <div class="test outcome outcome-failed">
                        <a id="d0a87619-281f-48f2-a902-20da16be44a4"></a>
                        <table class="proplist">
                            <tr><th>Test case:</th><td><b>metta-wam-issue-116.test_spo_100</b></td></tr>
                            <tr><th>Outcome:</th><td>Failed</td></tr>
                            <tr><th>Duration:</th><td>42.0 sec</td></tr>
                        
                            <tr><th>Failed</th><td>Test failed: Expected &#39;7&#39; but got &#39;143&#39;</td></tr>
                        
                        
                        </table>

                        
                        <pre>AssertionError: Test failed: Expected &#39;7&#39; but got &#39;143&#39;</pre>
                        
                        

                        
                        
                        <div class="stdout"><i>Stdout</i><br>
                            <pre>&lt;![CDATA[
&lt;a href=&#34;file://reports/tests_output/baseline-compat/tests/baseline_compat/anti-regression/issues/metta-wam-issue-116/test_spo_100.metta.html#WHOLE-TESTS.metta-wam-issue-116.test_spo_100&#34;&gt;Test Report&lt;/a&gt;

Assertion: ./mettalog &#39;--output=./reports/tests_output/baseline-compat/&#39; --timeout=40 --html --repl=false  --test &#34;tests/baseline_compat/anti-regression/issues/metta-wam-issue-116/test_spo_100.metta&#34; --halt=true
Expected: 7
Actual: 143
]]&gt;</pre>
                        </div>
                        
                        
                    </div>
                
                    <div class="test outcome outcome-failed">
                        <a id="a3320210-9ac9-40b7-8cf1-1acd1ae99b66"></a>
                        <table class="proplist">
                            <tr><th>Test case:</th><td><b>metta-wam-issue-116.test_spo_116378</b></td></tr>
                            <tr><th>Outcome:</th><td>Failed</td></tr>
                            <tr><th>Duration:</th><td>42.0 sec</td></tr>
                        
                            <tr><th>Failed</th><td>Test failed: Expected &#39;7&#39; but got &#39;143&#39;</td></tr>
                        
                        
                        </table>

                        
                        <pre>AssertionError: Test failed: Expected &#39;7&#39; but got &#39;143&#39;</pre>
                        
                        

                        
                        
                        <div class="stdout"><i>Stdout</i><br>
                            <pre>&lt;![CDATA[
&lt;a href=&#34;file://reports/tests_output/baseline-compat/tests/baseline_compat/anti-regression/issues/metta-wam-issue-116/test_spo_116378.metta.html#WHOLE-TESTS.metta-wam-issue-116.test_spo_116378&#34;&gt;Test Report&lt;/a&gt;

Assertion: ./mettalog &#39;--output=./reports/tests_output/baseline-compat/&#39; --timeout=40 --html --repl=false  --test &#34;tests/baseline_compat/anti-regression/issues/metta-wam-issue-116/test_spo_116378.metta&#34; --halt=true
Expected: 7
Actual: 143
]]&gt;</pre>
                        </div>
                        
                        
                    </div>
                
                    <div class="test outcome outcome-failed">
                        <a id="c430f703-fa39-43db-b78e-8492ef535db8"></a>
                        <table class="proplist">
                            <tr><th>Test case:</th><td><b>metta-wam-issue-116.test_spo_5000</b></td></tr>
                            <tr><th>Outcome:</th><td>Failed</td></tr>
                            <tr><th>Duration:</th><td>42.0 sec</td></tr>
                        
                            <tr><th>Failed</th><td>Test failed: Expected &#39;7&#39; but got &#39;143&#39;</td></tr>
                        
                        
                        </table>

                        
                        <pre>AssertionError: Test failed: Expected &#39;7&#39; but got &#39;143&#39;</pre>
                        
                        

                        
                        
                        <div class="stdout"><i>Stdout</i><br>
                            <pre>&lt;![CDATA[
&lt;a href=&#34;file://reports/tests_output/baseline-compat/tests/baseline_compat/anti-regression/issues/metta-wam-issue-116/test_spo_5000.metta.html#WHOLE-TESTS.metta-wam-issue-116.test_spo_5000&#34;&gt;Test Report&lt;/a&gt;

Assertion: ./mettalog &#39;--output=./reports/tests_output/baseline-compat/&#39; --timeout=40 --html --repl=false  --test &#34;tests/baseline_compat/anti-regression/issues/metta-wam-issue-116/test_spo_5000.metta&#34; --halt=true
Expected: 7
Actual: 143
]]&gt;</pre>
                        </div>
                        
                        
                    </div>
                
                    <div class="test outcome outcome-failed">
                        <a id="bd0e1862-90aa-474d-be20-3a86d7a73396"></a>
                        <table class="proplist">
                            <tr><th>Test case:</th><td><b>metta-wam-issue-145.print_graph</b></td></tr>
                            <tr><th>Outcome:</th><td>Failed</td></tr>
                            <tr><th>Duration:</th><td>42.0 sec</td></tr>
                        
                            <tr><th>Failed</th><td>Test failed: Expected &#39;7&#39; but got &#39;143&#39;</td></tr>
                        
                        
                        </table>

                        
                        <pre>AssertionError: Test failed: Expected &#39;7&#39; but got &#39;143&#39;</pre>
                        
                        

                        
                        
                        <div class="stdout"><i>Stdout</i><br>
                            <pre>&lt;![CDATA[
&lt;a href=&#34;file://reports/tests_output/baseline-compat/tests/baseline_compat/anti-regression/issues/metta-wam-issue-145/print_graph.metta.html#WHOLE-TESTS.metta-wam-issue-145.print_graph&#34;&gt;Test Report&lt;/a&gt;

Assertion: ./mettalog &#39;--output=./reports/tests_output/baseline-compat/&#39; --timeout=40 --html --repl=false  --test &#34;tests/baseline_compat/anti-regression/issues/metta-wam-issue-145/print_graph.metta&#34; --halt=true
Expected: 7
Actual: 143
]]&gt;</pre>
                        </div>
                        
                        
                    </div>
                
                    <div class="test outcome outcome-failed">
                        <a id="24fe9269-43f5-4c2e-a9e7-2b8c7c41fee2"></a>
                        <table class="proplist">
                            <tr><th>Test case:</th><td><b>anti-regression.mettalogTestCurried2</b></td></tr>
                            <tr><th>Outcome:</th><td>Failed</td></tr>
                            <tr><th>Duration:</th><td>42.0 sec</td></tr>
                        
                            <tr><th>Failed</th><td>Test failed: Expected &#39;7&#39; but got &#39;143&#39;</td></tr>
                        
                        
                        </table>

                        
                        <pre>AssertionError: Test failed: Expected &#39;7&#39; but got &#39;143&#39;</pre>
                        
                        

                        
                        
                        <div class="stdout"><i>Stdout</i><br>
                            <pre>&lt;![CDATA[
&lt;a href=&#34;file://reports/tests_output/baseline-compat/tests/baseline_compat/anti-regression/mettalogTestCurried2.metta.html#WHOLE-TESTS.anti-regression.mettalogTestCurried2&#34;&gt;Test Report&lt;/a&gt;

Assertion: ./mettalog &#39;--output=./reports/tests_output/baseline-compat/&#39; --timeout=40 --html --repl=false  --test &#34;tests/baseline_compat/anti-regression/mettalogTestCurried2.metta&#34; --halt=true
Expected: 7
Actual: 143
]]&gt;</pre>
                        </div>
                        
                        
                    </div>
                
                    <div class="test outcome outcome-failed">
                        <a id="9730208e-9115-475f-800e-111f22947239"></a>
                        <table class="proplist">
                            <tr><th>Test case:</th><td><b>anti-regression.mettalogTestCurried</b></td></tr>
                            <tr><th>Outcome:</th><td>Failed</td></tr>
                            <tr><th>Duration:</th><td>42.0 sec</td></tr>
                        
                            <tr><th>Failed</th><td>Test failed: Expected &#39;7&#39; but got &#39;143&#39;</td></tr>
                        
                        
                        </table>

                        
                        <pre>AssertionError: Test failed: Expected &#39;7&#39; but got &#39;143&#39;</pre>
                        
                        

                        
                        
                        <div class="stdout"><i>Stdout</i><br>
                            <pre>&lt;![CDATA[
&lt;a href=&#34;file://reports/tests_output/baseline-compat/tests/baseline_compat/anti-regression/mettalogTestCurried.metta.html#WHOLE-TESTS.anti-regression.mettalogTestCurried&#34;&gt;Test Report&lt;/a&gt;

Assertion: ./mettalog &#39;--output=./reports/tests_output/baseline-compat/&#39; --timeout=40 --html --repl=false  --test &#34;tests/baseline_compat/anti-regression/mettalogTestCurried.metta&#34; --halt=true
Expected: 7
Actual: 143
]]&gt;</pre>
                        </div>
                        
                        
                    </div>
                
                    <div class="test outcome outcome-failed">
                        <a id="9027e4df-3e1a-428a-b4fc-e4f14037a0d4"></a>
                        <table class="proplist">
                            <tr><th>Test case:</th><td><b>anti-regression.system_proofTestCurried</b></td></tr>
                            <tr><th>Outcome:</th><td>Failed</td></tr>
                            <tr><th>Duration:</th><td>42.0 sec</td></tr>
                        
                            <tr><th>Failed</th><td>Test failed: Expected &#39;7&#39; but got &#39;143&#39;</td></tr>
                        
                        
                        </table>

                        
                        <pre>AssertionError: Test failed: Expected &#39;7&#39; but got &#39;143&#39;</pre>
                        
                        

                        
                        
                        <div class="stdout"><i>Stdout</i><br>
                            <pre>&lt;![CDATA[
&lt;a href=&#34;file://reports/tests_output/baseline-compat/tests/baseline_compat/anti-regression/system_proofTestCurried.metta.html#WHOLE-TESTS.anti-regression.system_proofTestCurried&#34;&gt;Test Report&lt;/a&gt;

Assertion: ./mettalog &#39;--output=./reports/tests_output/baseline-compat/&#39; --timeout=40 --html --repl=false  --test &#34;tests/baseline_compat/anti-regression/system_proofTestCurried.metta&#34; --halt=true
Expected: 7
Actual: 143
]]&gt;</pre>
                        </div>
                        
                        
                    </div>
                
                    <div class="test outcome outcome-failed">
                        <a id="01078d34-2892-4694-8539-a7788b21a9a1"></a>
                        <table class="proplist">
                            <tr><th>Test case:</th><td><b>anti-regression.test_if_closed</b></td></tr>
                            <tr><th>Outcome:</th><td>Failed</td></tr>
                            <tr><th>Duration:</th><td>42.0 sec</td></tr>
                        
                            <tr><th>Failed</th><td>Test failed: Expected &#39;7&#39; but got &#39;143&#39;</td></tr>
                        
                        
                        </table>

                        
                        <pre>AssertionError: Test failed: Expected &#39;7&#39; but got &#39;143&#39;</pre>
                        
                        

                        
                        
                        <div class="stdout"><i>Stdout</i><br>
                            <pre>&lt;![CDATA[
&lt;a href=&#34;file://reports/tests_output/baseline-compat/tests/baseline_compat/anti-regression/test_if_closed.metta.html#WHOLE-TESTS.anti-regression.test_if_closed&#34;&gt;Test Report&lt;/a&gt;

Assertion: ./mettalog &#39;--output=./reports/tests_output/baseline-compat/&#39; --timeout=40 --html --repl=false  --test &#34;tests/baseline_compat/anti-regression/test_if_closed.metta&#34; --halt=true
Expected: 7
Actual: 143
]]&gt;</pre>
                        </div>
                        
                        
                    </div>
                
                    <div class="test outcome outcome-failed">
                        <a id="a1cb1d29-6a20-410a-8f9b-9e46433f4af3"></a>
                        <table class="proplist">
                            <tr><th>Test case:</th><td><b>anti-regression.tmpMatch1</b></td></tr>
                            <tr><th>Outcome:</th><td>Failed</td></tr>
                            <tr><th>Duration:</th><td>42.0 sec</td></tr>
                        
                            <tr><th>Failed</th><td>Test failed: Expected &#39;7&#39; but got &#39;143&#39;</td></tr>
                        
                        
                        </table>

                        
                        <pre>AssertionError: Test failed: Expected &#39;7&#39; but got &#39;143&#39;</pre>
                        
                        

                        
                        
                        <div class="stdout"><i>Stdout</i><br>
                            <pre>&lt;![CDATA[
&lt;a href=&#34;file://reports/tests_output/baseline-compat/tests/baseline_compat/anti-regression/tmpMatch1.metta.html#WHOLE-TESTS.anti-regression.tmpMatch1&#34;&gt;Test Report&lt;/a&gt;

Assertion: ./mettalog &#39;--output=./reports/tests_output/baseline-compat/&#39; --timeout=40 --html --repl=false  --test &#34;tests/baseline_compat/anti-regression/tmpMatch1.metta&#34; --halt=true
Expected: 7
Actual: 143
]]&gt;</pre>
                        </div>
                        
                        
                    </div>
                
                    <div class="test outcome outcome-failed">
                        <a id="3eb29542-aa94-4ca0-9dad-3c78028e12fb"></a>
                        <table class="proplist">
                            <tr><th>Test case:</th><td><b>anti-regression.tmpMatch2</b></td></tr>
                            <tr><th>Outcome:</th><td>Failed</td></tr>
                            <tr><th>Duration:</th><td>42.0 sec</td></tr>
                        
                            <tr><th>Failed</th><td>Test failed: Expected &#39;7&#39; but got &#39;143&#39;</td></tr>
                        
                        
                        </table>

                        
                        <pre>AssertionError: Test failed: Expected &#39;7&#39; but got &#39;143&#39;</pre>
                        
                        

                        
                        
                        <div class="stdout"><i>Stdout</i><br>
                            <pre>&lt;![CDATA[
&lt;a href=&#34;file://reports/tests_output/baseline-compat/tests/baseline_compat/anti-regression/tmpMatch2.metta.html#WHOLE-TESTS.anti-regression.tmpMatch2&#34;&gt;Test Report&lt;/a&gt;

Assertion: ./mettalog &#39;--output=./reports/tests_output/baseline-compat/&#39; --timeout=40 --html --repl=false  --test &#34;tests/baseline_compat/anti-regression/tmpMatch2.metta&#34; --halt=true
Expected: 7
Actual: 143
]]&gt;</pre>
                        </div>
                        
                        
                    </div>
                
                    <div class="test outcome outcome-failed">
                        <a id="61b25e90-83a3-43bc-bfa0-6022fb6686a2"></a>
                        <table class="proplist">
                            <tr><th>Test case:</th><td><b>hyperon-experimental_scripts.a1_symbols</b></td></tr>
                            <tr><th>Outcome:</th><td>Failed</td></tr>
                            <tr><th>Duration:</th><td>42.0 sec</td></tr>
                        
                            <tr><th>Failed</th><td>Test failed: Expected &#39;7&#39; but got &#39;143&#39;</td></tr>
                        
                        
                        </table>

                        
                        <pre>AssertionError: Test failed: Expected &#39;7&#39; but got &#39;143&#39;</pre>
                        
                        

                        
                        
                        <div class="stdout"><i>Stdout</i><br>
                            <pre>&lt;![CDATA[
&lt;a href=&#34;file://reports/tests_output/baseline-compat/tests/baseline_compat/hyperon-experimental_scripts/a1_symbols.metta.html#WHOLE-TESTS.hyperon-experimental_scripts.a1_symbols&#34;&gt;Test Report&lt;/a&gt;

Assertion: ./mettalog &#39;--output=./reports/tests_output/baseline-compat/&#39; --timeout=40 --html --repl=false  --test &#34;tests/baseline_compat/hyperon-experimental_scripts/a1_symbols.metta&#34; --halt=true
Expected: 7
Actual: 143
]]&gt;</pre>
                        </div>
                        
                        
                    </div>
                
                    <div class="test outcome outcome-failed">
                        <a id="10a63a34-9e65-450d-81c6-122cacdd4823"></a>
                        <table class="proplist">
                            <tr><th>Test case:</th><td><b>hyperon-experimental_scripts.a2_opencoggy</b></td></tr>
                            <tr><th>Outcome:</th><td>Failed</td></tr>
                            <tr><th>Duration:</th><td>42.0 sec</td></tr>
                        
                            <tr><th>Failed</th><td>Test failed: Expected &#39;7&#39; but got &#39;143&#39;</td></tr>
                        
                        
                        </table>

                        
                        <pre>AssertionError: Test failed: Expected &#39;7&#39; but got &#39;143&#39;</pre>
                        
                        

                        
                        
                        <div class="stdout"><i>Stdout</i><br>
                            <pre>&lt;![CDATA[
&lt;a href=&#34;file://reports/tests_output/baseline-compat/tests/baseline_compat/hyperon-experimental_scripts/a2_opencoggy.metta.html#WHOLE-TESTS.hyperon-experimental_scripts.a2_opencoggy&#34;&gt;Test Report&lt;/a&gt;

Assertion: ./mettalog &#39;--output=./reports/tests_output/baseline-compat/&#39; --timeout=40 --html --repl=false  --test &#34;tests/baseline_compat/hyperon-experimental_scripts/a2_opencoggy.metta&#34; --halt=true
Expected: 7
Actual: 143
]]&gt;</pre>
                        </div>
                        
                        
                    </div>
                
                    <div class="test outcome outcome-failed">
                        <a id="118e7bda-c53c-47db-b872-8730ddfed6f6"></a>
                        <table class="proplist">
                            <tr><th>Test case:</th><td><b>hyperon-experimental_scripts.a3_twoside</b></td></tr>
                            <tr><th>Outcome:</th><td>Failed</td></tr>
                            <tr><th>Duration:</th><td>42.0 sec</td></tr>
                        
                            <tr><th>Failed</th><td>Test failed: Expected &#39;7&#39; but got &#39;143&#39;</td></tr>
                        
                        
                        </table>

                        
                        <pre>AssertionError: Test failed: Expected &#39;7&#39; but got &#39;143&#39;</pre>
                        
                        

                        
                        
                        <div class="stdout"><i>Stdout</i><br>
                            <pre>&lt;![CDATA[
&lt;a href=&#34;file://reports/tests_output/baseline-compat/tests/baseline_compat/hyperon-experimental_scripts/a3_twoside.metta.html#WHOLE-TESTS.hyperon-experimental_scripts.a3_twoside&#34;&gt;Test Report&lt;/a&gt;

Assertion: ./mettalog &#39;--output=./reports/tests_output/baseline-compat/&#39; --timeout=40 --html --repl=false  --test &#34;tests/baseline_compat/hyperon-experimental_scripts/a3_twoside.metta&#34; --halt=true
Expected: 7
Actual: 143
]]&gt;</pre>
                        </div>
                        
                        
                    </div>
                
                    <div class="test outcome outcome-failed">
                        <a id="741decdb-6705-4656-906d-9cfa1287b726"></a>
                        <table class="proplist">
                            <tr><th>Test case:</th><td><b>hyperon-experimental_scripts.b0_chaining_prelim</b></td></tr>
                            <tr><th>Outcome:</th><td>Failed</td></tr>
                            <tr><th>Duration:</th><td>43.0 sec</td></tr>
                        
                            <tr><th>Failed</th><td>Test failed: Expected &#39;7&#39; but got &#39;143&#39;</td></tr>
                        
                        
                        </table>

                        
                        <pre>AssertionError: Test failed: Expected &#39;7&#39; but got &#39;143&#39;</pre>
                        
                        

                        
                        
                        <div class="stdout"><i>Stdout</i><br>
                            <pre>&lt;![CDATA[
&lt;a href=&#34;file://reports/tests_output/baseline-compat/tests/baseline_compat/hyperon-experimental_scripts/b0_chaining_prelim.metta.html#WHOLE-TESTS.hyperon-experimental_scripts.b0_chaining_prelim&#34;&gt;Test Report&lt;/a&gt;

Assertion: ./mettalog &#39;--output=./reports/tests_output/baseline-compat/&#39; --timeout=40 --html --repl=false  --test &#34;tests/baseline_compat/hyperon-experimental_scripts/b0_chaining_prelim.metta&#34; --halt=true
Expected: 7
Actual: 143
]]&gt;</pre>
                        </div>
                        
                        
                    </div>
                
                    <div class="test outcome outcome-failed">
                        <a id="43f7d2ae-a57e-424c-8023-8cd0d2790b88"></a>
                        <table class="proplist">
                            <tr><th>Test case:</th><td><b>hyperon-experimental_scripts.b1_equal_chain</b></td></tr>
                            <tr><th>Outcome:</th><td>Failed</td></tr>
                            <tr><th>Duration:</th><td>42.0 sec</td></tr>
                        
                            <tr><th>Failed</th><td>Test failed: Expected &#39;7&#39; but got &#39;143&#39;</td></tr>
                        
                        
                        </table>

                        
                        <pre>AssertionError: Test failed: Expected &#39;7&#39; but got &#39;143&#39;</pre>
                        
                        

                        
                        
                        <div class="stdout"><i>Stdout</i><br>
                            <pre>&lt;![CDATA[
&lt;a href=&#34;file://reports/tests_output/baseline-compat/tests/baseline_compat/hyperon-experimental_scripts/b1_equal_chain.metta.html#WHOLE-TESTS.hyperon-experimental_scripts.b1_equal_chain&#34;&gt;Test Report&lt;/a&gt;

Assertion: ./mettalog &#39;--output=./reports/tests_output/baseline-compat/&#39; --timeout=40 --html --repl=false  --test &#34;tests/baseline_compat/hyperon-experimental_scripts/b1_equal_chain.metta&#34; --halt=true
Expected: 7
Actual: 143
]]&gt;</pre>
                        </div>
                        
                        
                    </div>
                
                    <div class="test outcome outcome-failed">
                        <a id="6981b8da-6a0d-476e-bd1a-6ed1736d177e"></a>
                        <table class="proplist">
                            <tr><th>Test case:</th><td><b>hyperon-experimental_scripts.b2_backchain</b></td></tr>
                            <tr><th>Outcome:</th><td>Failed</td></tr>
                            <tr><th>Duration:</th><td>42.0 sec</td></tr>
                        
                            <tr><th>Failed</th><td>Test failed: Expected &#39;7&#39; but got &#39;143&#39;</td></tr>
                        
                        
                        </table>

                        
                        <pre>AssertionError: Test failed: Expected &#39;7&#39; but got &#39;143&#39;</pre>
                        
                        

                        
                        
                        <div class="stdout"><i>Stdout</i><br>
                            <pre>&lt;![CDATA[
&lt;a href=&#34;file://reports/tests_output/baseline-compat/tests/baseline_compat/hyperon-experimental_scripts/b2_backchain.metta.html#WHOLE-TESTS.hyperon-experimental_scripts.b2_backchain&#34;&gt;Test Report&lt;/a&gt;

Assertion: ./mettalog &#39;--output=./reports/tests_output/baseline-compat/&#39; --timeout=40 --html --repl=false  --test &#34;tests/baseline_compat/hyperon-experimental_scripts/b2_backchain.metta&#34; --halt=true
Expected: 7
Actual: 143
]]&gt;</pre>
                        </div>
                        
                        
                    </div>
                
                    <div class="test outcome outcome-failed">
                        <a id="4cba03a6-9f97-4718-8a59-8e8d6013dcb0"></a>
                        <table class="proplist">
                            <tr><th>Test case:</th><td><b>hyperon-experimental_scripts.b3_direct</b></td></tr>
                            <tr><th>Outcome:</th><td>Failed</td></tr>
                            <tr><th>Duration:</th><td>42.0 sec</td></tr>
                        
                            <tr><th>Failed</th><td>Test failed: Expected &#39;7&#39; but got &#39;143&#39;</td></tr>
                        
                        
                        </table>

                        
                        <pre>AssertionError: Test failed: Expected &#39;7&#39; but got &#39;143&#39;</pre>
                        
                        

                        
                        
                        <div class="stdout"><i>Stdout</i><br>
                            <pre>&lt;![CDATA[
&lt;a href=&#34;file://reports/tests_output/baseline-compat/tests/baseline_compat/hyperon-experimental_scripts/b3_direct.metta.html#WHOLE-TESTS.hyperon-experimental_scripts.b3_direct&#34;&gt;Test Report&lt;/a&gt;

Assertion: ./mettalog &#39;--output=./reports/tests_output/baseline-compat/&#39; --timeout=40 --html --repl=false  --test &#34;tests/baseline_compat/hyperon-experimental_scripts/b3_direct.metta&#34; --halt=true
Expected: 7
Actual: 143
]]&gt;</pre>
                        </div>
                        
                        
                    </div>
                
                    <div class="test outcome outcome-failed">
                        <a id="5b3ac13a-0dc4-4683-a5f7-0edd7f51a3b5"></a>
                        <table class="proplist">
                            <tr><th>Test case:</th><td><b>hyperon-experimental_scripts.b4_nondeterm</b></td></tr>
                            <tr><th>Outcome:</th><td>Failed</td></tr>
                            <tr><th>Duration:</th><td>42.0 sec</td></tr>
                        
                            <tr><th>Failed</th><td>Test failed: Expected &#39;7&#39; but got &#39;143&#39;</td></tr>
                        
                        
                        </table>

                        
                        <pre>AssertionError: Test failed: Expected &#39;7&#39; but got &#39;143&#39;</pre>
                        
                        

                        
                        
                        <div class="stdout"><i>Stdout</i><br>
                            <pre>&lt;![CDATA[
&lt;a href=&#34;file://reports/tests_output/baseline-compat/tests/baseline_compat/hyperon-experimental_scripts/b4_nondeterm.metta.html#WHOLE-TESTS.hyperon-experimental_scripts.b4_nondeterm&#34;&gt;Test Report&lt;/a&gt;

Assertion: ./mettalog &#39;--output=./reports/tests_output/baseline-compat/&#39; --timeout=40 --html --repl=false  --test &#34;tests/baseline_compat/hyperon-experimental_scripts/b4_nondeterm.metta&#34; --halt=true
Expected: 7
Actual: 143
]]&gt;</pre>
                        </div>
                        
                        
                    </div>
                
                    <div class="test outcome outcome-failed">
                        <a id="7547b388-c6c7-45b9-8b3b-1043ff8920f9"></a>
                        <table class="proplist">
                            <tr><th>Test case:</th><td><b>hyperon-experimental_scripts.b5_types_prelim</b></td></tr>
                            <tr><th>Outcome:</th><td>Failed</td></tr>
                            <tr><th>Duration:</th><td>42.0 sec</td></tr>
                        
                            <tr><th>Failed</th><td>Test failed: Expected &#39;7&#39; but got &#39;143&#39;</td></tr>
                        
                        
                        </table>

                        
                        <pre>AssertionError: Test failed: Expected &#39;7&#39; but got &#39;143&#39;</pre>
                        
                        

                        
                        
                        <div class="stdout"><i>Stdout</i><br>
                            <pre>&lt;![CDATA[
&lt;a href=&#34;file://reports/tests_output/baseline-compat/tests/baseline_compat/hyperon-experimental_scripts/b5_types_prelim.metta.html#WHOLE-TESTS.hyperon-experimental_scripts.b5_types_prelim&#34;&gt;Test Report&lt;/a&gt;

Assertion: ./mettalog &#39;--output=./reports/tests_output/baseline-compat/&#39; --timeout=40 --html --repl=false  --test &#34;tests/baseline_compat/hyperon-experimental_scripts/b5_types_prelim.metta&#34; --halt=true
Expected: 7
Actual: 143
]]&gt;</pre>
                        </div>
                        
                        
                    </div>
                
                    <div class="test outcome outcome-failed">
                        <a id="5a5d9743-b22f-4c31-8404-c16e8fd6857e"></a>
                        <table class="proplist">
                            <tr><th>Test case:</th><td><b>hyperon-experimental_scripts.c1_grounded_basic</b></td></tr>
                            <tr><th>Outcome:</th><td>Failed</td></tr>
                            <tr><th>Duration:</th><td>42.0 sec</td></tr>
                        
                            <tr><th>Failed</th><td>Test failed: Expected &#39;7&#39; but got &#39;143&#39;</td></tr>
                        
                        
                        </table>

                        
                        <pre>AssertionError: Test failed: Expected &#39;7&#39; but got &#39;143&#39;</pre>
                        
                        

                        
                        
                        <div class="stdout"><i>Stdout</i><br>
                            <pre>&lt;![CDATA[
&lt;a href=&#34;file://reports/tests_output/baseline-compat/tests/baseline_compat/hyperon-experimental_scripts/c1_grounded_basic.metta.html#WHOLE-TESTS.hyperon-experimental_scripts.c1_grounded_basic&#34;&gt;Test Report&lt;/a&gt;

Assertion: ./mettalog &#39;--output=./reports/tests_output/baseline-compat/&#39; --timeout=40 --html --repl=false  --test &#34;tests/baseline_compat/hyperon-experimental_scripts/c1_grounded_basic.metta&#34; --halt=true
Expected: 7
Actual: 143
]]&gt;</pre>
                        </div>
                        
                        
                    </div>
                
                    <div class="test outcome outcome-failed">
                        <a id="a4311ed1-2a50-4242-8a41-b338f53816e0"></a>
                        <table class="proplist">
                            <tr><th>Test case:</th><td><b>hyperon-experimental_scripts.c2_spaces</b></td></tr>
                            <tr><th>Outcome:</th><td>Failed</td></tr>
                            <tr><th>Duration:</th><td>42.0 sec</td></tr>
                        
                            <tr><th>Failed</th><td>Test failed: Expected &#39;7&#39; but got &#39;143&#39;</td></tr>
                        
                        
                        </table>

                        
                        <pre>AssertionError: Test failed: Expected &#39;7&#39; but got &#39;143&#39;</pre>
                        
                        

                        
                        
                        <div class="stdout"><i>Stdout</i><br>
                            <pre>&lt;![CDATA[
&lt;a href=&#34;file://reports/tests_output/baseline-compat/tests/baseline_compat/hyperon-experimental_scripts/c2_spaces.metta.html#WHOLE-TESTS.hyperon-experimental_scripts.c2_spaces&#34;&gt;Test Report&lt;/a&gt;

Assertion: ./mettalog &#39;--output=./reports/tests_output/baseline-compat/&#39; --timeout=40 --html --repl=false  --test &#34;tests/baseline_compat/hyperon-experimental_scripts/c2_spaces.metta&#34; --halt=true
Expected: 7
Actual: 143
]]&gt;</pre>
                        </div>
                        
                        
                    </div>
                
                    <div class="test outcome outcome-failed">
                        <a id="a5cf2f92-77d3-4d95-ada1-bddd5a89173c"></a>
                        <table class="proplist">
                            <tr><th>Test case:</th><td><b>hyperon-experimental_scripts.c3_pln_stv</b></td></tr>
                            <tr><th>Outcome:</th><td>Failed</td></tr>
                            <tr><th>Duration:</th><td>42.0 sec</td></tr>
                        
                            <tr><th>Failed</th><td>Test failed: Expected &#39;7&#39; but got &#39;143&#39;</td></tr>
                        
                        
                        </table>

                        
                        <pre>AssertionError: Test failed: Expected &#39;7&#39; but got &#39;143&#39;</pre>
                        
                        

                        
                        
                        <div class="stdout"><i>Stdout</i><br>
                            <pre>&lt;![CDATA[
&lt;a href=&#34;file://reports/tests_output/baseline-compat/tests/baseline_compat/hyperon-experimental_scripts/c3_pln_stv.metta.html#WHOLE-TESTS.hyperon-experimental_scripts.c3_pln_stv&#34;&gt;Test Report&lt;/a&gt;

Assertion: ./mettalog &#39;--output=./reports/tests_output/baseline-compat/&#39; --timeout=40 --html --repl=false  --test &#34;tests/baseline_compat/hyperon-experimental_scripts/c3_pln_stv.metta&#34; --halt=true
Expected: 7
Actual: 143
]]&gt;</pre>
                        </div>
                        
                        
                    </div>
                
                    <div class="test outcome outcome-failed">
                        <a id="024511d8-90ef-4343-acb9-99c8baf10d79"></a>
                        <table class="proplist">
                            <tr><th>Test case:</th><td><b>hyperon-experimental_scripts.d1_gadt</b></td></tr>
                            <tr><th>Outcome:</th><td>Failed</td></tr>
                            <tr><th>Duration:</th><td>42.0 sec</td></tr>
                        
                            <tr><th>Failed</th><td>Test failed: Expected &#39;7&#39; but got &#39;143&#39;</td></tr>
                        
                        
                        </table>

                        
                        <pre>AssertionError: Test failed: Expected &#39;7&#39; but got &#39;143&#39;</pre>
                        
                        

                        
                        
                        <div class="stdout"><i>Stdout</i><br>
                            <pre>&lt;![CDATA[
&lt;a href=&#34;file://reports/tests_output/baseline-compat/tests/baseline_compat/hyperon-experimental_scripts/d1_gadt.metta.html#WHOLE-TESTS.hyperon-experimental_scripts.d1_gadt&#34;&gt;Test Report&lt;/a&gt;

Assertion: ./mettalog &#39;--output=./reports/tests_output/baseline-compat/&#39; --timeout=40 --html --repl=false  --test &#34;tests/baseline_compat/hyperon-experimental_scripts/d1_gadt.metta&#34; --halt=true
Expected: 7
Actual: 143
]]&gt;</pre>
                        </div>
                        
                        
                    </div>
                
                    <div class="test outcome outcome-failed">
                        <a id="154fd6dc-b58a-4dfe-9f8a-150804ffa884"></a>
                        <table class="proplist">
                            <tr><th>Test case:</th><td><b>hyperon-experimental_scripts.d2_higherfunc</b></td></tr>
                            <tr><th>Outcome:</th><td>Failed</td></tr>
                            <tr><th>Duration:</th><td>42.0 sec</td></tr>
                        
                            <tr><th>Failed</th><td>Test failed: Expected &#39;7&#39; but got &#39;143&#39;</td></tr>
                        
                        
                        </table>

                        
                        <pre>AssertionError: Test failed: Expected &#39;7&#39; but got &#39;143&#39;</pre>
                        
                        

                        
                        
                        <div class="stdout"><i>Stdout</i><br>
                            <pre>&lt;![CDATA[
&lt;a href=&#34;file://reports/tests_output/baseline-compat/tests/baseline_compat/hyperon-experimental_scripts/d2_higherfunc.metta.html#WHOLE-TESTS.hyperon-experimental_scripts.d2_higherfunc&#34;&gt;Test Report&lt;/a&gt;

Assertion: ./mettalog &#39;--output=./reports/tests_output/baseline-compat/&#39; --timeout=40 --html --repl=false  --test &#34;tests/baseline_compat/hyperon-experimental_scripts/d2_higherfunc.metta&#34; --halt=true
Expected: 7
Actual: 143
]]&gt;</pre>
                        </div>
                        
                        
                    </div>
                
                    <div class="test outcome outcome-failed">
                        <a id="7c6e2150-613c-40b6-ad24-53ada7b23b2b"></a>
                        <table class="proplist">
                            <tr><th>Test case:</th><td><b>hyperon-experimental_scripts.d3_deptypes</b></td></tr>
                            <tr><th>Outcome:</th><td>Failed</td></tr>
                            <tr><th>Duration:</th><td>42.0 sec</td></tr>
                        
                            <tr><th>Failed</th><td>Test failed: Expected &#39;7&#39; but got &#39;143&#39;</td></tr>
                        
                        
                        </table>

                        
                        <pre>AssertionError: Test failed: Expected &#39;7&#39; but got &#39;143&#39;</pre>
                        
                        

                        
                        
                        <div class="stdout"><i>Stdout</i><br>
                            <pre>&lt;![CDATA[
&lt;a href=&#34;file://reports/tests_output/baseline-compat/tests/baseline_compat/hyperon-experimental_scripts/d3_deptypes.metta.html#WHOLE-TESTS.hyperon-experimental_scripts.d3_deptypes&#34;&gt;Test Report&lt;/a&gt;

Assertion: ./mettalog &#39;--output=./reports/tests_output/baseline-compat/&#39; --timeout=40 --html --repl=false  --test &#34;tests/baseline_compat/hyperon-experimental_scripts/d3_deptypes.metta&#34; --halt=true
Expected: 7
Actual: 143
]]&gt;</pre>
                        </div>
                        
                        
                    </div>
                
                    <div class="test outcome outcome-failed">
                        <a id="a24a5839-2c9b-4e60-89f9-a79838470573"></a>
                        <table class="proplist">
                            <tr><th>Test case:</th><td><b>hyperon-experimental_scripts.d4_type_prop</b></td></tr>
                            <tr><th>Outcome:</th><td>Failed</td></tr>
                            <tr><th>Duration:</th><td>42.0 sec</td></tr>
                        
                            <tr><th>Failed</th><td>Test failed: Expected &#39;7&#39; but got &#39;143&#39;</td></tr>
                        
                        
                        </table>

                        
                        <pre>AssertionError: Test failed: Expected &#39;7&#39; but got &#39;143&#39;</pre>
                        
                        

                        
                        
                        <div class="stdout"><i>Stdout</i><br>
                            <pre>&lt;![CDATA[
&lt;a href=&#34;file://reports/tests_output/baseline-compat/tests/baseline_compat/hyperon-experimental_scripts/d4_type_prop.metta.html#WHOLE-TESTS.hyperon-experimental_scripts.d4_type_prop&#34;&gt;Test Report&lt;/a&gt;

Assertion: ./mettalog &#39;--output=./reports/tests_output/baseline-compat/&#39; --timeout=40 --html --repl=false  --test &#34;tests/baseline_compat/hyperon-experimental_scripts/d4_type_prop.metta&#34; --halt=true
Expected: 7
Actual: 143
]]&gt;</pre>
                        </div>
                        
                        
                    </div>
                
                    <div class="test outcome outcome-failed">
                        <a id="85f6110f-3144-468b-915e-b0a629862e11"></a>
                        <table class="proplist">
                            <tr><th>Test case:</th><td><b>hyperon-experimental_scripts.d5_auto_types</b></td></tr>
                            <tr><th>Outcome:</th><td>Failed</td></tr>
                            <tr><th>Duration:</th><td>42.0 sec</td></tr>
                        
                            <tr><th>Failed</th><td>Test failed: Expected &#39;7&#39; but got &#39;143&#39;</td></tr>
                        
                        
                        </table>

                        
                        <pre>AssertionError: Test failed: Expected &#39;7&#39; but got &#39;143&#39;</pre>
                        
                        

                        
                        
                        <div class="stdout"><i>Stdout</i><br>
                            <pre>&lt;![CDATA[
&lt;a href=&#34;file://reports/tests_output/baseline-compat/tests/baseline_compat/hyperon-experimental_scripts/d5_auto_types.metta.html#WHOLE-TESTS.hyperon-experimental_scripts.d5_auto_types&#34;&gt;Test Report&lt;/a&gt;

Assertion: ./mettalog &#39;--output=./reports/tests_output/baseline-compat/&#39; --timeout=40 --html --repl=false  --test &#34;tests/baseline_compat/hyperon-experimental_scripts/d5_auto_types.metta&#34; --halt=true
Expected: 7
Actual: 143
]]&gt;</pre>
                        </div>
                        
                        
                    </div>
                
                    <div class="test outcome outcome-failed">
                        <a id="c4d2e8e6-422f-4984-aa6c-ae207eb25e15"></a>
                        <table class="proplist">
                            <tr><th>Test case:</th><td><b>hyperon-experimental_scripts.e1_kb_write</b></td></tr>
                            <tr><th>Outcome:</th><td>Failed</td></tr>
                            <tr><th>Duration:</th><td>42.0 sec</td></tr>
                        
                            <tr><th>Failed</th><td>Test failed: Expected &#39;7&#39; but got &#39;143&#39;</td></tr>
                        
                        
                        </table>

                        
                        <pre>AssertionError: Test failed: Expected &#39;7&#39; but got &#39;143&#39;</pre>
                        
                        

                        
                        
                        <div class="stdout"><i>Stdout</i><br>
                            <pre>&lt;![CDATA[
&lt;a href=&#34;file://reports/tests_output/baseline-compat/tests/baseline_compat/hyperon-experimental_scripts/e1_kb_write.metta.html#WHOLE-TESTS.hyperon-experimental_scripts.e1_kb_write&#34;&gt;Test Report&lt;/a&gt;

Assertion: ./mettalog &#39;--output=./reports/tests_output/baseline-compat/&#39; --timeout=40 --html --repl=false  --test &#34;tests/baseline_compat/hyperon-experimental_scripts/e1_kb_write.metta&#34; --halt=true
Expected: 7
Actual: 143
]]&gt;</pre>
                        </div>
                        
                        
                    </div>
                
                    <div class="test outcome outcome-failed">
                        <a id="14f6f7d2-6ba0-4722-8ead-013ffe933db1"></a>
                        <table class="proplist">
                            <tr><th>Test case:</th><td><b>hyperon-experimental_scripts.e2_states</b></td></tr>
                            <tr><th>Outcome:</th><td>Failed</td></tr>
                            <tr><th>Duration:</th><td>42.0 sec</td></tr>
                        
                            <tr><th>Failed</th><td>Test failed: Expected &#39;7&#39; but got &#39;143&#39;</td></tr>
                        
                        
                        </table>

                        
                        <pre>AssertionError: Test failed: Expected &#39;7&#39; but got &#39;143&#39;</pre>
                        
                        

                        
                        
                        <div class="stdout"><i>Stdout</i><br>
                            <pre>&lt;![CDATA[
&lt;a href=&#34;file://reports/tests_output/baseline-compat/tests/baseline_compat/hyperon-experimental_scripts/e2_states.metta.html#WHOLE-TESTS.hyperon-experimental_scripts.e2_states&#34;&gt;Test Report&lt;/a&gt;

Assertion: ./mettalog &#39;--output=./reports/tests_output/baseline-compat/&#39; --timeout=40 --html --repl=false  --test &#34;tests/baseline_compat/hyperon-experimental_scripts/e2_states.metta&#34; --halt=true
Expected: 7
Actual: 143
]]&gt;</pre>
                        </div>
                        
                        
                    </div>
                
                    <div class="test outcome outcome-failed">
                        <a id="68ef7215-de4c-45b2-aa39-8b0c1b5f234b"></a>
                        <table class="proplist">
                            <tr><th>Test case:</th><td><b>hyperon-experimental_scripts.e3_match_states</b></td></tr>
                            <tr><th>Outcome:</th><td>Failed</td></tr>
                            <tr><th>Duration:</th><td>42.0 sec</td></tr>
                        
                            <tr><th>Failed</th><td>Test failed: Expected &#39;7&#39; but got &#39;143&#39;</td></tr>
                        
                        
                        </table>

                        
                        <pre>AssertionError: Test failed: Expected &#39;7&#39; but got &#39;143&#39;</pre>
                        
                        

                        
                        
                        <div class="stdout"><i>Stdout</i><br>
                            <pre>&lt;![CDATA[
&lt;a href=&#34;file://reports/tests_output/baseline-compat/tests/baseline_compat/hyperon-experimental_scripts/e3_match_states.metta.html#WHOLE-TESTS.hyperon-experimental_scripts.e3_match_states&#34;&gt;Test Report&lt;/a&gt;

Assertion: ./mettalog &#39;--output=./reports/tests_output/baseline-compat/&#39; --timeout=40 --html --repl=false  --test &#34;tests/baseline_compat/hyperon-experimental_scripts/e3_match_states.metta&#34; --halt=true
Expected: 7
Actual: 143
]]&gt;</pre>
                        </div>
                        
                        
                    </div>
                
                    <div class="test outcome outcome-failed">
                        <a id="5e29fc2f-f1fd-43d9-a721-d145e2123f1c"></a>
                        <table class="proplist">
                            <tr><th>Test case:</th><td><b>hyperon-experimental_scripts.f1_imports</b></td></tr>
                            <tr><th>Outcome:</th><td>Failed</td></tr>
                            <tr><th>Duration:</th><td>42.0 sec</td></tr>
                        
                            <tr><th>Failed</th><td>Test failed: Expected &#39;7&#39; but got &#39;143&#39;</td></tr>
                        
                        
                        </table>

                        
                        <pre>AssertionError: Test failed: Expected &#39;7&#39; but got &#39;143&#39;</pre>
                        
                        

                        
                        
                        <div class="stdout"><i>Stdout</i><br>
                            <pre>&lt;![CDATA[
&lt;a href=&#34;file://reports/tests_output/baseline-compat/tests/baseline_compat/hyperon-experimental_scripts/f1_imports.metta.html#WHOLE-TESTS.hyperon-experimental_scripts.f1_imports&#34;&gt;Test Report&lt;/a&gt;

Assertion: ./mettalog &#39;--output=./reports/tests_output/baseline-compat/&#39; --timeout=40 --html --repl=false  --test &#34;tests/baseline_compat/hyperon-experimental_scripts/f1_imports.metta&#34; --halt=true
Expected: 7
Actual: 143
]]&gt;</pre>
                        </div>
                        
                        
                    </div>
                
                    <div class="test outcome outcome-failed">
                        <a id="94f5bbf4-a71f-4c88-830b-3ee82d2ff60a"></a>
                        <table class="proplist">
                            <tr><th>Test case:</th><td><b>hyperon-experimental_scripts.f1_moduleA</b></td></tr>
                            <tr><th>Outcome:</th><td>Failed</td></tr>
                            <tr><th>Duration:</th><td>42.0 sec</td></tr>
                        
                            <tr><th>Failed</th><td>Test failed: Expected &#39;7&#39; but got &#39;143&#39;</td></tr>
                        
                        
                        </table>

                        
                        <pre>AssertionError: Test failed: Expected &#39;7&#39; but got &#39;143&#39;</pre>
                        
                        

                        
                        
                        <div class="stdout"><i>Stdout</i><br>
                            <pre>&lt;![CDATA[
&lt;a href=&#34;file://reports/tests_output/baseline-compat/tests/baseline_compat/hyperon-experimental_scripts/f1_moduleA.metta.html#WHOLE-TESTS.hyperon-experimental_scripts.f1_moduleA&#34;&gt;Test Report&lt;/a&gt;

Assertion: ./mettalog &#39;--output=./reports/tests_output/baseline-compat/&#39; --timeout=40 --html --repl=false  --test &#34;tests/baseline_compat/hyperon-experimental_scripts/f1_moduleA.metta&#34; --halt=true
Expected: 7
Actual: 143
]]&gt;</pre>
                        </div>
                        
                        
                    </div>
                
                    <div class="test outcome outcome-failed">
                        <a id="b48074bc-01c2-4977-be78-a87235342c76"></a>
                        <table class="proplist">
                            <tr><th>Test case:</th><td><b>hyperon-experimental_scripts.g1_docs</b></td></tr>
                            <tr><th>Outcome:</th><td>Failed</td></tr>
                            <tr><th>Duration:</th><td>42.0 sec</td></tr>
                        
                            <tr><th>Failed</th><td>Test failed: Expected &#39;7&#39; but got &#39;143&#39;</td></tr>
                        
                        
                        </table>

                        
                        <pre>AssertionError: Test failed: Expected &#39;7&#39; but got &#39;143&#39;</pre>
                        
                        

                        
                        
                        <div class="stdout"><i>Stdout</i><br>
                            <pre>&lt;![CDATA[
&lt;a href=&#34;file://reports/tests_output/baseline-compat/tests/baseline_compat/hyperon-experimental_scripts/g1_docs.metta.html#WHOLE-TESTS.hyperon-experimental_scripts.g1_docs&#34;&gt;Test Report&lt;/a&gt;

Assertion: ./mettalog &#39;--output=./reports/tests_output/baseline-compat/&#39; --timeout=40 --html --repl=false  --test &#34;tests/baseline_compat/hyperon-experimental_scripts/g1_docs.metta&#34; --halt=true
Expected: 7
Actual: 143
]]&gt;</pre>
                        </div>
                        
                        
                    </div>
                
                    <div class="test outcome outcome-failed">
                        <a id="7921fbae-5b46-4169-9aec-de0f58118a3f"></a>
                        <table class="proplist">
                            <tr><th>Test case:</th><td><b>hyperon-mettalog_sanity.00_lang_case</b></td></tr>
                            <tr><th>Outcome:</th><td>Failed</td></tr>
                            <tr><th>Duration:</th><td>42.0 sec</td></tr>
                        
                            <tr><th>Failed</th><td>Test failed: Expected &#39;7&#39; but got &#39;143&#39;</td></tr>
                        
                        
                        </table>

                        
                        <pre>AssertionError: Test failed: Expected &#39;7&#39; but got &#39;143&#39;</pre>
                        
                        

                        
                        
                        <div class="stdout"><i>Stdout</i><br>
                            <pre>&lt;![CDATA[
&lt;a href=&#34;file://reports/tests_output/baseline-compat/tests/baseline_compat/hyperon-mettalog_sanity/00_lang_case.metta.html#WHOLE-TESTS.hyperon-mettalog_sanity.00_lang_case&#34;&gt;Test Report&lt;/a&gt;

Assertion: ./mettalog &#39;--output=./reports/tests_output/baseline-compat/&#39; --timeout=40 --html --repl=false  --test &#34;tests/baseline_compat/hyperon-mettalog_sanity/00_lang_case.metta&#34; --halt=true
Expected: 7
Actual: 143
]]&gt;</pre>
                        </div>
                        
                        
                    </div>
                
                    <div class="test outcome outcome-failed">
                        <a id="6a9598fb-715a-4da1-97f6-c73e3412a3e3"></a>
                        <table class="proplist">
                            <tr><th>Test case:</th><td><b>hyperon-mettalog_sanity.01_lang_inc</b></td></tr>
                            <tr><th>Outcome:</th><td>Failed</td></tr>
                            <tr><th>Duration:</th><td>42.0 sec</td></tr>
                        
                            <tr><th>Failed</th><td>Test failed: Expected &#39;7&#39; but got &#39;143&#39;</td></tr>
                        
                        
                        </table>

                        
                        <pre>AssertionError: Test failed: Expected &#39;7&#39; but got &#39;143&#39;</pre>
                        
                        

                        
                        
                        <div class="stdout"><i>Stdout</i><br>
                            <pre>&lt;![CDATA[
&lt;a href=&#34;file://reports/tests_output/baseline-compat/tests/baseline_compat/hyperon-mettalog_sanity/01_lang_inc.metta.html#WHOLE-TESTS.hyperon-mettalog_sanity.01_lang_inc&#34;&gt;Test Report&lt;/a&gt;

Assertion: ./mettalog &#39;--output=./reports/tests_output/baseline-compat/&#39; --timeout=40 --html --repl=false  --test &#34;tests/baseline_compat/hyperon-mettalog_sanity/01_lang_inc.metta&#34; --halt=true
Expected: 7
Actual: 143
]]&gt;</pre>
                        </div>
                        
                        
                    </div>
                
                    <div class="test outcome outcome-failed">
                        <a id="4f3ef39f-13c7-4ffb-b6cf-a97b92a07c35"></a>
                        <table class="proplist">
                            <tr><th>Test case:</th><td><b>hyperon-mettalog_sanity.02-curried-plus</b></td></tr>
                            <tr><th>Outcome:</th><td>Failed</td></tr>
                            <tr><th>Duration:</th><td>42.0 sec</td></tr>
                        
                            <tr><th>Failed</th><td>Test failed: Expected &#39;7&#39; but got &#39;143&#39;</td></tr>
                        
                        
                        </table>

                        
                        <pre>AssertionError: Test failed: Expected &#39;7&#39; but got &#39;143&#39;</pre>
                        
                        

                        
                        
                        <div class="stdout"><i>Stdout</i><br>
                            <pre>&lt;![CDATA[
&lt;a href=&#34;file://reports/tests_output/baseline-compat/tests/baseline_compat/hyperon-mettalog_sanity/02-curried-plus.metta.html#WHOLE-TESTS.hyperon-mettalog_sanity.02-curried-plus&#34;&gt;Test Report&lt;/a&gt;

Assertion: ./mettalog &#39;--output=./reports/tests_output/baseline-compat/&#39; --timeout=40 --html --repl=false  --test &#34;tests/baseline_compat/hyperon-mettalog_sanity/02-curried-plus.metta&#34; --halt=true
Expected: 7
Actual: 143
]]&gt;</pre>
                        </div>
                        
                        
                    </div>
                
                    <div class="test outcome outcome-failed">
                        <a id="1c318ed5-e246-4d8b-98c2-e286533e3905"></a>
                        <table class="proplist">
                            <tr><th>Test case:</th><td><b>hyperon-mettalog_sanity.03-soring-via-insert</b></td></tr>
                            <tr><th>Outcome:</th><td>Failed</td></tr>
                            <tr><th>Duration:</th><td>42.0 sec</td></tr>
                        
                            <tr><th>Failed</th><td>Test failed: Expected &#39;7&#39; but got &#39;143&#39;</td></tr>
                        
                        
                        </table>

                        
                        <pre>AssertionError: Test failed: Expected &#39;7&#39; but got &#39;143&#39;</pre>
                        
                        

                        
                        
                        <div class="stdout"><i>Stdout</i><br>
                            <pre>&lt;![CDATA[
&lt;a href=&#34;file://reports/tests_output/baseline-compat/tests/baseline_compat/hyperon-mettalog_sanity/03-soring-via-insert.metta.html#WHOLE-TESTS.hyperon-mettalog_sanity.03-soring-via-insert&#34;&gt;Test Report&lt;/a&gt;

Assertion: ./mettalog &#39;--output=./reports/tests_output/baseline-compat/&#39; --timeout=40 --html --repl=false  --test &#34;tests/baseline_compat/hyperon-mettalog_sanity/03-soring-via-insert.metta&#34; --halt=true
Expected: 7
Actual: 143
]]&gt;</pre>
                        </div>
                        
                        
                    </div>
                
                    <div class="test outcome outcome-failed">
                        <a id="140551b1-bfc7-4fb7-9e73-bdc3cf6c9a27"></a>
                        <table class="proplist">
                            <tr><th>Test case:</th><td><b>hyperon-mettalog_sanity.06_match_in_space</b></td></tr>
                            <tr><th>Outcome:</th><td>Failed</td></tr>
                            <tr><th>Duration:</th><td>42.0 sec</td></tr>
                        
                            <tr><th>Failed</th><td>Test failed: Expected &#39;7&#39; but got &#39;143&#39;</td></tr>
                        
                        
                        </table>

                        
                        <pre>AssertionError: Test failed: Expected &#39;7&#39; but got &#39;143&#39;</pre>
                        
                        

                        
                        
                        <div class="stdout"><i>Stdout</i><br>
                            <pre>&lt;![CDATA[
&lt;a href=&#34;file://reports/tests_output/baseline-compat/tests/baseline_compat/hyperon-mettalog_sanity/06_match_in_space.metta.html#WHOLE-TESTS.hyperon-mettalog_sanity.06_match_in_space&#34;&gt;Test Report&lt;/a&gt;

Assertion: ./mettalog &#39;--output=./reports/tests_output/baseline-compat/&#39; --timeout=40 --html --repl=false  --test &#34;tests/baseline_compat/hyperon-mettalog_sanity/06_match_in_space.metta&#34; --halt=true
Expected: 7
Actual: 143
]]&gt;</pre>
                        </div>
                        
                        
                    </div>
                
                    <div class="test outcome outcome-failed">
                        <a id="92a7cf2a-7c84-4928-a885-5a0e722e69d0"></a>
                        <table class="proplist">
                            <tr><th>Test case:</th><td><b>hyperon-mettalog_sanity.base_test_repr_parse_intersection</b></td></tr>
                            <tr><th>Outcome:</th><td>Failed</td></tr>
                            <tr><th>Duration:</th><td>42.0 sec</td></tr>
                        
                            <tr><th>Failed</th><td>Test failed: Expected &#39;7&#39; but got &#39;143&#39;</td></tr>
                        
                        
                        </table>

                        
                        <pre>AssertionError: Test failed: Expected &#39;7&#39; but got &#39;143&#39;</pre>
                        
                        

                        
                        
                        <div class="stdout"><i>Stdout</i><br>
                            <pre>&lt;![CDATA[
&lt;a href=&#34;file://reports/tests_output/baseline-compat/tests/baseline_compat/hyperon-mettalog_sanity/base_test_repr_parse_intersection.metta.html#WHOLE-TESTS.hyperon-mettalog_sanity.base_test_repr_parse_intersection&#34;&gt;Test Report&lt;/a&gt;

Assertion: ./mettalog &#39;--output=./reports/tests_output/baseline-compat/&#39; --timeout=40 --html --repl=false  --test &#34;tests/baseline_compat/hyperon-mettalog_sanity/base_test_repr_parse_intersection.metta&#34; --halt=true
Expected: 7
Actual: 143
]]&gt;</pre>
                        </div>
                        
                        
                    </div>
                
                    <div class="test outcome outcome-failed">
                        <a id="6b6be1d3-5f12-4251-af25-68322a2dbb5c"></a>
                        <table class="proplist">
                            <tr><th>Test case:</th><td><b>hyperon-mettalog_sanity.call_cleanup_tests</b></td></tr>
                            <tr><th>Outcome:</th><td>Failed</td></tr>
                            <tr><th>Duration:</th><td>42.0 sec</td></tr>
                        
                            <tr><th>Failed</th><td>Test failed: Expected &#39;7&#39; but got &#39;143&#39;</td></tr>
                        
                        
                        </table>

                        
                        <pre>AssertionError: Test failed: Expected &#39;7&#39; but got &#39;143&#39;</pre>
                        
                        

                        
                        
                        <div class="stdout"><i>Stdout</i><br>
                            <pre>&lt;![CDATA[
&lt;a href=&#34;file://reports/tests_output/baseline-compat/tests/baseline_compat/hyperon-mettalog_sanity/call_cleanup_tests.metta.html#WHOLE-TESTS.hyperon-mettalog_sanity.call_cleanup_tests&#34;&gt;Test Report&lt;/a&gt;

Assertion: ./mettalog &#39;--output=./reports/tests_output/baseline-compat/&#39; --timeout=40 --html --repl=false  --test &#34;tests/baseline_compat/hyperon-mettalog_sanity/call_cleanup_tests.metta&#34; --halt=true
Expected: 7
Actual: 143
]]&gt;</pre>
                        </div>
                        
                        
                    </div>
                
                    <div class="test outcome outcome-failed">
                        <a id="d8ca3a0d-0440-4b47-9028-02e4bd784677"></a>
                        <table class="proplist">
                            <tr><th>Test case:</th><td><b>hyperon-mettalog_sanity.call_tests</b></td></tr>
                            <tr><th>Outcome:</th><td>Failed</td></tr>
                            <tr><th>Duration:</th><td>42.0 sec</td></tr>
                        
                            <tr><th>Failed</th><td>Test failed: Expected &#39;7&#39; but got &#39;143&#39;</td></tr>
                        
                        
                        </table>

                        
                        <pre>AssertionError: Test failed: Expected &#39;7&#39; but got &#39;143&#39;</pre>
                        
                        

                        
                        
                        <div class="stdout"><i>Stdout</i><br>
                            <pre>&lt;![CDATA[
&lt;a href=&#34;file://reports/tests_output/baseline-compat/tests/baseline_compat/hyperon-mettalog_sanity/call_tests.metta.html#WHOLE-TESTS.hyperon-mettalog_sanity.call_tests&#34;&gt;Test Report&lt;/a&gt;

Assertion: ./mettalog &#39;--output=./reports/tests_output/baseline-compat/&#39; --timeout=40 --html --repl=false  --test &#34;tests/baseline_compat/hyperon-mettalog_sanity/call_tests.metta&#34; --halt=true
Expected: 7
Actual: 143
]]&gt;</pre>
                        </div>
                        
                        
                    </div>
                
                    <div class="test outcome outcome-failed">
                        <a id="b3889f27-6196-4460-8826-5e401aaf4c87"></a>
                        <table class="proplist">
                            <tr><th>Test case:</th><td><b>hyperon-mettalog_sanity.catch_throw_tests</b></td></tr>
                            <tr><th>Outcome:</th><td>Failed</td></tr>
                            <tr><th>Duration:</th><td>42.0 sec</td></tr>
                        
                            <tr><th>Failed</th><td>Test failed: Expected &#39;7&#39; but got &#39;143&#39;</td></tr>
                        
                        
                        </table>

                        
                        <pre>AssertionError: Test failed: Expected &#39;7&#39; but got &#39;143&#39;</pre>
                        
                        

                        
                        
                        <div class="stdout"><i>Stdout</i><br>
                            <pre>&lt;![CDATA[
&lt;a href=&#34;file://reports/tests_output/baseline-compat/tests/baseline_compat/hyperon-mettalog_sanity/catch_throw_tests.metta.html#WHOLE-TESTS.hyperon-mettalog_sanity.catch_throw_tests&#34;&gt;Test Report&lt;/a&gt;

Assertion: ./mettalog &#39;--output=./reports/tests_output/baseline-compat/&#39; --timeout=40 --html --repl=false  --test &#34;tests/baseline_compat/hyperon-mettalog_sanity/catch_throw_tests.metta&#34; --halt=true
Expected: 7
Actual: 143
]]&gt;</pre>
                        </div>
                        
                        
                    </div>
                
                    <div class="test outcome outcome-failed">
                        <a id="75a79d1a-a082-4c46-9ca8-d14f700375e3"></a>
                        <table class="proplist">
                            <tr><th>Test case:</th><td><b>hyperon-mettalog_sanity.find_all_tests</b></td></tr>
                            <tr><th>Outcome:</th><td>Failed</td></tr>
                            <tr><th>Duration:</th><td>42.0 sec</td></tr>
                        
                            <tr><th>Failed</th><td>Test failed: Expected &#39;7&#39; but got &#39;143&#39;</td></tr>
                        
                        
                        </table>

                        
                        <pre>AssertionError: Test failed: Expected &#39;7&#39; but got &#39;143&#39;</pre>
                        
                        

                        
                        
                        <div class="stdout"><i>Stdout</i><br>
                            <pre>&lt;![CDATA[
&lt;a href=&#34;file://reports/tests_output/baseline-compat/tests/baseline_compat/hyperon-mettalog_sanity/find_all_tests.metta.html#WHOLE-TESTS.hyperon-mettalog_sanity.find_all_tests&#34;&gt;Test Report&lt;/a&gt;

Assertion: ./mettalog &#39;--output=./reports/tests_output/baseline-compat/&#39; --timeout=40 --html --repl=false  --test &#34;tests/baseline_compat/hyperon-mettalog_sanity/find_all_tests.metta&#34; --halt=true
Expected: 7
Actual: 143
]]&gt;</pre>
                        </div>
                        
                        
                    </div>
                
                    <div class="test outcome outcome-failed">
                        <a id="6ab7a8f7-a441-40d0-bb04-73bb5f68368f"></a>
                        <table class="proplist">
                            <tr><th>Test case:</th><td><b>hyperon-mettalog_sanity.first_answer_long</b></td></tr>
                            <tr><th>Outcome:</th><td>Failed</td></tr>
                            <tr><th>Duration:</th><td>42.0 sec</td></tr>
                        
                            <tr><th>Failed</th><td>Test failed: Expected &#39;7&#39; but got &#39;143&#39;</td></tr>
                        
                        
                        </table>

                        
                        <pre>AssertionError: Test failed: Expected &#39;7&#39; but got &#39;143&#39;</pre>
                        
                        

                        
                        
                        <div class="stdout"><i>Stdout</i><br>
                            <pre>&lt;![CDATA[
&lt;a href=&#34;file://reports/tests_output/baseline-compat/tests/baseline_compat/hyperon-mettalog_sanity/first_answer_long.metta.html#WHOLE-TESTS.hyperon-mettalog_sanity.first_answer_long&#34;&gt;Test Report&lt;/a&gt;

Assertion: ./mettalog &#39;--output=./reports/tests_output/baseline-compat/&#39; --timeout=40 --html --repl=false  --test &#34;tests/baseline_compat/hyperon-mettalog_sanity/first_answer_long.metta&#34; --halt=true
Expected: 7
Actual: 143
]]&gt;</pre>
                        </div>
                        
                        
                    </div>
                
                    <div class="test outcome outcome-failed">
                        <a id="a4367aa5-1859-4def-9d9b-bfc50b67cf72"></a>
                        <table class="proplist">
                            <tr><th>Test case:</th><td><b>hyperon-mettalog_sanity.first_answer</b></td></tr>
                            <tr><th>Outcome:</th><td>Failed</td></tr>
                            <tr><th>Duration:</th><td>42.0 sec</td></tr>
                        
                            <tr><th>Failed</th><td>Test failed: Expected &#39;7&#39; but got &#39;143&#39;</td></tr>
                        
                        
                        </table>

                        
                        <pre>AssertionError: Test failed: Expected &#39;7&#39; but got &#39;143&#39;</pre>
                        
                        

                        
                        
                        <div class="stdout"><i>Stdout</i><br>
                            <pre>&lt;![CDATA[
&lt;a href=&#34;file://reports/tests_output/baseline-compat/tests/baseline_compat/hyperon-mettalog_sanity/first_answer.metta.html#WHOLE-TESTS.hyperon-mettalog_sanity.first_answer&#34;&gt;Test Report&lt;/a&gt;

Assertion: ./mettalog &#39;--output=./reports/tests_output/baseline-compat/&#39; --timeout=40 --html --repl=false  --test &#34;tests/baseline_compat/hyperon-mettalog_sanity/first_answer.metta&#34; --halt=true
Expected: 7
Actual: 143
]]&gt;</pre>
                        </div>
                        
                        
                    </div>
                
                    <div class="test outcome outcome-failed">
                        <a id="ee079b00-d74c-474b-9a02-418bf93d3043"></a>
                        <table class="proplist">
                            <tr><th>Test case:</th><td><b>hyperon-mettalog_sanity.flip_test</b></td></tr>
                            <tr><th>Outcome:</th><td>Failed</td></tr>
                            <tr><th>Duration:</th><td>42.0 sec</td></tr>
                        
                            <tr><th>Failed</th><td>Test failed: Expected &#39;7&#39; but got &#39;143&#39;</td></tr>
                        
                        
                        </table>

                        
                        <pre>AssertionError: Test failed: Expected &#39;7&#39; but got &#39;143&#39;</pre>
                        
                        

                        
                        
                        <div class="stdout"><i>Stdout</i><br>
                            <pre>&lt;![CDATA[
&lt;a href=&#34;file://reports/tests_output/baseline-compat/tests/baseline_compat/hyperon-mettalog_sanity/flip_test.metta.html#WHOLE-TESTS.hyperon-mettalog_sanity.flip_test&#34;&gt;Test Report&lt;/a&gt;

Assertion: ./mettalog &#39;--output=./reports/tests_output/baseline-compat/&#39; --timeout=40 --html --repl=false  --test &#34;tests/baseline_compat/hyperon-mettalog_sanity/flip_test.metta&#34; --halt=true
Expected: 7
Actual: 143
]]&gt;</pre>
                        </div>
                        
                        
                    </div>
                
                    <div class="test outcome outcome-failed">
                        <a id="43144917-f651-4e29-9992-aad351846502"></a>
                        <table class="proplist">
                            <tr><th>Test case:</th><td><b>hyperon-mettalog_sanity.functional_programming_tests</b></td></tr>
                            <tr><th>Outcome:</th><td>Failed</td></tr>
                            <tr><th>Duration:</th><td>42.0 sec</td></tr>
                        
                            <tr><th>Failed</th><td>Test failed: Expected &#39;7&#39; but got &#39;143&#39;</td></tr>
                        
                        
                        </table>

                        
                        <pre>AssertionError: Test failed: Expected &#39;7&#39; but got &#39;143&#39;</pre>
                        
                        

                        
                        
                        <div class="stdout"><i>Stdout</i><br>
                            <pre>&lt;![CDATA[
&lt;a href=&#34;file://reports/tests_output/baseline-compat/tests/baseline_compat/hyperon-mettalog_sanity/functional_programming_tests.metta.html#WHOLE-TESTS.hyperon-mettalog_sanity.functional_programming_tests&#34;&gt;Test Report&lt;/a&gt;

Assertion: ./mettalog &#39;--output=./reports/tests_output/baseline-compat/&#39; --timeout=40 --html --repl=false  --test &#34;tests/baseline_compat/hyperon-mettalog_sanity/functional_programming_tests.metta&#34; --halt=true
Expected: 7
Actual: 143
]]&gt;</pre>
                        </div>
                        
                        
                    </div>
                
                    <div class="test outcome outcome-failed">
                        <a id="04079061-1bc5-44ec-b8cd-c2958bf32056"></a>
                        <table class="proplist">
                            <tr><th>Test case:</th><td><b>hyperon-mettalog_sanity.hyperpose_tests</b></td></tr>
                            <tr><th>Outcome:</th><td>Failed</td></tr>
                            <tr><th>Duration:</th><td>42.0 sec</td></tr>
                        
                            <tr><th>Failed</th><td>Test failed: Expected &#39;7&#39; but got &#39;143&#39;</td></tr>
                        
                        
                        </table>

                        
                        <pre>AssertionError: Test failed: Expected &#39;7&#39; but got &#39;143&#39;</pre>
                        
                        

                        
                        
                        <div class="stdout"><i>Stdout</i><br>
                            <pre>&lt;![CDATA[
&lt;a href=&#34;file://reports/tests_output/baseline-compat/tests/baseline_compat/hyperon-mettalog_sanity/hyperpose_tests.metta.html#WHOLE-TESTS.hyperon-mettalog_sanity.hyperpose_tests&#34;&gt;Test Report&lt;/a&gt;

Assertion: ./mettalog &#39;--output=./reports/tests_output/baseline-compat/&#39; --timeout=40 --html --repl=false  --test &#34;tests/baseline_compat/hyperon-mettalog_sanity/hyperpose_tests.metta&#34; --halt=true
Expected: 7
Actual: 143
]]&gt;</pre>
                        </div>
                        
                        
                    </div>
                
                    <div class="test outcome outcome-failed">
                        <a id="e8934f7f-2003-41a9-9813-9fef7d13f825"></a>
                        <table class="proplist">
                            <tr><th>Test case:</th><td><b>hyperon-mettalog_sanity.intersection_tests</b></td></tr>
                            <tr><th>Outcome:</th><td>Failed</td></tr>
                            <tr><th>Duration:</th><td>42.0 sec</td></tr>
                        
                            <tr><th>Failed</th><td>Test failed: Expected &#39;7&#39; but got &#39;143&#39;</td></tr>
                        
                        
                        </table>

                        
                        <pre>AssertionError: Test failed: Expected &#39;7&#39; but got &#39;143&#39;</pre>
                        
                        

                        
                        
                        <div class="stdout"><i>Stdout</i><br>
                            <pre>&lt;![CDATA[
&lt;a href=&#34;file://reports/tests_output/baseline-compat/tests/baseline_compat/hyperon-mettalog_sanity/intersection_tests.metta.html#WHOLE-TESTS.hyperon-mettalog_sanity.intersection_tests&#34;&gt;Test Report&lt;/a&gt;

Assertion: ./mettalog &#39;--output=./reports/tests_output/baseline-compat/&#39; --timeout=40 --html --repl=false  --test &#34;tests/baseline_compat/hyperon-mettalog_sanity/intersection_tests.metta&#34; --halt=true
Expected: 7
Actual: 143
]]&gt;</pre>
                        </div>
                        
                        
                    </div>
                
                    <div class="test outcome outcome-failed">
                        <a id="8642ed4a-800d-41b2-9086-309a2c01e23f"></a>
                        <table class="proplist">
                            <tr><th>Test case:</th><td><b>hyperon-mettalog_sanity.is_space</b></td></tr>
                            <tr><th>Outcome:</th><td>Failed</td></tr>
                            <tr><th>Duration:</th><td>42.0 sec</td></tr>
                        
                            <tr><th>Failed</th><td>Test failed: Expected &#39;7&#39; but got &#39;143&#39;</td></tr>
                        
                        
                        </table>

                        
                        <pre>AssertionError: Test failed: Expected &#39;7&#39; but got &#39;143&#39;</pre>
                        
                        

                        
                        
                        <div class="stdout"><i>Stdout</i><br>
                            <pre>&lt;![CDATA[
&lt;a href=&#34;file://reports/tests_output/baseline-compat/tests/baseline_compat/hyperon-mettalog_sanity/is_space.metta.html#WHOLE-TESTS.hyperon-mettalog_sanity.is_space&#34;&gt;Test Report&lt;/a&gt;

Assertion: ./mettalog &#39;--output=./reports/tests_output/baseline-compat/&#39; --timeout=40 --html --repl=false  --test &#34;tests/baseline_compat/hyperon-mettalog_sanity/is_space.metta&#34; --halt=true
Expected: 7
Actual: 143
]]&gt;</pre>
                        </div>
                        
                        
                    </div>
                
                    <div class="test outcome outcome-failed">
                        <a id="3c0af005-9d82-40f6-b9d6-7569d5bdb2bf"></a>
                        <table class="proplist">
                            <tr><th>Test case:</th><td><b>hyperon-mettalog_sanity.limit_tests</b></td></tr>
                            <tr><th>Outcome:</th><td>Failed</td></tr>
                            <tr><th>Duration:</th><td>42.0 sec</td></tr>
                        
                            <tr><th>Failed</th><td>Test failed: Expected &#39;7&#39; but got &#39;143&#39;</td></tr>
                        
                        
                        </table>

                        
                        <pre>AssertionError: Test failed: Expected &#39;7&#39; but got &#39;143&#39;</pre>
                        
                        

                        
                        
                        <div class="stdout"><i>Stdout</i><br>
                            <pre>&lt;![CDATA[
&lt;a href=&#34;file://reports/tests_output/baseline-compat/tests/baseline_compat/hyperon-mettalog_sanity/limit_tests.metta.html#WHOLE-TESTS.hyperon-mettalog_sanity.limit_tests&#34;&gt;Test Report&lt;/a&gt;

Assertion: ./mettalog &#39;--output=./reports/tests_output/baseline-compat/&#39; --timeout=40 --html --repl=false  --test &#34;tests/baseline_compat/hyperon-mettalog_sanity/limit_tests.metta&#34; --halt=true
Expected: 7
Actual: 143
]]&gt;</pre>
                        </div>
                        
                        
                    </div>
                
                    <div class="test outcome outcome-failed">
                        <a id="008b958a-48a5-4a23-929e-1bc3606086e0"></a>
                        <table class="proplist">
                            <tr><th>Test case:</th><td><b>hyperon-mettalog_sanity.max_time_tests</b></td></tr>
                            <tr><th>Outcome:</th><td>Failed</td></tr>
                            <tr><th>Duration:</th><td>42.0 sec</td></tr>
                        
                            <tr><th>Failed</th><td>Test failed: Expected &#39;7&#39; but got &#39;143&#39;</td></tr>
                        
                        
                        </table>

                        
                        <pre>AssertionError: Test failed: Expected &#39;7&#39; but got &#39;143&#39;</pre>
                        
                        

                        
                        
                        <div class="stdout"><i>Stdout</i><br>
                            <pre>&lt;![CDATA[
&lt;a href=&#34;file://reports/tests_output/baseline-compat/tests/baseline_compat/hyperon-mettalog_sanity/max_time_tests.metta.html#WHOLE-TESTS.hyperon-mettalog_sanity.max_time_tests&#34;&gt;Test Report&lt;/a&gt;

Assertion: ./mettalog &#39;--output=./reports/tests_output/baseline-compat/&#39; --timeout=40 --html --repl=false  --test &#34;tests/baseline_compat/hyperon-mettalog_sanity/max_time_tests.metta&#34; --halt=true
Expected: 7
Actual: 143
]]&gt;</pre>
                        </div>
                        
                        
                    </div>
                
                    <div class="test outcome outcome-failed">
                        <a id="5eb55b11-28ba-4deb-97ab-84b0fe9db7b2"></a>
                        <table class="proplist">
                            <tr><th>Test case:</th><td><b>hyperon-mettalog_sanity.minimal_metta_tests</b></td></tr>
                            <tr><th>Outcome:</th><td>Failed</td></tr>
                            <tr><th>Duration:</th><td>42.0 sec</td></tr>
                        
                            <tr><th>Failed</th><td>Test failed: Expected &#39;7&#39; but got &#39;143&#39;</td></tr>
                        
                        
                        </table>

                        
                        <pre>AssertionError: Test failed: Expected &#39;7&#39; but got &#39;143&#39;</pre>
                        
                        

                        
                        
                        <div class="stdout"><i>Stdout</i><br>
                            <pre>&lt;![CDATA[
&lt;a href=&#34;file://reports/tests_output/baseline-compat/tests/baseline_compat/hyperon-mettalog_sanity/minimal_metta_tests.metta.html#WHOLE-TESTS.hyperon-mettalog_sanity.minimal_metta_tests&#34;&gt;Test Report&lt;/a&gt;

Assertion: ./mettalog &#39;--output=./reports/tests_output/baseline-compat/&#39; --timeout=40 --html --repl=false  --test &#34;tests/baseline_compat/hyperon-mettalog_sanity/minimal_metta_tests.metta&#34; --halt=true
Expected: 7
Actual: 143
]]&gt;</pre>
                        </div>
                        
                        
                    </div>
                
                    <div class="test outcome outcome-failed">
                        <a id="b3e22067-1c84-4474-addb-58ac8dc98cce"></a>
                        <table class="proplist">
                            <tr><th>Test case:</th><td><b>hyperon-mettalog_sanity.or_test</b></td></tr>
                            <tr><th>Outcome:</th><td>Failed</td></tr>
                            <tr><th>Duration:</th><td>42.0 sec</td></tr>
                        
                            <tr><th>Failed</th><td>Test failed: Expected &#39;7&#39; but got &#39;143&#39;</td></tr>
                        
                        
                        </table>

                        
                        <pre>AssertionError: Test failed: Expected &#39;7&#39; but got &#39;143&#39;</pre>
                        
                        

                        
                        
                        <div class="stdout"><i>Stdout</i><br>
                            <pre>&lt;![CDATA[
&lt;a href=&#34;file://reports/tests_output/baseline-compat/tests/baseline_compat/hyperon-mettalog_sanity/or_test.metta.html#WHOLE-TESTS.hyperon-mettalog_sanity.or_test&#34;&gt;Test Report&lt;/a&gt;

Assertion: ./mettalog &#39;--output=./reports/tests_output/baseline-compat/&#39; --timeout=40 --html --repl=false  --test &#34;tests/baseline_compat/hyperon-mettalog_sanity/or_test.metta&#34; --halt=true
Expected: 7
Actual: 143
]]&gt;</pre>
                        </div>
                        
                        
                    </div>
                
                    <div class="test outcome outcome-failed">
                        <a id="bf8061fa-392d-4c3d-bf50-42fa52f31aa1"></a>
                        <table class="proplist">
                            <tr><th>Test case:</th><td><b>hyperon-mettalog_sanity.py_types</b></td></tr>
                            <tr><th>Outcome:</th><td>Failed</td></tr>
                            <tr><th>Duration:</th><td>42.0 sec</td></tr>
                        
                            <tr><th>Failed</th><td>Test failed: Expected &#39;7&#39; but got &#39;143&#39;</td></tr>
                        
                        
                        </table>

                        
                        <pre>AssertionError: Test failed: Expected &#39;7&#39; but got &#39;143&#39;</pre>
                        
                        

                        
                        
                        <div class="stdout"><i>Stdout</i><br>
                            <pre>&lt;![CDATA[
&lt;a href=&#34;file://reports/tests_output/baseline-compat/tests/baseline_compat/hyperon-mettalog_sanity/py_types.metta.html#WHOLE-TESTS.hyperon-mettalog_sanity.py_types&#34;&gt;Test Report&lt;/a&gt;

Assertion: ./mettalog &#39;--output=./reports/tests_output/baseline-compat/&#39; --timeout=40 --html --repl=false  --test &#34;tests/baseline_compat/hyperon-mettalog_sanity/py_types.metta&#34; --halt=true
Expected: 7
Actual: 143
]]&gt;</pre>
                        </div>
                        
                        
                    </div>
                
                    <div class="test outcome outcome-failed">
                        <a id="e18a98af-0ac3-4842-8290-45b2840f9f43"></a>
                        <table class="proplist">
                            <tr><th>Test case:</th><td><b>hyperon-mettalog_sanity.represent_and_parse_tests</b></td></tr>
                            <tr><th>Outcome:</th><td>Failed</td></tr>
                            <tr><th>Duration:</th><td>42.0 sec</td></tr>
                        
                            <tr><th>Failed</th><td>Test failed: Expected &#39;7&#39; but got &#39;143&#39;</td></tr>
                        
                        
                        </table>

                        
                        <pre>AssertionError: Test failed: Expected &#39;7&#39; but got &#39;143&#39;</pre>
                        
                        

                        
                        
                        <div class="stdout"><i>Stdout</i><br>
                            <pre>&lt;![CDATA[
&lt;a href=&#34;file://reports/tests_output/baseline-compat/tests/baseline_compat/hyperon-mettalog_sanity/represent_and_parse_tests.metta.html#WHOLE-TESTS.hyperon-mettalog_sanity.represent_and_parse_tests&#34;&gt;Test Report&lt;/a&gt;

Assertion: ./mettalog &#39;--output=./reports/tests_output/baseline-compat/&#39; --timeout=40 --html --repl=false  --test &#34;tests/baseline_compat/hyperon-mettalog_sanity/represent_and_parse_tests.metta&#34; --halt=true
Expected: 7
Actual: 143
]]&gt;</pre>
                        </div>
                        
                        
                    </div>
                
                    <div class="test outcome outcome-failed">
                        <a id="c04f4442-b69e-4d00-9ebe-0e656bb5e186"></a>
                        <table class="proplist">
                            <tr><th>Test case:</th><td><b>hyperon-mettalog_sanity.sealed_test</b></td></tr>
                            <tr><th>Outcome:</th><td>Failed</td></tr>
                            <tr><th>Duration:</th><td>42.0 sec</td></tr>
                        
                            <tr><th>Failed</th><td>Test failed: Expected &#39;7&#39; but got &#39;143&#39;</td></tr>
                        
                        
                        </table>

                        
                        <pre>AssertionError: Test failed: Expected &#39;7&#39; but got &#39;143&#39;</pre>
                        
                        

                        
                        
                        <div class="stdout"><i>Stdout</i><br>
                            <pre>&lt;![CDATA[
&lt;a href=&#34;file://reports/tests_output/baseline-compat/tests/baseline_compat/hyperon-mettalog_sanity/sealed_test.metta.html#WHOLE-TESTS.hyperon-mettalog_sanity.sealed_test&#34;&gt;Test Report&lt;/a&gt;

Assertion: ./mettalog &#39;--output=./reports/tests_output/baseline-compat/&#39; --timeout=40 --html --repl=false  --test &#34;tests/baseline_compat/hyperon-mettalog_sanity/sealed_test.metta&#34; --halt=true
Expected: 7
Actual: 143
]]&gt;</pre>
                        </div>
                        
                        
                    </div>
                
                    <div class="test outcome outcome-failed">
                        <a id="afe3298d-576f-484d-934b-37ef6ee14a91"></a>
                        <table class="proplist">
                            <tr><th>Test case:</th><td><b>hyperon-mettalog_sanity.sequential_tests</b></td></tr>
                            <tr><th>Outcome:</th><td>Failed</td></tr>
                            <tr><th>Duration:</th><td>42.0 sec</td></tr>
                        
                            <tr><th>Failed</th><td>Test failed: Expected &#39;7&#39; but got &#39;143&#39;</td></tr>
                        
                        
                        </table>

                        
                        <pre>AssertionError: Test failed: Expected &#39;7&#39; but got &#39;143&#39;</pre>
                        
                        

                        
                        
                        <div class="stdout"><i>Stdout</i><br>
                            <pre>&lt;![CDATA[
&lt;a href=&#34;file://reports/tests_output/baseline-compat/tests/baseline_compat/hyperon-mettalog_sanity/sequential_tests.metta.html#WHOLE-TESTS.hyperon-mettalog_sanity.sequential_tests&#34;&gt;Test Report&lt;/a&gt;

Assertion: ./mettalog &#39;--output=./reports/tests_output/baseline-compat/&#39; --timeout=40 --html --repl=false  --test &#34;tests/baseline_compat/hyperon-mettalog_sanity/sequential_tests.metta&#34; --halt=true
Expected: 7
Actual: 143
]]&gt;</pre>
                        </div>
                        
                        
                    </div>
                
                    <div class="test outcome outcome-failed">
                        <a id="b9110826-43fc-4bf0-a521-e303a2d07f28"></a>
                        <table class="proplist">
                            <tr><th>Test case:</th><td><b>hyperon-mettalog_sanity.space_intersection_tests</b></td></tr>
                            <tr><th>Outcome:</th><td>Failed</td></tr>
                            <tr><th>Duration:</th><td>42.0 sec</td></tr>
                        
                            <tr><th>Failed</th><td>Test failed: Expected &#39;7&#39; but got &#39;143&#39;</td></tr>
                        
                        
                        </table>

                        
                        <pre>AssertionError: Test failed: Expected &#39;7&#39; but got &#39;143&#39;</pre>
                        
                        

                        
                        
                        <div class="stdout"><i>Stdout</i><br>
                            <pre>&lt;![CDATA[
&lt;a href=&#34;file://reports/tests_output/baseline-compat/tests/baseline_compat/hyperon-mettalog_sanity/space_intersection_tests.metta.html#WHOLE-TESTS.hyperon-mettalog_sanity.space_intersection_tests&#34;&gt;Test Report&lt;/a&gt;

Assertion: ./mettalog &#39;--output=./reports/tests_output/baseline-compat/&#39; --timeout=40 --html --repl=false  --test &#34;tests/baseline_compat/hyperon-mettalog_sanity/space_intersection_tests.metta&#34; --halt=true
Expected: 7
Actual: 143
]]&gt;</pre>
                        </div>
                        
                        
                    </div>
                
                    <div class="test outcome outcome-failed">
                        <a id="e9e25a86-d928-4c58-8f51-bfb8b30625aa"></a>
                        <table class="proplist">
                            <tr><th>Test case:</th><td><b>hyperon-mettalog_sanity.space_subtraction_tests</b></td></tr>
                            <tr><th>Outcome:</th><td>Failed</td></tr>
                            <tr><th>Duration:</th><td>42.0 sec</td></tr>
                        
                            <tr><th>Failed</th><td>Test failed: Expected &#39;7&#39; but got &#39;143&#39;</td></tr>
                        
                        
                        </table>

                        
                        <pre>AssertionError: Test failed: Expected &#39;7&#39; but got &#39;143&#39;</pre>
                        
                        

                        
                        
                        <div class="stdout"><i>Stdout</i><br>
                            <pre>&lt;![CDATA[
&lt;a href=&#34;file://reports/tests_output/baseline-compat/tests/baseline_compat/hyperon-mettalog_sanity/space_subtraction_tests.metta.html#WHOLE-TESTS.hyperon-mettalog_sanity.space_subtraction_tests&#34;&gt;Test Report&lt;/a&gt;

Assertion: ./mettalog &#39;--output=./reports/tests_output/baseline-compat/&#39; --timeout=40 --html --repl=false  --test &#34;tests/baseline_compat/hyperon-mettalog_sanity/space_subtraction_tests.metta&#34; --halt=true
Expected: 7
Actual: 143
]]&gt;</pre>
                        </div>
                        
                        
                    </div>
                
                    <div class="test outcome outcome-failed">
                        <a id="60e539cf-e724-4fbc-a2d9-46b0bafc7298"></a>
                        <table class="proplist">
                            <tr><th>Test case:</th><td><b>hyperon-mettalog_sanity.string-tests</b></td></tr>
                            <tr><th>Outcome:</th><td>Failed</td></tr>
                            <tr><th>Duration:</th><td>42.0 sec</td></tr>
                        
                            <tr><th>Failed</th><td>Test failed: Expected &#39;7&#39; but got &#39;143&#39;</td></tr>
                        
                        
                        </table>

                        
                        <pre>AssertionError: Test failed: Expected &#39;7&#39; but got &#39;143&#39;</pre>
                        
                        

                        
                        
                        <div class="stdout"><i>Stdout</i><br>
                            <pre>&lt;![CDATA[
&lt;a href=&#34;file://reports/tests_output/baseline-compat/tests/baseline_compat/hyperon-mettalog_sanity/string-tests.metta.html#WHOLE-TESTS.hyperon-mettalog_sanity.string-tests&#34;&gt;Test Report&lt;/a&gt;

Assertion: ./mettalog &#39;--output=./reports/tests_output/baseline-compat/&#39; --timeout=40 --html --repl=false  --test &#34;tests/baseline_compat/hyperon-mettalog_sanity/string-tests.metta&#34; --halt=true
Expected: 7
Actual: 143
]]&gt;</pre>
                        </div>
                        
                        
                    </div>
                
                    <div class="test outcome outcome-failed">
                        <a id="39b7aebf-5562-4a4c-8bbc-17cff8646fbf"></a>
                        <table class="proplist">
                            <tr><th>Test case:</th><td><b>hyperon-mettalog_sanity.structure-tests</b></td></tr>
                            <tr><th>Outcome:</th><td>Failed</td></tr>
                            <tr><th>Duration:</th><td>43.0 sec</td></tr>
                        
                            <tr><th>Failed</th><td>Test failed: Expected &#39;7&#39; but got &#39;143&#39;</td></tr>
                        
                        
                        </table>

                        
                        <pre>AssertionError: Test failed: Expected &#39;7&#39; but got &#39;143&#39;</pre>
                        
                        

                        
                        
                        <div class="stdout"><i>Stdout</i><br>
                            <pre>&lt;![CDATA[
&lt;a href=&#34;file://reports/tests_output/baseline-compat/tests/baseline_compat/hyperon-mettalog_sanity/structure-tests.metta.html#WHOLE-TESTS.hyperon-mettalog_sanity.structure-tests&#34;&gt;Test Report&lt;/a&gt;

Assertion: ./mettalog &#39;--output=./reports/tests_output/baseline-compat/&#39; --timeout=40 --html --repl=false  --test &#34;tests/baseline_compat/hyperon-mettalog_sanity/structure-tests.metta&#34; --halt=true
Expected: 7
Actual: 143
]]&gt;</pre>
                        </div>
                        
                        
                    </div>
                
                    <div class="test outcome outcome-failed">
                        <a id="d68eba10-8ca3-40f9-bd00-3871d1159948"></a>
                        <table class="proplist">
                            <tr><th>Test case:</th><td><b>hyperon-mettalog_sanity.subtraction_test</b></td></tr>
                            <tr><th>Outcome:</th><td>Failed</td></tr>
                            <tr><th>Duration:</th><td>42.0 sec</td></tr>
                        
                            <tr><th>Failed</th><td>Test failed: Expected &#39;7&#39; but got &#39;143&#39;</td></tr>
                        
                        
                        </table>

                        
                        <pre>AssertionError: Test failed: Expected &#39;7&#39; but got &#39;143&#39;</pre>
                        
                        

                        
                        
                        <div class="stdout"><i>Stdout</i><br>
                            <pre>&lt;![CDATA[
&lt;a href=&#34;file://reports/tests_output/baseline-compat/tests/baseline_compat/hyperon-mettalog_sanity/subtraction_test.metta.html#WHOLE-TESTS.hyperon-mettalog_sanity.subtraction_test&#34;&gt;Test Report&lt;/a&gt;

Assertion: ./mettalog &#39;--output=./reports/tests_output/baseline-compat/&#39; --timeout=40 --html --repl=false  --test &#34;tests/baseline_compat/hyperon-mettalog_sanity/subtraction_test.metta&#34; --halt=true
Expected: 7
Actual: 143
]]&gt;</pre>
                        </div>
                        
                        
                    </div>
                
                    <div class="test outcome outcome-failed">
                        <a id="e3d67a89-cb9b-4f0e-9053-47f1b382bd9d"></a>
                        <table class="proplist">
                            <tr><th>Test case:</th><td><b>synth_buffer.synthesize</b></td></tr>
                            <tr><th>Outcome:</th><td>Failed</td></tr>
                            <tr><th>Duration:</th><td>42.0 sec</td></tr>
                        
                            <tr><th>Failed</th><td>Test failed: Expected &#39;7&#39; but got &#39;143&#39;</td></tr>
                        
                        
                        </table>

                        
                        <pre>AssertionError: Test failed: Expected &#39;7&#39; but got &#39;143&#39;</pre>
                        
                        

                        
                        
                        <div class="stdout"><i>Stdout</i><br>
                            <pre>&lt;![CDATA[
&lt;a href=&#34;file://reports/tests_output/baseline-compat/tests/baseline_compat/hyperon-mettalog_sanity/synth_buffer/synthesize.metta.html#WHOLE-TESTS.synth_buffer.synthesize&#34;&gt;Test Report&lt;/a&gt;

Assertion: ./mettalog &#39;--output=./reports/tests_output/baseline-compat/&#39; --timeout=40 --html --repl=false  --test &#34;tests/baseline_compat/hyperon-mettalog_sanity/synth_buffer/synthesize.metta&#34; --halt=true
Expected: 7
Actual: 143
]]&gt;</pre>
                        </div>
                        
                        
                    </div>
                
                    <div class="test outcome outcome-failed">
                        <a id="e09e4fa3-19c6-40d0-b3f4-ff6646a02e87"></a>
                        <table class="proplist">
                            <tr><th>Test case:</th><td><b>synth_buffer.time_synthesize_long</b></td></tr>
                            <tr><th>Outcome:</th><td>Failed</td></tr>
                            <tr><th>Duration:</th><td>42.0 sec</td></tr>
                        
                            <tr><th>Failed</th><td>Test failed: Expected &#39;7&#39; but got &#39;143&#39;</td></tr>
                        
                        
                        </table>

                        
                        <pre>AssertionError: Test failed: Expected &#39;7&#39; but got &#39;143&#39;</pre>
                        
                        

                        
                        
                        <div class="stdout"><i>Stdout</i><br>
                            <pre>&lt;![CDATA[
&lt;a href=&#34;file://reports/tests_output/baseline-compat/tests/baseline_compat/hyperon-mettalog_sanity/synth_buffer/time_synthesize_long.metta.html#WHOLE-TESTS.synth_buffer.time_synthesize_long&#34;&gt;Test Report&lt;/a&gt;

Assertion: ./mettalog &#39;--output=./reports/tests_output/baseline-compat/&#39; --timeout=40 --html --repl=false  --test &#34;tests/baseline_compat/hyperon-mettalog_sanity/synth_buffer/time_synthesize_long.metta&#34; --halt=true
Expected: 7
Actual: 143
]]&gt;</pre>
                        </div>
                        
                        
                    </div>
                
                    <div class="test outcome outcome-failed">
                        <a id="966c8843-0ac4-4bd2-ae79-23fd5bf1eb72"></a>
                        <table class="proplist">
                            <tr><th>Test case:</th><td><b>synth_buffer.time_synthesize</b></td></tr>
                            <tr><th>Outcome:</th><td>Failed</td></tr>
                            <tr><th>Duration:</th><td>42.0 sec</td></tr>
                        
                            <tr><th>Failed</th><td>Test failed: Expected &#39;7&#39; but got &#39;143&#39;</td></tr>
                        
                        
                        </table>

                        
                        <pre>AssertionError: Test failed: Expected &#39;7&#39; but got &#39;143&#39;</pre>
                        
                        

                        
                        
                        <div class="stdout"><i>Stdout</i><br>
                            <pre>&lt;![CDATA[
&lt;a href=&#34;file://reports/tests_output/baseline-compat/tests/baseline_compat/hyperon-mettalog_sanity/synth_buffer/time_synthesize.metta.html#WHOLE-TESTS.synth_buffer.time_synthesize&#34;&gt;Test Report&lt;/a&gt;

Assertion: ./mettalog &#39;--output=./reports/tests_output/baseline-compat/&#39; --timeout=40 --html --repl=false  --test &#34;tests/baseline_compat/hyperon-mettalog_sanity/synth_buffer/time_synthesize.metta&#34; --halt=true
Expected: 7
Actual: 143
]]&gt;</pre>
                        </div>
                        
                        
                    </div>
                
                    <div class="test outcome outcome-failed">
                        <a id="d49540d3-c1e3-4eb1-bee2-3ad461b155eb"></a>
                        <table class="proplist">
                            <tr><th>Test case:</th><td><b>synth_buffer.time_synthesize_short</b></td></tr>
                            <tr><th>Outcome:</th><td>Failed</td></tr>
                            <tr><th>Duration:</th><td>42.0 sec</td></tr>
                        
                            <tr><th>Failed</th><td>Test failed: Expected &#39;7&#39; but got &#39;143&#39;</td></tr>
                        
                        
                        </table>

                        
                        <pre>AssertionError: Test failed: Expected &#39;7&#39; but got &#39;143&#39;</pre>
                        
                        

                        
                        
                        <div class="stdout"><i>Stdout</i><br>
                            <pre>&lt;![CDATA[
&lt;a href=&#34;file://reports/tests_output/baseline-compat/tests/baseline_compat/hyperon-mettalog_sanity/synth_buffer/time_synthesize_short.metta.html#WHOLE-TESTS.synth_buffer.time_synthesize_short&#34;&gt;Test Report&lt;/a&gt;

Assertion: ./mettalog &#39;--output=./reports/tests_output/baseline-compat/&#39; --timeout=40 --html --repl=false  --test &#34;tests/baseline_compat/hyperon-mettalog_sanity/synth_buffer/time_synthesize_short.metta&#34; --halt=true
Expected: 7
Actual: 143
]]&gt;</pre>
                        </div>
                        
                        
                    </div>
                
                    <div class="test outcome outcome-failed">
                        <a id="53519236-b70a-44e8-8310-863e6abfe896"></a>
                        <table class="proplist">
                            <tr><th>Test case:</th><td><b>hyperon-mettalog_sanity.unique_test</b></td></tr>
                            <tr><th>Outcome:</th><td>Failed</td></tr>
                            <tr><th>Duration:</th><td>42.0 sec</td></tr>
                        
                            <tr><th>Failed</th><td>Test failed: Expected &#39;7&#39; but got &#39;143&#39;</td></tr>
                        
                        
                        </table>

                        
                        <pre>AssertionError: Test failed: Expected &#39;7&#39; but got &#39;143&#39;</pre>
                        
                        

                        
                        
                        <div class="stdout"><i>Stdout</i><br>
                            <pre>&lt;![CDATA[
&lt;a href=&#34;file://reports/tests_output/baseline-compat/tests/baseline_compat/hyperon-mettalog_sanity/unique_test.metta.html#WHOLE-TESTS.hyperon-mettalog_sanity.unique_test&#34;&gt;Test Report&lt;/a&gt;

Assertion: ./mettalog &#39;--output=./reports/tests_output/baseline-compat/&#39; --timeout=40 --html --repl=false  --test &#34;tests/baseline_compat/hyperon-mettalog_sanity/unique_test.metta&#34; --halt=true
Expected: 7
Actual: 143
]]&gt;</pre>
                        </div>
                        
                        
                    </div>
                
                    <div class="test outcome outcome-failed">
                        <a id="ee8cbec9-bda1-4f08-b01d-cca8052468fb"></a>
                        <table class="proplist">
                            <tr><th>Test case:</th><td><b>hyperon-mettalog_sanity.xor_test</b></td></tr>
                            <tr><th>Outcome:</th><td>Failed</td></tr>
                            <tr><th>Duration:</th><td>43.0 sec</td></tr>
                        
                            <tr><th>Failed</th><td>Test failed: Expected &#39;7&#39; but got &#39;143&#39;</td></tr>
                        
                        
                        </table>

                        
                        <pre>AssertionError: Test failed: Expected &#39;7&#39; but got &#39;143&#39;</pre>
                        
                        

                        
                        
                        <div class="stdout"><i>Stdout</i><br>
                            <pre>&lt;![CDATA[
&lt;a href=&#34;file://reports/tests_output/baseline-compat/tests/baseline_compat/hyperon-mettalog_sanity/xor_test.metta.html#WHOLE-TESTS.hyperon-mettalog_sanity.xor_test&#34;&gt;Test Report&lt;/a&gt;

Assertion: ./mettalog &#39;--output=./reports/tests_output/baseline-compat/&#39; --timeout=40 --html --repl=false  --test &#34;tests/baseline_compat/hyperon-mettalog_sanity/xor_test.metta&#34; --halt=true
Expected: 7
Actual: 143
]]&gt;</pre>
                        </div>
                        
                        
                    </div>
                
                    <div class="test outcome outcome-failed">
                        <a id="3c20ca5c-2a9c-4825-807b-6269fa5a9387"></a>
                        <table class="proplist">
                            <tr><th>Test case:</th><td><b>metta-morph_tests.add_atom_match</b></td></tr>
                            <tr><th>Outcome:</th><td>Failed</td></tr>
                            <tr><th>Duration:</th><td>42.0 sec</td></tr>
                        
                            <tr><th>Failed</th><td>Test failed: Expected &#39;7&#39; but got &#39;143&#39;</td></tr>
                        
                        
                        </table>

                        
                        <pre>AssertionError: Test failed: Expected &#39;7&#39; but got &#39;143&#39;</pre>
                        
                        

                        
                        
                        <div class="stdout"><i>Stdout</i><br>
                            <pre>&lt;![CDATA[
&lt;a href=&#34;file://reports/tests_output/baseline-compat/tests/baseline_compat/metta-morph_tests/add_atom_match.metta.html#WHOLE-TESTS.metta-morph_tests.add_atom_match&#34;&gt;Test Report&lt;/a&gt;

Assertion: ./mettalog &#39;--output=./reports/tests_output/baseline-compat/&#39; --timeout=40 --html --repl=false  --test &#34;tests/baseline_compat/metta-morph_tests/add_atom_match.metta&#34; --halt=true
Expected: 7
Actual: 143
]]&gt;</pre>
                        </div>
                        
                        
                    </div>
                
                    <div class="test outcome outcome-failed">
                        <a id="391f30fb-9af2-4bfd-bace-220cd727a457"></a>
                        <table class="proplist">
                            <tr><th>Test case:</th><td><b>metta-morph_tests.and_or</b></td></tr>
                            <tr><th>Outcome:</th><td>Failed</td></tr>
                            <tr><th>Duration:</th><td>42.0 sec</td></tr>
                        
                            <tr><th>Failed</th><td>Test failed: Expected &#39;7&#39; but got &#39;143&#39;</td></tr>
                        
                        
                        </table>

                        
                        <pre>AssertionError: Test failed: Expected &#39;7&#39; but got &#39;143&#39;</pre>
                        
                        

                        
                        
                        <div class="stdout"><i>Stdout</i><br>
                            <pre>&lt;![CDATA[
&lt;a href=&#34;file://reports/tests_output/baseline-compat/tests/baseline_compat/metta-morph_tests/and_or.metta.html#WHOLE-TESTS.metta-morph_tests.and_or&#34;&gt;Test Report&lt;/a&gt;

Assertion: ./mettalog &#39;--output=./reports/tests_output/baseline-compat/&#39; --timeout=40 --html --repl=false  --test &#34;tests/baseline_compat/metta-morph_tests/and_or.metta&#34; --halt=true
Expected: 7
Actual: 143
]]&gt;</pre>
                        </div>
                        
                        
                    </div>
                
                    <div class="test outcome outcome-failed">
                        <a id="6a720ce7-4280-4b8b-b628-aab17f64078c"></a>
                        <table class="proplist">
                            <tr><th>Test case:</th><td><b>metta-morph_tests.collapse</b></td></tr>
                            <tr><th>Outcome:</th><td>Failed</td></tr>
                            <tr><th>Duration:</th><td>42.0 sec</td></tr>
                        
                            <tr><th>Failed</th><td>Test failed: Expected &#39;7&#39; but got &#39;143&#39;</td></tr>
                        
                        
                        </table>

                        
                        <pre>AssertionError: Test failed: Expected &#39;7&#39; but got &#39;143&#39;</pre>
                        
                        

                        
                        
                        <div class="stdout"><i>Stdout</i><br>
                            <pre>&lt;![CDATA[
&lt;a href=&#34;file://reports/tests_output/baseline-compat/tests/baseline_compat/metta-morph_tests/collapse.metta.html#WHOLE-TESTS.metta-morph_tests.collapse&#34;&gt;Test Report&lt;/a&gt;

Assertion: ./mettalog &#39;--output=./reports/tests_output/baseline-compat/&#39; --timeout=40 --html --repl=false  --test &#34;tests/baseline_compat/metta-morph_tests/collapse.metta&#34; --halt=true
Expected: 7
Actual: 143
]]&gt;</pre>
                        </div>
                        
                        
                    </div>
                
                    <div class="test outcome outcome-failed">
                        <a id="00c4f308-b25e-4a35-b3ab-44bf6ab2f89e"></a>
                        <table class="proplist">
                            <tr><th>Test case:</th><td><b>metta-morph_tests.factorial</b></td></tr>
                            <tr><th>Outcome:</th><td>Failed</td></tr>
                            <tr><th>Duration:</th><td>42.0 sec</td></tr>
                        
                            <tr><th>Failed</th><td>Test failed: Expected &#39;7&#39; but got &#39;143&#39;</td></tr>
                        
                        
                        </table>

                        
                        <pre>AssertionError: Test failed: Expected &#39;7&#39; but got &#39;143&#39;</pre>
                        
                        

                        
                        
                        <div class="stdout"><i>Stdout</i><br>
                            <pre>&lt;![CDATA[
&lt;a href=&#34;file://reports/tests_output/baseline-compat/tests/baseline_compat/metta-morph_tests/factorial.metta.html#WHOLE-TESTS.metta-morph_tests.factorial&#34;&gt;Test Report&lt;/a&gt;

Assertion: ./mettalog &#39;--output=./reports/tests_output/baseline-compat/&#39; --timeout=40 --html --repl=false  --test &#34;tests/baseline_compat/metta-morph_tests/factorial.metta&#34; --halt=true
Expected: 7
Actual: 143
]]&gt;</pre>
                        </div>
                        
                        
                    </div>
                
                    <div class="test outcome outcome-failed">
                        <a id="638a0dd8-fd2a-478c-9553-daaa212138a4"></a>
                        <table class="proplist">
                            <tr><th>Test case:</th><td><b>metta-morph_tests.hyperpose</b></td></tr>
                            <tr><th>Outcome:</th><td>Failed</td></tr>
                            <tr><th>Duration:</th><td>42.0 sec</td></tr>
                        
                            <tr><th>Failed</th><td>Test failed: Expected &#39;7&#39; but got &#39;143&#39;</td></tr>
                        
                        
                        </table>

                        
                        <pre>AssertionError: Test failed: Expected &#39;7&#39; but got &#39;143&#39;</pre>
                        
                        

                        
                        
                        <div class="stdout"><i>Stdout</i><br>
                            <pre>&lt;![CDATA[
&lt;a href=&#34;file://reports/tests_output/baseline-compat/tests/baseline_compat/metta-morph_tests/hyperpose.metta.html#WHOLE-TESTS.metta-morph_tests.hyperpose&#34;&gt;Test Report&lt;/a&gt;

Assertion: ./mettalog &#39;--output=./reports/tests_output/baseline-compat/&#39; --timeout=40 --html --repl=false  --test &#34;tests/baseline_compat/metta-morph_tests/hyperpose.metta&#34; --halt=true
Expected: 7
Actual: 143
]]&gt;</pre>
                        </div>
                        
                        
                    </div>
                
                    <div class="test outcome outcome-failed">
                        <a id="a8b3e728-f604-4bff-bda1-eab150912130"></a>
                        <table class="proplist">
                            <tr><th>Test case:</th><td><b>metta-morph_tests.identity</b></td></tr>
                            <tr><th>Outcome:</th><td>Failed</td></tr>
                            <tr><th>Duration:</th><td>42.0 sec</td></tr>
                        
                            <tr><th>Failed</th><td>Test failed: Expected &#39;7&#39; but got &#39;143&#39;</td></tr>
                        
                        
                        </table>

                        
                        <pre>AssertionError: Test failed: Expected &#39;7&#39; but got &#39;143&#39;</pre>
                        
                        

                        
                        
                        <div class="stdout"><i>Stdout</i><br>
                            <pre>&lt;![CDATA[
&lt;a href=&#34;file://reports/tests_output/baseline-compat/tests/baseline_compat/metta-morph_tests/identity.metta.html#WHOLE-TESTS.metta-morph_tests.identity&#34;&gt;Test Report&lt;/a&gt;

Assertion: ./mettalog &#39;--output=./reports/tests_output/baseline-compat/&#39; --timeout=40 --html --repl=false  --test &#34;tests/baseline_compat/metta-morph_tests/identity.metta&#34; --halt=true
Expected: 7
Actual: 143
]]&gt;</pre>
                        </div>
                        
                        
                    </div>
                
                    <div class="test outcome outcome-failed">
                        <a id="ad78d7ec-8265-4a40-a895-0869b30a4386"></a>
                        <table class="proplist">
                            <tr><th>Test case:</th><td><b>metta-morph_tests.if</b></td></tr>
                            <tr><th>Outcome:</th><td>Failed</td></tr>
                            <tr><th>Duration:</th><td>43.0 sec</td></tr>
                        
                            <tr><th>Failed</th><td>Test failed: Expected &#39;7&#39; but got &#39;143&#39;</td></tr>
                        
                        
                        </table>

                        
                        <pre>AssertionError: Test failed: Expected &#39;7&#39; but got &#39;143&#39;</pre>
                        
                        

                        
                        
                        <div class="stdout"><i>Stdout</i><br>
                            <pre>&lt;![CDATA[
&lt;a href=&#34;file://reports/tests_output/baseline-compat/tests/baseline_compat/metta-morph_tests/if.metta.html#WHOLE-TESTS.metta-morph_tests.if&#34;&gt;Test Report&lt;/a&gt;

Assertion: ./mettalog &#39;--output=./reports/tests_output/baseline-compat/&#39; --timeout=40 --html --repl=false  --test &#34;tests/baseline_compat/metta-morph_tests/if.metta&#34; --halt=true
Expected: 7
Actual: 143
]]&gt;</pre>
                        </div>
                        
                        
                    </div>
                
                    <div class="test outcome outcome-failed">
                        <a id="49273a79-db11-4247-9ab1-7f967ae792e5"></a>
                        <table class="proplist">
                            <tr><th>Test case:</th><td><b>metta-morph_tests.letlet</b></td></tr>
                            <tr><th>Outcome:</th><td>Failed</td></tr>
                            <tr><th>Duration:</th><td>42.0 sec</td></tr>
                        
                            <tr><th>Failed</th><td>Test failed: Expected &#39;7&#39; but got &#39;143&#39;</td></tr>
                        
                        
                        </table>

                        
                        <pre>AssertionError: Test failed: Expected &#39;7&#39; but got &#39;143&#39;</pre>
                        
                        

                        
                        
                        <div class="stdout"><i>Stdout</i><br>
                            <pre>&lt;![CDATA[
&lt;a href=&#34;file://reports/tests_output/baseline-compat/tests/baseline_compat/metta-morph_tests/letlet.metta.html#WHOLE-TESTS.metta-morph_tests.letlet&#34;&gt;Test Report&lt;/a&gt;

Assertion: ./mettalog &#39;--output=./reports/tests_output/baseline-compat/&#39; --timeout=40 --html --repl=false  --test &#34;tests/baseline_compat/metta-morph_tests/letlet.metta&#34; --halt=true
Expected: 7
Actual: 143
]]&gt;</pre>
                        </div>
                        
                        
                    </div>
                
                    <div class="test outcome outcome-failed">
                        <a id="f3fb04d6-a2ad-4005-b867-e62d0aef81b0"></a>
                        <table class="proplist">
                            <tr><th>Test case:</th><td><b>metta-morph_tests.let_superpose_if_case</b></td></tr>
                            <tr><th>Outcome:</th><td>Failed</td></tr>
                            <tr><th>Duration:</th><td>42.0 sec</td></tr>
                        
                            <tr><th>Failed</th><td>Test failed: Expected &#39;7&#39; but got &#39;143&#39;</td></tr>
                        
                        
                        </table>

                        
                        <pre>AssertionError: Test failed: Expected &#39;7&#39; but got &#39;143&#39;</pre>
                        
                        

                        
                        
                        <div class="stdout"><i>Stdout</i><br>
                            <pre>&lt;![CDATA[
&lt;a href=&#34;file://reports/tests_output/baseline-compat/tests/baseline_compat/metta-morph_tests/let_superpose_if_case.metta.html#WHOLE-TESTS.metta-morph_tests.let_superpose_if_case&#34;&gt;Test Report&lt;/a&gt;

Assertion: ./mettalog &#39;--output=./reports/tests_output/baseline-compat/&#39; --timeout=40 --html --repl=false  --test &#34;tests/baseline_compat/metta-morph_tests/let_superpose_if_case.metta&#34; --halt=true
Expected: 7
Actual: 143
]]&gt;</pre>
                        </div>
                        
                        
                    </div>
                
                    <div class="test outcome outcome-failed">
                        <a id="e2ece72b-daa2-4cdc-9a64-4e08cb770d27"></a>
                        <table class="proplist">
                            <tr><th>Test case:</th><td><b>metta-morph_tests.let_superpose_list</b></td></tr>
                            <tr><th>Outcome:</th><td>Failed</td></tr>
                            <tr><th>Duration:</th><td>42.0 sec</td></tr>
                        
                            <tr><th>Failed</th><td>Test failed: Expected &#39;7&#39; but got &#39;143&#39;</td></tr>
                        
                        
                        </table>

                        
                        <pre>AssertionError: Test failed: Expected &#39;7&#39; but got &#39;143&#39;</pre>
                        
                        

                        
                        
                        <div class="stdout"><i>Stdout</i><br>
                            <pre>&lt;![CDATA[
&lt;a href=&#34;file://reports/tests_output/baseline-compat/tests/baseline_compat/metta-morph_tests/let_superpose_list.metta.html#WHOLE-TESTS.metta-morph_tests.let_superpose_list&#34;&gt;Test Report&lt;/a&gt;

Assertion: ./mettalog &#39;--output=./reports/tests_output/baseline-compat/&#39; --timeout=40 --html --repl=false  --test &#34;tests/baseline_compat/metta-morph_tests/let_superpose_list.metta&#34; --halt=true
Expected: 7
Actual: 143
]]&gt;</pre>
                        </div>
                        
                        
                    </div>
                
                    <div class="test outcome outcome-failed">
                        <a id="66540b12-56fa-46ab-b89d-ff501d97dd8b"></a>
                        <table class="proplist">
                            <tr><th>Test case:</th><td><b>metta-morph_tests.match_feval</b></td></tr>
                            <tr><th>Outcome:</th><td>Failed</td></tr>
                            <tr><th>Duration:</th><td>42.0 sec</td></tr>
                        
                            <tr><th>Failed</th><td>Test failed: Expected &#39;7&#39; but got &#39;143&#39;</td></tr>
                        
                        
                        </table>

                        
                        <pre>AssertionError: Test failed: Expected &#39;7&#39; but got &#39;143&#39;</pre>
                        
                        

                        
                        
                        <div class="stdout"><i>Stdout</i><br>
                            <pre>&lt;![CDATA[
&lt;a href=&#34;file://reports/tests_output/baseline-compat/tests/baseline_compat/metta-morph_tests/match_feval.metta.html#WHOLE-TESTS.metta-morph_tests.match_feval&#34;&gt;Test Report&lt;/a&gt;

Assertion: ./mettalog &#39;--output=./reports/tests_output/baseline-compat/&#39; --timeout=40 --html --repl=false  --test &#34;tests/baseline_compat/metta-morph_tests/match_feval.metta&#34; --halt=true
Expected: 7
Actual: 143
]]&gt;</pre>
                        </div>
                        
                        
                    </div>
                
                    <div class="test outcome outcome-failed">
                        <a id="d262b97f-1e63-46d3-8319-b328846ed987"></a>
                        <table class="proplist">
                            <tr><th>Test case:</th><td><b>metta-morph_tests.match_superposed_spaces</b></td></tr>
                            <tr><th>Outcome:</th><td>Failed</td></tr>
                            <tr><th>Duration:</th><td>42.0 sec</td></tr>
                        
                            <tr><th>Failed</th><td>Test failed: Expected &#39;7&#39; but got &#39;143&#39;</td></tr>
                        
                        
                        </table>

                        
                        <pre>AssertionError: Test failed: Expected &#39;7&#39; but got &#39;143&#39;</pre>
                        
                        

                        
                        
                        <div class="stdout"><i>Stdout</i><br>
                            <pre>&lt;![CDATA[
&lt;a href=&#34;file://reports/tests_output/baseline-compat/tests/baseline_compat/metta-morph_tests/match_superposed_spaces.metta.html#WHOLE-TESTS.metta-morph_tests.match_superposed_spaces&#34;&gt;Test Report&lt;/a&gt;

Assertion: ./mettalog &#39;--output=./reports/tests_output/baseline-compat/&#39; --timeout=40 --html --repl=false  --test &#34;tests/baseline_compat/metta-morph_tests/match_superposed_spaces.metta&#34; --halt=true
Expected: 7
Actual: 143
]]&gt;</pre>
                        </div>
                        
                        
                    </div>
                
                    <div class="test outcome outcome-failed">
                        <a id="5b3549ce-03d9-4282-8103-41ee33674418"></a>
                        <table class="proplist">
                            <tr><th>Test case:</th><td><b>metta-morph_tests.match_void</b></td></tr>
                            <tr><th>Outcome:</th><td>Failed</td></tr>
                            <tr><th>Duration:</th><td>42.0 sec</td></tr>
                        
                            <tr><th>Failed</th><td>Test failed: Expected &#39;7&#39; but got &#39;143&#39;</td></tr>
                        
                        
                        </table>

                        
                        <pre>AssertionError: Test failed: Expected &#39;7&#39; but got &#39;143&#39;</pre>
                        
                        

                        
                        
                        <div class="stdout"><i>Stdout</i><br>
                            <pre>&lt;![CDATA[
&lt;a href=&#34;file://reports/tests_output/baseline-compat/tests/baseline_compat/metta-morph_tests/match_void.metta.html#WHOLE-TESTS.metta-morph_tests.match_void&#34;&gt;Test Report&lt;/a&gt;

Assertion: ./mettalog &#39;--output=./reports/tests_output/baseline-compat/&#39; --timeout=40 --html --repl=false  --test &#34;tests/baseline_compat/metta-morph_tests/match_void.metta&#34; --halt=true
Expected: 7
Actual: 143
]]&gt;</pre>
                        </div>
                        
                        
                    </div>
                
                    <div class="test outcome outcome-failed">
                        <a id="ab95de4d-b732-4d3f-b09f-6bcf18f66976"></a>
                        <table class="proplist">
                            <tr><th>Test case:</th><td><b>metta-morph_tests.minnars</b></td></tr>
                            <tr><th>Outcome:</th><td>Failed</td></tr>
                            <tr><th>Duration:</th><td>42.0 sec</td></tr>
                        
                            <tr><th>Failed</th><td>Test failed: Expected &#39;7&#39; but got &#39;143&#39;</td></tr>
                        
                        
                        </table>

                        
                        <pre>AssertionError: Test failed: Expected &#39;7&#39; but got &#39;143&#39;</pre>
                        
                        

                        
                        
                        <div class="stdout"><i>Stdout</i><br>
                            <pre>&lt;![CDATA[
&lt;a href=&#34;file://reports/tests_output/baseline-compat/tests/baseline_compat/metta-morph_tests/minnars.metta.html#WHOLE-TESTS.metta-morph_tests.minnars&#34;&gt;Test Report&lt;/a&gt;

Assertion: ./mettalog &#39;--output=./reports/tests_output/baseline-compat/&#39; --timeout=40 --html --repl=false  --test &#34;tests/baseline_compat/metta-morph_tests/minnars.metta&#34; --halt=true
Expected: 7
Actual: 143
]]&gt;</pre>
                        </div>
                        
                        
                    </div>
                
                    <div class="test outcome outcome-failed">
                        <a id="ee84e413-1391-4e0b-8068-923fb6357888"></a>
                        <table class="proplist">
                            <tr><th>Test case:</th><td><b>metta-morph_tests.multifunction</b></td></tr>
                            <tr><th>Outcome:</th><td>Failed</td></tr>
                            <tr><th>Duration:</th><td>42.0 sec</td></tr>
                        
                            <tr><th>Failed</th><td>Test failed: Expected &#39;7&#39; but got &#39;143&#39;</td></tr>
                        
                        
                        </table>

                        
                        <pre>AssertionError: Test failed: Expected &#39;7&#39; but got &#39;143&#39;</pre>
                        
                        

                        
                        
                        <div class="stdout"><i>Stdout</i><br>
                            <pre>&lt;![CDATA[
&lt;a href=&#34;file://reports/tests_output/baseline-compat/tests/baseline_compat/metta-morph_tests/multifunction.metta.html#WHOLE-TESTS.metta-morph_tests.multifunction&#34;&gt;Test Report&lt;/a&gt;

Assertion: ./mettalog &#39;--output=./reports/tests_output/baseline-compat/&#39; --timeout=40 --html --repl=false  --test &#34;tests/baseline_compat/metta-morph_tests/multifunction.metta&#34; --halt=true
Expected: 7
Actual: 143
]]&gt;</pre>
                        </div>
                        
                        
                    </div>
                
                    <div class="test outcome outcome-failed">
                        <a id="81f55121-8df4-4b81-ae80-15563fceb429"></a>
                        <table class="proplist">
                            <tr><th>Test case:</th><td><b>metta-morph_tests.nalifier</b></td></tr>
                            <tr><th>Outcome:</th><td>Failed</td></tr>
                            <tr><th>Duration:</th><td>42.0 sec</td></tr>
                        
                            <tr><th>Failed</th><td>Test failed: Expected &#39;7&#39; but got &#39;143&#39;</td></tr>
                        
                        
                        </table>

                        
                        <pre>AssertionError: Test failed: Expected &#39;7&#39; but got &#39;143&#39;</pre>
                        
                        

                        
                        
                        <div class="stdout"><i>Stdout</i><br>
                            <pre>&lt;![CDATA[
&lt;a href=&#34;file://reports/tests_output/baseline-compat/tests/baseline_compat/metta-morph_tests/nalifier.metta.html#WHOLE-TESTS.metta-morph_tests.nalifier&#34;&gt;Test Report&lt;/a&gt;

Assertion: ./mettalog &#39;--output=./reports/tests_output/baseline-compat/&#39; --timeout=40 --html --repl=false  --test &#34;tests/baseline_compat/metta-morph_tests/nalifier.metta&#34; --halt=true
Expected: 7
Actual: 143
]]&gt;</pre>
                        </div>
                        
                        
                    </div>
                
                    <div class="test outcome outcome-failed">
                        <a id="6d0d14c2-a4d5-4b91-9d73-401feec6967b"></a>
                        <table class="proplist">
                            <tr><th>Test case:</th><td><b>metta-morph_tests.nested_parameters</b></td></tr>
                            <tr><th>Outcome:</th><td>Failed</td></tr>
                            <tr><th>Duration:</th><td>42.0 sec</td></tr>
                        
                            <tr><th>Failed</th><td>Test failed: Expected &#39;7&#39; but got &#39;143&#39;</td></tr>
                        
                        
                        </table>

                        
                        <pre>AssertionError: Test failed: Expected &#39;7&#39; but got &#39;143&#39;</pre>
                        
                        

                        
                        
                        <div class="stdout"><i>Stdout</i><br>
                            <pre>&lt;![CDATA[
&lt;a href=&#34;file://reports/tests_output/baseline-compat/tests/baseline_compat/metta-morph_tests/nested_parameters.metta.html#WHOLE-TESTS.metta-morph_tests.nested_parameters&#34;&gt;Test Report&lt;/a&gt;

Assertion: ./mettalog &#39;--output=./reports/tests_output/baseline-compat/&#39; --timeout=40 --html --repl=false  --test &#34;tests/baseline_compat/metta-morph_tests/nested_parameters.metta&#34; --halt=true
Expected: 7
Actual: 143
]]&gt;</pre>
                        </div>
                        
                        
                    </div>
                
                    <div class="test outcome outcome-failed">
                        <a id="765482fe-edb2-4caf-b1ad-1f86a7d456d5"></a>
                        <table class="proplist">
                            <tr><th>Test case:</th><td><b>metta-morph_tests.peano</b></td></tr>
                            <tr><th>Outcome:</th><td>Failed</td></tr>
                            <tr><th>Duration:</th><td>42.0 sec</td></tr>
                        
                            <tr><th>Failed</th><td>Test failed: Expected &#39;7&#39; but got &#39;143&#39;</td></tr>
                        
                        
                        </table>

                        
                        <pre>AssertionError: Test failed: Expected &#39;7&#39; but got &#39;143&#39;</pre>
                        
                        

                        
                        
                        <div class="stdout"><i>Stdout</i><br>
                            <pre>&lt;![CDATA[
&lt;a href=&#34;file://reports/tests_output/baseline-compat/tests/baseline_compat/metta-morph_tests/peano.metta.html#WHOLE-TESTS.metta-morph_tests.peano&#34;&gt;Test Report&lt;/a&gt;

Assertion: ./mettalog &#39;--output=./reports/tests_output/baseline-compat/&#39; --timeout=40 --html --repl=false  --test &#34;tests/baseline_compat/metta-morph_tests/peano.metta&#34; --halt=true
Expected: 7
Actual: 143
]]&gt;</pre>
                        </div>
                        
                        
                    </div>
                
                    <div class="test outcome outcome-failed">
                        <a id="fb23b872-d65d-4b0c-9de5-2813602ad1db"></a>
                        <table class="proplist">
                            <tr><th>Test case:</th><td><b>metta-morph_tests.sequential_nested</b></td></tr>
                            <tr><th>Outcome:</th><td>Failed</td></tr>
                            <tr><th>Duration:</th><td>42.0 sec</td></tr>
                        
                            <tr><th>Failed</th><td>Test failed: Expected &#39;7&#39; but got &#39;143&#39;</td></tr>
                        
                        
                        </table>

                        
                        <pre>AssertionError: Test failed: Expected &#39;7&#39; but got &#39;143&#39;</pre>
                        
                        

                        
                        
                        <div class="stdout"><i>Stdout</i><br>
                            <pre>&lt;![CDATA[
&lt;a href=&#34;file://reports/tests_output/baseline-compat/tests/baseline_compat/metta-morph_tests/sequential_nested.metta.html#WHOLE-TESTS.metta-morph_tests.sequential_nested&#34;&gt;Test Report&lt;/a&gt;

Assertion: ./mettalog &#39;--output=./reports/tests_output/baseline-compat/&#39; --timeout=40 --html --repl=false  --test &#34;tests/baseline_compat/metta-morph_tests/sequential_nested.metta&#34; --halt=true
Expected: 7
Actual: 143
]]&gt;</pre>
                        </div>
                        
                        
                    </div>
                
                    <div class="test outcome outcome-failed">
                        <a id="2d5c6752-e214-49f1-8085-77a436ecc89b"></a>
                        <table class="proplist">
                            <tr><th>Test case:</th><td><b>metta-morph_tests.states_spaces</b></td></tr>
                            <tr><th>Outcome:</th><td>Failed</td></tr>
                            <tr><th>Duration:</th><td>42.0 sec</td></tr>
                        
                            <tr><th>Failed</th><td>Test failed: Expected &#39;7&#39; but got &#39;143&#39;</td></tr>
                        
                        
                        </table>

                        
                        <pre>AssertionError: Test failed: Expected &#39;7&#39; but got &#39;143&#39;</pre>
                        
                        

                        
                        
                        <div class="stdout"><i>Stdout</i><br>
                            <pre>&lt;![CDATA[
&lt;a href=&#34;file://reports/tests_output/baseline-compat/tests/baseline_compat/metta-morph_tests/states_spaces.metta.html#WHOLE-TESTS.metta-morph_tests.states_spaces&#34;&gt;Test Report&lt;/a&gt;

Assertion: ./mettalog &#39;--output=./reports/tests_output/baseline-compat/&#39; --timeout=40 --html --repl=false  --test &#34;tests/baseline_compat/metta-morph_tests/states_spaces.metta&#34; --halt=true
Expected: 7
Actual: 143
]]&gt;</pre>
                        </div>
                        
                        
                    </div>
                
                    <div class="test outcome outcome-failed">
                        <a id="cb09cb23-63b0-4241-bc3a-1499c6cdaedb"></a>
                        <table class="proplist">
                            <tr><th>Test case:</th><td><b>metta-morph_tests.supercollapse</b></td></tr>
                            <tr><th>Outcome:</th><td>Failed</td></tr>
                            <tr><th>Duration:</th><td>42.0 sec</td></tr>
                        
                            <tr><th>Failed</th><td>Test failed: Expected &#39;7&#39; but got &#39;143&#39;</td></tr>
                        
                        
                        </table>

                        
                        <pre>AssertionError: Test failed: Expected &#39;7&#39; but got &#39;143&#39;</pre>
                        
                        

                        
                        
                        <div class="stdout"><i>Stdout</i><br>
                            <pre>&lt;![CDATA[
&lt;a href=&#34;file://reports/tests_output/baseline-compat/tests/baseline_compat/metta-morph_tests/supercollapse.metta.html#WHOLE-TESTS.metta-morph_tests.supercollapse&#34;&gt;Test Report&lt;/a&gt;

Assertion: ./mettalog &#39;--output=./reports/tests_output/baseline-compat/&#39; --timeout=40 --html --repl=false  --test &#34;tests/baseline_compat/metta-morph_tests/supercollapse.metta&#34; --halt=true
Expected: 7
Actual: 143
]]&gt;</pre>
                        </div>
                        
                        
                    </div>
                
                    <div class="test outcome outcome-failed">
                        <a id="558d5b24-fe0c-4da6-9680-3acce9df263d"></a>
                        <table class="proplist">
                            <tr><th>Test case:</th><td><b>metta-morph_tests.superpose_nested</b></td></tr>
                            <tr><th>Outcome:</th><td>Failed</td></tr>
                            <tr><th>Duration:</th><td>42.0 sec</td></tr>
                        
                            <tr><th>Failed</th><td>Test failed: Expected &#39;7&#39; but got &#39;143&#39;</td></tr>
                        
                        
                        </table>

                        
                        <pre>AssertionError: Test failed: Expected &#39;7&#39; but got &#39;143&#39;</pre>
                        
                        

                        
                        
                        <div class="stdout"><i>Stdout</i><br>
                            <pre>&lt;![CDATA[
&lt;a href=&#34;file://reports/tests_output/baseline-compat/tests/baseline_compat/metta-morph_tests/superpose_nested.metta.html#WHOLE-TESTS.metta-morph_tests.superpose_nested&#34;&gt;Test Report&lt;/a&gt;

Assertion: ./mettalog &#39;--output=./reports/tests_output/baseline-compat/&#39; --timeout=40 --html --repl=false  --test &#34;tests/baseline_compat/metta-morph_tests/superpose_nested.metta&#34; --halt=true
Expected: 7
Actual: 143
]]&gt;</pre>
                        </div>
                        
                        
                    </div>
                
                    <div class="test outcome outcome-failed">
                        <a id="50916b3a-13ec-49ef-be7c-a7daa972ef76"></a>
                        <table class="proplist">
                            <tr><th>Test case:</th><td><b>metta-morph_tests.tests0</b></td></tr>
                            <tr><th>Outcome:</th><td>Failed</td></tr>
                            <tr><th>Duration:</th><td>42.0 sec</td></tr>
                        
                            <tr><th>Failed</th><td>Test failed: Expected &#39;7&#39; but got &#39;143&#39;</td></tr>
                        
                        
                        </table>

                        
                        <pre>AssertionError: Test failed: Expected &#39;7&#39; but got &#39;143&#39;</pre>
                        
                        

                        
                        
                        <div class="stdout"><i>Stdout</i><br>
                            <pre>&lt;![CDATA[
&lt;a href=&#34;file://reports/tests_output/baseline-compat/tests/baseline_compat/metta-morph_tests/tests0.metta.html#WHOLE-TESTS.metta-morph_tests.tests0&#34;&gt;Test Report&lt;/a&gt;

Assertion: ./mettalog &#39;--output=./reports/tests_output/baseline-compat/&#39; --timeout=40 --html --repl=false  --test &#34;tests/baseline_compat/metta-morph_tests/tests0.metta&#34; --halt=true
Expected: 7
Actual: 143
]]&gt;</pre>
                        </div>
                        
                        
                    </div>
                
                    <div class="test outcome outcome-failed">
                        <a id="d961d9dd-adc9-4b1e-8052-a900e23f8e93"></a>
                        <table class="proplist">
                            <tr><th>Test case:</th><td><b>metta-morph_tests.types2</b></td></tr>
                            <tr><th>Outcome:</th><td>Failed</td></tr>
                            <tr><th>Duration:</th><td>42.0 sec</td></tr>
                        
                            <tr><th>Failed</th><td>Test failed: Expected &#39;7&#39; but got &#39;143&#39;</td></tr>
                        
                        
                        </table>

                        
                        <pre>AssertionError: Test failed: Expected &#39;7&#39; but got &#39;143&#39;</pre>
                        
                        

                        
                        
                        <div class="stdout"><i>Stdout</i><br>
                            <pre>&lt;![CDATA[
&lt;a href=&#34;file://reports/tests_output/baseline-compat/tests/baseline_compat/metta-morph_tests/types2.metta.html#WHOLE-TESTS.metta-morph_tests.types2&#34;&gt;Test Report&lt;/a&gt;

Assertion: ./mettalog &#39;--output=./reports/tests_output/baseline-compat/&#39; --timeout=40 --html --repl=false  --test &#34;tests/baseline_compat/metta-morph_tests/types2.metta&#34; --halt=true
Expected: 7
Actual: 143
]]&gt;</pre>
                        </div>
                        
                        
                    </div>
                
                    <div class="test outcome outcome-failed">
                        <a id="2394e572-ec41-40cd-85c7-5208b69d0c43"></a>
                        <table class="proplist">
                            <tr><th>Test case:</th><td><b>metta-morph_tests.types3</b></td></tr>
                            <tr><th>Outcome:</th><td>Failed</td></tr>
                            <tr><th>Duration:</th><td>42.0 sec</td></tr>
                        
                            <tr><th>Failed</th><td>Test failed: Expected &#39;7&#39; but got &#39;143&#39;</td></tr>
                        
                        
                        </table>

                        
                        <pre>AssertionError: Test failed: Expected &#39;7&#39; but got &#39;143&#39;</pre>
                        
                        

                        
                        
                        <div class="stdout"><i>Stdout</i><br>
                            <pre>&lt;![CDATA[
&lt;a href=&#34;file://reports/tests_output/baseline-compat/tests/baseline_compat/metta-morph_tests/types3.metta.html#WHOLE-TESTS.metta-morph_tests.types3&#34;&gt;Test Report&lt;/a&gt;

Assertion: ./mettalog &#39;--output=./reports/tests_output/baseline-compat/&#39; --timeout=40 --html --repl=false  --test &#34;tests/baseline_compat/metta-morph_tests/types3.metta&#34; --halt=true
Expected: 7
Actual: 143
]]&gt;</pre>
                        </div>
                        
                        
                    </div>
                
                    <div class="test outcome outcome-failed">
                        <a id="816d5ae9-84f0-4724-a7ea-e2964186fc4a"></a>
                        <table class="proplist">
                            <tr><th>Test case:</th><td><b>metta-morph_tests.types</b></td></tr>
                            <tr><th>Outcome:</th><td>Failed</td></tr>
                            <tr><th>Duration:</th><td>43.0 sec</td></tr>
                        
                            <tr><th>Failed</th><td>Test failed: Expected &#39;7&#39; but got &#39;143&#39;</td></tr>
                        
                        
                        </table>

                        
                        <pre>AssertionError: Test failed: Expected &#39;7&#39; but got &#39;143&#39;</pre>
                        
                        

                        
                        
                        <div class="stdout"><i>Stdout</i><br>
                            <pre>&lt;![CDATA[
&lt;a href=&#34;file://reports/tests_output/baseline-compat/tests/baseline_compat/metta-morph_tests/types.metta.html#WHOLE-TESTS.metta-morph_tests.types&#34;&gt;Test Report&lt;/a&gt;

Assertion: ./mettalog &#39;--output=./reports/tests_output/baseline-compat/&#39; --timeout=40 --html --repl=false  --test &#34;tests/baseline_compat/metta-morph_tests/types.metta&#34; --halt=true
Expected: 7
Actual: 143
]]&gt;</pre>
                        </div>
                        
                        
                    </div>
                
                    <div class="test outcome outcome-failed">
                        <a id="12731742-ab14-4389-816d-354b9f50ef73"></a>
                        <table class="proplist">
                            <tr><th>Test case:</th><td><b>metta-morph_tests.zeroargs</b></td></tr>
                            <tr><th>Outcome:</th><td>Failed</td></tr>
                            <tr><th>Duration:</th><td>42.0 sec</td></tr>
                        
                            <tr><th>Failed</th><td>Test failed: Expected &#39;7&#39; but got &#39;143&#39;</td></tr>
                        
                        
                        </table>

                        
                        <pre>AssertionError: Test failed: Expected &#39;7&#39; but got &#39;143&#39;</pre>
                        
                        

                        
                        
                        <div class="stdout"><i>Stdout</i><br>
                            <pre>&lt;![CDATA[
&lt;a href=&#34;file://reports/tests_output/baseline-compat/tests/baseline_compat/metta-morph_tests/zeroargs.metta.html#WHOLE-TESTS.metta-morph_tests.zeroargs&#34;&gt;Test Report&lt;/a&gt;

Assertion: ./mettalog &#39;--output=./reports/tests_output/baseline-compat/&#39; --timeout=40 --html --repl=false  --test &#34;tests/baseline_compat/metta-morph_tests/zeroargs.metta&#34; --halt=true
Expected: 7
Actual: 143
]]&gt;</pre>
                        </div>
                        
                        
                    </div>
                
                    <div class="test outcome outcome-failed">
                        <a id="c070e812-ec5b-468d-9ddd-2449190afad2"></a>
                        <table class="proplist">
                            <tr><th>Test case:</th><td><b>module-system.c2_spaces</b></td></tr>
                            <tr><th>Outcome:</th><td>Failed</td></tr>
                            <tr><th>Duration:</th><td>42.0 sec</td></tr>
                        
                            <tr><th>Failed</th><td>Test failed: Expected &#39;7&#39; but got &#39;143&#39;</td></tr>
                        
                        
                        </table>

                        
                        <pre>AssertionError: Test failed: Expected &#39;7&#39; but got &#39;143&#39;</pre>
                        
                        

                        
                        
                        <div class="stdout"><i>Stdout</i><br>
                            <pre>&lt;![CDATA[
&lt;a href=&#34;file://reports/tests_output/baseline-compat/tests/baseline_compat/module-system/c2_spaces.metta.html#WHOLE-TESTS.module-system.c2_spaces&#34;&gt;Test Report&lt;/a&gt;

Assertion: ./mettalog &#39;--output=./reports/tests_output/baseline-compat/&#39; --timeout=40 --html --repl=false  --test &#34;tests/baseline_compat/module-system/c2_spaces.metta&#34; --halt=true
Expected: 7
Actual: 143
]]&gt;</pre>
                        </div>
                        
                        
                    </div>
                
                    <div class="test outcome outcome-failed">
                        <a id="d32eceba-9c16-4d0b-be62-aa4a52684fa5"></a>
                        <table class="proplist">
                            <tr><th>Test case:</th><td><b>quick.c1_grounded_basic</b></td></tr>
                            <tr><th>Outcome:</th><td>Failed</td></tr>
                            <tr><th>Duration:</th><td>42.0 sec</td></tr>
                        
                            <tr><th>Failed</th><td>Test failed: Expected &#39;7&#39; but got &#39;143&#39;</td></tr>
                        
                        
                        </table>

                        
                        <pre>AssertionError: Test failed: Expected &#39;7&#39; but got &#39;143&#39;</pre>
                        
                        

                        
                        
                        <div class="stdout"><i>Stdout</i><br>
                            <pre>&lt;![CDATA[
&lt;a href=&#34;file://reports/tests_output/baseline-compat/tests/baseline_compat/quick/c1_grounded_basic.metta.html#WHOLE-TESTS.quick.c1_grounded_basic&#34;&gt;Test Report&lt;/a&gt;

Assertion: ./mettalog &#39;--output=./reports/tests_output/baseline-compat/&#39; --timeout=40 --html --repl=false  --test &#34;tests/baseline_compat/quick/c1_grounded_basic.metta&#34; --halt=true
Expected: 7
Actual: 143
]]&gt;</pre>
                        </div>
                        
                        
                    </div>
                
                    <div class="test outcome outcome-failed">
                        <a id="86fe82e0-603e-4b0d-a1f1-9780ed7cbfb2"></a>
                        <table class="proplist">
                            <tr><th>Test case:</th><td><b>quick.d1_gadt</b></td></tr>
                            <tr><th>Outcome:</th><td>Failed</td></tr>
                            <tr><th>Duration:</th><td>42.0 sec</td></tr>
                        
                            <tr><th>Failed</th><td>Test failed: Expected &#39;7&#39; but got &#39;143&#39;</td></tr>
                        
                        
                        </table>

                        
                        <pre>AssertionError: Test failed: Expected &#39;7&#39; but got &#39;143&#39;</pre>
                        
                        

                        
                        
                        <div class="stdout"><i>Stdout</i><br>
                            <pre>&lt;![CDATA[
&lt;a href=&#34;file://reports/tests_output/baseline-compat/tests/baseline_compat/quick/d1_gadt.metta.html#WHOLE-TESTS.quick.d1_gadt&#34;&gt;Test Report&lt;/a&gt;

Assertion: ./mettalog &#39;--output=./reports/tests_output/baseline-compat/&#39; --timeout=40 --html --repl=false  --test &#34;tests/baseline_compat/quick/d1_gadt.metta&#34; --halt=true
Expected: 7
Actual: 143
]]&gt;</pre>
                        </div>
                        
                        
                    </div>
                
                    <div class="test outcome outcome-failed">
                        <a id="daf4e896-8256-4289-86d5-cf5d42c373c3"></a>
                        <table class="proplist">
                            <tr><th>Test case:</th><td><b>quick.d2_higherfunc</b></td></tr>
                            <tr><th>Outcome:</th><td>Failed</td></tr>
                            <tr><th>Duration:</th><td>42.0 sec</td></tr>
                        
                            <tr><th>Failed</th><td>Test failed: Expected &#39;7&#39; but got &#39;143&#39;</td></tr>
                        
                        
                        </table>

                        
                        <pre>AssertionError: Test failed: Expected &#39;7&#39; but got &#39;143&#39;</pre>
                        
                        

                        
                        
                        <div class="stdout"><i>Stdout</i><br>
                            <pre>&lt;![CDATA[
&lt;a href=&#34;file://reports/tests_output/baseline-compat/tests/baseline_compat/quick/d2_higherfunc.metta.html#WHOLE-TESTS.quick.d2_higherfunc&#34;&gt;Test Report&lt;/a&gt;

Assertion: ./mettalog &#39;--output=./reports/tests_output/baseline-compat/&#39; --timeout=40 --html --repl=false  --test &#34;tests/baseline_compat/quick/d2_higherfunc.metta&#34; --halt=true
Expected: 7
Actual: 143
]]&gt;</pre>
                        </div>
                        
                        
                    </div>
                
                    <div class="test outcome outcome-failed">
                        <a id="6c62bfdd-ddf7-4fa3-a595-2115a77d9ac1"></a>
                        <table class="proplist">
                            <tr><th>Test case:</th><td><b>quick.d4_type_prop</b></td></tr>
                            <tr><th>Outcome:</th><td>Failed</td></tr>
                            <tr><th>Duration:</th><td>42.0 sec</td></tr>
                        
                            <tr><th>Failed</th><td>Test failed: Expected &#39;7&#39; but got &#39;143&#39;</td></tr>
                        
                        
                        </table>

                        
                        <pre>AssertionError: Test failed: Expected &#39;7&#39; but got &#39;143&#39;</pre>
                        
                        

                        
                        
                        <div class="stdout"><i>Stdout</i><br>
                            <pre>&lt;![CDATA[
&lt;a href=&#34;file://reports/tests_output/baseline-compat/tests/baseline_compat/quick/d4_type_prop.metta.html#WHOLE-TESTS.quick.d4_type_prop&#34;&gt;Test Report&lt;/a&gt;

Assertion: ./mettalog &#39;--output=./reports/tests_output/baseline-compat/&#39; --timeout=40 --html --repl=false  --test &#34;tests/baseline_compat/quick/d4_type_prop.metta&#34; --halt=true
Expected: 7
Actual: 143
]]&gt;</pre>
                        </div>
                        
                        
                    </div>
                
                    <div class="test outcome outcome-failed">
                        <a id="22dffea4-f9b9-4d0f-b8fb-d5ffa4d961db"></a>
                        <table class="proplist">
                            <tr><th>Test case:</th><td><b>quick.f1_imports</b></td></tr>
                            <tr><th>Outcome:</th><td>Failed</td></tr>
                            <tr><th>Duration:</th><td>42.0 sec</td></tr>
                        
                            <tr><th>Failed</th><td>Test failed: Expected &#39;7&#39; but got &#39;143&#39;</td></tr>
                        
                        
                        </table>

                        
                        <pre>AssertionError: Test failed: Expected &#39;7&#39; but got &#39;143&#39;</pre>
                        
                        

                        
                        
                        <div class="stdout"><i>Stdout</i><br>
                            <pre>&lt;![CDATA[
&lt;a href=&#34;file://reports/tests_output/baseline-compat/tests/baseline_compat/quick/f1_imports.metta.html#WHOLE-TESTS.quick.f1_imports&#34;&gt;Test Report&lt;/a&gt;

Assertion: ./mettalog &#39;--output=./reports/tests_output/baseline-compat/&#39; --timeout=40 --html --repl=false  --test &#34;tests/baseline_compat/quick/f1_imports.metta&#34; --halt=true
Expected: 7
Actual: 143
]]&gt;</pre>
                        </div>
                        
                        
                    </div>
                
                    <div class="test outcome outcome-failed">
                        <a id="1f46f4eb-2dde-4f74-bd84-f4b351b98162"></a>
                        <table class="proplist">
                            <tr><th>Test case:</th><td><b>quick.f1_moduleA</b></td></tr>
                            <tr><th>Outcome:</th><td>Failed</td></tr>
                            <tr><th>Duration:</th><td>42.0 sec</td></tr>
                        
                            <tr><th>Failed</th><td>Test failed: Expected &#39;7&#39; but got &#39;143&#39;</td></tr>
                        
                        
                        </table>

                        
                        <pre>AssertionError: Test failed: Expected &#39;7&#39; but got &#39;143&#39;</pre>
                        
                        

                        
                        
                        <div class="stdout"><i>Stdout</i><br>
                            <pre>&lt;![CDATA[
&lt;a href=&#34;file://reports/tests_output/baseline-compat/tests/baseline_compat/quick/f1_moduleA.metta.html#WHOLE-TESTS.quick.f1_moduleA&#34;&gt;Test Report&lt;/a&gt;

Assertion: ./mettalog &#39;--output=./reports/tests_output/baseline-compat/&#39; --timeout=40 --html --repl=false  --test &#34;tests/baseline_compat/quick/f1_moduleA.metta&#34; --halt=true
Expected: 7
Actual: 143
]]&gt;</pre>
                        </div>
                        
                        
                    </div>
                
                </div>
            </div>
            
        </div>
    </div>
    



<p class="footer">
    Generated by junit2html
</p>
</body>
</html>