<!DOCTYPE html>
<html lang="en">
<head>
    <meta charset="UTF-8">
    <title>junit.xml</title>
    <style type="text/css">
        body {
    background-color: white;
    padding-bottom: 20em;
    margin: 0;
    min-height: 15cm;
}

h1, h2, h3, h4, h5, h6, h7 {
    font-family: sans-serif;
}

h1 {
    background-color: #007acc;
    color: white;
    padding: 3mm;
    margin-top: 0;
    margin-bottom: 1mm;
}

.footer {
    font-style: italic;
    font-size: small;
    text-align: right;
    padding: 1em;
}

.testsuite {
    padding-bottom: 2em;
    margin-left: 1em;
}

.proplist {
    width: 100%;
    margin-bottom: 2em;
    border-collapse: collapse;
    border: 1px solid grey;
}

.proplist th {
    background-color: silver;
    width: 5em;
    padding: 2px;
    padding-right: 1em;
    text-align: left;
}

.proplist td {
    padding: 2px;
    word-break: break-all;
}

.index-table {
    width: 90%;
    margin-left: 1em;
}

.index-table td {
    vertical-align: top;
    max-width: 200px;
    word-wrap: break-word;
}

.failure-index {

}

.toc {
    margin-bottom: 2em;
    font-family: monospace;
}

.stdio, pre {
    min-height: 1em;
    background-color: #1e1e1e;
    color: silver;
    padding: 0.5em;
}
.tdpre {
    background-color: #1e1e1e;
}

.test {
    margin-left: 0.5cm;
}

.toc {
    list-style: none;
}

.toc li.outcome {
    list-style: none;
}

.toc li.outcome::before {
    content: "\2022";
    color: black;
    font-weight: bold;
    display: inline-block;
    width: 1.27em;
    margin-left: -1.27em;
    font-size: 1.2em;
}

.toc li.outcome-failed {
    background-color: lightcoral;
}

.toc li.outcome-failed::before {
    color: red;
}

.toc li.outcome-passed::before {
    color: green;
}

.toc li.outcome-skipped::before {
    color: orange;
}

.testcases .outcome {
    border-left: 1em;
    padding: 2px;
}

.testcases .outcome-failed {
    border-left: 1em solid lightcoral;
}


.outcome-passed {
    border-left: 1em solid lightgreen;
}

.outcome-skipped {
    border-left: 1em dotted silver;
}

.testcases .outcome-passed {
    border-left: 1em solid lightgreen;
}

.testcases .outcome-skipped {
    border-left: 1em solid #FED8B1;
}

.stats-table {
}

.stats-table td {
    min-width: 4em;
    text-align: right;
}

.stats-table .failed {
    background-color: lightcoral;
}

.stats-table .passed {
    background-color: lightgreen;
}

.matrix-table {
    table-layout: fixed;
    border-spacing: 0;
    width: available;
    margin-left: 1em;
}

.matrix-table td {
    vertical-align: center;
}

.matrix-table td:last-child {
    width: 0;
}

.matrix-table tr:hover {
    background-color: yellow;
}

.matrix-axis-name {
    white-space: nowrap;
    padding-right: 0.5em;
    border-left: 1px solid black;
    border-top: 1px solid black;
    text-align: right;
}

.matrix-axis-line {
    border-left: 1px solid black;
    width: 0.5em;
}

.matrix-classname {
    text-align: left;
    width: 100%;
    border-top: 2px solid grey;
    border-bottom: 1px solid silver;
}

.matrix-casename {
    text-align: left;
    font-weight: normal;
    font-style: italic;
    padding-left: 1em;
    border-bottom: 1px solid silver;
}

.matrix-result {
    display: block;
    width: 1em;
    text-align: center;
    padding: 1mm;
    margin: 0;
}

.matrix-result-combined {
    white-space: nowrap;
    padding-right: 0.2em;
    text-align: right;
}

.matrix-result-failed {
    background-color: lightcoral;
}

.matrix-result-passed {
    background-color: lightgreen;
}

.matrix-result-skipped {
    background-color: lightyellow;
}

.matrix-even {
    background-color: lightgray;
}
    </style>
</head>
<body>
    
<h1>
    Test Report : junit.xml
</h1>


<a id="toc"></a>
<table class="index-table">
    <tr>
        <td>
            <ul class="toc">
            
                
                <li>WHOLE-TESTS
                <ul>
                    
                    <li class="outcome outcome-failed"><a href="#112cef27-f6e1-4f71-a121-0bc20bf9a6a7">module-system.f1_imports</a></li>
                    
                    <li class="outcome outcome-failed"><a href="#0700d2af-52e2-4f93-85c7-feb1a1ecd723">module-system.f1_moduleA</a></li>
                    
                    <li class="outcome outcome-failed"><a href="#d2235e6c-7832-422e-aa01-a312917544e4">anti-regression.bc_comp</a></li>
                    
                    <li class="outcome outcome-failed"><a href="#600b923a-3552-498d-9831-8407b614e658">anti-regression.bchain_comp</a></li>
                    
                    <li class="outcome outcome-failed"><a href="#8f538498-4c57-486b-837b-29bedeeccd78">anti-regression.bchain</a></li>
                    
                    <li class="outcome outcome-failed"><a href="#3eea0191-57ac-4cd8-a408-aa3d3ecef20e">anti-regression.comma_is_not_special</a></li>
                    
                    <li class="outcome outcome-failed"><a href="#561842f5-1389-4561-9550-dcd38e099c20">anti-regression.debug_mettalogTestCurried</a></li>
                    
                    <li class="outcome outcome-failed"><a href="#38beb996-34a6-4203-bbbe-21b698d6482e">metta-wam-issue-116.test_spo_1000</a></li>
                    
                    <li class="outcome outcome-failed"><a href="#30fd7bbf-1fc9-4e07-a60f-2acea39548e0">metta-wam-issue-116.test_spo_100</a></li>
                    
                    <li class="outcome outcome-failed"><a href="#ae26c4ff-f941-4d7a-8347-fb9e4edba9b1">metta-wam-issue-116.test_spo_116378</a></li>
                    
                    <li class="outcome outcome-failed"><a href="#b629f825-ca7b-43da-8266-e00d77e61245">metta-wam-issue-116.test_spo_5000</a></li>
                    
                    <li class="outcome outcome-failed"><a href="#d4410be6-37df-4f63-a8bd-0ec4fadd978b">metta-wam-issue-145.print_graph</a></li>
                    
                    <li class="outcome outcome-failed"><a href="#9d8736fc-08f8-49b9-b994-001973fa706a">anti-regression.mettalogTestCurried2</a></li>
                    
                    <li class="outcome outcome-failed"><a href="#ddd31454-21b2-4d79-a410-f35c379be923">anti-regression.mettalogTestCurried</a></li>
                    
                    <li class="outcome outcome-failed"><a href="#82a8bf6b-8037-41af-9796-d41dcfdf174c">anti-regression.system_proofTestCurried</a></li>
                    
                    <li class="outcome outcome-failed"><a href="#ff240ddc-ffb8-4179-90e0-7740ed047728">anti-regression.test_if_closed</a></li>
                    
                    <li class="outcome outcome-failed"><a href="#935fc1fa-eb6d-4866-9591-a149764d2584">anti-regression.tmpMatch1</a></li>
                    
                    <li class="outcome outcome-failed"><a href="#cb14b0db-2099-476b-9b26-ae3ec8c449cf">anti-regression.tmpMatch2</a></li>
                    
                    <li class="outcome outcome-failed"><a href="#bc6ff403-a9aa-448d-9c2d-f6733c54af76">hyperon-experimental_scripts.a1_symbols</a></li>
                    
                    <li class="outcome outcome-failed"><a href="#1887a490-7afc-48e0-94c0-117a2b18ad2c">hyperon-experimental_scripts.a2_opencoggy</a></li>
                    
                    <li class="outcome outcome-failed"><a href="#4b3d8308-238a-4917-9856-4371386543dc">hyperon-experimental_scripts.a3_twoside</a></li>
                    
                    <li class="outcome outcome-failed"><a href="#e57900b6-27af-4324-bb4c-761a1a863bf1">hyperon-experimental_scripts.b0_chaining_prelim</a></li>
                    
                    <li class="outcome outcome-failed"><a href="#a1c015c3-6e6d-48ee-ac46-45341225c32e">hyperon-experimental_scripts.b1_equal_chain</a></li>
                    
                    <li class="outcome outcome-failed"><a href="#6e522371-b3c5-4e9f-90b7-490b2f96fb2c">hyperon-experimental_scripts.b2_backchain</a></li>
                    
                    <li class="outcome outcome-failed"><a href="#8f3958d6-3607-4f95-a726-0a1ac3f19d57">hyperon-experimental_scripts.b3_direct</a></li>
                    
                    <li class="outcome outcome-failed"><a href="#3f4e4e53-d27c-4913-bb77-6ed8caf0c0b1">hyperon-experimental_scripts.b4_nondeterm</a></li>
                    
                    <li class="outcome outcome-failed"><a href="#80c5c269-f8a3-4853-9c34-d889d589e0d8">hyperon-experimental_scripts.b5_types_prelim</a></li>
                    
                    <li class="outcome outcome-failed"><a href="#154f3a5f-25d4-4f5f-bd66-241e9501d466">hyperon-experimental_scripts.c1_grounded_basic</a></li>
                    
                    <li class="outcome outcome-failed"><a href="#daedf760-093a-43cc-a971-d159ecb771eb">hyperon-experimental_scripts.c2_spaces</a></li>
                    
                    <li class="outcome outcome-failed"><a href="#2ea40aa3-912c-419f-a5dd-804d4c494552">hyperon-experimental_scripts.c3_pln_stv</a></li>
                    
                    <li class="outcome outcome-failed"><a href="#7963b7af-e16a-4da7-9e2c-e7b6839ac3c5">hyperon-experimental_scripts.d1_gadt</a></li>
                    
                    <li class="outcome outcome-failed"><a href="#72b07cd5-aa19-4327-a04b-2fb7310d6f9e">hyperon-experimental_scripts.d2_higherfunc</a></li>
                    
                    <li class="outcome outcome-failed"><a href="#9394272f-f175-487b-926b-fd8157e84bf5">hyperon-experimental_scripts.d3_deptypes</a></li>
                    
                    <li class="outcome outcome-failed"><a href="#75ce949e-3670-4bbf-973f-865b273cc0d4">hyperon-experimental_scripts.d4_type_prop</a></li>
                    
                    <li class="outcome outcome-failed"><a href="#ea522bba-d7ff-42c4-8e53-4dc0e49db498">hyperon-experimental_scripts.d5_auto_types</a></li>
                    
                    <li class="outcome outcome-failed"><a href="#fdbbca3c-064e-42b5-9b24-ee5962ae6110">hyperon-experimental_scripts.e1_kb_write</a></li>
                    
                    <li class="outcome outcome-failed"><a href="#67a77199-7cce-4ab7-b074-bcb3f16f524f">hyperon-experimental_scripts.e2_states</a></li>
                    
                    <li class="outcome outcome-failed"><a href="#67dab229-2f34-44b1-8370-794062c5dbcf">hyperon-experimental_scripts.e3_match_states</a></li>
                    
                    <li class="outcome outcome-failed"><a href="#d76d5847-047a-4558-b66d-a320f7aa257c">hyperon-experimental_scripts.f1_imports</a></li>
                    
                    <li class="outcome outcome-failed"><a href="#e9ae10d5-c66b-49c6-a206-9acc118a4887">hyperon-experimental_scripts.f1_moduleA</a></li>
                    
                    <li class="outcome outcome-failed"><a href="#3f2d6a32-9605-46b7-9483-22ddbbaa7057">hyperon-experimental_scripts.g1_docs</a></li>
                    
                    <li class="outcome outcome-failed"><a href="#c82bc6fc-0788-487e-bc9a-8d6a392f2171">hyperon-mettalog_sanity.00_lang_case</a></li>
                    
                    <li class="outcome outcome-failed"><a href="#90bde661-0845-47d2-826a-dca22ce0cdc4">hyperon-mettalog_sanity.01_lang_inc</a></li>
                    
                    <li class="outcome outcome-failed"><a href="#92ecfa0c-fe88-4e68-8e76-cd7e2b62f5c6">hyperon-mettalog_sanity.02-curried-plus</a></li>
                    
                    <li class="outcome outcome-failed"><a href="#6f58dc23-95d1-4ace-8dd3-df6adeb1ba57">hyperon-mettalog_sanity.03-soring-via-insert</a></li>
                    
                    <li class="outcome outcome-failed"><a href="#bfedc988-7e64-4c49-9465-888a07b54c03">hyperon-mettalog_sanity.06_match_in_space</a></li>
                    
                    <li class="outcome outcome-failed"><a href="#200f12db-5715-41f2-b232-a253e42a2e81">hyperon-mettalog_sanity.base_test_repr_parse_intersection</a></li>
                    
                    <li class="outcome outcome-failed"><a href="#989f171d-74f1-4f49-9f33-cea14612ee0e">hyperon-mettalog_sanity.call_cleanup_tests</a></li>
                    
                    <li class="outcome outcome-failed"><a href="#8a4828e1-6265-41ae-a389-54d11a1cd251">hyperon-mettalog_sanity.call_tests</a></li>
                    
                    <li class="outcome outcome-failed"><a href="#f0f11286-01d1-4fe8-bf70-60c84756ed8f">hyperon-mettalog_sanity.catch_throw_tests</a></li>
                    
                    <li class="outcome outcome-failed"><a href="#5df8881c-7a4a-4c13-a95d-24a4677e6d0f">hyperon-mettalog_sanity.find_all_tests</a></li>
                    
                    <li class="outcome outcome-failed"><a href="#102a9021-9174-473f-b2ed-9ffbdd474e5b">hyperon-mettalog_sanity.first_answer_long</a></li>
                    
                    <li class="outcome outcome-failed"><a href="#d6d641bc-40cf-4524-8543-b35c083c095c">hyperon-mettalog_sanity.first_answer</a></li>
                    
                    <li class="outcome outcome-failed"><a href="#b945264d-e357-408b-97fb-52075eb55a5a">hyperon-mettalog_sanity.flip_test</a></li>
                    
                    <li class="outcome outcome-failed"><a href="#8c072ff8-0a45-43e7-b834-5f676aa77447">hyperon-mettalog_sanity.functional_programming_tests</a></li>
                    
                </ul>
                </li>
                
            
                
                <li>ANTI-REGRESSION
                <ul>
                    
                    <li class="outcome outcome-failed"><a href="#ce8366e8-6865-4035-8ea8-5f9b3f754dd0">BC-COMP.01</a></li>
                    
                    <li class="outcome outcome-failed"><a href="#2d1648f1-3158-45bf-9d70-d243b986a2c6">BC-COMP.02</a></li>
                    
                    <li class="outcome outcome-failed"><a href="#53f1501b-9e07-4394-b711-e214732f1b0b">BC-COMP.03</a></li>
                    
                    <li class="outcome outcome-failed"><a href="#894e0066-926a-46c1-802c-71778a970ad6">BCHAIN-COMP.01</a></li>
                    
                    <li class="outcome outcome-failed"><a href="#00e9f3ba-c845-490f-8e5f-20c70b44513f">BCHAIN-COMP.02</a></li>
                    
                    <li class="outcome outcome-failed"><a href="#e7c69aa5-2900-4edf-b711-e69feec643d8">BCHAIN-COMP.03</a></li>
                    
                    <li class="outcome outcome-passed"><a href="#eb047d76-9bf4-4333-9917-b424f92b244b">BCHAIN.01</a></li>
                    
                    <li class="outcome outcome-passed"><a href="#53eec5b4-5e64-4f52-8594-048bd3b6e2fa">BCHAIN.02</a></li>
                    
                    <li class="outcome outcome-passed"><a href="#670e419c-b102-43c4-8191-b45e6d7e2065">BCHAIN.03</a></li>
                    
                    <li class="outcome outcome-passed"><a href="#f0d392ec-7d38-4948-b779-118123a10ff4">TMPMATCH1.01</a></li>
                    
                    <li class="outcome outcome-passed"><a href="#14820a9e-7fc7-4f10-8bf4-3c115eae9fd7">TMPMATCH1.02</a></li>
                    
                    <li class="outcome outcome-passed"><a href="#0013b3c3-afa7-4ffa-82a2-c2993fa9a27c">TMPMATCH1.03</a></li>
                    
                    <li class="outcome outcome-passed"><a href="#bf3825e5-fb94-4e59-b24d-25d8b28f28af">TMPMATCH1.04</a></li>
                    
                    <li class="outcome outcome-passed"><a href="#ceb7130a-e556-4848-be62-34c4bcd795c3">TMPMATCH2.01</a></li>
                    
                    <li class="outcome outcome-passed"><a href="#7abee089-4a97-4508-b1c5-4f7876e79011">TMPMATCH2.02</a></li>
                    
                    <li class="outcome outcome-passed"><a href="#43efab3c-4c8d-46b5-af30-c9273ce149e9">TMPMATCH2.03</a></li>
                    
                    <li class="outcome outcome-passed"><a href="#2d8eccb2-1fea-4166-b742-1a5d04014186">TMPMATCH2.04</a></li>
                    
                </ul>
                </li>
                
            
                
                <li>METTA-WAM-ISSUE-145
                <ul>
                    
                    <li class="outcome outcome-passed"><a href="#d00c4cdd-aff4-441f-9bf9-fffd80e302d5">PRINT-GRAPH.01</a></li>
                    
                    <li class="outcome outcome-passed"><a href="#6d06d23b-ce43-45d6-b07f-ad98d8b510a8">PRINT-GRAPH.02</a></li>
                    
                    <li class="outcome outcome-passed"><a href="#09ba76a8-e780-41e3-bb66-daf1eb7081a4">PRINT-GRAPH.03</a></li>
                    
                </ul>
                </li>
                
            
                
                <li>HYPERON-EXPERIMENTAL-SCRIPTS
                <ul>
                    
                    <li class="outcome outcome-passed"><a href="#95159b74-497f-4752-8a54-bc94c0171a93">B4-NONDETERM.01</a></li>
                    
                    <li class="outcome outcome-passed"><a href="#d0b18a28-d5c3-458f-a747-e0ad75b4da90">B4-NONDETERM.02</a></li>
                    
                    <li class="outcome outcome-passed"><a href="#66de12b3-1cf5-4c62-a5ae-02f16a95e0a5">D1-GADT.01</a></li>
                    
                    <li class="outcome outcome-passed"><a href="#3c681896-755d-4040-96d8-0f1946fcd972">D1-GADT.02</a></li>
                    
                    <li class="outcome outcome-passed"><a href="#232e67a8-00a1-47e8-b565-66f795f7b9fd">D1-GADT.03</a></li>
                    
                    <li class="outcome outcome-passed"><a href="#2df82584-48d1-4112-a901-6c8f80a57d15">D1-GADT.04</a></li>
                    
                    <li class="outcome outcome-passed"><a href="#48c23ca4-923f-4480-b76d-a6590163e20c">D1-GADT.05</a></li>
                    
                    <li class="outcome outcome-passed"><a href="#0ed709de-b8e7-4495-a16d-7f2401357c1d">D1-GADT.06</a></li>
                    
                    <li class="outcome outcome-passed"><a href="#0004bdc1-c494-487e-a2fb-0443259a72f3">D1-GADT.07</a></li>
                    
                    <li class="outcome outcome-passed"><a href="#ec9b1002-2390-4e96-9858-c57fbb892be4">D1-GADT.08</a></li>
                    
                    <li class="outcome outcome-passed"><a href="#a8e32bf8-2e11-47fc-bc95-b40cd2942b96">D1-GADT.09</a></li>
                    
                    <li class="outcome outcome-passed"><a href="#d4329e9a-3e57-42c5-b417-5184d85a723a">D2-HIGHERFUNC.01</a></li>
                    
                    <li class="outcome outcome-passed"><a href="#7869d883-7d9c-4b39-b542-3d09ae830f37">D2-HIGHERFUNC.02</a></li>
                    
                    <li class="outcome outcome-passed"><a href="#c5e3d5d3-f455-4cca-8b08-0d2e3a205f44">D4-TYPE-PROP.01</a></li>
                    
                    <li class="outcome outcome-passed"><a href="#6726391c-d68b-43c7-88da-3727aeb662a4">F1-IMPORTS.01</a></li>
                    
                </ul>
                </li>
                
            
                
                <li>HYPERON-METTALOG-SANITY
                <ul>
                    
                    <li class="outcome outcome-passed"><a href="#6815bbe2-e364-4c74-bf2d-68d0491835b0">01-LANG-INC.01</a></li>
                    
                    <li class="outcome outcome-passed"><a href="#a8d5e01b-cdf8-4e66-a70e-57acb89d9981">03-SORING-VIA-INSERT.01</a></li>
                    
                    <li class="outcome outcome-passed"><a href="#13aa35b2-0057-423e-b5bb-e54aed965009">06-MATCH-IN-SPACE.01</a></li>
                    
                    <li class="outcome outcome-passed"><a href="#db845d40-b994-4959-a954-fdadfac2a95e">06-MATCH-IN-SPACE.02</a></li>
                    
                    <li class="outcome outcome-passed"><a href="#12c15b96-54a4-4560-8d9d-f493dce404c5">FIND-ALL-TESTS.01</a></li>
                    
                </ul>
                </li>
                
            
            </ul>
        </td>
        <td class="failure-index">
            <ul class="toc">
            
                
                    
                    
                    <li><a href="#112cef27-f6e1-4f71-a121-0bc20bf9a6a7">[F] WHOLE-TESTS : module-system.f1_imports</a></li>
                    
                    
                    
                    <li><a href="#0700d2af-52e2-4f93-85c7-feb1a1ecd723">[F] WHOLE-TESTS : module-system.f1_moduleA</a></li>
                    
                    
                    
                    <li><a href="#d2235e6c-7832-422e-aa01-a312917544e4">[F] WHOLE-TESTS : anti-regression.bc_comp</a></li>
                    
                    
                    
                    <li><a href="#600b923a-3552-498d-9831-8407b614e658">[F] WHOLE-TESTS : anti-regression.bchain_comp</a></li>
                    
                    
                    
                    <li><a href="#8f538498-4c57-486b-837b-29bedeeccd78">[F] WHOLE-TESTS : anti-regression.bchain</a></li>
                    
                    
                    
                    <li><a href="#3eea0191-57ac-4cd8-a408-aa3d3ecef20e">[F] WHOLE-TESTS : anti-regression.comma_is_not_special</a></li>
                    
                    
                    
                    <li><a href="#561842f5-1389-4561-9550-dcd38e099c20">[F] WHOLE-TESTS : anti-regression.debug_mettalogTestCurried</a></li>
                    
                    
                    
                    <li><a href="#38beb996-34a6-4203-bbbe-21b698d6482e">[F] WHOLE-TESTS : metta-wam-issue-116.test_spo_1000</a></li>
                    
                    
                    
                    <li><a href="#30fd7bbf-1fc9-4e07-a60f-2acea39548e0">[F] WHOLE-TESTS : metta-wam-issue-116.test_spo_100</a></li>
                    
                    
                    
                    <li><a href="#ae26c4ff-f941-4d7a-8347-fb9e4edba9b1">[F] WHOLE-TESTS : metta-wam-issue-116.test_spo_116378</a></li>
                    
                    
                    
                    <li><a href="#b629f825-ca7b-43da-8266-e00d77e61245">[F] WHOLE-TESTS : metta-wam-issue-116.test_spo_5000</a></li>
                    
                    
                    
                    <li><a href="#d4410be6-37df-4f63-a8bd-0ec4fadd978b">[F] WHOLE-TESTS : metta-wam-issue-145.print_graph</a></li>
                    
                    
                    
                    <li><a href="#9d8736fc-08f8-49b9-b994-001973fa706a">[F] WHOLE-TESTS : anti-regression.mettalogTestCurried2</a></li>
                    
                    
                    
                    <li><a href="#ddd31454-21b2-4d79-a410-f35c379be923">[F] WHOLE-TESTS : anti-regression.mettalogTestCurried</a></li>
                    
                    
                    
                    <li><a href="#82a8bf6b-8037-41af-9796-d41dcfdf174c">[F] WHOLE-TESTS : anti-regression.system_proofTestCurried</a></li>
                    
                    
                    
                    <li><a href="#ff240ddc-ffb8-4179-90e0-7740ed047728">[F] WHOLE-TESTS : anti-regression.test_if_closed</a></li>
                    
                    
                    
                    <li><a href="#935fc1fa-eb6d-4866-9591-a149764d2584">[F] WHOLE-TESTS : anti-regression.tmpMatch1</a></li>
                    
                    
                    
                    <li><a href="#cb14b0db-2099-476b-9b26-ae3ec8c449cf">[F] WHOLE-TESTS : anti-regression.tmpMatch2</a></li>
                    
                    
                    
                    <li><a href="#bc6ff403-a9aa-448d-9c2d-f6733c54af76">[F] WHOLE-TESTS : hyperon-experimental_scripts.a1_symbols</a></li>
                    
                    
                    
                    <li><a href="#1887a490-7afc-48e0-94c0-117a2b18ad2c">[F] WHOLE-TESTS : hyperon-experimental_scripts.a2_opencoggy</a></li>
                    
                    
                    
                    <li><a href="#4b3d8308-238a-4917-9856-4371386543dc">[F] WHOLE-TESTS : hyperon-experimental_scripts.a3_twoside</a></li>
                    
                    
                    
                    <li><a href="#e57900b6-27af-4324-bb4c-761a1a863bf1">[F] WHOLE-TESTS : hyperon-experimental_scripts.b0_chaining_prelim</a></li>
                    
                    
                    
                    <li><a href="#a1c015c3-6e6d-48ee-ac46-45341225c32e">[F] WHOLE-TESTS : hyperon-experimental_scripts.b1_equal_chain</a></li>
                    
                    
                    
                    <li><a href="#6e522371-b3c5-4e9f-90b7-490b2f96fb2c">[F] WHOLE-TESTS : hyperon-experimental_scripts.b2_backchain</a></li>
                    
                    
                    
                    <li><a href="#8f3958d6-3607-4f95-a726-0a1ac3f19d57">[F] WHOLE-TESTS : hyperon-experimental_scripts.b3_direct</a></li>
                    
                    
                    
                    <li><a href="#3f4e4e53-d27c-4913-bb77-6ed8caf0c0b1">[F] WHOLE-TESTS : hyperon-experimental_scripts.b4_nondeterm</a></li>
                    
                    
                    
                    <li><a href="#80c5c269-f8a3-4853-9c34-d889d589e0d8">[F] WHOLE-TESTS : hyperon-experimental_scripts.b5_types_prelim</a></li>
                    
                    
                    
                    <li><a href="#154f3a5f-25d4-4f5f-bd66-241e9501d466">[F] WHOLE-TESTS : hyperon-experimental_scripts.c1_grounded_basic</a></li>
                    
                    
                    
                    <li><a href="#daedf760-093a-43cc-a971-d159ecb771eb">[F] WHOLE-TESTS : hyperon-experimental_scripts.c2_spaces</a></li>
                    
                    
                    
                    <li><a href="#2ea40aa3-912c-419f-a5dd-804d4c494552">[F] WHOLE-TESTS : hyperon-experimental_scripts.c3_pln_stv</a></li>
                    
                    
                    
                    <li><a href="#7963b7af-e16a-4da7-9e2c-e7b6839ac3c5">[F] WHOLE-TESTS : hyperon-experimental_scripts.d1_gadt</a></li>
                    
                    
                    
                    <li><a href="#72b07cd5-aa19-4327-a04b-2fb7310d6f9e">[F] WHOLE-TESTS : hyperon-experimental_scripts.d2_higherfunc</a></li>
                    
                    
                    
                    <li><a href="#9394272f-f175-487b-926b-fd8157e84bf5">[F] WHOLE-TESTS : hyperon-experimental_scripts.d3_deptypes</a></li>
                    
                    
                    
                    <li><a href="#75ce949e-3670-4bbf-973f-865b273cc0d4">[F] WHOLE-TESTS : hyperon-experimental_scripts.d4_type_prop</a></li>
                    
                    
                    
                    <li><a href="#ea522bba-d7ff-42c4-8e53-4dc0e49db498">[F] WHOLE-TESTS : hyperon-experimental_scripts.d5_auto_types</a></li>
                    
                    
                    
                    <li><a href="#fdbbca3c-064e-42b5-9b24-ee5962ae6110">[F] WHOLE-TESTS : hyperon-experimental_scripts.e1_kb_write</a></li>
                    
                    
                    
                    <li><a href="#67a77199-7cce-4ab7-b074-bcb3f16f524f">[F] WHOLE-TESTS : hyperon-experimental_scripts.e2_states</a></li>
                    
                    
                    
                    <li><a href="#67dab229-2f34-44b1-8370-794062c5dbcf">[F] WHOLE-TESTS : hyperon-experimental_scripts.e3_match_states</a></li>
                    
                    
                    
                    <li><a href="#d76d5847-047a-4558-b66d-a320f7aa257c">[F] WHOLE-TESTS : hyperon-experimental_scripts.f1_imports</a></li>
                    
                    
                    
                    <li><a href="#e9ae10d5-c66b-49c6-a206-9acc118a4887">[F] WHOLE-TESTS : hyperon-experimental_scripts.f1_moduleA</a></li>
                    
                    
                    
                    <li><a href="#3f2d6a32-9605-46b7-9483-22ddbbaa7057">[F] WHOLE-TESTS : hyperon-experimental_scripts.g1_docs</a></li>
                    
                    
                    
                    <li><a href="#c82bc6fc-0788-487e-bc9a-8d6a392f2171">[F] WHOLE-TESTS : hyperon-mettalog_sanity.00_lang_case</a></li>
                    
                    
                    
                    <li><a href="#90bde661-0845-47d2-826a-dca22ce0cdc4">[F] WHOLE-TESTS : hyperon-mettalog_sanity.01_lang_inc</a></li>
                    
                    
                    
                    <li><a href="#92ecfa0c-fe88-4e68-8e76-cd7e2b62f5c6">[F] WHOLE-TESTS : hyperon-mettalog_sanity.02-curried-plus</a></li>
                    
                    
                    
                    <li><a href="#6f58dc23-95d1-4ace-8dd3-df6adeb1ba57">[F] WHOLE-TESTS : hyperon-mettalog_sanity.03-soring-via-insert</a></li>
                    
                    
                    
                    <li><a href="#bfedc988-7e64-4c49-9465-888a07b54c03">[F] WHOLE-TESTS : hyperon-mettalog_sanity.06_match_in_space</a></li>
                    
                    
                    
                    <li><a href="#200f12db-5715-41f2-b232-a253e42a2e81">[F] WHOLE-TESTS : hyperon-mettalog_sanity.base_test_repr_parse_intersection</a></li>
                    
                    
                    
                    <li><a href="#989f171d-74f1-4f49-9f33-cea14612ee0e">[F] WHOLE-TESTS : hyperon-mettalog_sanity.call_cleanup_tests</a></li>
                    
                    
                    
                    <li><a href="#8a4828e1-6265-41ae-a389-54d11a1cd251">[F] WHOLE-TESTS : hyperon-mettalog_sanity.call_tests</a></li>
                    
                    
                    
                    <li><a href="#f0f11286-01d1-4fe8-bf70-60c84756ed8f">[F] WHOLE-TESTS : hyperon-mettalog_sanity.catch_throw_tests</a></li>
                    
                    
                    
                    <li><a href="#5df8881c-7a4a-4c13-a95d-24a4677e6d0f">[F] WHOLE-TESTS : hyperon-mettalog_sanity.find_all_tests</a></li>
                    
                    
                    
                    <li><a href="#102a9021-9174-473f-b2ed-9ffbdd474e5b">[F] WHOLE-TESTS : hyperon-mettalog_sanity.first_answer_long</a></li>
                    
                    
                    
                    <li><a href="#d6d641bc-40cf-4524-8543-b35c083c095c">[F] WHOLE-TESTS : hyperon-mettalog_sanity.first_answer</a></li>
                    
                    
                    
                    <li><a href="#b945264d-e357-408b-97fb-52075eb55a5a">[F] WHOLE-TESTS : hyperon-mettalog_sanity.flip_test</a></li>
                    
                    
                    
                    <li><a href="#8c072ff8-0a45-43e7-b834-5f676aa77447">[F] WHOLE-TESTS : hyperon-mettalog_sanity.functional_programming_tests</a></li>
                    
                    
                
            
                
                    
                    
                    <li><a href="#ce8366e8-6865-4035-8ea8-5f9b3f754dd0">[F] ANTI-REGRESSION : BC-COMP.01</a></li>
                    
                    
                    
                    <li><a href="#2d1648f1-3158-45bf-9d70-d243b986a2c6">[F] ANTI-REGRESSION : BC-COMP.02</a></li>
                    
                    
                    
                    <li><a href="#53f1501b-9e07-4394-b711-e214732f1b0b">[F] ANTI-REGRESSION : BC-COMP.03</a></li>
                    
                    
                    
                    <li><a href="#894e0066-926a-46c1-802c-71778a970ad6">[F] ANTI-REGRESSION : BCHAIN-COMP.01</a></li>
                    
                    
                    
                    <li><a href="#00e9f3ba-c845-490f-8e5f-20c70b44513f">[F] ANTI-REGRESSION : BCHAIN-COMP.02</a></li>
                    
                    
                    
                    <li><a href="#e7c69aa5-2900-4edf-b711-e69feec643d8">[F] ANTI-REGRESSION : BCHAIN-COMP.03</a></li>
                    
                    
                    
                    
                    
                    
                    
                    
                    
                    
                    
                    
                    
                    
                    
                    
                    
                    
                    
                    
                    
                    
                    
                    
                
            
                
                    
                    
                    
                    
                    
                    
                    
                
            
                
                    
                    
                    
                    
                    
                    
                    
                    
                    
                    
                    
                    
                    
                    
                    
                    
                    
                    
                    
                    
                    
                    
                    
                    
                    
                    
                    
                    
                    
                    
                    
                
            
                
                    
                    
                    
                    
                    
                    
                    
                    
                    
                    
                    
                
            
            </ul>
        </td>
    </tr>
</table>



    <div class="testsuite">
        <h2>Test Suite: WHOLE-TESTS</h2>
        <a id="c2e28099-412b-4d0f-8af2-7a72f59096aa"></a>
        
        
        <h3>Results</h3>
        <table class="proplist">
            <tr>
                <th>Duration</th><td>2305.0 sec</td>
            </tr>
            <tr>
                <th>Tests</th><td>55</td>
            </tr>
            <tr>
                <th>Failures</th><td>55</td>
            </tr>
        </table>

        <div class="testclasses">
            <h3>Tests</h3>
            
            <div class="testclass">
                <h4>WHOLE-TESTS</h4>
                <div class="testcases">
                
                    <div class="test outcome outcome-failed">
                        <a id="112cef27-f6e1-4f71-a121-0bc20bf9a6a7"></a>
                        <table class="proplist">
                            <tr><th>Test case:</th><td><b>module-system.f1_imports</b></td></tr>
                            <tr><th>Outcome:</th><td>Failed</td></tr>
                            <tr><th>Duration:</th><td>42.0 sec</td></tr>
                        
                            <tr><th>Failed</th><td>Test failed: Expected &#39;7&#39; but got &#39;143&#39;</td></tr>
                        
                        
                        </table>

                        
                        <pre>AssertionError: Test failed: Expected &#39;7&#39; but got &#39;143&#39;</pre>
                        
                        

                        
                        
                        <div class="stdout"><i>Stdout</i><br>
                            <pre>&lt;![CDATA[
&lt;a href=&#34;file://reports/tests_output/baseline-compat/tests/baseline_compat/module-system/f1_imports.metta.html#WHOLE-TESTS.module-system.f1_imports&#34;&gt;Test Report&lt;/a&gt;

Assertion: ./mettalog &#39;--output=./reports/tests_output/baseline-compat/&#39; --timeout=40 --html --repl=false  --test &#34;tests/baseline_compat/module-system/f1_imports.metta&#34; --halt=true
Expected: 7
Actual: 143
]]&gt;</pre>
                        </div>
                        
                        
                    </div>
                
                    <div class="test outcome outcome-failed">
                        <a id="0700d2af-52e2-4f93-85c7-feb1a1ecd723"></a>
                        <table class="proplist">
                            <tr><th>Test case:</th><td><b>module-system.f1_moduleA</b></td></tr>
                            <tr><th>Outcome:</th><td>Failed</td></tr>
                            <tr><th>Duration:</th><td>42.0 sec</td></tr>
                        
                            <tr><th>Failed</th><td>Test failed: Expected &#39;7&#39; but got &#39;143&#39;</td></tr>
                        
                        
                        </table>

                        
                        <pre>AssertionError: Test failed: Expected &#39;7&#39; but got &#39;143&#39;</pre>
                        
                        

                        
                        
                        <div class="stdout"><i>Stdout</i><br>
                            <pre>&lt;![CDATA[
&lt;a href=&#34;file://reports/tests_output/baseline-compat/tests/baseline_compat/module-system/f1_moduleA.metta.html#WHOLE-TESTS.module-system.f1_moduleA&#34;&gt;Test Report&lt;/a&gt;

Assertion: ./mettalog &#39;--output=./reports/tests_output/baseline-compat/&#39; --timeout=40 --html --repl=false  --test &#34;tests/baseline_compat/module-system/f1_moduleA.metta&#34; --halt=true
Expected: 7
Actual: 143
]]&gt;</pre>
                        </div>
                        
                        
                    </div>
                
                    <div class="test outcome outcome-failed">
                        <a id="d2235e6c-7832-422e-aa01-a312917544e4"></a>
                        <table class="proplist">
                            <tr><th>Test case:</th><td><b>anti-regression.bc_comp</b></td></tr>
                            <tr><th>Outcome:</th><td>Failed</td></tr>
                            <tr><th>Duration:</th><td>42.0 sec</td></tr>
                        
                            <tr><th>Failed</th><td>Test failed: Expected &#39;7&#39; but got &#39;143&#39;</td></tr>
                        
                        
                        </table>

                        
                        <pre>AssertionError: Test failed: Expected &#39;7&#39; but got &#39;143&#39;</pre>
                        
                        

                        
                        
                        <div class="stdout"><i>Stdout</i><br>
                            <pre>&lt;![CDATA[
&lt;a href=&#34;file://reports/tests_output/baseline-compat/tests/baseline_compat/anti-regression/bc_comp.metta.html#WHOLE-TESTS.anti-regression.bc_comp&#34;&gt;Test Report&lt;/a&gt;

Assertion: ./mettalog &#39;--output=./reports/tests_output/baseline-compat/&#39; --timeout=40 --html --repl=false  --test &#34;tests/baseline_compat/anti-regression/bc_comp.metta&#34; --halt=true
Expected: 7
Actual: 143
]]&gt;</pre>
                        </div>
                        
                        
                    </div>
                
                    <div class="test outcome outcome-failed">
                        <a id="600b923a-3552-498d-9831-8407b614e658"></a>
                        <table class="proplist">
                            <tr><th>Test case:</th><td><b>anti-regression.bchain_comp</b></td></tr>
                            <tr><th>Outcome:</th><td>Failed</td></tr>
                            <tr><th>Duration:</th><td>41.0 sec</td></tr>
                        
                            <tr><th>Failed</th><td>Test failed: Expected &#39;7&#39; but got &#39;143&#39;</td></tr>
                        
                        
                        </table>

                        
                        <pre>AssertionError: Test failed: Expected &#39;7&#39; but got &#39;143&#39;</pre>
                        
                        

                        
                        
                        <div class="stdout"><i>Stdout</i><br>
                            <pre>&lt;![CDATA[
&lt;a href=&#34;file://reports/tests_output/baseline-compat/tests/baseline_compat/anti-regression/bchain_comp.metta.html#WHOLE-TESTS.anti-regression.bchain_comp&#34;&gt;Test Report&lt;/a&gt;

Assertion: ./mettalog &#39;--output=./reports/tests_output/baseline-compat/&#39; --timeout=40 --html --repl=false  --test &#34;tests/baseline_compat/anti-regression/bchain_comp.metta&#34; --halt=true
Expected: 7
Actual: 143
]]&gt;</pre>
                        </div>
                        
                        
                    </div>
                
                    <div class="test outcome outcome-failed">
                        <a id="8f538498-4c57-486b-837b-29bedeeccd78"></a>
                        <table class="proplist">
                            <tr><th>Test case:</th><td><b>anti-regression.bchain</b></td></tr>
                            <tr><th>Outcome:</th><td>Failed</td></tr>
                            <tr><th>Duration:</th><td>41.0 sec</td></tr>
                        
                            <tr><th>Failed</th><td>Test failed: Expected &#39;7&#39; but got &#39;143&#39;</td></tr>
                        
                        
                        </table>

                        
                        <pre>AssertionError: Test failed: Expected &#39;7&#39; but got &#39;143&#39;</pre>
                        
                        

                        
                        
                        <div class="stdout"><i>Stdout</i><br>
                            <pre>&lt;![CDATA[
&lt;a href=&#34;file://reports/tests_output/baseline-compat/tests/baseline_compat/anti-regression/bchain.metta.html#WHOLE-TESTS.anti-regression.bchain&#34;&gt;Test Report&lt;/a&gt;

Assertion: ./mettalog &#39;--output=./reports/tests_output/baseline-compat/&#39; --timeout=40 --html --repl=false  --test &#34;tests/baseline_compat/anti-regression/bchain.metta&#34; --halt=true
Expected: 7
Actual: 143
]]&gt;</pre>
                        </div>
                        
                        
                    </div>
                
                    <div class="test outcome outcome-failed">
                        <a id="3eea0191-57ac-4cd8-a408-aa3d3ecef20e"></a>
                        <table class="proplist">
                            <tr><th>Test case:</th><td><b>anti-regression.comma_is_not_special</b></td></tr>
                            <tr><th>Outcome:</th><td>Failed</td></tr>
                            <tr><th>Duration:</th><td>41.0 sec</td></tr>
                        
                            <tr><th>Failed</th><td>Test failed: Expected &#39;7&#39; but got &#39;143&#39;</td></tr>
                        
                        
                        </table>

                        
                        <pre>AssertionError: Test failed: Expected &#39;7&#39; but got &#39;143&#39;</pre>
                        
                        

                        
                        
                        <div class="stdout"><i>Stdout</i><br>
                            <pre>&lt;![CDATA[
&lt;a href=&#34;file://reports/tests_output/baseline-compat/tests/baseline_compat/anti-regression/comma_is_not_special.metta.html#WHOLE-TESTS.anti-regression.comma_is_not_special&#34;&gt;Test Report&lt;/a&gt;

Assertion: ./mettalog &#39;--output=./reports/tests_output/baseline-compat/&#39; --timeout=40 --html --repl=false  --test &#34;tests/baseline_compat/anti-regression/comma_is_not_special.metta&#34; --halt=true
Expected: 7
Actual: 143
]]&gt;</pre>
                        </div>
                        
                        
                    </div>
                
                    <div class="test outcome outcome-failed">
                        <a id="561842f5-1389-4561-9550-dcd38e099c20"></a>
                        <table class="proplist">
                            <tr><th>Test case:</th><td><b>anti-regression.debug_mettalogTestCurried</b></td></tr>
                            <tr><th>Outcome:</th><td>Failed</td></tr>
                            <tr><th>Duration:</th><td>41.0 sec</td></tr>
                        
                            <tr><th>Failed</th><td>Test failed: Expected &#39;7&#39; but got &#39;143&#39;</td></tr>
                        
                        
                        </table>

                        
                        <pre>AssertionError: Test failed: Expected &#39;7&#39; but got &#39;143&#39;</pre>
                        
                        

                        
                        
                        <div class="stdout"><i>Stdout</i><br>
                            <pre>&lt;![CDATA[
&lt;a href=&#34;file://reports/tests_output/baseline-compat/tests/baseline_compat/anti-regression/debug_mettalogTestCurried.metta.html#WHOLE-TESTS.anti-regression.debug_mettalogTestCurried&#34;&gt;Test Report&lt;/a&gt;

Assertion: ./mettalog &#39;--output=./reports/tests_output/baseline-compat/&#39; --timeout=40 --html --repl=false  --test &#34;tests/baseline_compat/anti-regression/debug_mettalogTestCurried.metta&#34; --halt=true
Expected: 7
Actual: 143
]]&gt;</pre>
                        </div>
                        
                        
                    </div>
                
                    <div class="test outcome outcome-failed">
                        <a id="38beb996-34a6-4203-bbbe-21b698d6482e"></a>
                        <table class="proplist">
                            <tr><th>Test case:</th><td><b>metta-wam-issue-116.test_spo_1000</b></td></tr>
                            <tr><th>Outcome:</th><td>Failed</td></tr>
                            <tr><th>Duration:</th><td>42.0 sec</td></tr>
                        
                            <tr><th>Failed</th><td>Test failed: Expected &#39;7&#39; but got &#39;143&#39;</td></tr>
                        
                        
                        </table>

                        
                        <pre>AssertionError: Test failed: Expected &#39;7&#39; but got &#39;143&#39;</pre>
                        
                        

                        
                        
                        <div class="stdout"><i>Stdout</i><br>
                            <pre>&lt;![CDATA[
&lt;a href=&#34;file://reports/tests_output/baseline-compat/tests/baseline_compat/anti-regression/issues/metta-wam-issue-116/test_spo_1000.metta.html#WHOLE-TESTS.metta-wam-issue-116.test_spo_1000&#34;&gt;Test Report&lt;/a&gt;

Assertion: ./mettalog &#39;--output=./reports/tests_output/baseline-compat/&#39; --timeout=40 --html --repl=false  --test &#34;tests/baseline_compat/anti-regression/issues/metta-wam-issue-116/test_spo_1000.metta&#34; --halt=true
Expected: 7
Actual: 143
]]&gt;</pre>
                        </div>
                        
                        
                    </div>
                
                    <div class="test outcome outcome-failed">
                        <a id="30fd7bbf-1fc9-4e07-a60f-2acea39548e0"></a>
                        <table class="proplist">
                            <tr><th>Test case:</th><td><b>metta-wam-issue-116.test_spo_100</b></td></tr>
                            <tr><th>Outcome:</th><td>Failed</td></tr>
                            <tr><th>Duration:</th><td>42.0 sec</td></tr>
                        
                            <tr><th>Failed</th><td>Test failed: Expected &#39;7&#39; but got &#39;143&#39;</td></tr>
                        
                        
                        </table>

                        
                        <pre>AssertionError: Test failed: Expected &#39;7&#39; but got &#39;143&#39;</pre>
                        
                        

                        
                        
                        <div class="stdout"><i>Stdout</i><br>
                            <pre>&lt;![CDATA[
&lt;a href=&#34;file://reports/tests_output/baseline-compat/tests/baseline_compat/anti-regression/issues/metta-wam-issue-116/test_spo_100.metta.html#WHOLE-TESTS.metta-wam-issue-116.test_spo_100&#34;&gt;Test Report&lt;/a&gt;

Assertion: ./mettalog &#39;--output=./reports/tests_output/baseline-compat/&#39; --timeout=40 --html --repl=false  --test &#34;tests/baseline_compat/anti-regression/issues/metta-wam-issue-116/test_spo_100.metta&#34; --halt=true
Expected: 7
Actual: 143
]]&gt;</pre>
                        </div>
                        
                        
                    </div>
                
                    <div class="test outcome outcome-failed">
                        <a id="ae26c4ff-f941-4d7a-8347-fb9e4edba9b1"></a>
                        <table class="proplist">
                            <tr><th>Test case:</th><td><b>metta-wam-issue-116.test_spo_116378</b></td></tr>
                            <tr><th>Outcome:</th><td>Failed</td></tr>
                            <tr><th>Duration:</th><td>42.0 sec</td></tr>
                        
                            <tr><th>Failed</th><td>Test failed: Expected &#39;7&#39; but got &#39;143&#39;</td></tr>
                        
                        
                        </table>

                        
                        <pre>AssertionError: Test failed: Expected &#39;7&#39; but got &#39;143&#39;</pre>
                        
                        

                        
                        
                        <div class="stdout"><i>Stdout</i><br>
                            <pre>&lt;![CDATA[
&lt;a href=&#34;file://reports/tests_output/baseline-compat/tests/baseline_compat/anti-regression/issues/metta-wam-issue-116/test_spo_116378.metta.html#WHOLE-TESTS.metta-wam-issue-116.test_spo_116378&#34;&gt;Test Report&lt;/a&gt;

Assertion: ./mettalog &#39;--output=./reports/tests_output/baseline-compat/&#39; --timeout=40 --html --repl=false  --test &#34;tests/baseline_compat/anti-regression/issues/metta-wam-issue-116/test_spo_116378.metta&#34; --halt=true
Expected: 7
Actual: 143
]]&gt;</pre>
                        </div>
                        
                        
                    </div>
                
                    <div class="test outcome outcome-failed">
                        <a id="b629f825-ca7b-43da-8266-e00d77e61245"></a>
                        <table class="proplist">
                            <tr><th>Test case:</th><td><b>metta-wam-issue-116.test_spo_5000</b></td></tr>
                            <tr><th>Outcome:</th><td>Failed</td></tr>
                            <tr><th>Duration:</th><td>42.0 sec</td></tr>
                        
                            <tr><th>Failed</th><td>Test failed: Expected &#39;7&#39; but got &#39;143&#39;</td></tr>
                        
                        
                        </table>

                        
                        <pre>AssertionError: Test failed: Expected &#39;7&#39; but got &#39;143&#39;</pre>
                        
                        

                        
                        
                        <div class="stdout"><i>Stdout</i><br>
                            <pre>&lt;![CDATA[
&lt;a href=&#34;file://reports/tests_output/baseline-compat/tests/baseline_compat/anti-regression/issues/metta-wam-issue-116/test_spo_5000.metta.html#WHOLE-TESTS.metta-wam-issue-116.test_spo_5000&#34;&gt;Test Report&lt;/a&gt;

Assertion: ./mettalog &#39;--output=./reports/tests_output/baseline-compat/&#39; --timeout=40 --html --repl=false  --test &#34;tests/baseline_compat/anti-regression/issues/metta-wam-issue-116/test_spo_5000.metta&#34; --halt=true
Expected: 7
Actual: 143
]]&gt;</pre>
                        </div>
                        
                        
                    </div>
                
                    <div class="test outcome outcome-failed">
                        <a id="d4410be6-37df-4f63-a8bd-0ec4fadd978b"></a>
                        <table class="proplist">
                            <tr><th>Test case:</th><td><b>metta-wam-issue-145.print_graph</b></td></tr>
                            <tr><th>Outcome:</th><td>Failed</td></tr>
                            <tr><th>Duration:</th><td>42.0 sec</td></tr>
                        
                            <tr><th>Failed</th><td>Test failed: Expected &#39;7&#39; but got &#39;143&#39;</td></tr>
                        
                        
                        </table>

                        
                        <pre>AssertionError: Test failed: Expected &#39;7&#39; but got &#39;143&#39;</pre>
                        
                        

                        
                        
                        <div class="stdout"><i>Stdout</i><br>
                            <pre>&lt;![CDATA[
&lt;a href=&#34;file://reports/tests_output/baseline-compat/tests/baseline_compat/anti-regression/issues/metta-wam-issue-145/print_graph.metta.html#WHOLE-TESTS.metta-wam-issue-145.print_graph&#34;&gt;Test Report&lt;/a&gt;

Assertion: ./mettalog &#39;--output=./reports/tests_output/baseline-compat/&#39; --timeout=40 --html --repl=false  --test &#34;tests/baseline_compat/anti-regression/issues/metta-wam-issue-145/print_graph.metta&#34; --halt=true
Expected: 7
Actual: 143
]]&gt;</pre>
                        </div>
                        
                        
                    </div>
                
                    <div class="test outcome outcome-failed">
                        <a id="9d8736fc-08f8-49b9-b994-001973fa706a"></a>
                        <table class="proplist">
                            <tr><th>Test case:</th><td><b>anti-regression.mettalogTestCurried2</b></td></tr>
                            <tr><th>Outcome:</th><td>Failed</td></tr>
                            <tr><th>Duration:</th><td>42.0 sec</td></tr>
                        
                            <tr><th>Failed</th><td>Test failed: Expected &#39;7&#39; but got &#39;143&#39;</td></tr>
                        
                        
                        </table>

                        
                        <pre>AssertionError: Test failed: Expected &#39;7&#39; but got &#39;143&#39;</pre>
                        
                        

                        
                        
                        <div class="stdout"><i>Stdout</i><br>
                            <pre>&lt;![CDATA[
&lt;a href=&#34;file://reports/tests_output/baseline-compat/tests/baseline_compat/anti-regression/mettalogTestCurried2.metta.html#WHOLE-TESTS.anti-regression.mettalogTestCurried2&#34;&gt;Test Report&lt;/a&gt;

Assertion: ./mettalog &#39;--output=./reports/tests_output/baseline-compat/&#39; --timeout=40 --html --repl=false  --test &#34;tests/baseline_compat/anti-regression/mettalogTestCurried2.metta&#34; --halt=true
Expected: 7
Actual: 143
]]&gt;</pre>
                        </div>
                        
                        
                    </div>
                
                    <div class="test outcome outcome-failed">
                        <a id="ddd31454-21b2-4d79-a410-f35c379be923"></a>
                        <table class="proplist">
                            <tr><th>Test case:</th><td><b>anti-regression.mettalogTestCurried</b></td></tr>
                            <tr><th>Outcome:</th><td>Failed</td></tr>
                            <tr><th>Duration:</th><td>42.0 sec</td></tr>
                        
                            <tr><th>Failed</th><td>Test failed: Expected &#39;7&#39; but got &#39;143&#39;</td></tr>
                        
                        
                        </table>

                        
                        <pre>AssertionError: Test failed: Expected &#39;7&#39; but got &#39;143&#39;</pre>
                        
                        

                        
                        
                        <div class="stdout"><i>Stdout</i><br>
                            <pre>&lt;![CDATA[
&lt;a href=&#34;file://reports/tests_output/baseline-compat/tests/baseline_compat/anti-regression/mettalogTestCurried.metta.html#WHOLE-TESTS.anti-regression.mettalogTestCurried&#34;&gt;Test Report&lt;/a&gt;

Assertion: ./mettalog &#39;--output=./reports/tests_output/baseline-compat/&#39; --timeout=40 --html --repl=false  --test &#34;tests/baseline_compat/anti-regression/mettalogTestCurried.metta&#34; --halt=true
Expected: 7
Actual: 143
]]&gt;</pre>
                        </div>
                        
                        
                    </div>
                
                    <div class="test outcome outcome-failed">
                        <a id="82a8bf6b-8037-41af-9796-d41dcfdf174c"></a>
                        <table class="proplist">
                            <tr><th>Test case:</th><td><b>anti-regression.system_proofTestCurried</b></td></tr>
                            <tr><th>Outcome:</th><td>Failed</td></tr>
                            <tr><th>Duration:</th><td>42.0 sec</td></tr>
                        
                            <tr><th>Failed</th><td>Test failed: Expected &#39;7&#39; but got &#39;143&#39;</td></tr>
                        
                        
                        </table>

                        
                        <pre>AssertionError: Test failed: Expected &#39;7&#39; but got &#39;143&#39;</pre>
                        
                        

                        
                        
                        <div class="stdout"><i>Stdout</i><br>
                            <pre>&lt;![CDATA[
&lt;a href=&#34;file://reports/tests_output/baseline-compat/tests/baseline_compat/anti-regression/system_proofTestCurried.metta.html#WHOLE-TESTS.anti-regression.system_proofTestCurried&#34;&gt;Test Report&lt;/a&gt;

Assertion: ./mettalog &#39;--output=./reports/tests_output/baseline-compat/&#39; --timeout=40 --html --repl=false  --test &#34;tests/baseline_compat/anti-regression/system_proofTestCurried.metta&#34; --halt=true
Expected: 7
Actual: 143
]]&gt;</pre>
                        </div>
                        
                        
                    </div>
                
                    <div class="test outcome outcome-failed">
                        <a id="ff240ddc-ffb8-4179-90e0-7740ed047728"></a>
                        <table class="proplist">
                            <tr><th>Test case:</th><td><b>anti-regression.test_if_closed</b></td></tr>
                            <tr><th>Outcome:</th><td>Failed</td></tr>
                            <tr><th>Duration:</th><td>42.0 sec</td></tr>
                        
                            <tr><th>Failed</th><td>Test failed: Expected &#39;7&#39; but got &#39;143&#39;</td></tr>
                        
                        
                        </table>

                        
                        <pre>AssertionError: Test failed: Expected &#39;7&#39; but got &#39;143&#39;</pre>
                        
                        

                        
                        
                        <div class="stdout"><i>Stdout</i><br>
                            <pre>&lt;![CDATA[
&lt;a href=&#34;file://reports/tests_output/baseline-compat/tests/baseline_compat/anti-regression/test_if_closed.metta.html#WHOLE-TESTS.anti-regression.test_if_closed&#34;&gt;Test Report&lt;/a&gt;

Assertion: ./mettalog &#39;--output=./reports/tests_output/baseline-compat/&#39; --timeout=40 --html --repl=false  --test &#34;tests/baseline_compat/anti-regression/test_if_closed.metta&#34; --halt=true
Expected: 7
Actual: 143
]]&gt;</pre>
                        </div>
                        
                        
                    </div>
                
                    <div class="test outcome outcome-failed">
                        <a id="935fc1fa-eb6d-4866-9591-a149764d2584"></a>
                        <table class="proplist">
                            <tr><th>Test case:</th><td><b>anti-regression.tmpMatch1</b></td></tr>
                            <tr><th>Outcome:</th><td>Failed</td></tr>
                            <tr><th>Duration:</th><td>42.0 sec</td></tr>
                        
                            <tr><th>Failed</th><td>Test failed: Expected &#39;7&#39; but got &#39;143&#39;</td></tr>
                        
                        
                        </table>

                        
                        <pre>AssertionError: Test failed: Expected &#39;7&#39; but got &#39;143&#39;</pre>
                        
                        

                        
                        
                        <div class="stdout"><i>Stdout</i><br>
                            <pre>&lt;![CDATA[
&lt;a href=&#34;file://reports/tests_output/baseline-compat/tests/baseline_compat/anti-regression/tmpMatch1.metta.html#WHOLE-TESTS.anti-regression.tmpMatch1&#34;&gt;Test Report&lt;/a&gt;

Assertion: ./mettalog &#39;--output=./reports/tests_output/baseline-compat/&#39; --timeout=40 --html --repl=false  --test &#34;tests/baseline_compat/anti-regression/tmpMatch1.metta&#34; --halt=true
Expected: 7
Actual: 143
]]&gt;</pre>
                        </div>
                        
                        
                    </div>
                
                    <div class="test outcome outcome-failed">
                        <a id="cb14b0db-2099-476b-9b26-ae3ec8c449cf"></a>
                        <table class="proplist">
                            <tr><th>Test case:</th><td><b>anti-regression.tmpMatch2</b></td></tr>
                            <tr><th>Outcome:</th><td>Failed</td></tr>
                            <tr><th>Duration:</th><td>42.0 sec</td></tr>
                        
                            <tr><th>Failed</th><td>Test failed: Expected &#39;7&#39; but got &#39;143&#39;</td></tr>
                        
                        
                        </table>

                        
                        <pre>AssertionError: Test failed: Expected &#39;7&#39; but got &#39;143&#39;</pre>
                        
                        

                        
                        
                        <div class="stdout"><i>Stdout</i><br>
                            <pre>&lt;![CDATA[
&lt;a href=&#34;file://reports/tests_output/baseline-compat/tests/baseline_compat/anti-regression/tmpMatch2.metta.html#WHOLE-TESTS.anti-regression.tmpMatch2&#34;&gt;Test Report&lt;/a&gt;

Assertion: ./mettalog &#39;--output=./reports/tests_output/baseline-compat/&#39; --timeout=40 --html --repl=false  --test &#34;tests/baseline_compat/anti-regression/tmpMatch2.metta&#34; --halt=true
Expected: 7
Actual: 143
]]&gt;</pre>
                        </div>
                        
                        
                    </div>
                
                    <div class="test outcome outcome-failed">
                        <a id="bc6ff403-a9aa-448d-9c2d-f6733c54af76"></a>
                        <table class="proplist">
                            <tr><th>Test case:</th><td><b>hyperon-experimental_scripts.a1_symbols</b></td></tr>
                            <tr><th>Outcome:</th><td>Failed</td></tr>
                            <tr><th>Duration:</th><td>42.0 sec</td></tr>
                        
                            <tr><th>Failed</th><td>Test failed: Expected &#39;7&#39; but got &#39;143&#39;</td></tr>
                        
                        
                        </table>

                        
                        <pre>AssertionError: Test failed: Expected &#39;7&#39; but got &#39;143&#39;</pre>
                        
                        

                        
                        
                        <div class="stdout"><i>Stdout</i><br>
                            <pre>&lt;![CDATA[
&lt;a href=&#34;file://reports/tests_output/baseline-compat/tests/baseline_compat/hyperon-experimental_scripts/a1_symbols.metta.html#WHOLE-TESTS.hyperon-experimental_scripts.a1_symbols&#34;&gt;Test Report&lt;/a&gt;

Assertion: ./mettalog &#39;--output=./reports/tests_output/baseline-compat/&#39; --timeout=40 --html --repl=false  --test &#34;tests/baseline_compat/hyperon-experimental_scripts/a1_symbols.metta&#34; --halt=true
Expected: 7
Actual: 143
]]&gt;</pre>
                        </div>
                        
                        
                    </div>
                
                    <div class="test outcome outcome-failed">
                        <a id="1887a490-7afc-48e0-94c0-117a2b18ad2c"></a>
                        <table class="proplist">
                            <tr><th>Test case:</th><td><b>hyperon-experimental_scripts.a2_opencoggy</b></td></tr>
                            <tr><th>Outcome:</th><td>Failed</td></tr>
                            <tr><th>Duration:</th><td>42.0 sec</td></tr>
                        
                            <tr><th>Failed</th><td>Test failed: Expected &#39;7&#39; but got &#39;143&#39;</td></tr>
                        
                        
                        </table>

                        
                        <pre>AssertionError: Test failed: Expected &#39;7&#39; but got &#39;143&#39;</pre>
                        
                        

                        
                        
                        <div class="stdout"><i>Stdout</i><br>
                            <pre>&lt;![CDATA[
&lt;a href=&#34;file://reports/tests_output/baseline-compat/tests/baseline_compat/hyperon-experimental_scripts/a2_opencoggy.metta.html#WHOLE-TESTS.hyperon-experimental_scripts.a2_opencoggy&#34;&gt;Test Report&lt;/a&gt;

Assertion: ./mettalog &#39;--output=./reports/tests_output/baseline-compat/&#39; --timeout=40 --html --repl=false  --test &#34;tests/baseline_compat/hyperon-experimental_scripts/a2_opencoggy.metta&#34; --halt=true
Expected: 7
Actual: 143
]]&gt;</pre>
                        </div>
                        
                        
                    </div>
                
                    <div class="test outcome outcome-failed">
                        <a id="4b3d8308-238a-4917-9856-4371386543dc"></a>
                        <table class="proplist">
                            <tr><th>Test case:</th><td><b>hyperon-experimental_scripts.a3_twoside</b></td></tr>
                            <tr><th>Outcome:</th><td>Failed</td></tr>
                            <tr><th>Duration:</th><td>41.0 sec</td></tr>
                        
                            <tr><th>Failed</th><td>Test failed: Expected &#39;7&#39; but got &#39;143&#39;</td></tr>
                        
                        
                        </table>

                        
                        <pre>AssertionError: Test failed: Expected &#39;7&#39; but got &#39;143&#39;</pre>
                        
                        

                        
                        
                        <div class="stdout"><i>Stdout</i><br>
                            <pre>&lt;![CDATA[
&lt;a href=&#34;file://reports/tests_output/baseline-compat/tests/baseline_compat/hyperon-experimental_scripts/a3_twoside.metta.html#WHOLE-TESTS.hyperon-experimental_scripts.a3_twoside&#34;&gt;Test Report&lt;/a&gt;

Assertion: ./mettalog &#39;--output=./reports/tests_output/baseline-compat/&#39; --timeout=40 --html --repl=false  --test &#34;tests/baseline_compat/hyperon-experimental_scripts/a3_twoside.metta&#34; --halt=true
Expected: 7
Actual: 143
]]&gt;</pre>
                        </div>
                        
                        
                    </div>
                
                    <div class="test outcome outcome-failed">
                        <a id="e57900b6-27af-4324-bb4c-761a1a863bf1"></a>
                        <table class="proplist">
                            <tr><th>Test case:</th><td><b>hyperon-experimental_scripts.b0_chaining_prelim</b></td></tr>
                            <tr><th>Outcome:</th><td>Failed</td></tr>
                            <tr><th>Duration:</th><td>42.0 sec</td></tr>
                        
                            <tr><th>Failed</th><td>Test failed: Expected &#39;7&#39; but got &#39;143&#39;</td></tr>
                        
                        
                        </table>

                        
                        <pre>AssertionError: Test failed: Expected &#39;7&#39; but got &#39;143&#39;</pre>
                        
                        

                        
                        
                        <div class="stdout"><i>Stdout</i><br>
                            <pre>&lt;![CDATA[
&lt;a href=&#34;file://reports/tests_output/baseline-compat/tests/baseline_compat/hyperon-experimental_scripts/b0_chaining_prelim.metta.html#WHOLE-TESTS.hyperon-experimental_scripts.b0_chaining_prelim&#34;&gt;Test Report&lt;/a&gt;

Assertion: ./mettalog &#39;--output=./reports/tests_output/baseline-compat/&#39; --timeout=40 --html --repl=false  --test &#34;tests/baseline_compat/hyperon-experimental_scripts/b0_chaining_prelim.metta&#34; --halt=true
Expected: 7
Actual: 143
]]&gt;</pre>
                        </div>
                        
                        
                    </div>
                
                    <div class="test outcome outcome-failed">
                        <a id="a1c015c3-6e6d-48ee-ac46-45341225c32e"></a>
                        <table class="proplist">
                            <tr><th>Test case:</th><td><b>hyperon-experimental_scripts.b1_equal_chain</b></td></tr>
                            <tr><th>Outcome:</th><td>Failed</td></tr>
                            <tr><th>Duration:</th><td>42.0 sec</td></tr>
                        
                            <tr><th>Failed</th><td>Test failed: Expected &#39;7&#39; but got &#39;143&#39;</td></tr>
                        
                        
                        </table>

                        
                        <pre>AssertionError: Test failed: Expected &#39;7&#39; but got &#39;143&#39;</pre>
                        
                        

                        
                        
                        <div class="stdout"><i>Stdout</i><br>
                            <pre>&lt;![CDATA[
&lt;a href=&#34;file://reports/tests_output/baseline-compat/tests/baseline_compat/hyperon-experimental_scripts/b1_equal_chain.metta.html#WHOLE-TESTS.hyperon-experimental_scripts.b1_equal_chain&#34;&gt;Test Report&lt;/a&gt;

Assertion: ./mettalog &#39;--output=./reports/tests_output/baseline-compat/&#39; --timeout=40 --html --repl=false  --test &#34;tests/baseline_compat/hyperon-experimental_scripts/b1_equal_chain.metta&#34; --halt=true
Expected: 7
Actual: 143
]]&gt;</pre>
                        </div>
                        
                        
                    </div>
                
                    <div class="test outcome outcome-failed">
                        <a id="6e522371-b3c5-4e9f-90b7-490b2f96fb2c"></a>
                        <table class="proplist">
                            <tr><th>Test case:</th><td><b>hyperon-experimental_scripts.b2_backchain</b></td></tr>
                            <tr><th>Outcome:</th><td>Failed</td></tr>
                            <tr><th>Duration:</th><td>42.0 sec</td></tr>
                        
                            <tr><th>Failed</th><td>Test failed: Expected &#39;7&#39; but got &#39;143&#39;</td></tr>
                        
                        
                        </table>

                        
                        <pre>AssertionError: Test failed: Expected &#39;7&#39; but got &#39;143&#39;</pre>
                        
                        

                        
                        
                        <div class="stdout"><i>Stdout</i><br>
                            <pre>&lt;![CDATA[
&lt;a href=&#34;file://reports/tests_output/baseline-compat/tests/baseline_compat/hyperon-experimental_scripts/b2_backchain.metta.html#WHOLE-TESTS.hyperon-experimental_scripts.b2_backchain&#34;&gt;Test Report&lt;/a&gt;

Assertion: ./mettalog &#39;--output=./reports/tests_output/baseline-compat/&#39; --timeout=40 --html --repl=false  --test &#34;tests/baseline_compat/hyperon-experimental_scripts/b2_backchain.metta&#34; --halt=true
Expected: 7
Actual: 143
]]&gt;</pre>
                        </div>
                        
                        
                    </div>
                
                    <div class="test outcome outcome-failed">
                        <a id="8f3958d6-3607-4f95-a726-0a1ac3f19d57"></a>
                        <table class="proplist">
                            <tr><th>Test case:</th><td><b>hyperon-experimental_scripts.b3_direct</b></td></tr>
                            <tr><th>Outcome:</th><td>Failed</td></tr>
                            <tr><th>Duration:</th><td>42.0 sec</td></tr>
                        
                            <tr><th>Failed</th><td>Test failed: Expected &#39;7&#39; but got &#39;143&#39;</td></tr>
                        
                        
                        </table>

                        
                        <pre>AssertionError: Test failed: Expected &#39;7&#39; but got &#39;143&#39;</pre>
                        
                        

                        
                        
                        <div class="stdout"><i>Stdout</i><br>
                            <pre>&lt;![CDATA[
&lt;a href=&#34;file://reports/tests_output/baseline-compat/tests/baseline_compat/hyperon-experimental_scripts/b3_direct.metta.html#WHOLE-TESTS.hyperon-experimental_scripts.b3_direct&#34;&gt;Test Report&lt;/a&gt;

Assertion: ./mettalog &#39;--output=./reports/tests_output/baseline-compat/&#39; --timeout=40 --html --repl=false  --test &#34;tests/baseline_compat/hyperon-experimental_scripts/b3_direct.metta&#34; --halt=true
Expected: 7
Actual: 143
]]&gt;</pre>
                        </div>
                        
                        
                    </div>
                
                    <div class="test outcome outcome-failed">
                        <a id="3f4e4e53-d27c-4913-bb77-6ed8caf0c0b1"></a>
                        <table class="proplist">
                            <tr><th>Test case:</th><td><b>hyperon-experimental_scripts.b4_nondeterm</b></td></tr>
                            <tr><th>Outcome:</th><td>Failed</td></tr>
                            <tr><th>Duration:</th><td>42.0 sec</td></tr>
                        
                            <tr><th>Failed</th><td>Test failed: Expected &#39;7&#39; but got &#39;143&#39;</td></tr>
                        
                        
                        </table>

                        
                        <pre>AssertionError: Test failed: Expected &#39;7&#39; but got &#39;143&#39;</pre>
                        
                        

                        
                        
                        <div class="stdout"><i>Stdout</i><br>
                            <pre>&lt;![CDATA[
&lt;a href=&#34;file://reports/tests_output/baseline-compat/tests/baseline_compat/hyperon-experimental_scripts/b4_nondeterm.metta.html#WHOLE-TESTS.hyperon-experimental_scripts.b4_nondeterm&#34;&gt;Test Report&lt;/a&gt;

Assertion: ./mettalog &#39;--output=./reports/tests_output/baseline-compat/&#39; --timeout=40 --html --repl=false  --test &#34;tests/baseline_compat/hyperon-experimental_scripts/b4_nondeterm.metta&#34; --halt=true
Expected: 7
Actual: 143
]]&gt;</pre>
                        </div>
                        
                        
                    </div>
                
                    <div class="test outcome outcome-failed">
                        <a id="80c5c269-f8a3-4853-9c34-d889d589e0d8"></a>
                        <table class="proplist">
                            <tr><th>Test case:</th><td><b>hyperon-experimental_scripts.b5_types_prelim</b></td></tr>
                            <tr><th>Outcome:</th><td>Failed</td></tr>
                            <tr><th>Duration:</th><td>42.0 sec</td></tr>
                        
                            <tr><th>Failed</th><td>Test failed: Expected &#39;7&#39; but got &#39;143&#39;</td></tr>
                        
                        
                        </table>

                        
                        <pre>AssertionError: Test failed: Expected &#39;7&#39; but got &#39;143&#39;</pre>
                        
                        

                        
                        
                        <div class="stdout"><i>Stdout</i><br>
                            <pre>&lt;![CDATA[
&lt;a href=&#34;file://reports/tests_output/baseline-compat/tests/baseline_compat/hyperon-experimental_scripts/b5_types_prelim.metta.html#WHOLE-TESTS.hyperon-experimental_scripts.b5_types_prelim&#34;&gt;Test Report&lt;/a&gt;

Assertion: ./mettalog &#39;--output=./reports/tests_output/baseline-compat/&#39; --timeout=40 --html --repl=false  --test &#34;tests/baseline_compat/hyperon-experimental_scripts/b5_types_prelim.metta&#34; --halt=true
Expected: 7
Actual: 143
]]&gt;</pre>
                        </div>
                        
                        
                    </div>
                
                    <div class="test outcome outcome-failed">
                        <a id="154f3a5f-25d4-4f5f-bd66-241e9501d466"></a>
                        <table class="proplist">
                            <tr><th>Test case:</th><td><b>hyperon-experimental_scripts.c1_grounded_basic</b></td></tr>
                            <tr><th>Outcome:</th><td>Failed</td></tr>
                            <tr><th>Duration:</th><td>42.0 sec</td></tr>
                        
                            <tr><th>Failed</th><td>Test failed: Expected &#39;7&#39; but got &#39;143&#39;</td></tr>
                        
                        
                        </table>

                        
                        <pre>AssertionError: Test failed: Expected &#39;7&#39; but got &#39;143&#39;</pre>
                        
                        

                        
                        
                        <div class="stdout"><i>Stdout</i><br>
                            <pre>&lt;![CDATA[
&lt;a href=&#34;file://reports/tests_output/baseline-compat/tests/baseline_compat/hyperon-experimental_scripts/c1_grounded_basic.metta.html#WHOLE-TESTS.hyperon-experimental_scripts.c1_grounded_basic&#34;&gt;Test Report&lt;/a&gt;

Assertion: ./mettalog &#39;--output=./reports/tests_output/baseline-compat/&#39; --timeout=40 --html --repl=false  --test &#34;tests/baseline_compat/hyperon-experimental_scripts/c1_grounded_basic.metta&#34; --halt=true
Expected: 7
Actual: 143
]]&gt;</pre>
                        </div>
                        
                        
                    </div>
                
                    <div class="test outcome outcome-failed">
                        <a id="daedf760-093a-43cc-a971-d159ecb771eb"></a>
                        <table class="proplist">
                            <tr><th>Test case:</th><td><b>hyperon-experimental_scripts.c2_spaces</b></td></tr>
                            <tr><th>Outcome:</th><td>Failed</td></tr>
                            <tr><th>Duration:</th><td>42.0 sec</td></tr>
                        
                            <tr><th>Failed</th><td>Test failed: Expected &#39;7&#39; but got &#39;143&#39;</td></tr>
                        
                        
                        </table>

                        
                        <pre>AssertionError: Test failed: Expected &#39;7&#39; but got &#39;143&#39;</pre>
                        
                        

                        
                        
                        <div class="stdout"><i>Stdout</i><br>
                            <pre>&lt;![CDATA[
&lt;a href=&#34;file://reports/tests_output/baseline-compat/tests/baseline_compat/hyperon-experimental_scripts/c2_spaces.metta.html#WHOLE-TESTS.hyperon-experimental_scripts.c2_spaces&#34;&gt;Test Report&lt;/a&gt;

Assertion: ./mettalog &#39;--output=./reports/tests_output/baseline-compat/&#39; --timeout=40 --html --repl=false  --test &#34;tests/baseline_compat/hyperon-experimental_scripts/c2_spaces.metta&#34; --halt=true
Expected: 7
Actual: 143
]]&gt;</pre>
                        </div>
                        
                        
                    </div>
                
                    <div class="test outcome outcome-failed">
                        <a id="2ea40aa3-912c-419f-a5dd-804d4c494552"></a>
                        <table class="proplist">
                            <tr><th>Test case:</th><td><b>hyperon-experimental_scripts.c3_pln_stv</b></td></tr>
                            <tr><th>Outcome:</th><td>Failed</td></tr>
                            <tr><th>Duration:</th><td>42.0 sec</td></tr>
                        
                            <tr><th>Failed</th><td>Test failed: Expected &#39;7&#39; but got &#39;143&#39;</td></tr>
                        
                        
                        </table>

                        
                        <pre>AssertionError: Test failed: Expected &#39;7&#39; but got &#39;143&#39;</pre>
                        
                        

                        
                        
                        <div class="stdout"><i>Stdout</i><br>
                            <pre>&lt;![CDATA[
&lt;a href=&#34;file://reports/tests_output/baseline-compat/tests/baseline_compat/hyperon-experimental_scripts/c3_pln_stv.metta.html#WHOLE-TESTS.hyperon-experimental_scripts.c3_pln_stv&#34;&gt;Test Report&lt;/a&gt;

Assertion: ./mettalog &#39;--output=./reports/tests_output/baseline-compat/&#39; --timeout=40 --html --repl=false  --test &#34;tests/baseline_compat/hyperon-experimental_scripts/c3_pln_stv.metta&#34; --halt=true
Expected: 7
Actual: 143
]]&gt;</pre>
                        </div>
                        
                        
                    </div>
                
                    <div class="test outcome outcome-failed">
                        <a id="7963b7af-e16a-4da7-9e2c-e7b6839ac3c5"></a>
                        <table class="proplist">
                            <tr><th>Test case:</th><td><b>hyperon-experimental_scripts.d1_gadt</b></td></tr>
                            <tr><th>Outcome:</th><td>Failed</td></tr>
                            <tr><th>Duration:</th><td>42.0 sec</td></tr>
                        
                            <tr><th>Failed</th><td>Test failed: Expected &#39;7&#39; but got &#39;143&#39;</td></tr>
                        
                        
                        </table>

                        
                        <pre>AssertionError: Test failed: Expected &#39;7&#39; but got &#39;143&#39;</pre>
                        
                        

                        
                        
                        <div class="stdout"><i>Stdout</i><br>
                            <pre>&lt;![CDATA[
&lt;a href=&#34;file://reports/tests_output/baseline-compat/tests/baseline_compat/hyperon-experimental_scripts/d1_gadt.metta.html#WHOLE-TESTS.hyperon-experimental_scripts.d1_gadt&#34;&gt;Test Report&lt;/a&gt;

Assertion: ./mettalog &#39;--output=./reports/tests_output/baseline-compat/&#39; --timeout=40 --html --repl=false  --test &#34;tests/baseline_compat/hyperon-experimental_scripts/d1_gadt.metta&#34; --halt=true
Expected: 7
Actual: 143
]]&gt;</pre>
                        </div>
                        
                        
                    </div>
                
                    <div class="test outcome outcome-failed">
                        <a id="72b07cd5-aa19-4327-a04b-2fb7310d6f9e"></a>
                        <table class="proplist">
                            <tr><th>Test case:</th><td><b>hyperon-experimental_scripts.d2_higherfunc</b></td></tr>
                            <tr><th>Outcome:</th><td>Failed</td></tr>
                            <tr><th>Duration:</th><td>42.0 sec</td></tr>
                        
                            <tr><th>Failed</th><td>Test failed: Expected &#39;7&#39; but got &#39;143&#39;</td></tr>
                        
                        
                        </table>

                        
                        <pre>AssertionError: Test failed: Expected &#39;7&#39; but got &#39;143&#39;</pre>
                        
                        

                        
                        
                        <div class="stdout"><i>Stdout</i><br>
                            <pre>&lt;![CDATA[
&lt;a href=&#34;file://reports/tests_output/baseline-compat/tests/baseline_compat/hyperon-experimental_scripts/d2_higherfunc.metta.html#WHOLE-TESTS.hyperon-experimental_scripts.d2_higherfunc&#34;&gt;Test Report&lt;/a&gt;

Assertion: ./mettalog &#39;--output=./reports/tests_output/baseline-compat/&#39; --timeout=40 --html --repl=false  --test &#34;tests/baseline_compat/hyperon-experimental_scripts/d2_higherfunc.metta&#34; --halt=true
Expected: 7
Actual: 143
]]&gt;</pre>
                        </div>
                        
                        
                    </div>
                
                    <div class="test outcome outcome-failed">
                        <a id="9394272f-f175-487b-926b-fd8157e84bf5"></a>
                        <table class="proplist">
                            <tr><th>Test case:</th><td><b>hyperon-experimental_scripts.d3_deptypes</b></td></tr>
                            <tr><th>Outcome:</th><td>Failed</td></tr>
                            <tr><th>Duration:</th><td>42.0 sec</td></tr>
                        
                            <tr><th>Failed</th><td>Test failed: Expected &#39;7&#39; but got &#39;143&#39;</td></tr>
                        
                        
                        </table>

                        
                        <pre>AssertionError: Test failed: Expected &#39;7&#39; but got &#39;143&#39;</pre>
                        
                        

                        
                        
                        <div class="stdout"><i>Stdout</i><br>
                            <pre>&lt;![CDATA[
&lt;a href=&#34;file://reports/tests_output/baseline-compat/tests/baseline_compat/hyperon-experimental_scripts/d3_deptypes.metta.html#WHOLE-TESTS.hyperon-experimental_scripts.d3_deptypes&#34;&gt;Test Report&lt;/a&gt;

Assertion: ./mettalog &#39;--output=./reports/tests_output/baseline-compat/&#39; --timeout=40 --html --repl=false  --test &#34;tests/baseline_compat/hyperon-experimental_scripts/d3_deptypes.metta&#34; --halt=true
Expected: 7
Actual: 143
]]&gt;</pre>
                        </div>
                        
                        
                    </div>
                
                    <div class="test outcome outcome-failed">
                        <a id="75ce949e-3670-4bbf-973f-865b273cc0d4"></a>
                        <table class="proplist">
                            <tr><th>Test case:</th><td><b>hyperon-experimental_scripts.d4_type_prop</b></td></tr>
                            <tr><th>Outcome:</th><td>Failed</td></tr>
                            <tr><th>Duration:</th><td>42.0 sec</td></tr>
                        
                            <tr><th>Failed</th><td>Test failed: Expected &#39;7&#39; but got &#39;143&#39;</td></tr>
                        
                        
                        </table>

                        
                        <pre>AssertionError: Test failed: Expected &#39;7&#39; but got &#39;143&#39;</pre>
                        
                        

                        
                        
                        <div class="stdout"><i>Stdout</i><br>
                            <pre>&lt;![CDATA[
&lt;a href=&#34;file://reports/tests_output/baseline-compat/tests/baseline_compat/hyperon-experimental_scripts/d4_type_prop.metta.html#WHOLE-TESTS.hyperon-experimental_scripts.d4_type_prop&#34;&gt;Test Report&lt;/a&gt;

Assertion: ./mettalog &#39;--output=./reports/tests_output/baseline-compat/&#39; --timeout=40 --html --repl=false  --test &#34;tests/baseline_compat/hyperon-experimental_scripts/d4_type_prop.metta&#34; --halt=true
Expected: 7
Actual: 143
]]&gt;</pre>
                        </div>
                        
                        
                    </div>
                
                    <div class="test outcome outcome-failed">
                        <a id="ea522bba-d7ff-42c4-8e53-4dc0e49db498"></a>
                        <table class="proplist">
                            <tr><th>Test case:</th><td><b>hyperon-experimental_scripts.d5_auto_types</b></td></tr>
                            <tr><th>Outcome:</th><td>Failed</td></tr>
                            <tr><th>Duration:</th><td>42.0 sec</td></tr>
                        
                            <tr><th>Failed</th><td>Test failed: Expected &#39;7&#39; but got &#39;143&#39;</td></tr>
                        
                        
                        </table>

                        
                        <pre>AssertionError: Test failed: Expected &#39;7&#39; but got &#39;143&#39;</pre>
                        
                        

                        
                        
                        <div class="stdout"><i>Stdout</i><br>
                            <pre>&lt;![CDATA[
&lt;a href=&#34;file://reports/tests_output/baseline-compat/tests/baseline_compat/hyperon-experimental_scripts/d5_auto_types.metta.html#WHOLE-TESTS.hyperon-experimental_scripts.d5_auto_types&#34;&gt;Test Report&lt;/a&gt;

Assertion: ./mettalog &#39;--output=./reports/tests_output/baseline-compat/&#39; --timeout=40 --html --repl=false  --test &#34;tests/baseline_compat/hyperon-experimental_scripts/d5_auto_types.metta&#34; --halt=true
Expected: 7
Actual: 143
]]&gt;</pre>
                        </div>
                        
                        
                    </div>
                
                    <div class="test outcome outcome-failed">
                        <a id="fdbbca3c-064e-42b5-9b24-ee5962ae6110"></a>
                        <table class="proplist">
                            <tr><th>Test case:</th><td><b>hyperon-experimental_scripts.e1_kb_write</b></td></tr>
                            <tr><th>Outcome:</th><td>Failed</td></tr>
                            <tr><th>Duration:</th><td>42.0 sec</td></tr>
                        
                            <tr><th>Failed</th><td>Test failed: Expected &#39;7&#39; but got &#39;143&#39;</td></tr>
                        
                        
                        </table>

                        
                        <pre>AssertionError: Test failed: Expected &#39;7&#39; but got &#39;143&#39;</pre>
                        
                        

                        
                        
                        <div class="stdout"><i>Stdout</i><br>
                            <pre>&lt;![CDATA[
&lt;a href=&#34;file://reports/tests_output/baseline-compat/tests/baseline_compat/hyperon-experimental_scripts/e1_kb_write.metta.html#WHOLE-TESTS.hyperon-experimental_scripts.e1_kb_write&#34;&gt;Test Report&lt;/a&gt;

Assertion: ./mettalog &#39;--output=./reports/tests_output/baseline-compat/&#39; --timeout=40 --html --repl=false  --test &#34;tests/baseline_compat/hyperon-experimental_scripts/e1_kb_write.metta&#34; --halt=true
Expected: 7
Actual: 143
]]&gt;</pre>
                        </div>
                        
                        
                    </div>
                
                    <div class="test outcome outcome-failed">
                        <a id="67a77199-7cce-4ab7-b074-bcb3f16f524f"></a>
                        <table class="proplist">
                            <tr><th>Test case:</th><td><b>hyperon-experimental_scripts.e2_states</b></td></tr>
                            <tr><th>Outcome:</th><td>Failed</td></tr>
                            <tr><th>Duration:</th><td>42.0 sec</td></tr>
                        
                            <tr><th>Failed</th><td>Test failed: Expected &#39;7&#39; but got &#39;143&#39;</td></tr>
                        
                        
                        </table>

                        
                        <pre>AssertionError: Test failed: Expected &#39;7&#39; but got &#39;143&#39;</pre>
                        
                        

                        
                        
                        <div class="stdout"><i>Stdout</i><br>
                            <pre>&lt;![CDATA[
&lt;a href=&#34;file://reports/tests_output/baseline-compat/tests/baseline_compat/hyperon-experimental_scripts/e2_states.metta.html#WHOLE-TESTS.hyperon-experimental_scripts.e2_states&#34;&gt;Test Report&lt;/a&gt;

Assertion: ./mettalog &#39;--output=./reports/tests_output/baseline-compat/&#39; --timeout=40 --html --repl=false  --test &#34;tests/baseline_compat/hyperon-experimental_scripts/e2_states.metta&#34; --halt=true
Expected: 7
Actual: 143
]]&gt;</pre>
                        </div>
                        
                        
                    </div>
                
                    <div class="test outcome outcome-failed">
                        <a id="67dab229-2f34-44b1-8370-794062c5dbcf"></a>
                        <table class="proplist">
                            <tr><th>Test case:</th><td><b>hyperon-experimental_scripts.e3_match_states</b></td></tr>
                            <tr><th>Outcome:</th><td>Failed</td></tr>
                            <tr><th>Duration:</th><td>42.0 sec</td></tr>
                        
                            <tr><th>Failed</th><td>Test failed: Expected &#39;7&#39; but got &#39;143&#39;</td></tr>
                        
                        
                        </table>

                        
                        <pre>AssertionError: Test failed: Expected &#39;7&#39; but got &#39;143&#39;</pre>
                        
                        

                        
                        
                        <div class="stdout"><i>Stdout</i><br>
                            <pre>&lt;![CDATA[
&lt;a href=&#34;file://reports/tests_output/baseline-compat/tests/baseline_compat/hyperon-experimental_scripts/e3_match_states.metta.html#WHOLE-TESTS.hyperon-experimental_scripts.e3_match_states&#34;&gt;Test Report&lt;/a&gt;

Assertion: ./mettalog &#39;--output=./reports/tests_output/baseline-compat/&#39; --timeout=40 --html --repl=false  --test &#34;tests/baseline_compat/hyperon-experimental_scripts/e3_match_states.metta&#34; --halt=true
Expected: 7
Actual: 143
]]&gt;</pre>
                        </div>
                        
                        
                    </div>
                
                    <div class="test outcome outcome-failed">
                        <a id="d76d5847-047a-4558-b66d-a320f7aa257c"></a>
                        <table class="proplist">
                            <tr><th>Test case:</th><td><b>hyperon-experimental_scripts.f1_imports</b></td></tr>
                            <tr><th>Outcome:</th><td>Failed</td></tr>
                            <tr><th>Duration:</th><td>42.0 sec</td></tr>
                        
                            <tr><th>Failed</th><td>Test failed: Expected &#39;7&#39; but got &#39;143&#39;</td></tr>
                        
                        
                        </table>

                        
                        <pre>AssertionError: Test failed: Expected &#39;7&#39; but got &#39;143&#39;</pre>
                        
                        

                        
                        
                        <div class="stdout"><i>Stdout</i><br>
                            <pre>&lt;![CDATA[
&lt;a href=&#34;file://reports/tests_output/baseline-compat/tests/baseline_compat/hyperon-experimental_scripts/f1_imports.metta.html#WHOLE-TESTS.hyperon-experimental_scripts.f1_imports&#34;&gt;Test Report&lt;/a&gt;

Assertion: ./mettalog &#39;--output=./reports/tests_output/baseline-compat/&#39; --timeout=40 --html --repl=false  --test &#34;tests/baseline_compat/hyperon-experimental_scripts/f1_imports.metta&#34; --halt=true
Expected: 7
Actual: 143
]]&gt;</pre>
                        </div>
                        
                        
                    </div>
                
                    <div class="test outcome outcome-failed">
                        <a id="e9ae10d5-c66b-49c6-a206-9acc118a4887"></a>
                        <table class="proplist">
                            <tr><th>Test case:</th><td><b>hyperon-experimental_scripts.f1_moduleA</b></td></tr>
                            <tr><th>Outcome:</th><td>Failed</td></tr>
                            <tr><th>Duration:</th><td>42.0 sec</td></tr>
                        
                            <tr><th>Failed</th><td>Test failed: Expected &#39;7&#39; but got &#39;143&#39;</td></tr>
                        
                        
                        </table>

                        
                        <pre>AssertionError: Test failed: Expected &#39;7&#39; but got &#39;143&#39;</pre>
                        
                        

                        
                        
                        <div class="stdout"><i>Stdout</i><br>
                            <pre>&lt;![CDATA[
&lt;a href=&#34;file://reports/tests_output/baseline-compat/tests/baseline_compat/hyperon-experimental_scripts/f1_moduleA.metta.html#WHOLE-TESTS.hyperon-experimental_scripts.f1_moduleA&#34;&gt;Test Report&lt;/a&gt;

Assertion: ./mettalog &#39;--output=./reports/tests_output/baseline-compat/&#39; --timeout=40 --html --repl=false  --test &#34;tests/baseline_compat/hyperon-experimental_scripts/f1_moduleA.metta&#34; --halt=true
Expected: 7
Actual: 143
]]&gt;</pre>
                        </div>
                        
                        
                    </div>
                
                    <div class="test outcome outcome-failed">
                        <a id="3f2d6a32-9605-46b7-9483-22ddbbaa7057"></a>
                        <table class="proplist">
                            <tr><th>Test case:</th><td><b>hyperon-experimental_scripts.g1_docs</b></td></tr>
                            <tr><th>Outcome:</th><td>Failed</td></tr>
                            <tr><th>Duration:</th><td>42.0 sec</td></tr>
                        
                            <tr><th>Failed</th><td>Test failed: Expected &#39;7&#39; but got &#39;143&#39;</td></tr>
                        
                        
                        </table>

                        
                        <pre>AssertionError: Test failed: Expected &#39;7&#39; but got &#39;143&#39;</pre>
                        
                        

                        
                        
                        <div class="stdout"><i>Stdout</i><br>
                            <pre>&lt;![CDATA[
&lt;a href=&#34;file://reports/tests_output/baseline-compat/tests/baseline_compat/hyperon-experimental_scripts/g1_docs.metta.html#WHOLE-TESTS.hyperon-experimental_scripts.g1_docs&#34;&gt;Test Report&lt;/a&gt;

Assertion: ./mettalog &#39;--output=./reports/tests_output/baseline-compat/&#39; --timeout=40 --html --repl=false  --test &#34;tests/baseline_compat/hyperon-experimental_scripts/g1_docs.metta&#34; --halt=true
Expected: 7
Actual: 143
]]&gt;</pre>
                        </div>
                        
                        
                    </div>
                
                    <div class="test outcome outcome-failed">
                        <a id="c82bc6fc-0788-487e-bc9a-8d6a392f2171"></a>
                        <table class="proplist">
                            <tr><th>Test case:</th><td><b>hyperon-mettalog_sanity.00_lang_case</b></td></tr>
                            <tr><th>Outcome:</th><td>Failed</td></tr>
                            <tr><th>Duration:</th><td>42.0 sec</td></tr>
                        
                            <tr><th>Failed</th><td>Test failed: Expected &#39;7&#39; but got &#39;143&#39;</td></tr>
                        
                        
                        </table>

                        
                        <pre>AssertionError: Test failed: Expected &#39;7&#39; but got &#39;143&#39;</pre>
                        
                        

                        
                        
                        <div class="stdout"><i>Stdout</i><br>
                            <pre>&lt;![CDATA[
&lt;a href=&#34;file://reports/tests_output/baseline-compat/tests/baseline_compat/hyperon-mettalog_sanity/00_lang_case.metta.html#WHOLE-TESTS.hyperon-mettalog_sanity.00_lang_case&#34;&gt;Test Report&lt;/a&gt;

Assertion: ./mettalog &#39;--output=./reports/tests_output/baseline-compat/&#39; --timeout=40 --html --repl=false  --test &#34;tests/baseline_compat/hyperon-mettalog_sanity/00_lang_case.metta&#34; --halt=true
Expected: 7
Actual: 143
]]&gt;</pre>
                        </div>
                        
                        
                    </div>
                
                    <div class="test outcome outcome-failed">
                        <a id="90bde661-0845-47d2-826a-dca22ce0cdc4"></a>
                        <table class="proplist">
                            <tr><th>Test case:</th><td><b>hyperon-mettalog_sanity.01_lang_inc</b></td></tr>
                            <tr><th>Outcome:</th><td>Failed</td></tr>
                            <tr><th>Duration:</th><td>42.0 sec</td></tr>
                        
                            <tr><th>Failed</th><td>Test failed: Expected &#39;7&#39; but got &#39;143&#39;</td></tr>
                        
                        
                        </table>

                        
                        <pre>AssertionError: Test failed: Expected &#39;7&#39; but got &#39;143&#39;</pre>
                        
                        

                        
                        
                        <div class="stdout"><i>Stdout</i><br>
                            <pre>&lt;![CDATA[
&lt;a href=&#34;file://reports/tests_output/baseline-compat/tests/baseline_compat/hyperon-mettalog_sanity/01_lang_inc.metta.html#WHOLE-TESTS.hyperon-mettalog_sanity.01_lang_inc&#34;&gt;Test Report&lt;/a&gt;

Assertion: ./mettalog &#39;--output=./reports/tests_output/baseline-compat/&#39; --timeout=40 --html --repl=false  --test &#34;tests/baseline_compat/hyperon-mettalog_sanity/01_lang_inc.metta&#34; --halt=true
Expected: 7
Actual: 143
]]&gt;</pre>
                        </div>
                        
                        
                    </div>
                
                    <div class="test outcome outcome-failed">
                        <a id="92ecfa0c-fe88-4e68-8e76-cd7e2b62f5c6"></a>
                        <table class="proplist">
                            <tr><th>Test case:</th><td><b>hyperon-mettalog_sanity.02-curried-plus</b></td></tr>
                            <tr><th>Outcome:</th><td>Failed</td></tr>
                            <tr><th>Duration:</th><td>42.0 sec</td></tr>
                        
                            <tr><th>Failed</th><td>Test failed: Expected &#39;7&#39; but got &#39;143&#39;</td></tr>
                        
                        
                        </table>

                        
                        <pre>AssertionError: Test failed: Expected &#39;7&#39; but got &#39;143&#39;</pre>
                        
                        

                        
                        
                        <div class="stdout"><i>Stdout</i><br>
                            <pre>&lt;![CDATA[
&lt;a href=&#34;file://reports/tests_output/baseline-compat/tests/baseline_compat/hyperon-mettalog_sanity/02-curried-plus.metta.html#WHOLE-TESTS.hyperon-mettalog_sanity.02-curried-plus&#34;&gt;Test Report&lt;/a&gt;

Assertion: ./mettalog &#39;--output=./reports/tests_output/baseline-compat/&#39; --timeout=40 --html --repl=false  --test &#34;tests/baseline_compat/hyperon-mettalog_sanity/02-curried-plus.metta&#34; --halt=true
Expected: 7
Actual: 143
]]&gt;</pre>
                        </div>
                        
                        
                    </div>
                
                    <div class="test outcome outcome-failed">
                        <a id="6f58dc23-95d1-4ace-8dd3-df6adeb1ba57"></a>
                        <table class="proplist">
                            <tr><th>Test case:</th><td><b>hyperon-mettalog_sanity.03-soring-via-insert</b></td></tr>
                            <tr><th>Outcome:</th><td>Failed</td></tr>
                            <tr><th>Duration:</th><td>42.0 sec</td></tr>
                        
                            <tr><th>Failed</th><td>Test failed: Expected &#39;7&#39; but got &#39;143&#39;</td></tr>
                        
                        
                        </table>

                        
                        <pre>AssertionError: Test failed: Expected &#39;7&#39; but got &#39;143&#39;</pre>
                        
                        

                        
                        
                        <div class="stdout"><i>Stdout</i><br>
                            <pre>&lt;![CDATA[
&lt;a href=&#34;file://reports/tests_output/baseline-compat/tests/baseline_compat/hyperon-mettalog_sanity/03-soring-via-insert.metta.html#WHOLE-TESTS.hyperon-mettalog_sanity.03-soring-via-insert&#34;&gt;Test Report&lt;/a&gt;

Assertion: ./mettalog &#39;--output=./reports/tests_output/baseline-compat/&#39; --timeout=40 --html --repl=false  --test &#34;tests/baseline_compat/hyperon-mettalog_sanity/03-soring-via-insert.metta&#34; --halt=true
Expected: 7
Actual: 143
]]&gt;</pre>
                        </div>
                        
                        
                    </div>
                
                    <div class="test outcome outcome-failed">
                        <a id="bfedc988-7e64-4c49-9465-888a07b54c03"></a>
                        <table class="proplist">
                            <tr><th>Test case:</th><td><b>hyperon-mettalog_sanity.06_match_in_space</b></td></tr>
                            <tr><th>Outcome:</th><td>Failed</td></tr>
                            <tr><th>Duration:</th><td>42.0 sec</td></tr>
                        
                            <tr><th>Failed</th><td>Test failed: Expected &#39;7&#39; but got &#39;143&#39;</td></tr>
                        
                        
                        </table>

                        
                        <pre>AssertionError: Test failed: Expected &#39;7&#39; but got &#39;143&#39;</pre>
                        
                        

                        
                        
                        <div class="stdout"><i>Stdout</i><br>
                            <pre>&lt;![CDATA[
&lt;a href=&#34;file://reports/tests_output/baseline-compat/tests/baseline_compat/hyperon-mettalog_sanity/06_match_in_space.metta.html#WHOLE-TESTS.hyperon-mettalog_sanity.06_match_in_space&#34;&gt;Test Report&lt;/a&gt;

Assertion: ./mettalog &#39;--output=./reports/tests_output/baseline-compat/&#39; --timeout=40 --html --repl=false  --test &#34;tests/baseline_compat/hyperon-mettalog_sanity/06_match_in_space.metta&#34; --halt=true
Expected: 7
Actual: 143
]]&gt;</pre>
                        </div>
                        
                        
                    </div>
                
                    <div class="test outcome outcome-failed">
                        <a id="200f12db-5715-41f2-b232-a253e42a2e81"></a>
                        <table class="proplist">
                            <tr><th>Test case:</th><td><b>hyperon-mettalog_sanity.base_test_repr_parse_intersection</b></td></tr>
                            <tr><th>Outcome:</th><td>Failed</td></tr>
                            <tr><th>Duration:</th><td>42.0 sec</td></tr>
                        
                            <tr><th>Failed</th><td>Test failed: Expected &#39;7&#39; but got &#39;143&#39;</td></tr>
                        
                        
                        </table>

                        
                        <pre>AssertionError: Test failed: Expected &#39;7&#39; but got &#39;143&#39;</pre>
                        
                        

                        
                        
                        <div class="stdout"><i>Stdout</i><br>
                            <pre>&lt;![CDATA[
&lt;a href=&#34;file://reports/tests_output/baseline-compat/tests/baseline_compat/hyperon-mettalog_sanity/base_test_repr_parse_intersection.metta.html#WHOLE-TESTS.hyperon-mettalog_sanity.base_test_repr_parse_intersection&#34;&gt;Test Report&lt;/a&gt;

Assertion: ./mettalog &#39;--output=./reports/tests_output/baseline-compat/&#39; --timeout=40 --html --repl=false  --test &#34;tests/baseline_compat/hyperon-mettalog_sanity/base_test_repr_parse_intersection.metta&#34; --halt=true
Expected: 7
Actual: 143
]]&gt;</pre>
                        </div>
                        
                        
                    </div>
                
                    <div class="test outcome outcome-failed">
                        <a id="989f171d-74f1-4f49-9f33-cea14612ee0e"></a>
                        <table class="proplist">
                            <tr><th>Test case:</th><td><b>hyperon-mettalog_sanity.call_cleanup_tests</b></td></tr>
                            <tr><th>Outcome:</th><td>Failed</td></tr>
                            <tr><th>Duration:</th><td>42.0 sec</td></tr>
                        
                            <tr><th>Failed</th><td>Test failed: Expected &#39;7&#39; but got &#39;143&#39;</td></tr>
                        
                        
                        </table>

                        
                        <pre>AssertionError: Test failed: Expected &#39;7&#39; but got &#39;143&#39;</pre>
                        
                        

                        
                        
                        <div class="stdout"><i>Stdout</i><br>
                            <pre>&lt;![CDATA[
&lt;a href=&#34;file://reports/tests_output/baseline-compat/tests/baseline_compat/hyperon-mettalog_sanity/call_cleanup_tests.metta.html#WHOLE-TESTS.hyperon-mettalog_sanity.call_cleanup_tests&#34;&gt;Test Report&lt;/a&gt;

Assertion: ./mettalog &#39;--output=./reports/tests_output/baseline-compat/&#39; --timeout=40 --html --repl=false  --test &#34;tests/baseline_compat/hyperon-mettalog_sanity/call_cleanup_tests.metta&#34; --halt=true
Expected: 7
Actual: 143
]]&gt;</pre>
                        </div>
                        
                        
                    </div>
                
                    <div class="test outcome outcome-failed">
                        <a id="8a4828e1-6265-41ae-a389-54d11a1cd251"></a>
                        <table class="proplist">
                            <tr><th>Test case:</th><td><b>hyperon-mettalog_sanity.call_tests</b></td></tr>
                            <tr><th>Outcome:</th><td>Failed</td></tr>
                            <tr><th>Duration:</th><td>42.0 sec</td></tr>
                        
                            <tr><th>Failed</th><td>Test failed: Expected &#39;7&#39; but got &#39;143&#39;</td></tr>
                        
                        
                        </table>

                        
                        <pre>AssertionError: Test failed: Expected &#39;7&#39; but got &#39;143&#39;</pre>
                        
                        

                        
                        
                        <div class="stdout"><i>Stdout</i><br>
                            <pre>&lt;![CDATA[
&lt;a href=&#34;file://reports/tests_output/baseline-compat/tests/baseline_compat/hyperon-mettalog_sanity/call_tests.metta.html#WHOLE-TESTS.hyperon-mettalog_sanity.call_tests&#34;&gt;Test Report&lt;/a&gt;

Assertion: ./mettalog &#39;--output=./reports/tests_output/baseline-compat/&#39; --timeout=40 --html --repl=false  --test &#34;tests/baseline_compat/hyperon-mettalog_sanity/call_tests.metta&#34; --halt=true
Expected: 7
Actual: 143
]]&gt;</pre>
                        </div>
                        
                        
                    </div>
                
                    <div class="test outcome outcome-failed">
                        <a id="f0f11286-01d1-4fe8-bf70-60c84756ed8f"></a>
                        <table class="proplist">
                            <tr><th>Test case:</th><td><b>hyperon-mettalog_sanity.catch_throw_tests</b></td></tr>
                            <tr><th>Outcome:</th><td>Failed</td></tr>
                            <tr><th>Duration:</th><td>42.0 sec</td></tr>
                        
                            <tr><th>Failed</th><td>Test failed: Expected &#39;7&#39; but got &#39;143&#39;</td></tr>
                        
                        
                        </table>

                        
                        <pre>AssertionError: Test failed: Expected &#39;7&#39; but got &#39;143&#39;</pre>
                        
                        

                        
                        
                        <div class="stdout"><i>Stdout</i><br>
                            <pre>&lt;![CDATA[
&lt;a href=&#34;file://reports/tests_output/baseline-compat/tests/baseline_compat/hyperon-mettalog_sanity/catch_throw_tests.metta.html#WHOLE-TESTS.hyperon-mettalog_sanity.catch_throw_tests&#34;&gt;Test Report&lt;/a&gt;

Assertion: ./mettalog &#39;--output=./reports/tests_output/baseline-compat/&#39; --timeout=40 --html --repl=false  --test &#34;tests/baseline_compat/hyperon-mettalog_sanity/catch_throw_tests.metta&#34; --halt=true
Expected: 7
Actual: 143
]]&gt;</pre>
                        </div>
                        
                        
                    </div>
                
                    <div class="test outcome outcome-failed">
                        <a id="5df8881c-7a4a-4c13-a95d-24a4677e6d0f"></a>
                        <table class="proplist">
                            <tr><th>Test case:</th><td><b>hyperon-mettalog_sanity.find_all_tests</b></td></tr>
                            <tr><th>Outcome:</th><td>Failed</td></tr>
                            <tr><th>Duration:</th><td>42.0 sec</td></tr>
                        
                            <tr><th>Failed</th><td>Test failed: Expected &#39;7&#39; but got &#39;143&#39;</td></tr>
                        
                        
                        </table>

                        
                        <pre>AssertionError: Test failed: Expected &#39;7&#39; but got &#39;143&#39;</pre>
                        
                        

                        
                        
                        <div class="stdout"><i>Stdout</i><br>
                            <pre>&lt;![CDATA[
&lt;a href=&#34;file://reports/tests_output/baseline-compat/tests/baseline_compat/hyperon-mettalog_sanity/find_all_tests.metta.html#WHOLE-TESTS.hyperon-mettalog_sanity.find_all_tests&#34;&gt;Test Report&lt;/a&gt;

Assertion: ./mettalog &#39;--output=./reports/tests_output/baseline-compat/&#39; --timeout=40 --html --repl=false  --test &#34;tests/baseline_compat/hyperon-mettalog_sanity/find_all_tests.metta&#34; --halt=true
Expected: 7
Actual: 143
]]&gt;</pre>
                        </div>
                        
                        
                    </div>
                
                    <div class="test outcome outcome-failed">
                        <a id="102a9021-9174-473f-b2ed-9ffbdd474e5b"></a>
                        <table class="proplist">
                            <tr><th>Test case:</th><td><b>hyperon-mettalog_sanity.first_answer_long</b></td></tr>
                            <tr><th>Outcome:</th><td>Failed</td></tr>
                            <tr><th>Duration:</th><td>42.0 sec</td></tr>
                        
                            <tr><th>Failed</th><td>Test failed: Expected &#39;7&#39; but got &#39;143&#39;</td></tr>
                        
                        
                        </table>

                        
                        <pre>AssertionError: Test failed: Expected &#39;7&#39; but got &#39;143&#39;</pre>
                        
                        

                        
                        
                        <div class="stdout"><i>Stdout</i><br>
                            <pre>&lt;![CDATA[
&lt;a href=&#34;file://reports/tests_output/baseline-compat/tests/baseline_compat/hyperon-mettalog_sanity/first_answer_long.metta.html#WHOLE-TESTS.hyperon-mettalog_sanity.first_answer_long&#34;&gt;Test Report&lt;/a&gt;

Assertion: ./mettalog &#39;--output=./reports/tests_output/baseline-compat/&#39; --timeout=40 --html --repl=false  --test &#34;tests/baseline_compat/hyperon-mettalog_sanity/first_answer_long.metta&#34; --halt=true
Expected: 7
Actual: 143
]]&gt;</pre>
                        </div>
                        
                        
                    </div>
                
                    <div class="test outcome outcome-failed">
                        <a id="d6d641bc-40cf-4524-8543-b35c083c095c"></a>
                        <table class="proplist">
                            <tr><th>Test case:</th><td><b>hyperon-mettalog_sanity.first_answer</b></td></tr>
                            <tr><th>Outcome:</th><td>Failed</td></tr>
                            <tr><th>Duration:</th><td>42.0 sec</td></tr>
                        
                            <tr><th>Failed</th><td>Test failed: Expected &#39;7&#39; but got &#39;143&#39;</td></tr>
                        
                        
                        </table>

                        
                        <pre>AssertionError: Test failed: Expected &#39;7&#39; but got &#39;143&#39;</pre>
                        
                        

                        
                        
                        <div class="stdout"><i>Stdout</i><br>
                            <pre>&lt;![CDATA[
&lt;a href=&#34;file://reports/tests_output/baseline-compat/tests/baseline_compat/hyperon-mettalog_sanity/first_answer.metta.html#WHOLE-TESTS.hyperon-mettalog_sanity.first_answer&#34;&gt;Test Report&lt;/a&gt;

Assertion: ./mettalog &#39;--output=./reports/tests_output/baseline-compat/&#39; --timeout=40 --html --repl=false  --test &#34;tests/baseline_compat/hyperon-mettalog_sanity/first_answer.metta&#34; --halt=true
Expected: 7
Actual: 143
]]&gt;</pre>
                        </div>
                        
                        
                    </div>
                
                    <div class="test outcome outcome-failed">
                        <a id="b945264d-e357-408b-97fb-52075eb55a5a"></a>
                        <table class="proplist">
                            <tr><th>Test case:</th><td><b>hyperon-mettalog_sanity.flip_test</b></td></tr>
                            <tr><th>Outcome:</th><td>Failed</td></tr>
                            <tr><th>Duration:</th><td>42.0 sec</td></tr>
                        
                            <tr><th>Failed</th><td>Test failed: Expected &#39;7&#39; but got &#39;143&#39;</td></tr>
                        
                        
                        </table>

                        
                        <pre>AssertionError: Test failed: Expected &#39;7&#39; but got &#39;143&#39;</pre>
                        
                        

                        
                        
                        <div class="stdout"><i>Stdout</i><br>
                            <pre>&lt;![CDATA[
&lt;a href=&#34;file://reports/tests_output/baseline-compat/tests/baseline_compat/hyperon-mettalog_sanity/flip_test.metta.html#WHOLE-TESTS.hyperon-mettalog_sanity.flip_test&#34;&gt;Test Report&lt;/a&gt;

Assertion: ./mettalog &#39;--output=./reports/tests_output/baseline-compat/&#39; --timeout=40 --html --repl=false  --test &#34;tests/baseline_compat/hyperon-mettalog_sanity/flip_test.metta&#34; --halt=true
Expected: 7
Actual: 143
]]&gt;</pre>
                        </div>
                        
                        
                    </div>
                
                    <div class="test outcome outcome-failed">
                        <a id="8c072ff8-0a45-43e7-b834-5f676aa77447"></a>
                        <table class="proplist">
                            <tr><th>Test case:</th><td><b>hyperon-mettalog_sanity.functional_programming_tests</b></td></tr>
                            <tr><th>Outcome:</th><td>Failed</td></tr>
                            <tr><th>Duration:</th><td>42.0 sec</td></tr>
                        
                            <tr><th>Failed</th><td>Test failed: Expected &#39;7&#39; but got &#39;143&#39;</td></tr>
                        
                        
                        </table>

                        
                        <pre>AssertionError: Test failed: Expected &#39;7&#39; but got &#39;143&#39;</pre>
                        
                        

                        
                        
                        <div class="stdout"><i>Stdout</i><br>
                            <pre>&lt;![CDATA[
&lt;a href=&#34;file://reports/tests_output/baseline-compat/tests/baseline_compat/hyperon-mettalog_sanity/functional_programming_tests.metta.html#WHOLE-TESTS.hyperon-mettalog_sanity.functional_programming_tests&#34;&gt;Test Report&lt;/a&gt;

Assertion: ./mettalog &#39;--output=./reports/tests_output/baseline-compat/&#39; --timeout=40 --html --repl=false  --test &#34;tests/baseline_compat/hyperon-mettalog_sanity/functional_programming_tests.metta&#34; --halt=true
Expected: 7
Actual: 143
]]&gt;</pre>
                        </div>
                        
                        
                    </div>
                
                </div>
            </div>
            
        </div>
    </div>
    

    <div class="testsuite">
        <h2>Test Suite: ANTI-REGRESSION</h2>
        <a id="6764890c-333e-4e78-9718-ca35c2eac3dc"></a>
        
        
        <h3>Results</h3>
        <table class="proplist">
            <tr>
                <th>Duration</th><td>0.296 sec</td>
            </tr>
            <tr>
                <th>Tests</th><td>17</td>
            </tr>
            <tr>
                <th>Failures</th><td>6</td>
            </tr>
        </table>

        <div class="testclasses">
            <h3>Tests</h3>
            
            <div class="testclass">
                <h4>ANTI-REGRESSION</h4>
                <div class="testcases">
                
                    <div class="test outcome outcome-failed">
                        <a id="ce8366e8-6865-4035-8ea8-5f9b3f754dd0"></a>
                        <table class="proplist">
                            <tr><th>Test case:</th><td><b>BC-COMP.01</b></td></tr>
                            <tr><th>Outcome:</th><td>Failed</td></tr>
                            <tr><th>Duration:</th><td>0.055 sec</td></tr>
                        
                            <tr><th>Failed</th><td>Test failed: Expected &#39;(())&#39; but got &#39;(True)&#39;</td></tr>
                        
                        
                        </table>

                        
                        <pre>AssertionError: Test failed: Expected &#39;(())&#39; but got &#39;(True)&#39;</pre>
                        
                        

                        
                        
                        <div class="stdout"><i>Stdout</i><br>
                            <pre>&lt;![CDATA[
&lt;a href=&#34;https://royward.github.io/metta-wam/reports/tests_output/baseline-compat/tests/baseline_compat/anti-regression/bc_comp.metta.3_failed.html#ANTI-REGRESSION.BC-COMP.01&#34;&gt;Test Report&lt;/a&gt;

Assertion: (assertEqualToResult (add-atom &amp;kb (: axiom (nums 2 3))))
Expected: (())
Actual: (True)
]]&gt;</pre>
                        </div>
                        
                        
                    </div>
                
                    <div class="test outcome outcome-failed">
                        <a id="2d1648f1-3158-45bf-9d70-d243b986a2c6"></a>
                        <table class="proplist">
                            <tr><th>Test case:</th><td><b>BC-COMP.02</b></td></tr>
                            <tr><th>Outcome:</th><td>Failed</td></tr>
                            <tr><th>Duration:</th><td>0.031 sec</td></tr>
                        
                            <tr><th>Failed</th><td>Test failed: Expected &#39;(())&#39; but got &#39;(True)&#39;</td></tr>
                        
                        
                        </table>

                        
                        <pre>AssertionError: Test failed: Expected &#39;(())&#39; but got &#39;(True)&#39;</pre>
                        
                        

                        
                        
                        <div class="stdout"><i>Stdout</i><br>
                            <pre>&lt;![CDATA[
&lt;a href=&#34;https://royward.github.io/metta-wam/reports/tests_output/baseline-compat/tests/baseline_compat/anti-regression/bc_comp.metta.3_failed.html#ANTI-REGRESSION.BC-COMP.02&#34;&gt;Test Report&lt;/a&gt;

Assertion: (assertEqualToResult (add-atom &amp;kb (: rule1 (-&gt; (nums $x $y) (rule1output $x $y)))))
Expected: (())
Actual: (True)
]]&gt;</pre>
                        </div>
                        
                        
                    </div>
                
                    <div class="test outcome outcome-failed">
                        <a id="53f1501b-9e07-4394-b711-e214732f1b0b"></a>
                        <table class="proplist">
                            <tr><th>Test case:</th><td><b>BC-COMP.03</b></td></tr>
                            <tr><th>Outcome:</th><td>Failed</td></tr>
                            <tr><th>Duration:</th><td>0.032 sec</td></tr>
                        
                            <tr><th>Failed</th><td>Test failed: Expected &#39;(())&#39; but got &#39;(True)&#39;</td></tr>
                        
                        
                        </table>

                        
                        <pre>AssertionError: Test failed: Expected &#39;(())&#39; but got &#39;(True)&#39;</pre>
                        
                        

                        
                        
                        <div class="stdout"><i>Stdout</i><br>
                            <pre>&lt;![CDATA[
&lt;a href=&#34;https://royward.github.io/metta-wam/reports/tests_output/baseline-compat/tests/baseline_compat/anti-regression/bc_comp.metta.3_failed.html#ANTI-REGRESSION.BC-COMP.03&#34;&gt;Test Report&lt;/a&gt;

Assertion: (assertEqualToResult (add-atom &amp;kb (: rule (-&gt; (rule1output $x $y) (-&gt; (⍃ $x $y) (less $x $y))))))
Expected: (())
Actual: (True)
]]&gt;</pre>
                        </div>
                        
                        
                    </div>
                
                    <div class="test outcome outcome-failed">
                        <a id="894e0066-926a-46c1-802c-71778a970ad6"></a>
                        <table class="proplist">
                            <tr><th>Test case:</th><td><b>BCHAIN-COMP.01</b></td></tr>
                            <tr><th>Outcome:</th><td>Failed</td></tr>
                            <tr><th>Duration:</th><td>0.059 sec</td></tr>
                        
                            <tr><th>Failed</th><td>Test failed: Expected &#39;(())&#39; but got &#39;(True)&#39;</td></tr>
                        
                        
                        </table>

                        
                        <pre>AssertionError: Test failed: Expected &#39;(())&#39; but got &#39;(True)&#39;</pre>
                        
                        

                        
                        
                        <div class="stdout"><i>Stdout</i><br>
                            <pre>&lt;![CDATA[
&lt;a href=&#34;https://royward.github.io/metta-wam/reports/tests_output/baseline-compat/tests/baseline_compat/anti-regression/bchain_comp.metta.3_failed.html#ANTI-REGRESSION.BCHAIN-COMP.01&#34;&gt;Test Report&lt;/a&gt;

Assertion: (assertEqualToResult (add-atom &amp;kb (: axiom (nums 2 3))))
Expected: (())
Actual: (True)
]]&gt;</pre>
                        </div>
                        
                        
                    </div>
                
                    <div class="test outcome outcome-failed">
                        <a id="00e9f3ba-c845-490f-8e5f-20c70b44513f"></a>
                        <table class="proplist">
                            <tr><th>Test case:</th><td><b>BCHAIN-COMP.02</b></td></tr>
                            <tr><th>Outcome:</th><td>Failed</td></tr>
                            <tr><th>Duration:</th><td>0.046 sec</td></tr>
                        
                            <tr><th>Failed</th><td>Test failed: Expected &#39;(())&#39; but got &#39;(True)&#39;</td></tr>
                        
                        
                        </table>

                        
                        <pre>AssertionError: Test failed: Expected &#39;(())&#39; but got &#39;(True)&#39;</pre>
                        
                        

                        
                        
                        <div class="stdout"><i>Stdout</i><br>
                            <pre>&lt;![CDATA[
&lt;a href=&#34;https://royward.github.io/metta-wam/reports/tests_output/baseline-compat/tests/baseline_compat/anti-regression/bchain_comp.metta.3_failed.html#ANTI-REGRESSION.BCHAIN-COMP.02&#34;&gt;Test Report&lt;/a&gt;

Assertion: (assertEqualToResult (add-atom &amp;kb (: rule1 (-&gt; (nums $x $y) (rule1output $x $y)))))
Expected: (())
Actual: (True)
]]&gt;</pre>
                        </div>
                        
                        
                    </div>
                
                    <div class="test outcome outcome-failed">
                        <a id="e7c69aa5-2900-4edf-b711-e69feec643d8"></a>
                        <table class="proplist">
                            <tr><th>Test case:</th><td><b>BCHAIN-COMP.03</b></td></tr>
                            <tr><th>Outcome:</th><td>Failed</td></tr>
                            <tr><th>Duration:</th><td>0.047 sec</td></tr>
                        
                            <tr><th>Failed</th><td>Test failed: Expected &#39;(())&#39; but got &#39;(True)&#39;</td></tr>
                        
                        
                        </table>

                        
                        <pre>AssertionError: Test failed: Expected &#39;(())&#39; but got &#39;(True)&#39;</pre>
                        
                        

                        
                        
                        <div class="stdout"><i>Stdout</i><br>
                            <pre>&lt;![CDATA[
&lt;a href=&#34;https://royward.github.io/metta-wam/reports/tests_output/baseline-compat/tests/baseline_compat/anti-regression/bchain_comp.metta.3_failed.html#ANTI-REGRESSION.BCHAIN-COMP.03&#34;&gt;Test Report&lt;/a&gt;

Assertion: (assertEqualToResult (add-atom &amp;kb (: rule (-&gt; (rule1output $x $y) (-&gt; (⍃ $x $y) (less $x $y))))))
Expected: (())
Actual: (True)
]]&gt;</pre>
                        </div>
                        
                        
                    </div>
                
                    <div class="test outcome outcome-passed">
                        <a id="eb047d76-9bf4-4333-9917-b424f92b244b"></a>
                        <table class="proplist">
                            <tr><th>Test case:</th><td><b>BCHAIN.01</b></td></tr>
                            <tr><th>Outcome:</th><td>Passed</td></tr>
                            <tr><th>Duration:</th><td>0.005 sec</td></tr>
                        
                        
                        </table>

                        
                        

                        
                        
                        <div class="stdout"><i>Stdout</i><br>
                            <pre>&lt;![CDATA[
&lt;a href=&#34;https://royward.github.io/metta-wam/reports/tests_output/baseline-compat/tests/baseline_compat/anti-regression/bchain.metta.0_failed.html#ANTI-REGRESSION.BCHAIN.01&#34;&gt;Test Report&lt;/a&gt;

Assertion: (assertEqualToResult (add-atom &amp;kb (: axiom (nums 2 3))))
Expected: (())
Actual: (())
]]&gt;</pre>
                        </div>
                        
                        
                    </div>
                
                    <div class="test outcome outcome-passed">
                        <a id="53eec5b4-5e64-4f52-8594-048bd3b6e2fa"></a>
                        <table class="proplist">
                            <tr><th>Test case:</th><td><b>BCHAIN.02</b></td></tr>
                            <tr><th>Outcome:</th><td>Passed</td></tr>
                            <tr><th>Duration:</th><td>0.002 sec</td></tr>
                        
                        
                        </table>

                        
                        

                        
                        
                        <div class="stdout"><i>Stdout</i><br>
                            <pre>&lt;![CDATA[
&lt;a href=&#34;https://royward.github.io/metta-wam/reports/tests_output/baseline-compat/tests/baseline_compat/anti-regression/bchain.metta.0_failed.html#ANTI-REGRESSION.BCHAIN.02&#34;&gt;Test Report&lt;/a&gt;

Assertion: (assertEqualToResult (add-atom &amp;kb (: rule1 (-&gt; (nums $x $y) (rule1output $x $y)))))
Expected: (())
Actual: (())
]]&gt;</pre>
                        </div>
                        
                        
                    </div>
                
                    <div class="test outcome outcome-passed">
                        <a id="670e419c-b102-43c4-8191-b45e6d7e2065"></a>
                        <table class="proplist">
                            <tr><th>Test case:</th><td><b>BCHAIN.03</b></td></tr>
                            <tr><th>Outcome:</th><td>Passed</td></tr>
                            <tr><th>Duration:</th><td>0.002 sec</td></tr>
                        
                        
                        </table>

                        
                        

                        
                        
                        <div class="stdout"><i>Stdout</i><br>
                            <pre>&lt;![CDATA[
&lt;a href=&#34;https://royward.github.io/metta-wam/reports/tests_output/baseline-compat/tests/baseline_compat/anti-regression/bchain.metta.0_failed.html#ANTI-REGRESSION.BCHAIN.03&#34;&gt;Test Report&lt;/a&gt;

Assertion: (assertEqualToResult (add-atom &amp;kb (: rule (-&gt; (rule1output $x $y) (-&gt; (⍃ $x $y) (less $x $y))))))
Expected: (())
Actual: (())
]]&gt;</pre>
                        </div>
                        
                        
                    </div>
                
                    <div class="test outcome outcome-passed">
                        <a id="f0d392ec-7d38-4948-b779-118123a10ff4"></a>
                        <table class="proplist">
                            <tr><th>Test case:</th><td><b>TMPMATCH1.01</b></td></tr>
                            <tr><th>Outcome:</th><td>Passed</td></tr>
                            <tr><th>Duration:</th><td>0.002 sec</td></tr>
                        
                        
                        </table>

                        
                        

                        
                        
                        <div class="stdout"><i>Stdout</i><br>
                            <pre>&lt;![CDATA[
&lt;a href=&#34;https://royward.github.io/metta-wam/reports/tests_output/baseline-compat/tests/baseline_compat/anti-regression/tmpMatch1.metta.0_failed.html#ANTI-REGRESSION.TMPMATCH1.01&#34;&gt;Test Report&lt;/a&gt;

Assertion: (assertEqualToResult (add-atom &amp;db (Inheritance B A)))
Expected: (())
Actual: (())
]]&gt;</pre>
                        </div>
                        
                        
                    </div>
                
                    <div class="test outcome outcome-passed">
                        <a id="14820a9e-7fc7-4f10-8bf4-3c115eae9fd7"></a>
                        <table class="proplist">
                            <tr><th>Test case:</th><td><b>TMPMATCH1.02</b></td></tr>
                            <tr><th>Outcome:</th><td>Passed</td></tr>
                            <tr><th>Duration:</th><td>0.002 sec</td></tr>
                        
                        
                        </table>

                        
                        

                        
                        
                        <div class="stdout"><i>Stdout</i><br>
                            <pre>&lt;![CDATA[
&lt;a href=&#34;https://royward.github.io/metta-wam/reports/tests_output/baseline-compat/tests/baseline_compat/anti-regression/tmpMatch1.metta.0_failed.html#ANTI-REGRESSION.TMPMATCH1.02&#34;&gt;Test Report&lt;/a&gt;

Assertion: (assertEqualToResult (add-atom &amp;db (Inheritance C A)))
Expected: (())
Actual: (())
]]&gt;</pre>
                        </div>
                        
                        
                    </div>
                
                    <div class="test outcome outcome-passed">
                        <a id="0013b3c3-afa7-4ffa-82a2-c2993fa9a27c"></a>
                        <table class="proplist">
                            <tr><th>Test case:</th><td><b>TMPMATCH1.03</b></td></tr>
                            <tr><th>Outcome:</th><td>Passed</td></tr>
                            <tr><th>Duration:</th><td>0.002 sec</td></tr>
                        
                        
                        </table>

                        
                        

                        
                        
                        <div class="stdout"><i>Stdout</i><br>
                            <pre>&lt;![CDATA[
&lt;a href=&#34;https://royward.github.io/metta-wam/reports/tests_output/baseline-compat/tests/baseline_compat/anti-regression/tmpMatch1.metta.0_failed.html#ANTI-REGRESSION.TMPMATCH1.03&#34;&gt;Test Report&lt;/a&gt;

Assertion: (assertEqualToResult (add-atom &amp;db (Inheritance D E)))
Expected: (())
Actual: (())
]]&gt;</pre>
                        </div>
                        
                        
                    </div>
                
                    <div class="test outcome outcome-passed">
                        <a id="bf3825e5-fb94-4e59-b24d-25d8b28f28af"></a>
                        <table class="proplist">
                            <tr><th>Test case:</th><td><b>TMPMATCH1.04</b></td></tr>
                            <tr><th>Outcome:</th><td>Passed</td></tr>
                            <tr><th>Duration:</th><td>0.002 sec</td></tr>
                        
                        
                        </table>

                        
                        

                        
                        
                        <div class="stdout"><i>Stdout</i><br>
                            <pre>&lt;![CDATA[
&lt;a href=&#34;https://royward.github.io/metta-wam/reports/tests_output/baseline-compat/tests/baseline_compat/anti-regression/tmpMatch1.metta.0_failed.html#ANTI-REGRESSION.TMPMATCH1.04&#34;&gt;Test Report&lt;/a&gt;

Assertion: (assertEqualToResult (add-atom &amp;db (Inheritance C E)))
Expected: (())
Actual: (())
]]&gt;</pre>
                        </div>
                        
                        
                    </div>
                
                    <div class="test outcome outcome-passed">
                        <a id="ceb7130a-e556-4848-be62-34c4bcd795c3"></a>
                        <table class="proplist">
                            <tr><th>Test case:</th><td><b>TMPMATCH2.01</b></td></tr>
                            <tr><th>Outcome:</th><td>Passed</td></tr>
                            <tr><th>Duration:</th><td>0.002 sec</td></tr>
                        
                        
                        </table>

                        
                        

                        
                        
                        <div class="stdout"><i>Stdout</i><br>
                            <pre>&lt;![CDATA[
&lt;a href=&#34;https://royward.github.io/metta-wam/reports/tests_output/baseline-compat/tests/baseline_compat/anti-regression/tmpMatch2.metta.0_failed.html#ANTI-REGRESSION.TMPMATCH2.01&#34;&gt;Test Report&lt;/a&gt;

Assertion: (assertEqualToResult (add-atom &amp;db (Inheritance B A)))
Expected: (())
Actual: (())
]]&gt;</pre>
                        </div>
                        
                        
                    </div>
                
                    <div class="test outcome outcome-passed">
                        <a id="7abee089-4a97-4508-b1c5-4f7876e79011"></a>
                        <table class="proplist">
                            <tr><th>Test case:</th><td><b>TMPMATCH2.02</b></td></tr>
                            <tr><th>Outcome:</th><td>Passed</td></tr>
                            <tr><th>Duration:</th><td>0.003 sec</td></tr>
                        
                        
                        </table>

                        
                        

                        
                        
                        <div class="stdout"><i>Stdout</i><br>
                            <pre>&lt;![CDATA[
&lt;a href=&#34;https://royward.github.io/metta-wam/reports/tests_output/baseline-compat/tests/baseline_compat/anti-regression/tmpMatch2.metta.0_failed.html#ANTI-REGRESSION.TMPMATCH2.02&#34;&gt;Test Report&lt;/a&gt;

Assertion: (assertEqualToResult (add-atom &amp;db (Inheritance C A)))
Expected: (())
Actual: (())
]]&gt;</pre>
                        </div>
                        
                        
                    </div>
                
                    <div class="test outcome outcome-passed">
                        <a id="43efab3c-4c8d-46b5-af30-c9273ce149e9"></a>
                        <table class="proplist">
                            <tr><th>Test case:</th><td><b>TMPMATCH2.03</b></td></tr>
                            <tr><th>Outcome:</th><td>Passed</td></tr>
                            <tr><th>Duration:</th><td>0.002 sec</td></tr>
                        
                        
                        </table>

                        
                        

                        
                        
                        <div class="stdout"><i>Stdout</i><br>
                            <pre>&lt;![CDATA[
&lt;a href=&#34;https://royward.github.io/metta-wam/reports/tests_output/baseline-compat/tests/baseline_compat/anti-regression/tmpMatch2.metta.0_failed.html#ANTI-REGRESSION.TMPMATCH2.03&#34;&gt;Test Report&lt;/a&gt;

Assertion: (assertEqualToResult (add-atom &amp;db (Inheritance D E)))
Expected: (())
Actual: (())
]]&gt;</pre>
                        </div>
                        
                        
                    </div>
                
                    <div class="test outcome outcome-passed">
                        <a id="2d8eccb2-1fea-4166-b742-1a5d04014186"></a>
                        <table class="proplist">
                            <tr><th>Test case:</th><td><b>TMPMATCH2.04</b></td></tr>
                            <tr><th>Outcome:</th><td>Passed</td></tr>
                            <tr><th>Duration:</th><td>0.002 sec</td></tr>
                        
                        
                        </table>

                        
                        

                        
                        
                        <div class="stdout"><i>Stdout</i><br>
                            <pre>&lt;![CDATA[
&lt;a href=&#34;https://royward.github.io/metta-wam/reports/tests_output/baseline-compat/tests/baseline_compat/anti-regression/tmpMatch2.metta.0_failed.html#ANTI-REGRESSION.TMPMATCH2.04&#34;&gt;Test Report&lt;/a&gt;

Assertion: (assertEqualToResult (add-atom &amp;db (Inheritance C E)))
Expected: (())
Actual: (())
]]&gt;</pre>
                        </div>
                        
                        
                    </div>
                
                </div>
            </div>
            
        </div>
    </div>
    

    <div class="testsuite">
        <h2>Test Suite: METTA-WAM-ISSUE-145</h2>
        <a id="53ab94ca-afd9-45b9-b002-7b5725b17b0e"></a>
        
        
        <h3>Results</h3>
        <table class="proplist">
            <tr>
                <th>Duration</th><td>0.008 sec</td>
            </tr>
            <tr>
                <th>Tests</th><td>3</td>
            </tr>
            <tr>
                <th>Failures</th><td>0</td>
            </tr>
        </table>

        <div class="testclasses">
            <h3>Tests</h3>
            
            <div class="testclass">
                <h4>METTA-WAM-ISSUE-145</h4>
                <div class="testcases">
                
                    <div class="test outcome outcome-passed">
                        <a id="d00c4cdd-aff4-441f-9bf9-fffd80e302d5"></a>
                        <table class="proplist">
                            <tr><th>Test case:</th><td><b>PRINT-GRAPH.01</b></td></tr>
                            <tr><th>Outcome:</th><td>Passed</td></tr>
                            <tr><th>Duration:</th><td>0.004 sec</td></tr>
                        
                        
                        </table>

                        
                        

                        
                        
                        <div class="stdout"><i>Stdout</i><br>
                            <pre>&lt;![CDATA[
&lt;a href=&#34;https://royward.github.io/metta-wam/reports/tests_output/baseline-compat/tests/baseline_compat/anti-regression/issues/metta-wam-issue-145/print_graph.metta.0_failed.html#METTA-WAM-ISSUE-145.PRINT-GRAPH.01&#34;&gt;Test Report&lt;/a&gt;

Assertion: (assertEqualToResult (add-atom &amp;ex1 (y y (ɑ 0))))
Expected: (())
Actual: (())
]]&gt;</pre>
                        </div>
                        
                        
                    </div>
                
                    <div class="test outcome outcome-passed">
                        <a id="6d06d23b-ce43-45d6-b07f-ad98d8b510a8"></a>
                        <table class="proplist">
                            <tr><th>Test case:</th><td><b>PRINT-GRAPH.02</b></td></tr>
                            <tr><th>Outcome:</th><td>Passed</td></tr>
                            <tr><th>Duration:</th><td>0.002 sec</td></tr>
                        
                        
                        </table>

                        
                        

                        
                        
                        <div class="stdout"><i>Stdout</i><br>
                            <pre>&lt;![CDATA[
&lt;a href=&#34;https://royward.github.io/metta-wam/reports/tests_output/baseline-compat/tests/baseline_compat/anti-regression/issues/metta-wam-issue-145/print_graph.metta.0_failed.html#METTA-WAM-ISSUE-145.PRINT-GRAPH.02&#34;&gt;Test Report&lt;/a&gt;

Assertion: (assertEqualToResult (add-atom &amp;ex1 (x z (ɑ 0))))
Expected: (())
Actual: (())
]]&gt;</pre>
                        </div>
                        
                        
                    </div>
                
                    <div class="test outcome outcome-passed">
                        <a id="09ba76a8-e780-41e3-bb66-daf1eb7081a4"></a>
                        <table class="proplist">
                            <tr><th>Test case:</th><td><b>PRINT-GRAPH.03</b></td></tr>
                            <tr><th>Outcome:</th><td>Passed</td></tr>
                            <tr><th>Duration:</th><td>0.002 sec</td></tr>
                        
                        
                        </table>

                        
                        

                        
                        
                        <div class="stdout"><i>Stdout</i><br>
                            <pre>&lt;![CDATA[
&lt;a href=&#34;https://royward.github.io/metta-wam/reports/tests_output/baseline-compat/tests/baseline_compat/anti-regression/issues/metta-wam-issue-145/print_graph.metta.0_failed.html#METTA-WAM-ISSUE-145.PRINT-GRAPH.03&#34;&gt;Test Report&lt;/a&gt;

Assertion: (assertEqualToResult (add-atom &amp;ex1 ((ɑ 0) 1 A)))
Expected: (())
Actual: (())
]]&gt;</pre>
                        </div>
                        
                        
                    </div>
                
                </div>
            </div>
            
        </div>
    </div>
    

    <div class="testsuite">
        <h2>Test Suite: HYPERON-EXPERIMENTAL-SCRIPTS</h2>
        <a id="8a66c0ca-03ab-4b92-99b1-7dd4b3134d8e"></a>
        
        
        <h3>Results</h3>
        <table class="proplist">
            <tr>
                <th>Duration</th><td>0.157 sec</td>
            </tr>
            <tr>
                <th>Tests</th><td>15</td>
            </tr>
            <tr>
                <th>Failures</th><td>0</td>
            </tr>
        </table>

        <div class="testclasses">
            <h3>Tests</h3>
            
            <div class="testclass">
                <h4>HYPERON-EXPERIMENTAL-SCRIPTS</h4>
                <div class="testcases">
                
                    <div class="test outcome outcome-passed">
                        <a id="95159b74-497f-4752-8a54-bc94c0171a93"></a>
                        <table class="proplist">
                            <tr><th>Test case:</th><td><b>B4-NONDETERM.01</b></td></tr>
                            <tr><th>Outcome:</th><td>Passed</td></tr>
                            <tr><th>Duration:</th><td>0.092 sec</td></tr>
                        
                        
                        </table>

                        
                        

                        
                        
                        <div class="stdout"><i>Stdout</i><br>
                            <pre>&lt;![CDATA[
&lt;a href=&#34;https://royward.github.io/metta-wam/reports/tests_output/baseline-compat/tests/baseline_compat/hyperon-experimental_scripts/b4_nondeterm.metta.0_failed.html#HYPERON-EXPERIMENTAL-SCRIPTS.B4-NONDETERM.01&#34;&gt;Test Report&lt;/a&gt;

Assertion: (assertEqual (match &amp;self (= (color) $x) $x))
Expected: (red yellow green)
Actual: (green yellow red)
]]&gt;</pre>
                        </div>
                        
                        
                    </div>
                
                    <div class="test outcome outcome-passed">
                        <a id="d0b18a28-d5c3-458f-a747-e0ad75b4da90"></a>
                        <table class="proplist">
                            <tr><th>Test case:</th><td><b>B4-NONDETERM.02</b></td></tr>
                            <tr><th>Outcome:</th><td>Passed</td></tr>
                            <tr><th>Duration:</th><td>0.002 sec</td></tr>
                        
                        
                        </table>

                        
                        

                        
                        
                        <div class="stdout"><i>Stdout</i><br>
                            <pre>&lt;![CDATA[
&lt;a href=&#34;https://royward.github.io/metta-wam/reports/tests_output/baseline-compat/tests/baseline_compat/hyperon-experimental_scripts/b4_nondeterm.metta.0_failed.html#HYPERON-EXPERIMENTAL-SCRIPTS.B4-NONDETERM.02&#34;&gt;Test Report&lt;/a&gt;

Assertion: (assertEqual (collapse (match &amp;self (= (shape) $x) $x)))
Expected: (())
Actual: (())
]]&gt;</pre>
                        </div>
                        
                        
                    </div>
                
                    <div class="test outcome outcome-passed">
                        <a id="66de12b3-1cf5-4c62-a5ae-02f16a95e0a5"></a>
                        <table class="proplist">
                            <tr><th>Test case:</th><td><b>D1-GADT.01</b></td></tr>
                            <tr><th>Outcome:</th><td>Passed</td></tr>
                            <tr><th>Duration:</th><td>0.005 sec</td></tr>
                        
                        
                        </table>

                        
                        

                        
                        
                        <div class="stdout"><i>Stdout</i><br>
                            <pre>&lt;![CDATA[
&lt;a href=&#34;https://royward.github.io/metta-wam/reports/tests_output/baseline-compat/tests/baseline_compat/hyperon-experimental_scripts/d1_gadt.metta.0_failed.html#HYPERON-EXPERIMENTAL-SCRIPTS.D1-GADT.01&#34;&gt;Test Report&lt;/a&gt;

Assertion: (assertEqual (get-type 5))
Expected: (Number)
Actual: (Number)
]]&gt;</pre>
                        </div>
                        
                        
                    </div>
                
                    <div class="test outcome outcome-passed">
                        <a id="3c681896-755d-4040-96d8-0f1946fcd972"></a>
                        <table class="proplist">
                            <tr><th>Test case:</th><td><b>D1-GADT.02</b></td></tr>
                            <tr><th>Outcome:</th><td>Passed</td></tr>
                            <tr><th>Duration:</th><td>0.003 sec</td></tr>
                        
                        
                        </table>

                        
                        

                        
                        
                        <div class="stdout"><i>Stdout</i><br>
                            <pre>&lt;![CDATA[
&lt;a href=&#34;https://royward.github.io/metta-wam/reports/tests_output/baseline-compat/tests/baseline_compat/hyperon-experimental_scripts/d1_gadt.metta.0_failed.html#HYPERON-EXPERIMENTAL-SCRIPTS.D1-GADT.02&#34;&gt;Test Report&lt;/a&gt;

Assertion: (assertEqual (get-type (+ 5 7)))
Expected: (Number)
Actual: (Number)
]]&gt;</pre>
                        </div>
                        
                        
                    </div>
                
                    <div class="test outcome outcome-passed">
                        <a id="232e67a8-00a1-47e8-b565-66f795f7b9fd"></a>
                        <table class="proplist">
                            <tr><th>Test case:</th><td><b>D1-GADT.03</b></td></tr>
                            <tr><th>Outcome:</th><td>Passed</td></tr>
                            <tr><th>Duration:</th><td>0.002 sec</td></tr>
                        
                        
                        </table>

                        
                        

                        
                        
                        <div class="stdout"><i>Stdout</i><br>
                            <pre>&lt;![CDATA[
&lt;a href=&#34;https://royward.github.io/metta-wam/reports/tests_output/baseline-compat/tests/baseline_compat/hyperon-experimental_scripts/d1_gadt.metta.0_failed.html#HYPERON-EXPERIMENTAL-SCRIPTS.D1-GADT.03&#34;&gt;Test Report&lt;/a&gt;

Assertion: (assertEqual (get-type +))
Expected: ((-&gt; Number Number Number))
Actual: ((-&gt; Number Number Number))
]]&gt;</pre>
                        </div>
                        
                        
                    </div>
                
                    <div class="test outcome outcome-passed">
                        <a id="2df82584-48d1-4112-a901-6c8f80a57d15"></a>
                        <table class="proplist">
                            <tr><th>Test case:</th><td><b>D1-GADT.04</b></td></tr>
                            <tr><th>Outcome:</th><td>Passed</td></tr>
                            <tr><th>Duration:</th><td>0.015 sec</td></tr>
                        
                        
                        </table>

                        
                        

                        
                        
                        <div class="stdout"><i>Stdout</i><br>
                            <pre>&lt;![CDATA[
&lt;a href=&#34;https://royward.github.io/metta-wam/reports/tests_output/baseline-compat/tests/baseline_compat/hyperon-experimental_scripts/d1_gadt.metta.0_failed.html#HYPERON-EXPERIMENTAL-SCRIPTS.D1-GADT.04&#34;&gt;Test Report&lt;/a&gt;

Assertion: (assertEqualToResult (get-type (+ 5 &#34;4&#34;)))
Expected: ()
Actual: (())
]]&gt;</pre>
                        </div>
                        
                        
                    </div>
                
                    <div class="test outcome outcome-passed">
                        <a id="48c23ca4-923f-4480-b76d-a6590163e20c"></a>
                        <table class="proplist">
                            <tr><th>Test case:</th><td><b>D1-GADT.05</b></td></tr>
                            <tr><th>Outcome:</th><td>Passed</td></tr>
                            <tr><th>Duration:</th><td>0.009 sec</td></tr>
                        
                        
                        </table>

                        
                        

                        
                        
                        <div class="stdout"><i>Stdout</i><br>
                            <pre>&lt;![CDATA[
&lt;a href=&#34;https://royward.github.io/metta-wam/reports/tests_output/baseline-compat/tests/baseline_compat/hyperon-experimental_scripts/d1_gadt.metta.0_failed.html#HYPERON-EXPERIMENTAL-SCRIPTS.D1-GADT.05&#34;&gt;Test Report&lt;/a&gt;

Assertion: (assertEqualToResult (get-type (+ -)))
Expected: ()
Actual: (())
]]&gt;</pre>
                        </div>
                        
                        
                    </div>
                
                    <div class="test outcome outcome-passed">
                        <a id="0ed709de-b8e7-4495-a16d-7f2401357c1d"></a>
                        <table class="proplist">
                            <tr><th>Test case:</th><td><b>D1-GADT.06</b></td></tr>
                            <tr><th>Outcome:</th><td>Passed</td></tr>
                            <tr><th>Duration:</th><td>0.002 sec</td></tr>
                        
                        
                        </table>

                        
                        

                        
                        
                        <div class="stdout"><i>Stdout</i><br>
                            <pre>&lt;![CDATA[
&lt;a href=&#34;https://royward.github.io/metta-wam/reports/tests_output/baseline-compat/tests/baseline_compat/hyperon-experimental_scripts/d1_gadt.metta.0_failed.html#HYPERON-EXPERIMENTAL-SCRIPTS.D1-GADT.06&#34;&gt;Test Report&lt;/a&gt;

Assertion: (assertEqual (get-type Either))
Expected: (Type)
Actual: (Type)
]]&gt;</pre>
                        </div>
                        
                        
                    </div>
                
                    <div class="test outcome outcome-passed">
                        <a id="0004bdc1-c494-487e-a2fb-0443259a72f3"></a>
                        <table class="proplist">
                            <tr><th>Test case:</th><td><b>D1-GADT.07</b></td></tr>
                            <tr><th>Outcome:</th><td>Passed</td></tr>
                            <tr><th>Duration:</th><td>0.003 sec</td></tr>
                        
                        
                        </table>

                        
                        

                        
                        
                        <div class="stdout"><i>Stdout</i><br>
                            <pre>&lt;![CDATA[
&lt;a href=&#34;https://royward.github.io/metta-wam/reports/tests_output/baseline-compat/tests/baseline_compat/hyperon-experimental_scripts/d1_gadt.metta.0_failed.html#HYPERON-EXPERIMENTAL-SCRIPTS.D1-GADT.07&#34;&gt;Test Report&lt;/a&gt;

Assertion: (assertEqual (get-type (Left 5)))
Expected: (Either)
Actual: (Either)
]]&gt;</pre>
                        </div>
                        
                        
                    </div>
                
                    <div class="test outcome outcome-passed">
                        <a id="ec9b1002-2390-4e96-9858-c57fbb892be4"></a>
                        <table class="proplist">
                            <tr><th>Test case:</th><td><b>D1-GADT.08</b></td></tr>
                            <tr><th>Outcome:</th><td>Passed</td></tr>
                            <tr><th>Duration:</th><td>0.002 sec</td></tr>
                        
                        
                        </table>

                        
                        

                        
                        
                        <div class="stdout"><i>Stdout</i><br>
                            <pre>&lt;![CDATA[
&lt;a href=&#34;https://royward.github.io/metta-wam/reports/tests_output/baseline-compat/tests/baseline_compat/hyperon-experimental_scripts/d1_gadt.metta.0_failed.html#HYPERON-EXPERIMENTAL-SCRIPTS.D1-GADT.08&#34;&gt;Test Report&lt;/a&gt;

Assertion: (assertEqual (get-type (isLeft (Right 5))))
Expected: (Bool)
Actual: (Bool)
]]&gt;</pre>
                        </div>
                        
                        
                    </div>
                
                    <div class="test outcome outcome-passed">
                        <a id="a8e32bf8-2e11-47fc-bc95-b40cd2942b96"></a>
                        <table class="proplist">
                            <tr><th>Test case:</th><td><b>D1-GADT.09</b></td></tr>
                            <tr><th>Outcome:</th><td>Passed</td></tr>
                            <tr><th>Duration:</th><td>0.009 sec</td></tr>
                        
                        
                        </table>

                        
                        

                        
                        
                        <div class="stdout"><i>Stdout</i><br>
                            <pre>&lt;![CDATA[
&lt;a href=&#34;https://royward.github.io/metta-wam/reports/tests_output/baseline-compat/tests/baseline_compat/hyperon-experimental_scripts/d1_gadt.metta.0_failed.html#HYPERON-EXPERIMENTAL-SCRIPTS.D1-GADT.09&#34;&gt;Test Report&lt;/a&gt;

Assertion: (assertEqualToResult (get-type (isLeft 5)))
Expected: ()
Actual: (())
]]&gt;</pre>
                        </div>
                        
                        
                    </div>
                
                    <div class="test outcome outcome-passed">
                        <a id="d4329e9a-3e57-42c5-b417-5184d85a723a"></a>
                        <table class="proplist">
                            <tr><th>Test case:</th><td><b>D2-HIGHERFUNC.01</b></td></tr>
                            <tr><th>Outcome:</th><td>Passed</td></tr>
                            <tr><th>Duration:</th><td>0.005 sec</td></tr>
                        
                        
                        </table>

                        
                        

                        
                        
                        <div class="stdout"><i>Stdout</i><br>
                            <pre>&lt;![CDATA[
&lt;a href=&#34;https://royward.github.io/metta-wam/reports/tests_output/baseline-compat/tests/baseline_compat/hyperon-experimental_scripts/d2_higherfunc.metta.0_failed.html#HYPERON-EXPERIMENTAL-SCRIPTS.D2-HIGHERFUNC.01&#34;&gt;Test Report&lt;/a&gt;

Assertion: (assertEqual (get-type (curry +)))
Expected: ((-&gt; Number (-&gt; Number Number)))
Actual: ((-&gt; Number (-&gt; Number Number)))
]]&gt;</pre>
                        </div>
                        
                        
                    </div>
                
                    <div class="test outcome outcome-passed">
                        <a id="7869d883-7d9c-4b39-b542-3d09ae830f37"></a>
                        <table class="proplist">
                            <tr><th>Test case:</th><td><b>D2-HIGHERFUNC.02</b></td></tr>
                            <tr><th>Outcome:</th><td>Passed</td></tr>
                            <tr><th>Duration:</th><td>0.003 sec</td></tr>
                        
                        
                        </table>

                        
                        

                        
                        
                        <div class="stdout"><i>Stdout</i><br>
                            <pre>&lt;![CDATA[
&lt;a href=&#34;https://royward.github.io/metta-wam/reports/tests_output/baseline-compat/tests/baseline_compat/hyperon-experimental_scripts/d2_higherfunc.metta.0_failed.html#HYPERON-EXPERIMENTAL-SCRIPTS.D2-HIGHERFUNC.02&#34;&gt;Test Report&lt;/a&gt;

Assertion: (assertEqual (get-type ((curry +) 2)))
Expected: ((-&gt; Number Number))
Actual: ((-&gt; Number Number))
]]&gt;</pre>
                        </div>
                        
                        
                    </div>
                
                    <div class="test outcome outcome-passed">
                        <a id="c5e3d5d3-f455-4cca-8b08-0d2e3a205f44"></a>
                        <table class="proplist">
                            <tr><th>Test case:</th><td><b>D4-TYPE-PROP.01</b></td></tr>
                            <tr><th>Outcome:</th><td>Passed</td></tr>
                            <tr><th>Duration:</th><td>0.002 sec</td></tr>
                        
                        
                        </table>

                        
                        

                        
                        
                        <div class="stdout"><i>Stdout</i><br>
                            <pre>&lt;![CDATA[
&lt;a href=&#34;https://royward.github.io/metta-wam/reports/tests_output/baseline-compat/tests/baseline_compat/hyperon-experimental_scripts/d4_type_prop.metta.0_failed.html#HYPERON-EXPERIMENTAL-SCRIPTS.D4-TYPE-PROP.01&#34;&gt;Test Report&lt;/a&gt;

Assertion: (assertEqual (get-type (Mortal Plato)))
Expected: (Type)
Actual: (Type)
]]&gt;</pre>
                        </div>
                        
                        
                    </div>
                
                    <div class="test outcome outcome-passed">
                        <a id="6726391c-d68b-43c7-88da-3727aeb662a4"></a>
                        <table class="proplist">
                            <tr><th>Test case:</th><td><b>F1-IMPORTS.01</b></td></tr>
                            <tr><th>Outcome:</th><td>Passed</td></tr>
                            <tr><th>Duration:</th><td>0.004 sec</td></tr>
                        
                        
                        </table>

                        
                        

                        
                        
                        <div class="stdout"><i>Stdout</i><br>
                            <pre>&lt;![CDATA[
&lt;a href=&#34;https://royward.github.io/metta-wam/reports/tests_output/baseline-compat/tests/baseline_compat/hyperon-experimental_scripts/f1_imports.metta.0_failed.html#HYPERON-EXPERIMENTAL-SCRIPTS.F1-IMPORTS.01&#34;&gt;Test Report&lt;/a&gt;

Assertion: (assertEqualToResult (get-type &amp;self))
Expected: (hyperon::space::DynSpace)
Actual: (hyperon::space::DynSpace)
]]&gt;</pre>
                        </div>
                        
                        
                    </div>
                
                </div>
            </div>
            
        </div>
    </div>
    

    <div class="testsuite">
        <h2>Test Suite: HYPERON-METTALOG-SANITY</h2>
        <a id="7414100f-e179-4e88-be51-b30c9e2f762a"></a>
        
        
        <h3>Results</h3>
        <table class="proplist">
            <tr>
                <th>Duration</th><td>0.019 sec</td>
            </tr>
            <tr>
                <th>Tests</th><td>5</td>
            </tr>
            <tr>
                <th>Failures</th><td>0</td>
            </tr>
        </table>

        <div class="testclasses">
            <h3>Tests</h3>
            
            <div class="testclass">
                <h4>HYPERON-METTALOG-SANITY</h4>
                <div class="testcases">
                
                    <div class="test outcome outcome-passed">
                        <a id="6815bbe2-e364-4c74-bf2d-68d0491835b0"></a>
                        <table class="proplist">
                            <tr><th>Test case:</th><td><b>01-LANG-INC.01</b></td></tr>
                            <tr><th>Outcome:</th><td>Passed</td></tr>
                            <tr><th>Duration:</th><td>0.003 sec</td></tr>
                        
                        
                        </table>

                        
                        

                        
                        
                        <div class="stdout"><i>Stdout</i><br>
                            <pre>&lt;![CDATA[
&lt;a href=&#34;https://royward.github.io/metta-wam/reports/tests_output/baseline-compat/tests/baseline_compat/hyperon-mettalog_sanity/01_lang_inc.metta.0_failed.html#HYPERON-METTALOG-SANITY.01-LANG-INC.01&#34;&gt;Test Report&lt;/a&gt;

Assertion: (assertEqual (maybe-inc Nothing))
Expected: (Nothing)
Actual: (Nothing)
]]&gt;</pre>
                        </div>
                        
                        
                    </div>
                
                    <div class="test outcome outcome-passed">
                        <a id="a8d5e01b-cdf8-4e66-a70e-57acb89d9981"></a>
                        <table class="proplist">
                            <tr><th>Test case:</th><td><b>03-SORING-VIA-INSERT.01</b></td></tr>
                            <tr><th>Outcome:</th><td>Passed</td></tr>
                            <tr><th>Duration:</th><td>0.005 sec</td></tr>
                        
                        
                        </table>

                        
                        

                        
                        
                        <div class="stdout"><i>Stdout</i><br>
                            <pre>&lt;![CDATA[
&lt;a href=&#34;https://royward.github.io/metta-wam/reports/tests_output/baseline-compat/tests/baseline_compat/hyperon-mettalog_sanity/03-soring-via-insert.metta.0_failed.html#HYPERON-METTALOG-SANITY.03-SORING-VIA-INSERT.01&#34;&gt;Test Report&lt;/a&gt;

Assertion: (assertEqualToResult (get-type insert))
Expected: ((-&gt; $_4068 (List $_4068) (List $_4068)))
Actual: ((-&gt; $_10462 (List $_10462) (List $_10462)))
]]&gt;</pre>
                        </div>
                        
                        
                    </div>
                
                    <div class="test outcome outcome-passed">
                        <a id="13aa35b2-0057-423e-b5bb-e54aed965009"></a>
                        <table class="proplist">
                            <tr><th>Test case:</th><td><b>06-MATCH-IN-SPACE.01</b></td></tr>
                            <tr><th>Outcome:</th><td>Passed</td></tr>
                            <tr><th>Duration:</th><td>0.003 sec</td></tr>
                        
                        
                        </table>

                        
                        

                        
                        
                        <div class="stdout"><i>Stdout</i><br>
                            <pre>&lt;![CDATA[
&lt;a href=&#34;https://royward.github.io/metta-wam/reports/tests_output/baseline-compat/tests/baseline_compat/hyperon-mettalog_sanity/06_match_in_space.metta.0_failed.html#HYPERON-METTALOG-SANITY.06-MATCH-IN-SPACE.01&#34;&gt;Test Report&lt;/a&gt;

Assertion: (assertEqualToResult (add-atom &amp;kb (SS-P_AS A_AS B_AS)))
Expected: (())
Actual: (())
]]&gt;</pre>
                        </div>
                        
                        
                    </div>
                
                    <div class="test outcome outcome-passed">
                        <a id="db845d40-b994-4959-a954-fdadfac2a95e"></a>
                        <table class="proplist">
                            <tr><th>Test case:</th><td><b>06-MATCH-IN-SPACE.02</b></td></tr>
                            <tr><th>Outcome:</th><td>Passed</td></tr>
                            <tr><th>Duration:</th><td>0.003 sec</td></tr>
                        
                        
                        </table>

                        
                        

                        
                        
                        <div class="stdout"><i>Stdout</i><br>
                            <pre>&lt;![CDATA[
&lt;a href=&#34;https://royward.github.io/metta-wam/reports/tests_output/baseline-compat/tests/baseline_compat/hyperon-mettalog_sanity/06_match_in_space.metta.0_failed.html#HYPERON-METTALOG-SANITY.06-MATCH-IN-SPACE.02&#34;&gt;Test Report&lt;/a&gt;

Assertion: (assertEqualToResult (add-atom &amp;kb (SS-Q_AS A_AS C_AS)))
Expected: (())
Actual: (())
]]&gt;</pre>
                        </div>
                        
                        
                    </div>
                
                    <div class="test outcome outcome-passed">
                        <a id="12c15b96-54a4-4560-8d9d-f493dce404c5"></a>
                        <table class="proplist">
                            <tr><th>Test case:</th><td><b>FIND-ALL-TESTS.01</b></td></tr>
                            <tr><th>Outcome:</th><td>Passed</td></tr>
                            <tr><th>Duration:</th><td>0.004 sec</td></tr>
                        
                        
                        </table>

                        
                        

                        
                        
                        <div class="stdout"><i>Stdout</i><br>
                            <pre>&lt;![CDATA[
&lt;a href=&#34;https://royward.github.io/metta-wam/reports/tests_output/baseline-compat/tests/baseline_compat/hyperon-mettalog_sanity/find_all_tests.metta.0_failed.html#HYPERON-METTALOG-SANITY.FIND-ALL-TESTS.01&#34;&gt;Test Report&lt;/a&gt;

Assertion: (assertEqualToResult (findall! $X (match &amp;self (my-numbers $X) $X)))
Expected: ((1 2 7 212))
Actual: ((1 2 7 212))
]]&gt;</pre>
                        </div>
                        
                        
                    </div>
                
                </div>
            </div>
            
        </div>
    </div>
    



<p class="footer">
    Generated by junit2html
</p>
</body>
</html>